[7.946s] Invoking command in '/home/eduhkrobotic2/r2_ros/src/navigation': PYTHONPATH=/home/eduhkrobotic2/r2_ros/build/navigation/prefix_override:/home/eduhkrobotic2/r2_ros/install/navigation/lib/python3.10/site-packages:${PYTHONPATH} /usr/bin/python3 -W ignore:setup.py install is deprecated setup.py egg_info --egg-base ../../build/navigation build --build-base /home/eduhkrobotic2/r2_ros/build/navigation/build install --record /home/eduhkrobotic2/r2_ros/build/navigation/install.log --single-version-externally-managed install_data
[9.588s] running egg_info
[9.759s] writing ../../build/navigation/navigation.egg-info/PKG-INFO
[9.762s] writing dependency_links to ../../build/navigation/navigation.egg-info/dependency_links.txt
[9.764s] writing entry points to ../../build/navigation/navigation.egg-info/entry_points.txt
[9.765s] writing requirements to ../../build/navigation/navigation.egg-info/requires.txt
[9.766s] writing top-level names to ../../build/navigation/navigation.egg-info/top_level.txt
[9.988s] reading manifest file '../../build/navigation/navigation.egg-info/SOURCES.txt'
[9.993s] writing manifest file '../../build/navigation/navigation.egg-info/SOURCES.txt'
[9.994s] running build
[9.994s] running build_py
[9.996s] copying navigation/omni_pid.py -> /home/eduhkrobotic2/r2_ros/build/navigation/build/lib/navigation
[9.997s] copying navigation/__init__.py -> /home/eduhkrobotic2/r2_ros/build/navigation/build/lib/navigation
[9.999s] copying navigation/navigation_node.py -> /home/eduhkrobotic2/r2_ros/build/navigation/build/lib/navigation
[10.001s] running install
[10.026s] running install_lib
[10.129s] copying /home/eduhkrobotic2/r2_ros/build/navigation/build/lib/navigation/omni_pid.py -> /home/eduhkrobotic2/r2_ros/install/navigation/lib/python3.10/site-packages/navigation
[10.134s] byte-compiling /home/eduhkrobotic2/r2_ros/install/navigation/lib/python3.10/site-packages/navigation/omni_pid.py to omni_pid.cpython-310.pyc
[10.141s] running install_data
[10.143s] copying resource/navigation -> /home/eduhkrobotic2/r2_ros/install/navigation/share/ament_index/resource_index/packages
[10.144s] running install_egg_info
[10.256s] removing '/home/eduhkrobotic2/r2_ros/install/navigation/lib/python3.10/site-packages/navigation-0.0.0-py3.10.egg-info' (and everything under it)
[10.259s] Copying ../../build/navigation/navigation.egg-info to /home/eduhkrobotic2/r2_ros/install/navigation/lib/python3.10/site-packages/navigation-0.0.0-py3.10.egg-info
[10.266s] running install_scripts
[11.216s] Installing movement_control script to /home/eduhkrobotic2/r2_ros/install/navigation/lib/navigation
[11.217s] Installing navigation_node script to /home/eduhkrobotic2/r2_ros/install/navigation/lib/navigation
[11.219s] Installing omni_pid script to /home/eduhkrobotic2/r2_ros/install/navigation/lib/navigation
[11.222s] writing list of installed files to '/home/eduhkrobotic2/r2_ros/build/navigation/install.log'
[11.379s] Invoked command in '/home/eduhkrobotic2/r2_ros/src/navigation' returned '0': PYTHONPATH=/home/eduhkrobotic2/r2_ros/build/navigation/prefix_override:/home/eduhkrobotic2/r2_ros/install/navigation/lib/python3.10/site-packages:${PYTHONPATH} /usr/bin/python3 -W ignore:setup.py install is deprecated setup.py egg_info --egg-base ../../build/navigation build --build-base /home/eduhkrobotic2/r2_ros/build/navigation/build install --record /home/eduhkrobotic2/r2_ros/build/navigation/install.log --single-version-externally-managed install_data
