[3.306s] Invoking command in '/home/eduhkrobotic2/r2_ros/src/navigation': PYTHONPATH=/home/eduhkrobotic2/r2_ros/build/navigation/prefix_override:/home/eduhkrobotic2/r2_ros/install/navigation/lib/python3.10/site-packages:${PYTHONPATH} /usr/bin/python3 -W ignore:setup.py install is deprecated setup.py egg_info --egg-base ../../build/navigation build --build-base /home/eduhkrobotic2/r2_ros/build/navigation/build install --record /home/eduhkrobotic2/r2_ros/build/navigation/install.log --single-version-externally-managed install_data
[4.957s] running egg_info
[4.962s] writing ../../build/navigation/navigation.egg-info/PKG-INFO
[4.964s] writing dependency_links to ../../build/navigation/navigation.egg-info/dependency_links.txt
[4.965s] writing entry points to ../../build/navigation/navigation.egg-info/entry_points.txt
[4.966s] writing requirements to ../../build/navigation/navigation.egg-info/requires.txt
[4.966s] writing top-level names to ../../build/navigation/navigation.egg-info/top_level.txt
[4.977s] reading manifest file '../../build/navigation/navigation.egg-info/SOURCES.txt'
[4.981s] writing manifest file '../../build/navigation/navigation.egg-info/SOURCES.txt'
[4.982s] running build
[4.983s] running build_py
[4.985s] running install
[4.988s] running install_lib
[4.995s] running install_data
[4.996s] running install_egg_info
[5.007s] removing '/home/eduhkrobotic2/r2_ros/install/navigation/lib/python3.10/site-packages/navigation-0.0.0-py3.10.egg-info' (and everything under it)
[5.009s] Copying ../../build/navigation/navigation.egg-info to /home/eduhkrobotic2/r2_ros/install/navigation/lib/python3.10/site-packages/navigation-0.0.0-py3.10.egg-info
[5.020s] running install_scripts
[5.106s] Installing navigation_node script to /home/eduhkrobotic2/r2_ros/install/navigation/lib/navigation
[5.108s] writing list of installed files to '/home/eduhkrobotic2/r2_ros/build/navigation/install.log'
[5.249s] Invoked command in '/home/eduhkrobotic2/r2_ros/src/navigation' returned '0': PYTHONPATH=/home/eduhkrobotic2/r2_ros/build/navigation/prefix_override:/home/eduhkrobotic2/r2_ros/install/navigation/lib/python3.10/site-packages:${PYTHONPATH} /usr/bin/python3 -W ignore:setup.py install is deprecated setup.py egg_info --egg-base ../../build/navigation build --build-base /home/eduhkrobotic2/r2_ros/build/navigation/build install --record /home/eduhkrobotic2/r2_ros/build/navigation/install.log --single-version-externally-managed install_data
