[6.685s] Invoking command in '/home/eduhkrobotic2/r2_ros/src/motor_control_package': PYTHONPATH=/home/eduhkrobotic2/r2_ros/build/motor_control_package/prefix_override:/home/eduhkrobotic2/r2_ros/install/motor_control_package/lib/python3.10/site-packages:${PYTHONPATH} /usr/bin/python3 -W ignore:setup.py install is deprecated setup.py egg_info --egg-base ../../build/motor_control_package build --build-base /home/eduhkrobotic2/r2_ros/build/motor_control_package/build install --record /home/eduhkrobotic2/r2_ros/build/motor_control_package/install.log --single-version-externally-managed install_data
[8.368s] running egg_info
[8.487s] writing ../../build/motor_control_package/motor_control_package.egg-info/PKG-INFO
[8.491s] writing dependency_links to ../../build/motor_control_package/motor_control_package.egg-info/dependency_links.txt
[8.492s] writing entry points to ../../build/motor_control_package/motor_control_package.egg-info/entry_points.txt
[8.493s] writing requirements to ../../build/motor_control_package/motor_control_package.egg-info/requires.txt
[8.494s] writing top-level names to ../../build/motor_control_package/motor_control_package.egg-info/top_level.txt
[8.736s] reading manifest file '../../build/motor_control_package/motor_control_package.egg-info/SOURCES.txt'
[8.742s] writing manifest file '../../build/motor_control_package/motor_control_package.egg-info/SOURCES.txt'
[8.744s] running build
[8.744s] running build_py
[8.748s] copying motor_control_package/__init__.py -> /home/eduhkrobotic2/r2_ros/build/motor_control_package/build/lib/motor_control_package
[8.751s] running install
[8.780s] running install_lib
[8.908s] running install_data
[8.913s] running install_egg_info
[9.047s] removing '/home/eduhkrobotic2/r2_ros/install/motor_control_package/lib/python3.10/site-packages/motor_control_package-0.0.0-py3.10.egg-info' (and everything under it)
[9.050s] Copying ../../build/motor_control_package/motor_control_package.egg-info to /home/eduhkrobotic2/r2_ros/install/motor_control_package/lib/python3.10/site-packages/motor_control_package-0.0.0-py3.10.egg-info
[9.062s] running install_scripts
[10.170s] Installing motor_control_publisher script to /home/eduhkrobotic2/r2_ros/install/motor_control_package/lib/motor_control_package
[10.172s] Installing motor_control_subscriber script to /home/eduhkrobotic2/r2_ros/install/motor_control_package/lib/motor_control_package
[10.173s] Installing motor_data_reader script to /home/eduhkrobotic2/r2_ros/install/motor_control_package/lib/motor_control_package
[10.176s] writing list of installed files to '/home/eduhkrobotic2/r2_ros/build/motor_control_package/install.log'
[10.387s] Invoked command in '/home/eduhkrobotic2/r2_ros/src/motor_control_package' returned '0': PYTHONPATH=/home/eduhkrobotic2/r2_ros/build/motor_control_package/prefix_override:/home/eduhkrobotic2/r2_ros/install/motor_control_package/lib/python3.10/site-packages:${PYTHONPATH} /usr/bin/python3 -W ignore:setup.py install is deprecated setup.py egg_info --egg-base ../../build/motor_control_package build --build-base /home/eduhkrobotic2/r2_ros/build/motor_control_package/build install --record /home/eduhkrobotic2/r2_ros/build/motor_control_package/install.log --single-version-externally-managed install_data
