[6.745s] Invoking command in '/home/eduhkrobotic2/r2_ros/src/ps4': PYTHONPATH=/home/eduhkrobotic2/r2_ros/build/ps4/prefix_override:/home/eduhkrobotic2/r2_ros/install/ps4/lib/python3.10/site-packages:${PYTHONPATH} /usr/bin/python3 -W ignore:setup.py install is deprecated setup.py egg_info --egg-base ../../build/ps4 build --build-base /home/eduhkrobotic2/r2_ros/build/ps4/build install --record /home/eduhkrobotic2/r2_ros/build/ps4/install.log --single-version-externally-managed install_data
[8.330s] running egg_info
[8.335s] writing ../../build/ps4/ps4.egg-info/PKG-INFO
[8.336s] writing dependency_links to ../../build/ps4/ps4.egg-info/dependency_links.txt
[8.340s] writing entry points to ../../build/ps4/ps4.egg-info/entry_points.txt
[8.341s] writing requirements to ../../build/ps4/ps4.egg-info/requires.txt
[8.342s] writing top-level names to ../../build/ps4/ps4.egg-info/top_level.txt
[8.352s] reading manifest file '../../build/ps4/ps4.egg-info/SOURCES.txt'
[8.357s] writing manifest file '../../build/ps4/ps4.egg-info/SOURCES.txt'
[8.358s] running build
[8.358s] running build_py
[8.360s] running install
[8.368s] running install_lib
[8.374s] running install_data
[8.375s] running install_egg_info
[8.385s] removing '/home/eduhkrobotic2/r2_ros/install/ps4/lib/python3.10/site-packages/ps4-0.0.0-py3.10.egg-info' (and everything under it)
[8.391s] Copying ../../build/ps4/ps4.egg-info to /home/eduhkrobotic2/r2_ros/install/ps4/lib/python3.10/site-packages/ps4-0.0.0-py3.10.egg-info
[8.404s] running install_scripts
[8.539s] Installing ps4_publisher script to /home/eduhkrobotic2/r2_ros/install/ps4/lib/ps4
[8.542s] Installing ps4_subscriber script to /home/eduhkrobotic2/r2_ros/install/ps4/lib/ps4
[8.545s] writing list of installed files to '/home/eduhkrobotic2/r2_ros/build/ps4/install.log'
[8.768s] Invoked command in '/home/eduhkrobotic2/r2_ros/src/ps4' returned '0': PYTHONPATH=/home/eduhkrobotic2/r2_ros/build/ps4/prefix_override:/home/eduhkrobotic2/r2_ros/install/ps4/lib/python3.10/site-packages:${PYTHONPATH} /usr/bin/python3 -W ignore:setup.py install is deprecated setup.py egg_info --egg-base ../../build/ps4 build --build-base /home/eduhkrobotic2/r2_ros/build/ps4/build install --record /home/eduhkrobotic2/r2_ros/build/ps4/install.log --single-version-externally-managed install_data
