[4.530s] Invoking command in '/home/eduhkrobotic2/r2_ros/src/sensor': PYTHONPATH=/home/eduhkrobotic2/r2_ros/build/sensor/prefix_override:/home/eduhkrobotic2/r2_ros/install/sensor/lib/python3.10/site-packages:${PYTHONPATH} /usr/bin/python3 -W ignore:setup.py install is deprecated setup.py egg_info --egg-base ../../build/sensor build --build-base /home/eduhkrobotic2/r2_ros/build/sensor/build install --record /home/eduhkrobotic2/r2_ros/build/sensor/install.log --single-version-externally-managed install_data
[5.906s] running egg_info
[5.998s] writing ../../build/sensor/sensor.egg-info/PKG-INFO
[6.000s] writing dependency_links to ../../build/sensor/sensor.egg-info/dependency_links.txt
[6.001s] writing entry points to ../../build/sensor/sensor.egg-info/entry_points.txt
[6.002s] writing requirements to ../../build/sensor/sensor.egg-info/requires.txt
[6.003s] writing top-level names to ../../build/sensor/sensor.egg-info/top_level.txt
[6.193s] reading manifest file '../../build/sensor/sensor.egg-info/SOURCES.txt'
[6.197s] writing manifest file '../../build/sensor/sensor.egg-info/SOURCES.txt'
[6.198s] running build
[6.199s] running build_py
[6.199s] copying sensor/__init__.py -> /home/eduhkrobotic2/r2_ros/build/sensor/build/lib/sensor
[6.200s] copying sensor/stp32l.py -> /home/eduhkrobotic2/r2_ros/build/sensor/build/lib/sensor
[6.202s] copying sensor/sensor_publisher.py -> /home/eduhkrobotic2/r2_ros/build/sensor/build/lib/sensor
[6.204s] copying sensor/sensor_publisher.py -> /home/eduhkrobotic2/r2_ros/build/sensor/build/lib/sensor
[6.205s] copying sensor/__init__.py -> /home/eduhkrobotic2/r2_ros/build/sensor/build/lib/sensor
[6.208s] running install
[6.229s] running install_lib
[6.324s] copying /home/eduhkrobotic2/r2_ros/build/sensor/build/lib/sensor/stp32l.py -> /home/eduhkrobotic2/r2_ros/install/sensor/lib/python3.10/site-packages/sensor
[6.327s] byte-compiling /home/eduhkrobotic2/r2_ros/install/sensor/lib/python3.10/site-packages/sensor/stp32l.py to stp32l.cpython-310.pyc
[6.332s] running install_data
[6.333s] copying resource/sensor -> /home/eduhkrobotic2/r2_ros/install/sensor/share/ament_index/resource_index/packages
[6.334s] running install_egg_info
[6.433s] removing '/home/eduhkrobotic2/r2_ros/install/sensor/lib/python3.10/site-packages/sensor-0.0.0-py3.10.egg-info' (and everything under it)
[6.435s] Copying ../../build/sensor/sensor.egg-info to /home/eduhkrobotic2/r2_ros/install/sensor/lib/python3.10/site-packages/sensor-0.0.0-py3.10.egg-info
[6.441s] running install_scripts
[7.327s] Installing gyrosensor script to /home/eduhkrobotic2/r2_ros/install/sensor/lib/sensor
[7.328s] Installing sensor_publisher script to /home/eduhkrobotic2/r2_ros/install/sensor/lib/sensor
[7.330s] Installing stp32l script to /home/eduhkrobotic2/r2_ros/install/sensor/lib/sensor
[7.332s] writing list of installed files to '/home/eduhkrobotic2/r2_ros/build/sensor/install.log'
[7.479s] Invoked command in '/home/eduhkrobotic2/r2_ros/src/sensor' returned '0': PYTHONPATH=/home/eduhkrobotic2/r2_ros/build/sensor/prefix_override:/home/eduhkrobotic2/r2_ros/install/sensor/lib/python3.10/site-packages:${PYTHONPATH} /usr/bin/python3 -W ignore:setup.py install is deprecated setup.py egg_info --egg-base ../../build/sensor build --build-base /home/eduhkrobotic2/r2_ros/build/sensor/build install --record /home/eduhkrobotic2/r2_ros/build/sensor/install.log --single-version-externally-managed install_data
