[3.019s] Invoking command in '/home/eduhkrobotic2/r2_ros/src/motor_control_package': PYTHONPATH=/home/eduhkrobotic2/r2_ros/build/motor_control_package/prefix_override:/home/eduhkrobotic2/r2_ros/install/motor_control_package/lib/python3.10/site-packages:${PYTHONPATH} /usr/bin/python3 -W ignore:setup.py install is deprecated setup.py egg_info --egg-base ../../build/motor_control_package build --build-base /home/eduhkrobotic2/r2_ros/build/motor_control_package/build install --record /home/eduhkrobotic2/r2_ros/build/motor_control_package/install.log --single-version-externally-managed install_data
[4.238s] running egg_info
[4.241s] writing ../../build/motor_control_package/motor_control_package.egg-info/PKG-INFO
[4.243s] writing dependency_links to ../../build/motor_control_package/motor_control_package.egg-info/dependency_links.txt
[4.244s] writing entry points to ../../build/motor_control_package/motor_control_package.egg-info/entry_points.txt
[4.245s] writing requirements to ../../build/motor_control_package/motor_control_package.egg-info/requires.txt
[4.245s] writing top-level names to ../../build/motor_control_package/motor_control_package.egg-info/top_level.txt
[4.253s] reading manifest file '../../build/motor_control_package/motor_control_package.egg-info/SOURCES.txt'
[4.258s] writing manifest file '../../build/motor_control_package/motor_control_package.egg-info/SOURCES.txt'
[4.259s] running build
[4.259s] running build_py
[4.261s] running install
[4.263s] running install_lib
[4.274s] running install_data
[4.274s] running install_egg_info
[4.281s] removing '/home/eduhkrobotic2/r2_ros/install/motor_control_package/lib/python3.10/site-packages/motor_control_package-0.0.0-py3.10.egg-info' (and everything under it)
[4.283s] Copying ../../build/motor_control_package/motor_control_package.egg-info to /home/eduhkrobotic2/r2_ros/install/motor_control_package/lib/python3.10/site-packages/motor_control_package-0.0.0-py3.10.egg-info
[4.288s] running install_scripts
[4.370s] Installing motor_control_publisher script to /home/eduhkrobotic2/r2_ros/install/motor_control_package/lib/arduino_comm
[4.372s] Installing motor_control_subscriber script to /home/eduhkrobotic2/r2_ros/install/motor_control_package/lib/arduino_comm
[4.373s] Installing motor_data_reader script to /home/eduhkrobotic2/r2_ros/install/motor_control_package/lib/arduino_comm
[4.375s] writing list of installed files to '/home/eduhkrobotic2/r2_ros/build/motor_control_package/install.log'
[4.511s] Invoked command in '/home/eduhkrobotic2/r2_ros/src/motor_control_package' returned '0': PYTHONPATH=/home/eduhkrobotic2/r2_ros/build/motor_control_package/prefix_override:/home/eduhkrobotic2/r2_ros/install/motor_control_package/lib/python3.10/site-packages:${PYTHONPATH} /usr/bin/python3 -W ignore:setup.py install is deprecated setup.py egg_info --egg-base ../../build/motor_control_package build --build-base /home/eduhkrobotic2/r2_ros/build/motor_control_package/build install --record /home/eduhkrobotic2/r2_ros/build/motor_control_package/install.log --single-version-externally-managed install_data
