[6.042s] Invoking command in '/home/eduhkrobotic2/r2_ros/build/sensor': PYTHONPATH=/home/eduhkrobotic2/r2_ros/build/sensor/prefix_override:/home/eduhkrobotic2/r2_ros/install/sensor/lib/python3.10/site-packages:${PYTHONPATH} /usr/bin/python3 -W ignore:setup.py install is deprecated setup.py develop --editable --build-directory /home/eduhkrobotic2/r2_ros/build/sensor/build --no-deps symlink_data --force
[8.486s] running develop
[8.488s] /home/eduhkrobotic2/.local/lib/python3.10/site-packages/setuptools/command/develop.py:40: EasyInstallDeprecationWarning: easy_install command is deprecated.
[8.488s] !!
[8.489s] 
[8.489s]         ********************************************************************************
[8.490s]         Please avoid running ``setup.py`` and ``easy_install``.
[8.490s]         Instead, use pypa/build, pypa/installer or other
[8.491s]         standards-based tools.
[8.492s] 
[8.493s]         See https://github.com/pypa/setuptools/issues/917 for details.
[8.494s]         ********************************************************************************
[8.495s] 
[8.496s] !!
[8.497s]   easy_install.initialize_options(self)
[10.556s] running egg_info
[10.659s] writing sensor.egg-info/PKG-INFO
[10.662s] writing dependency_links to sensor.egg-info/dependency_links.txt
[10.664s] writing entry points to sensor.egg-info/entry_points.txt
[10.665s] writing requirements to sensor.egg-info/requires.txt
[10.666s] writing top-level names to sensor.egg-info/top_level.txt
[10.885s] reading manifest file 'sensor.egg-info/SOURCES.txt'
[10.890s] writing manifest file 'sensor.egg-info/SOURCES.txt'
[11.183s] running build_ext
[11.184s] Creating /home/eduhkrobotic2/r2_ros/install/sensor/lib/python3.10/site-packages/sensor.egg-link (link to .)
[11.187s] Installing gyrosensor script to /home/eduhkrobotic2/r2_ros/install/sensor/lib/sensor
[11.188s] Installing sensor_publisher script to /home/eduhkrobotic2/r2_ros/install/sensor/lib/sensor
[11.189s] Installing stp32l script to /home/eduhkrobotic2/r2_ros/install/sensor/lib/sensor
[11.191s] 
[11.192s] Installed /home/eduhkrobotic2/r2_ros/build/sensor
[11.194s] running symlink_data
[11.195s] symbolically linking /home/eduhkrobotic2/r2_ros/build/sensor/resource/sensor -> /home/eduhkrobotic2/r2_ros/install/sensor/share/ament_index/resource_index/packages
[11.196s] symbolically linking /home/eduhkrobotic2/r2_ros/build/sensor/package.xml -> /home/eduhkrobotic2/r2_ros/install/sensor/share/sensor
[11.417s] Invoked command in '/home/eduhkrobotic2/r2_ros/build/sensor' returned '0': PYTHONPATH=/home/eduhkrobotic2/r2_ros/build/sensor/prefix_override:/home/eduhkrobotic2/r2_ros/install/sensor/lib/python3.10/site-packages:${PYTHONPATH} /usr/bin/python3 -W ignore:setup.py install is deprecated setup.py develop --editable --build-directory /home/eduhkrobotic2/r2_ros/build/sensor/build --no-deps symlink_data --force
