[10.960s] Invoking command in '/home/eduhkrobotic2/r2_ros/build/motor_control_package': PYTHONPATH=/home/eduhkrobotic2/r2_ros/build/motor_control_package/prefix_override:/home/eduhkrobotic2/r2_ros/install/motor_control_package/lib/python3.10/site-packages:${PYTHONPATH} /usr/bin/python3 -W ignore:setup.py install is deprecated setup.py develop --editable --build-directory /home/eduhkrobotic2/r2_ros/build/motor_control_package/build --no-deps symlink_data --force
[15.971s] running develop
[15.972s] /home/eduhkrobotic2/.local/lib/python3.10/site-packages/setuptools/command/develop.py:40: EasyInstallDeprecationWarning: easy_install command is deprecated.
[15.974s] !!
[15.975s] 
[15.976s]         ********************************************************************************
[15.977s]         Please avoid running ``setup.py`` and ``easy_install``.
[15.978s]         Instead, use pypa/build, pypa/installer or other
[15.979s]         standards-based tools.
[15.981s] 
[15.982s]         See https://github.com/pypa/setuptools/issues/917 for details.
[15.983s]         ********************************************************************************
[15.991s] 
[15.992s] !!
[15.993s]   easy_install.initialize_options(self)
[20.752s] running egg_info
[20.965s] writing motor_control_package.egg-info/PKG-INFO
[20.967s] writing dependency_links to motor_control_package.egg-info/dependency_links.txt
[20.969s] writing entry points to motor_control_package.egg-info/entry_points.txt
[20.970s] writing requirements to motor_control_package.egg-info/requires.txt
[20.972s] writing top-level names to motor_control_package.egg-info/top_level.txt
[21.373s] reading manifest file 'motor_control_package.egg-info/SOURCES.txt'
[21.378s] writing manifest file 'motor_control_package.egg-info/SOURCES.txt'
[21.815s] running build_ext
[21.819s] Creating /home/eduhkrobotic2/r2_ros/install/motor_control_package/lib/python3.10/site-packages/motor-control-package.egg-link (link to .)
[21.821s] Installing motor_control_publisher script to /home/eduhkrobotic2/r2_ros/install/motor_control_package/lib/motor_control_package
[21.824s] Installing motor_control_subscriber script to /home/eduhkrobotic2/r2_ros/install/motor_control_package/lib/motor_control_package
[21.830s] Installing motor_data_reader script to /home/eduhkrobotic2/r2_ros/install/motor_control_package/lib/motor_control_package
[21.831s] 
[21.832s] Installed /home/eduhkrobotic2/r2_ros/build/motor_control_package
[21.833s] running symlink_data
[21.835s] symbolically linking /home/eduhkrobotic2/r2_ros/build/motor_control_package/resource/motor_control_package -> /home/eduhkrobotic2/r2_ros/install/motor_control_package/share/ament_index/resource_index/packages
[21.836s] symbolically linking /home/eduhkrobotic2/r2_ros/build/motor_control_package/package.xml -> /home/eduhkrobotic2/r2_ros/install/motor_control_package/share/motor_control_package
[24.490s] Invoked command in '/home/eduhkrobotic2/r2_ros/build/motor_control_package' returned '0': PYTHONPATH=/home/eduhkrobotic2/r2_ros/build/motor_control_package/prefix_override:/home/eduhkrobotic2/r2_ros/install/motor_control_package/lib/python3.10/site-packages:${PYTHONPATH} /usr/bin/python3 -W ignore:setup.py install is deprecated setup.py develop --editable --build-directory /home/eduhkrobotic2/r2_ros/build/motor_control_package/build --no-deps symlink_data --force
