/home/eduhkrobotic2/r2_ros/install/navigation/lib/python3.10/site-packages/navigation/omni_pid copy copy.py
/home/eduhkrobotic2/r2_ros/install/navigation/lib/python3.10/site-packages/navigation/omni_pid copy.py
/home/eduhkrobotic2/r2_ros/install/navigation/lib/python3.10/site-packages/navigation/omni_pid.py
/home/eduhkrobotic2/r2_ros/install/navigation/lib/python3.10/site-packages/navigation/auto_move.py
/home/eduhkrobotic2/r2_ros/install/navigation/lib/python3.10/site-packages/navigation/navigation_node copy.py
/home/eduhkrobotic2/r2_ros/install/navigation/lib/python3.10/site-packages/navigation/__init__.py
/home/eduhkrobotic2/r2_ros/install/navigation/lib/python3.10/site-packages/navigation/navigation_node.py
/home/eduhkrobotic2/r2_ros/install/navigation/lib/python3.10/site-packages/navigation/__pycache__/omni_pid copy copy.cpython-310.pyc
/home/eduhkrobotic2/r2_ros/install/navigation/lib/python3.10/site-packages/navigation/__pycache__/omni_pid copy.cpython-310.pyc
/home/eduhkrobotic2/r2_ros/install/navigation/lib/python3.10/site-packages/navigation/__pycache__/omni_pid.cpython-310.pyc
/home/eduhkrobotic2/r2_ros/install/navigation/lib/python3.10/site-packages/navigation/__pycache__/auto_move.cpython-310.pyc
/home/eduhkrobotic2/r2_ros/install/navigation/lib/python3.10/site-packages/navigation/__pycache__/navigation_node copy.cpython-310.pyc
/home/eduhkrobotic2/r2_ros/install/navigation/lib/python3.10/site-packages/navigation/__pycache__/__init__.cpython-310.pyc
/home/eduhkrobotic2/r2_ros/install/navigation/lib/python3.10/site-packages/navigation/__pycache__/navigation_node.cpython-310.pyc
/home/eduhkrobotic2/r2_ros/install/navigation/share/ament_index/resource_index/packages/navigation
/home/eduhkrobotic2/r2_ros/install/navigation/share/navigation/package.xml
/home/eduhkrobotic2/r2_ros/install/navigation/share/navigation
/home/eduhkrobotic2/r2_ros/install/navigation/lib/python3.10/site-packages/navigation-0.0.0-py3.10.egg-info/dependency_links.txt
/home/eduhkrobotic2/r2_ros/install/navigation/lib/python3.10/site-packages/navigation-0.0.0-py3.10.egg-info/top_level.txt
/home/eduhkrobotic2/r2_ros/install/navigation/lib/python3.10/site-packages/navigation-0.0.0-py3.10.egg-info/requires.txt
/home/eduhkrobotic2/r2_ros/install/navigation/lib/python3.10/site-packages/navigation-0.0.0-py3.10.egg-info/entry_points.txt
/home/eduhkrobotic2/r2_ros/install/navigation/lib/python3.10/site-packages/navigation-0.0.0-py3.10.egg-info/SOURCES.txt
/home/eduhkrobotic2/r2_ros/install/navigation/lib/python3.10/site-packages/navigation-0.0.0-py3.10.egg-info/zip-safe
/home/eduhkrobotic2/r2_ros/install/navigation/lib/python3.10/site-packages/navigation-0.0.0-py3.10.egg-info/PKG-INFO
/home/eduhkrobotic2/r2_ros/install/navigation/lib/navigation/movement_control
/home/eduhkrobotic2/r2_ros/install/navigation/lib/navigation/navigation_node
/home/eduhkrobotic2/r2_ros/install/navigation/lib/navigation/omni_pid
