[7.470s] Invoking command in '/home/eduhkrobotic2/r2_ros/src/ps4': PYTHONPATH=/home/eduhkrobotic2/r2_ros/build/ps4/prefix_override:/home/eduhkrobotic2/r2_ros/install/ps4/lib/python3.10/site-packages:${PYTHONPATH} /usr/bin/python3 -W ignore:setup.py install is deprecated setup.py egg_info --egg-base ../../build/ps4 build --build-base /home/eduhkrobotic2/r2_ros/build/ps4/build install --record /home/eduhkrobotic2/r2_ros/build/ps4/install.log --single-version-externally-managed install_data
[9.152s] running egg_info
[9.160s] writing ../../build/ps4/ps4.egg-info/PKG-INFO
[9.165s] writing dependency_links to ../../build/ps4/ps4.egg-info/dependency_links.txt
[9.173s] writing entry points to ../../build/ps4/ps4.egg-info/entry_points.txt
[9.175s] writing requirements to ../../build/ps4/ps4.egg-info/requires.txt
[9.176s] writing top-level names to ../../build/ps4/ps4.egg-info/top_level.txt
[9.193s] reading manifest file '../../build/ps4/ps4.egg-info/SOURCES.txt'
[9.201s] writing manifest file '../../build/ps4/ps4.egg-info/SOURCES.txt'
[9.202s] running build
[9.205s] running build_py
[9.207s] running install
[9.214s] running install_lib
[9.220s] running install_data
[9.222s] running install_egg_info
[9.236s] removing '/home/eduhkrobotic2/r2_ros/install/ps4/lib/python3.10/site-packages/ps4-0.0.0-py3.10.egg-info' (and everything under it)
[9.241s] Copying ../../build/ps4/ps4.egg-info to /home/eduhkrobotic2/r2_ros/install/ps4/lib/python3.10/site-packages/ps4-0.0.0-py3.10.egg-info
[9.255s] running install_scripts
[9.417s] Installing ps4_publisher script to /home/eduhkrobotic2/r2_ros/install/ps4/lib/ps4
[9.426s] Installing ps4_subscriber script to /home/eduhkrobotic2/r2_ros/install/ps4/lib/ps4
[9.428s] writing list of installed files to '/home/eduhkrobotic2/r2_ros/build/ps4/install.log'
[9.600s] Invoked command in '/home/eduhkrobotic2/r2_ros/src/ps4' returned '0': PYTHONPATH=/home/eduhkrobotic2/r2_ros/build/ps4/prefix_override:/home/eduhkrobotic2/r2_ros/install/ps4/lib/python3.10/site-packages:${PYTHONPATH} /usr/bin/python3 -W ignore:setup.py install is deprecated setup.py egg_info --egg-base ../../build/ps4 build --build-base /home/eduhkrobotic2/r2_ros/build/ps4/build install --record /home/eduhkrobotic2/r2_ros/build/ps4/install.log --single-version-externally-managed install_data
