[4.437s] Invoking command in '/home/eduhkrobotic2/r2_ros/src/sensor': PYTHONPATH=/home/eduhkrobotic2/r2_ros/build/sensor/prefix_override:/home/eduhkrobotic2/r2_ros/install/sensor/lib/python3.10/site-packages:${PYTHONPATH} /usr/bin/python3 -W ignore:setup.py install is deprecated setup.py egg_info --egg-base ../../build/sensor build --build-base /home/eduhkrobotic2/r2_ros/build/sensor/build install --record /home/eduhkrobotic2/r2_ros/build/sensor/install.log --single-version-externally-managed install_data
[5.795s] running egg_info
[5.887s] writing ../../build/sensor/sensor.egg-info/PKG-INFO
[5.891s] writing dependency_links to ../../build/sensor/sensor.egg-info/dependency_links.txt
[5.892s] writing entry points to ../../build/sensor/sensor.egg-info/entry_points.txt
[5.893s] writing requirements to ../../build/sensor/sensor.egg-info/requires.txt
[5.894s] writing top-level names to ../../build/sensor/sensor.egg-info/top_level.txt
[6.085s] reading manifest file '../../build/sensor/sensor.egg-info/SOURCES.txt'
[6.090s] writing manifest file '../../build/sensor/sensor.egg-info/SOURCES.txt'
[6.091s] running build
[6.091s] running build_py
[6.093s] copying sensor/__init__.py -> /home/eduhkrobotic2/r2_ros/build/sensor/build/lib/sensor
[6.094s] copying sensor/stp32l.py -> /home/eduhkrobotic2/r2_ros/build/sensor/build/lib/sensor
[6.096s] copying sensor/gyrosensor.py -> /home/eduhkrobotic2/r2_ros/build/sensor/build/lib/sensor
[6.097s] copying sensor/sensor_publisher.py -> /home/eduhkrobotic2/r2_ros/build/sensor/build/lib/sensor
[6.099s] copying sensor/gyrosensor.py -> /home/eduhkrobotic2/r2_ros/build/sensor/build/lib/sensor
[6.099s] copying sensor/sensor_publisher.py -> /home/eduhkrobotic2/r2_ros/build/sensor/build/lib/sensor
[6.101s] copying sensor/__init__.py -> /home/eduhkrobotic2/r2_ros/build/sensor/build/lib/sensor
[6.102s] copying sensor/stp32l.py -> /home/eduhkrobotic2/r2_ros/build/sensor/build/lib/sensor
[6.103s] running install
[6.126s] running install_lib
[6.221s] copying /home/eduhkrobotic2/r2_ros/build/sensor/build/lib/sensor/gyrosensor.py -> /home/eduhkrobotic2/r2_ros/install/sensor/lib/python3.10/site-packages/sensor
[6.225s] byte-compiling /home/eduhkrobotic2/r2_ros/install/sensor/lib/python3.10/site-packages/sensor/gyrosensor.py to gyrosensor.cpython-310.pyc
[6.229s] running install_data
[6.229s] copying resource/sensor -> /home/eduhkrobotic2/r2_ros/install/sensor/share/ament_index/resource_index/packages
[6.230s] running install_egg_info
[6.330s] removing '/home/eduhkrobotic2/r2_ros/install/sensor/lib/python3.10/site-packages/sensor-0.0.0-py3.10.egg-info' (and everything under it)
[6.332s] Copying ../../build/sensor/sensor.egg-info to /home/eduhkrobotic2/r2_ros/install/sensor/lib/python3.10/site-packages/sensor-0.0.0-py3.10.egg-info
[6.339s] running install_scripts
[7.195s] Installing gyrosensor script to /home/eduhkrobotic2/r2_ros/install/sensor/lib/sensor
[7.196s] Installing sensor_publisher script to /home/eduhkrobotic2/r2_ros/install/sensor/lib/sensor
[7.197s] Installing stp32l script to /home/eduhkrobotic2/r2_ros/install/sensor/lib/sensor
[7.200s] writing list of installed files to '/home/eduhkrobotic2/r2_ros/build/sensor/install.log'
[7.351s] Invoked command in '/home/eduhkrobotic2/r2_ros/src/sensor' returned '0': PYTHONPATH=/home/eduhkrobotic2/r2_ros/build/sensor/prefix_override:/home/eduhkrobotic2/r2_ros/install/sensor/lib/python3.10/site-packages:${PYTHONPATH} /usr/bin/python3 -W ignore:setup.py install is deprecated setup.py egg_info --egg-base ../../build/sensor build --build-base /home/eduhkrobotic2/r2_ros/build/sensor/build install --record /home/eduhkrobotic2/r2_ros/build/sensor/install.log --single-version-externally-managed install_data
