[9.724s] Invoking command in '/home/eduhkrobotic2/r2_ros/src/motor_control_package': PYTHONPATH=/home/eduhkrobotic2/r2_ros/build/motor_control_package/prefix_override:/home/eduhkrobotic2/r2_ros/install/motor_control_package/lib/python3.10/site-packages:${PYTHONPATH} /usr/bin/python3 -W ignore:setup.py install is deprecated setup.py egg_info --egg-base ../../build/motor_control_package build --build-base /home/eduhkrobotic2/r2_ros/build/motor_control_package/build install --record /home/eduhkrobotic2/r2_ros/build/motor_control_package/install.log --single-version-externally-managed install_data
[12.287s] running egg_info
[12.290s] writing ../../build/motor_control_package/motor_control_package.egg-info/PKG-INFO
[12.293s] writing dependency_links to ../../build/motor_control_package/motor_control_package.egg-info/dependency_links.txt
[12.294s] writing entry points to ../../build/motor_control_package/motor_control_package.egg-info/entry_points.txt
[12.295s] writing requirements to ../../build/motor_control_package/motor_control_package.egg-info/requires.txt
[12.296s] writing top-level names to ../../build/motor_control_package/motor_control_package.egg-info/top_level.txt
[12.307s] reading manifest file '../../build/motor_control_package/motor_control_package.egg-info/SOURCES.txt'
[12.313s] writing manifest file '../../build/motor_control_package/motor_control_package.egg-info/SOURCES.txt'
[12.314s] running build
[12.314s] running build_py
[12.317s] running install
[12.318s] running install_lib
[12.329s] running install_data
[12.330s] running install_egg_info
[12.342s] removing '/home/eduhkrobotic2/r2_ros/install/motor_control_package/lib/python3.10/site-packages/motor_control_package-0.0.0-py3.10.egg-info' (and everything under it)
[12.345s] Copying ../../build/motor_control_package/motor_control_package.egg-info to /home/eduhkrobotic2/r2_ros/install/motor_control_package/lib/python3.10/site-packages/motor_control_package-0.0.0-py3.10.egg-info
[12.352s] running install_scripts
[12.448s] Installing motor_control_publisher script to /home/eduhkrobotic2/r2_ros/install/motor_control_package/lib/motor_control_package
[12.450s] Installing motor_control_subscriber script to /home/eduhkrobotic2/r2_ros/install/motor_control_package/lib/motor_control_package
[12.451s] Installing motor_data_reader script to /home/eduhkrobotic2/r2_ros/install/motor_control_package/lib/motor_control_package
[12.453s] writing list of installed files to '/home/eduhkrobotic2/r2_ros/build/motor_control_package/install.log'
[12.613s] Invoked command in '/home/eduhkrobotic2/r2_ros/src/motor_control_package' returned '0': PYTHONPATH=/home/eduhkrobotic2/r2_ros/build/motor_control_package/prefix_override:/home/eduhkrobotic2/r2_ros/install/motor_control_package/lib/python3.10/site-packages:${PYTHONPATH} /usr/bin/python3 -W ignore:setup.py install is deprecated setup.py egg_info --egg-base ../../build/motor_control_package build --build-base /home/eduhkrobotic2/r2_ros/build/motor_control_package/build install --record /home/eduhkrobotic2/r2_ros/build/motor_control_package/install.log --single-version-externally-managed install_data
