running develop
Removing /home/eduhkrobotic2/r2_ros/install/ps4/lib/python3.10/site-packages/ps4.egg-link (link to .)
running egg_info
writing ../../build/ps4/ps4.egg-info/PKG-INFO
writing dependency_links to ../../build/ps4/ps4.egg-info/dependency_links.txt
writing entry points to ../../build/ps4/ps4.egg-info/entry_points.txt
writing requirements to ../../build/ps4/ps4.egg-info/requires.txt
writing top-level names to ../../build/ps4/ps4.egg-info/top_level.txt
reading manifest file '../../build/ps4/ps4.egg-info/SOURCES.txt'
writing manifest file '../../build/ps4/ps4.egg-info/SOURCES.txt'
running build
running build_py
copying ps4/ps4_publisher.py -> /home/eduhkrobotic2/r2_ros/build/ps4/build/lib/ps4
running install
running install_lib
copying /home/eduhkrobotic2/r2_ros/build/ps4/build/lib/ps4/ps4_publisher.py -> /home/eduhkrobotic2/r2_ros/install/ps4/lib/python3.10/site-packages/ps4
byte-compiling /home/eduhkrobotic2/r2_ros/install/ps4/lib/python3.10/site-packages/ps4/ps4_publisher.py to ps4_publisher.cpython-310.pyc
running install_data
copying resource/ps4 -> /home/eduhkrobotic2/r2_ros/install/ps4/share/ament_index/resource_index/packages
copying package.xml -> /home/eduhkrobotic2/r2_ros/install/ps4/share/ps4
running install_egg_info
removing '/home/eduhkrobotic2/r2_ros/install/ps4/lib/python3.10/site-packages/ps4-0.0.0-py3.10.egg-info' (and everything under it)
Copying ../../build/ps4/ps4.egg-info to /home/eduhkrobotic2/r2_ros/install/ps4/lib/python3.10/site-packages/ps4-0.0.0-py3.10.egg-info
running install_scripts
Installing ps4_publisher script to /home/eduhkrobotic2/r2_ros/install/ps4/lib/ps4
Installing ps4_subscriber script to /home/eduhkrobotic2/r2_ros/install/ps4/lib/ps4
writing list of installed files to '/home/eduhkrobotic2/r2_ros/build/ps4/install.log'
