[6.225s] Invoking command in '/home/eduhkrobotic2/r2_ros/src/ps4': PYTHONPATH=/home/eduhkrobotic2/r2_ros/build/ps4/prefix_override:/home/eduhkrobotic2/r2_ros/install/ps4/lib/python3.10/site-packages:${PYTHONPATH} /usr/bin/python3 -W ignore:setup.py install is deprecated setup.py egg_info --egg-base ../../build/ps4 build --build-base /home/eduhkrobotic2/r2_ros/build/ps4/build install --record /home/eduhkrobotic2/r2_ros/build/ps4/install.log --single-version-externally-managed install_data
[7.783s] running egg_info
[7.790s] writing ../../build/ps4/ps4.egg-info/PKG-INFO
[7.794s] writing dependency_links to ../../build/ps4/ps4.egg-info/dependency_links.txt
[7.795s] writing entry points to ../../build/ps4/ps4.egg-info/entry_points.txt
[7.796s] writing requirements to ../../build/ps4/ps4.egg-info/requires.txt
[7.797s] writing top-level names to ../../build/ps4/ps4.egg-info/top_level.txt
[7.804s] reading manifest file '../../build/ps4/ps4.egg-info/SOURCES.txt'
[7.808s] writing manifest file '../../build/ps4/ps4.egg-info/SOURCES.txt'
[7.810s] running build
[7.811s] running build_py
[7.812s] running install
[7.813s] running install_lib
[7.820s] running install_data
[7.822s] running install_egg_info
[7.831s] removing '/home/eduhkrobotic2/r2_ros/install/ps4/lib/python3.10/site-packages/ps4-0.0.0-py3.10.egg-info' (and everything under it)
[7.833s] Copying ../../build/ps4/ps4.egg-info to /home/eduhkrobotic2/r2_ros/install/ps4/lib/python3.10/site-packages/ps4-0.0.0-py3.10.egg-info
[7.841s] running install_scripts
[7.964s] Installing ps4_publisher script to /home/eduhkrobotic2/r2_ros/install/ps4/lib/ps4
[7.967s] Installing ps4_subscriber script to /home/eduhkrobotic2/r2_ros/install/ps4/lib/ps4
[7.972s] writing list of installed files to '/home/eduhkrobotic2/r2_ros/build/ps4/install.log'
[8.263s] Invoked command in '/home/eduhkrobotic2/r2_ros/src/ps4' returned '0': PYTHONPATH=/home/eduhkrobotic2/r2_ros/build/ps4/prefix_override:/home/eduhkrobotic2/r2_ros/install/ps4/lib/python3.10/site-packages:${PYTHONPATH} /usr/bin/python3 -W ignore:setup.py install is deprecated setup.py egg_info --egg-base ../../build/ps4 build --build-base /home/eduhkrobotic2/r2_ros/build/ps4/build install --record /home/eduhkrobotic2/r2_ros/build/ps4/install.log --single-version-externally-managed install_data
