[4.840s] Invoking command in '/home/eduhkrobotic2/r2_ros/src/navigation': PYTHONPATH=/home/eduhkrobotic2/r2_ros/build/navigation/prefix_override:/home/eduhkrobotic2/r2_ros/install/navigation/lib/python3.10/site-packages:${PYTHONPATH} /usr/bin/python3 -W ignore:setup.py install is deprecated setup.py egg_info --egg-base ../../build/navigation build --build-base /home/eduhkrobotic2/r2_ros/build/navigation/build install --record /home/eduhkrobotic2/r2_ros/build/navigation/install.log --single-version-externally-managed install_data
[6.352s] running egg_info
[6.454s] writing ../../build/navigation/navigation.egg-info/PKG-INFO
[6.457s] writing dependency_links to ../../build/navigation/navigation.egg-info/dependency_links.txt
[6.458s] writing entry points to ../../build/navigation/navigation.egg-info/entry_points.txt
[6.460s] writing requirements to ../../build/navigation/navigation.egg-info/requires.txt
[6.461s] writing top-level names to ../../build/navigation/navigation.egg-info/top_level.txt
[6.677s] reading manifest file '../../build/navigation/navigation.egg-info/SOURCES.txt'
[6.680s] writing manifest file '../../build/navigation/navigation.egg-info/SOURCES.txt'
[6.680s] running build
[6.681s] running build_py
[6.683s] copying navigation/omni_pid.py -> /home/eduhkrobotic2/r2_ros/build/navigation/build/lib/navigation
[6.684s] copying navigation/__init__.py -> /home/eduhkrobotic2/r2_ros/build/navigation/build/lib/navigation
[6.685s] copying navigation/navigation_node.py -> /home/eduhkrobotic2/r2_ros/build/navigation/build/lib/navigation
[6.688s] running install
[6.714s] running install_lib
[6.819s] copying /home/eduhkrobotic2/r2_ros/build/navigation/build/lib/navigation/omni_pid.py -> /home/eduhkrobotic2/r2_ros/install/navigation/lib/python3.10/site-packages/navigation
[6.824s] byte-compiling /home/eduhkrobotic2/r2_ros/install/navigation/lib/python3.10/site-packages/navigation/omni_pid.py to omni_pid.cpython-310.pyc
[6.830s] running install_data
[6.831s] running install_egg_info
[6.944s] removing '/home/eduhkrobotic2/r2_ros/install/navigation/lib/python3.10/site-packages/navigation-0.0.0-py3.10.egg-info' (and everything under it)
[6.947s] Copying ../../build/navigation/navigation.egg-info to /home/eduhkrobotic2/r2_ros/install/navigation/lib/python3.10/site-packages/navigation-0.0.0-py3.10.egg-info
[6.955s] running install_scripts
[7.937s] Installing movement_control script to /home/eduhkrobotic2/r2_ros/install/navigation/lib/navigation
[7.938s] Installing navigation_node script to /home/eduhkrobotic2/r2_ros/install/navigation/lib/navigation
[7.940s] Installing omni_pid script to /home/eduhkrobotic2/r2_ros/install/navigation/lib/navigation
[7.942s] writing list of installed files to '/home/eduhkrobotic2/r2_ros/build/navigation/install.log'
[8.102s] Invoked command in '/home/eduhkrobotic2/r2_ros/src/navigation' returned '0': PYTHONPATH=/home/eduhkrobotic2/r2_ros/build/navigation/prefix_override:/home/eduhkrobotic2/r2_ros/install/navigation/lib/python3.10/site-packages:${PYTHONPATH} /usr/bin/python3 -W ignore:setup.py install is deprecated setup.py egg_info --egg-base ../../build/navigation build --build-base /home/eduhkrobotic2/r2_ros/build/navigation/build install --record /home/eduhkrobotic2/r2_ros/build/navigation/install.log --single-version-externally-managed install_data
