[4.988s] Invoking command in '/home/eduhkrobotic2/r2_ros/src/r2_auto': PYTHONPATH=/home/eduhkrobotic2/r2_ros/build/r2_auto/prefix_override:/home/eduhkrobotic2/r2_ros/install/r2_auto/lib/python3.10/site-packages:${PYTHONPATH} /usr/bin/python3 -W ignore:setup.py install is deprecated setup.py egg_info --egg-base ../../build/r2_auto build --build-base /home/eduhkrobotic2/r2_ros/build/r2_auto/build install --record /home/eduhkrobotic2/r2_ros/build/r2_auto/install.log --single-version-externally-managed install_data
[6.547s] running egg_info
[6.653s] writing ../../build/r2_auto/r2_auto.egg-info/PKG-INFO
[6.656s] writing dependency_links to ../../build/r2_auto/r2_auto.egg-info/dependency_links.txt
[6.657s] writing entry points to ../../build/r2_auto/r2_auto.egg-info/entry_points.txt
[6.658s] writing requirements to ../../build/r2_auto/r2_auto.egg-info/requires.txt
[6.659s] writing top-level names to ../../build/r2_auto/r2_auto.egg-info/top_level.txt
[6.874s] reading manifest file '../../build/r2_auto/r2_auto.egg-info/SOURCES.txt'
[6.878s] writing manifest file '../../build/r2_auto/r2_auto.egg-info/SOURCES.txt'
[6.880s] running build
[6.881s] running build_py
[6.882s] copying r2_auto/omni_pid.py -> /home/eduhkrobotic2/r2_ros/build/r2_auto/build/lib/r2_auto
[6.883s] copying r2_auto/r2_main.py -> /home/eduhkrobotic2/r2_ros/build/r2_auto/build/lib/r2_auto
[6.884s] copying r2_auto/__init__.py -> /home/eduhkrobotic2/r2_ros/build/r2_auto/build/lib/r2_auto
[6.885s] copying r2_auto/r2_ps4.py -> /home/eduhkrobotic2/r2_ros/build/r2_auto/build/lib/r2_auto
[6.888s] running install
[6.914s] running install_lib
[7.020s] copying /home/eduhkrobotic2/r2_ros/build/r2_auto/build/lib/r2_auto/r2_main.py -> /home/eduhkrobotic2/r2_ros/install/r2_auto/lib/python3.10/site-packages/r2_auto
[7.024s] byte-compiling /home/eduhkrobotic2/r2_ros/install/r2_auto/lib/python3.10/site-packages/r2_auto/r2_main.py to r2_main.cpython-310.pyc
[7.032s] running install_data
[7.033s] copying resource/r2_auto -> /home/eduhkrobotic2/r2_ros/install/r2_auto/share/ament_index/resource_index/packages
[7.034s] copying package.xml -> /home/eduhkrobotic2/r2_ros/install/r2_auto/share/r2_auto
[7.035s] running install_egg_info
[7.147s] removing '/home/eduhkrobotic2/r2_ros/install/r2_auto/lib/python3.10/site-packages/r2_auto-0.0.0-py3.10.egg-info' (and everything under it)
[7.148s] Copying ../../build/r2_auto/r2_auto.egg-info to /home/eduhkrobotic2/r2_ros/install/r2_auto/lib/python3.10/site-packages/r2_auto-0.0.0-py3.10.egg-info
[7.155s] running install_scripts
[8.115s] Installing omni_pid script to /home/eduhkrobotic2/r2_ros/install/r2_auto/lib/r2_auto
[8.116s] Installing r2_main_node script to /home/eduhkrobotic2/r2_ros/install/r2_auto/lib/r2_auto
[8.117s] Installing r2_ps4_node script to /home/eduhkrobotic2/r2_ros/install/r2_auto/lib/r2_auto
[8.119s] writing list of installed files to '/home/eduhkrobotic2/r2_ros/build/r2_auto/install.log'
[8.288s] Invoked command in '/home/eduhkrobotic2/r2_ros/src/r2_auto' returned '0': PYTHONPATH=/home/eduhkrobotic2/r2_ros/build/r2_auto/prefix_override:/home/eduhkrobotic2/r2_ros/install/r2_auto/lib/python3.10/site-packages:${PYTHONPATH} /usr/bin/python3 -W ignore:setup.py install is deprecated setup.py egg_info --egg-base ../../build/r2_auto build --build-base /home/eduhkrobotic2/r2_ros/build/r2_auto/build install --record /home/eduhkrobotic2/r2_ros/build/r2_auto/install.log --single-version-externally-managed install_data
