[4.916s] Invoking command in '/home/eduhkrobotic2/r2_ros/src/motor_control_package': PYTHONPATH=/home/eduhkrobotic2/r2_ros/build/motor_control_package/prefix_override:/home/eduhkrobotic2/r2_ros/install/motor_control_package/lib/python3.10/site-packages:${PYTHONPATH} /usr/bin/python3 -W ignore:setup.py install is deprecated setup.py egg_info --egg-base ../../build/motor_control_package build --build-base /home/eduhkrobotic2/r2_ros/build/motor_control_package/build install --record /home/eduhkrobotic2/r2_ros/build/motor_control_package/install.log --single-version-externally-managed install_data
[6.245s] running egg_info
[6.248s] writing ../../build/motor_control_package/motor_control_package.egg-info/PKG-INFO
[6.251s] writing dependency_links to ../../build/motor_control_package/motor_control_package.egg-info/dependency_links.txt
[6.253s] writing entry points to ../../build/motor_control_package/motor_control_package.egg-info/entry_points.txt
[6.254s] writing requirements to ../../build/motor_control_package/motor_control_package.egg-info/requires.txt
[6.255s] writing top-level names to ../../build/motor_control_package/motor_control_package.egg-info/top_level.txt
[6.264s] reading manifest file '../../build/motor_control_package/motor_control_package.egg-info/SOURCES.txt'
[6.270s] writing manifest file '../../build/motor_control_package/motor_control_package.egg-info/SOURCES.txt'
[6.272s] running build
[6.272s] running build_py
[6.276s] running install
[6.277s] running install_lib
[6.288s] running install_data
[6.289s] running install_egg_info
[6.298s] removing '/home/eduhkrobotic2/r2_ros/install/motor_control_package/lib/python3.10/site-packages/motor_control_package-0.0.0-py3.10.egg-info' (and everything under it)
[6.300s] Copying ../../build/motor_control_package/motor_control_package.egg-info to /home/eduhkrobotic2/r2_ros/install/motor_control_package/lib/python3.10/site-packages/motor_control_package-0.0.0-py3.10.egg-info
[6.307s] running install_scripts
[6.428s] Installing motor_control_publisher script to /home/eduhkrobotic2/r2_ros/install/motor_control_package/lib/motor_control_package
[6.430s] Installing motor_control_subscriber script to /home/eduhkrobotic2/r2_ros/install/motor_control_package/lib/motor_control_package
[6.432s] Installing motor_data_reader script to /home/eduhkrobotic2/r2_ros/install/motor_control_package/lib/motor_control_package
[6.436s] writing list of installed files to '/home/eduhkrobotic2/r2_ros/build/motor_control_package/install.log'
[6.613s] Invoked command in '/home/eduhkrobotic2/r2_ros/src/motor_control_package' returned '0': PYTHONPATH=/home/eduhkrobotic2/r2_ros/build/motor_control_package/prefix_override:/home/eduhkrobotic2/r2_ros/install/motor_control_package/lib/python3.10/site-packages:${PYTHONPATH} /usr/bin/python3 -W ignore:setup.py install is deprecated setup.py egg_info --egg-base ../../build/motor_control_package build --build-base /home/eduhkrobotic2/r2_ros/build/motor_control_package/build install --record /home/eduhkrobotic2/r2_ros/build/motor_control_package/install.log --single-version-externally-managed install_data
