[6.199s] Invoking command in '/home/eduhkrobotic2/r2_ros/src/motor_control_package': PYTHONPATH=/home/eduhkrobotic2/r2_ros/build/motor_control_package/prefix_override:/home/eduhkrobotic2/r2_ros/install/motor_control_package/lib/python3.10/site-packages:${PYTHONPATH} /usr/bin/python3 -W ignore:setup.py install is deprecated setup.py egg_info --egg-base ../../build/motor_control_package build --build-base /home/eduhkrobotic2/r2_ros/build/motor_control_package/build install --record /home/eduhkrobotic2/r2_ros/build/motor_control_package/install.log --single-version-externally-managed install_data
[7.769s] running egg_info
[7.772s] writing ../../build/motor_control_package/motor_control_package.egg-info/PKG-INFO
[7.775s] writing dependency_links to ../../build/motor_control_package/motor_control_package.egg-info/dependency_links.txt
[7.777s] writing entry points to ../../build/motor_control_package/motor_control_package.egg-info/entry_points.txt
[7.779s] writing requirements to ../../build/motor_control_package/motor_control_package.egg-info/requires.txt
[7.780s] writing top-level names to ../../build/motor_control_package/motor_control_package.egg-info/top_level.txt
[7.790s] reading manifest file '../../build/motor_control_package/motor_control_package.egg-info/SOURCES.txt'
[7.795s] writing manifest file '../../build/motor_control_package/motor_control_package.egg-info/SOURCES.txt'
[7.796s] running build
[7.797s] running build_py
[7.800s] copying motor_control_package/motor_control_subscriber.py -> /home/eduhkrobotic2/r2_ros/build/motor_control_package/build/lib/motor_control_package
[7.802s] running install
[7.802s] running install_lib
[7.809s] copying /home/eduhkrobotic2/r2_ros/build/motor_control_package/build/lib/motor_control_package/motor_control_subscriber.py -> /home/eduhkrobotic2/r2_ros/install/motor_control_package/lib/python3.10/site-packages/motor_control_package
[7.814s] byte-compiling /home/eduhkrobotic2/r2_ros/install/motor_control_package/lib/python3.10/site-packages/motor_control_package/motor_control_subscriber.py to motor_control_subscriber.cpython-310.pyc
[7.817s] running install_data
[7.819s] running install_egg_info
[7.828s] removing '/home/eduhkrobotic2/r2_ros/install/motor_control_package/lib/python3.10/site-packages/motor_control_package-0.0.0-py3.10.egg-info' (and everything under it)
[7.830s] Copying ../../build/motor_control_package/motor_control_package.egg-info to /home/eduhkrobotic2/r2_ros/install/motor_control_package/lib/python3.10/site-packages/motor_control_package-0.0.0-py3.10.egg-info
[7.839s] running install_scripts
[7.984s] Installing motor_control_publisher script to /home/eduhkrobotic2/r2_ros/install/motor_control_package/lib/motor_control_package
[7.991s] Installing motor_control_subscriber script to /home/eduhkrobotic2/r2_ros/install/motor_control_package/lib/motor_control_package
[7.994s] Installing motor_data_reader script to /home/eduhkrobotic2/r2_ros/install/motor_control_package/lib/motor_control_package
[8.000s] writing list of installed files to '/home/eduhkrobotic2/r2_ros/build/motor_control_package/install.log'
[8.279s] Invoked command in '/home/eduhkrobotic2/r2_ros/src/motor_control_package' returned '0': PYTHONPATH=/home/eduhkrobotic2/r2_ros/build/motor_control_package/prefix_override:/home/eduhkrobotic2/r2_ros/install/motor_control_package/lib/python3.10/site-packages:${PYTHONPATH} /usr/bin/python3 -W ignore:setup.py install is deprecated setup.py egg_info --egg-base ../../build/motor_control_package build --build-base /home/eduhkrobotic2/r2_ros/build/motor_control_package/build install --record /home/eduhkrobotic2/r2_ros/build/motor_control_package/install.log --single-version-externally-managed install_data
