[3.863s] Invoking command in '/home/eduhkrobotic2/r2_ros/src/navigation': PYTHONPATH=/home/eduhkrobotic2/r2_ros/build/navigation/prefix_override:/home/eduhkrobotic2/r2_ros/install/navigation/lib/python3.10/site-packages:${PYTHONPATH} /usr/bin/python3 -W ignore:setup.py install is deprecated setup.py egg_info --egg-base ../../build/navigation build --build-base /home/eduhkrobotic2/r2_ros/build/navigation/build install --record /home/eduhkrobotic2/r2_ros/build/navigation/install.log --single-version-externally-managed install_data
[5.073s] running egg_info
[5.076s] writing ../../build/navigation/navigation.egg-info/PKG-INFO
[5.077s] writing dependency_links to ../../build/navigation/navigation.egg-info/dependency_links.txt
[5.078s] writing entry points to ../../build/navigation/navigation.egg-info/entry_points.txt
[5.079s] writing requirements to ../../build/navigation/navigation.egg-info/requires.txt
[5.080s] writing top-level names to ../../build/navigation/navigation.egg-info/top_level.txt
[5.088s] reading manifest file '../../build/navigation/navigation.egg-info/SOURCES.txt'
[5.092s] writing manifest file '../../build/navigation/navigation.egg-info/SOURCES.txt'
[5.093s] running build
[5.093s] running build_py
[5.094s] copying navigation/omni_pid.py -> /home/eduhkrobotic2/r2_ros/build/navigation/build/lib/navigation
[5.095s] running install
[5.096s] running install_lib
[5.100s] copying /home/eduhkrobotic2/r2_ros/build/navigation/build/lib/navigation/omni_pid.py -> /home/eduhkrobotic2/r2_ros/install/navigation/lib/python3.10/site-packages/navigation
[5.103s] byte-compiling /home/eduhkrobotic2/r2_ros/install/navigation/lib/python3.10/site-packages/navigation/omni_pid.py to omni_pid.cpython-310.pyc
[5.108s] running install_data
[5.109s] running install_egg_info
[5.116s] removing '/home/eduhkrobotic2/r2_ros/install/navigation/lib/python3.10/site-packages/navigation-0.0.0-py3.10.egg-info' (and everything under it)
[5.118s] Copying ../../build/navigation/navigation.egg-info to /home/eduhkrobotic2/r2_ros/install/navigation/lib/python3.10/site-packages/navigation-0.0.0-py3.10.egg-info
[5.123s] running install_scripts
[5.200s] Installing navigation_node script to /home/eduhkrobotic2/r2_ros/install/navigation/lib/navigation
[5.200s] Installing omni_pid script to /home/eduhkrobotic2/r2_ros/install/navigation/lib/navigation
[5.202s] writing list of installed files to '/home/eduhkrobotic2/r2_ros/build/navigation/install.log'
[5.336s] Invoked command in '/home/eduhkrobotic2/r2_ros/src/navigation' returned '0': PYTHONPATH=/home/eduhkrobotic2/r2_ros/build/navigation/prefix_override:/home/eduhkrobotic2/r2_ros/install/navigation/lib/python3.10/site-packages:${PYTHONPATH} /usr/bin/python3 -W ignore:setup.py install is deprecated setup.py egg_info --egg-base ../../build/navigation build --build-base /home/eduhkrobotic2/r2_ros/build/navigation/build install --record /home/eduhkrobotic2/r2_ros/build/navigation/install.log --single-version-externally-managed install_data
