running egg_info
creating ../../build/auto/auto.egg-info
writing ../../build/auto/auto.egg-info/PKG-INFO
writing dependency_links to ../../build/auto/auto.egg-info/dependency_links.txt
writing entry points to ../../build/auto/auto.egg-info/entry_points.txt
writing requirements to ../../build/auto/auto.egg-info/requires.txt
writing top-level names to ../../build/auto/auto.egg-info/top_level.txt
writing manifest file '../../build/auto/auto.egg-info/SOURCES.txt'
reading manifest file '../../build/auto/auto.egg-info/SOURCES.txt'
writing manifest file '../../build/auto/auto.egg-info/SOURCES.txt'
running build
running build_py
creating /home/eduhkrobotic2/r2_ros/build/auto/build
creating /home/eduhkrobotic2/r2_ros/build/auto/build/lib
creating /home/eduhkrobotic2/r2_ros/build/auto/build/lib/auto
copying auto/webcam_node.py -> /home/eduhkrobotic2/r2_ros/build/auto/build/lib/auto
copying auto/__init__.py -> /home/eduhkrobotic2/r2_ros/build/auto/build/lib/auto
running install
running install_lib
creating /home/eduhkrobotic2/r2_ros/install/auto/lib/python3.10/site-packages/auto
copying /home/eduhkrobotic2/r2_ros/build/auto/build/lib/auto/webcam_node.py -> /home/eduhkrobotic2/r2_ros/install/auto/lib/python3.10/site-packages/auto
copying /home/eduhkrobotic2/r2_ros/build/auto/build/lib/auto/__init__.py -> /home/eduhkrobotic2/r2_ros/install/auto/lib/python3.10/site-packages/auto
byte-compiling /home/eduhkrobotic2/r2_ros/install/auto/lib/python3.10/site-packages/auto/webcam_node.py to webcam_node.cpython-310.pyc
byte-compiling /home/eduhkrobotic2/r2_ros/install/auto/lib/python3.10/site-packages/auto/__init__.py to __init__.cpython-310.pyc
running install_data
creating /home/eduhkrobotic2/r2_ros/install/auto/share/ament_index
creating /home/eduhkrobotic2/r2_ros/install/auto/share/ament_index/resource_index
creating /home/eduhkrobotic2/r2_ros/install/auto/share/ament_index/resource_index/packages
copying resource/auto -> /home/eduhkrobotic2/r2_ros/install/auto/share/ament_index/resource_index/packages
copying package.xml -> /home/eduhkrobotic2/r2_ros/install/auto/share/auto
running install_egg_info
Copying ../../build/auto/auto.egg-info to /home/eduhkrobotic2/r2_ros/install/auto/lib/python3.10/site-packages/auto-0.0.0-py3.10.egg-info
running install_scripts
writing list of installed files to '/home/eduhkrobotic2/r2_ros/build/auto/install.log'
