/home/eduhkrobotic2/r2_ros/install/motor_control_package/lib/python3.10/site-packages/motor_control_package/motor_data_reader.py
/home/eduhkrobotic2/r2_ros/install/motor_control_package/lib/python3.10/site-packages/motor_control_package/__init__.py
/home/eduhkrobotic2/r2_ros/install/motor_control_package/lib/python3.10/site-packages/motor_control_package/motor_control_publisher.py
/home/eduhkrobotic2/r2_ros/install/motor_control_package/lib/python3.10/site-packages/motor_control_package/motor_control_subscriber.py
/home/eduhkrobotic2/r2_ros/install/motor_control_package/lib/python3.10/site-packages/motor_control_package/__pycache__/motor_data_reader.cpython-310.pyc
/home/eduhkrobotic2/r2_ros/install/motor_control_package/lib/python3.10/site-packages/motor_control_package/__pycache__/__init__.cpython-310.pyc
/home/eduhkrobotic2/r2_ros/install/motor_control_package/lib/python3.10/site-packages/motor_control_package/__pycache__/motor_control_publisher.cpython-310.pyc
/home/eduhkrobotic2/r2_ros/install/motor_control_package/lib/python3.10/site-packages/motor_control_package/__pycache__/motor_control_subscriber.cpython-310.pyc
/home/eduhkrobotic2/r2_ros/install/motor_control_package/share/ament_index/resource_index/packages/motor_control_package
/home/eduhkrobotic2/r2_ros/install/motor_control_package/share/motor_control_package/package.xml
/home/eduhkrobotic2/r2_ros/install/motor_control_package/lib/python3.10/site-packages/motor_control_package-0.0.0-py3.10.egg-info/dependency_links.txt
/home/eduhkrobotic2/r2_ros/install/motor_control_package/lib/python3.10/site-packages/motor_control_package-0.0.0-py3.10.egg-info/top_level.txt
/home/eduhkrobotic2/r2_ros/install/motor_control_package/lib/python3.10/site-packages/motor_control_package-0.0.0-py3.10.egg-info/requires.txt
/home/eduhkrobotic2/r2_ros/install/motor_control_package/lib/python3.10/site-packages/motor_control_package-0.0.0-py3.10.egg-info/entry_points.txt
/home/eduhkrobotic2/r2_ros/install/motor_control_package/lib/python3.10/site-packages/motor_control_package-0.0.0-py3.10.egg-info/SOURCES.txt
/home/eduhkrobotic2/r2_ros/install/motor_control_package/lib/python3.10/site-packages/motor_control_package-0.0.0-py3.10.egg-info/zip-safe
/home/eduhkrobotic2/r2_ros/install/motor_control_package/lib/python3.10/site-packages/motor_control_package-0.0.0-py3.10.egg-info/PKG-INFO
/home/eduhkrobotic2/r2_ros/install/motor_control_package/lib/motor_control_package/motor_control_publisher
/home/eduhkrobotic2/r2_ros/install/motor_control_package/lib/motor_control_package/motor_control_subscriber
/home/eduhkrobotic2/r2_ros/install/motor_control_package/lib/motor_control_package/motor_data_reader
