[0.592s] [34mcolcon[0m [1;30mDEBUG[0m [32mCommand line arguments: ['/usr/bin/colcon', 'build', '--packages-select', 'navigation'][0m
[0.593s] [34mcolcon[0m [1;30mDEBUG[0m [32mParsed command line arguments: Namespace(log_base=None, log_level=None, verb_name='build', build_base='build', install_base='install', merge_install=False, symlink_install=False, test_result_base=None, continue_on_error=False, executor='parallel', parallel_workers=4, event_handlers=None, ignore_user_meta=False, metas=['./colcon.meta'], base_paths=['.'], packages_ignore=None, packages_ignore_regex=None, paths=None, packages_up_to=None, packages_up_to_regex=None, packages_above=None, packages_above_and_dependencies=None, packages_above_depth=None, packages_select_by_dep=None, packages_skip_by_dep=None, packages_skip_up_to=None, packages_select_build_failed=False, packages_skip_build_finished=False, packages_select_test_failures=False, packages_skip_test_passed=False, packages_select=['navigation'], packages_skip=None, packages_select_regex=None, packages_skip_regex=None, packages_start=None, packages_end=None, allow_overriding=[], cmake_args=None, cmake_target=None, cmake_target_skip_unavailable=False, cmake_clean_cache=False, cmake_clean_first=False, cmake_force_configure=False, ament_cmake_args=None, catkin_cmake_args=None, catkin_skip_building_tests=False, verb_parser=<colcon_defaults.argument_parser.defaults.DefaultArgumentsDecorator object at 0xffff9a0ed900>, verb_extension=<colcon_core.verb.build.BuildVerb object at 0xffff9a0ed4b0>, main=<bound method BuildVerb.main of <colcon_core.verb.build.BuildVerb object at 0xffff9a0ed4b0>>)[0m
[0.774s] [34mcolcon.colcon_core.package_discovery[0m [1;30mLevel 1[0m discover_packages(colcon_meta) check parameters
[0.775s] [34mcolcon.colcon_core.package_discovery[0m [1;30mLevel 1[0m discover_packages(recursive) check parameters
[0.782s] [34mcolcon.colcon_core.package_discovery[0m [1;30mLevel 1[0m discover_packages(ignore) check parameters
[0.782s] [34mcolcon.colcon_core.package_discovery[0m [1;30mLevel 1[0m discover_packages(path) check parameters
[0.782s] [34mcolcon.colcon_core.package_discovery[0m [1;30mLevel 1[0m discover_packages(colcon_meta) discover
[0.783s] [34mcolcon.colcon_core.package_discovery[0m [1;30mLevel 1[0m discover_packages(recursive) discover
[0.783s] [34mcolcon.colcon_core.package_discovery[0m [1;30mINFO[0m Crawling recursively for packages in '/home/eduhkrobotic2/r2_ros'
[0.784s] [34mcolcon.colcon_core.package_identification[0m [1;30mLevel 1[0m _identify(.) by extensions ['ignore', 'ignore_ament_install']
[0.784s] [34mcolcon.colcon_core.package_identification[0m [1;30mLevel 1[0m _identify(.) by extension 'ignore'
[0.784s] [34mcolcon.colcon_core.package_identification[0m [1;30mLevel 1[0m _identify(.) by extension 'ignore_ament_install'
[0.785s] [34mcolcon.colcon_core.package_identification[0m [1;30mLevel 1[0m _identify(.) by extensions ['colcon_pkg']
[0.785s] [34mcolcon.colcon_core.package_identification[0m [1;30mLevel 1[0m _identify(.) by extension 'colcon_pkg'
[0.785s] [34mcolcon.colcon_core.package_identification[0m [1;30mLevel 1[0m _identify(.) by extensions ['colcon_meta']
[0.785s] [34mcolcon.colcon_core.package_identification[0m [1;30mLevel 1[0m _identify(.) by extension 'colcon_meta'
[0.785s] [34mcolcon.colcon_core.package_identification[0m [1;30mLevel 1[0m _identify(.) by extensions ['ros']
[0.786s] [34mcolcon.colcon_core.package_identification[0m [1;30mLevel 1[0m _identify(.) by extension 'ros'
[0.901s] [34mcolcon.colcon_core.package_identification[0m [1;30mLevel 1[0m _identify(.) by extensions ['cmake', 'python']
[0.902s] [34mcolcon.colcon_core.package_identification[0m [1;30mLevel 1[0m _identify(.) by extension 'cmake'
[0.902s] [34mcolcon.colcon_core.package_identification[0m [1;30mLevel 1[0m _identify(.) by extension 'python'
[0.902s] [34mcolcon.colcon_core.package_identification[0m [1;30mLevel 1[0m _identify(.) by extensions ['python_setup_py']
[0.903s] [34mcolcon.colcon_core.package_identification[0m [1;30mLevel 1[0m _identify(.) by extension 'python_setup_py'
[0.904s] [34mcolcon.colcon_core.package_identification[0m [1;30mLevel 1[0m _identify(build) by extensions ['ignore', 'ignore_ament_install']
[0.904s] [34mcolcon.colcon_core.package_identification[0m [1;30mLevel 1[0m _identify(build) by extension 'ignore'
[0.904s] [34mcolcon.colcon_core.package_identification[0m [1;30mLevel 1[0m _identify(build) ignored
[0.905s] [34mcolcon.colcon_core.package_identification[0m [1;30mLevel 1[0m _identify(install) by extensions ['ignore', 'ignore_ament_install']
[0.906s] [34mcolcon.colcon_core.package_identification[0m [1;30mLevel 1[0m _identify(install) by extension 'ignore'
[0.906s] [34mcolcon.colcon_core.package_identification[0m [1;30mLevel 1[0m _identify(install) ignored
[0.909s] [34mcolcon.colcon_core.package_identification[0m [1;30mLevel 1[0m _identify(log) by extensions ['ignore', 'ignore_ament_install']
[0.909s] [34mcolcon.colcon_core.package_identification[0m [1;30mLevel 1[0m _identify(log) by extension 'ignore'
[0.910s] [34mcolcon.colcon_core.package_identification[0m [1;30mLevel 1[0m _identify(log) ignored
[0.910s] [34mcolcon.colcon_core.package_identification[0m [1;30mLevel 1[0m _identify(roboflow) by extensions ['ignore', 'ignore_ament_install']
[0.910s] [34mcolcon.colcon_core.package_identification[0m [1;30mLevel 1[0m _identify(roboflow) by extension 'ignore'
[0.911s] [34mcolcon.colcon_core.package_identification[0m [1;30mLevel 1[0m _identify(roboflow) by extension 'ignore_ament_install'
[0.912s] [34mcolcon.colcon_core.package_identification[0m [1;30mLevel 1[0m _identify(roboflow) by extensions ['colcon_pkg']
[0.912s] [34mcolcon.colcon_core.package_identification[0m [1;30mLevel 1[0m _identify(roboflow) by extension 'colcon_pkg'
[0.912s] [34mcolcon.colcon_core.package_identification[0m [1;30mLevel 1[0m _identify(roboflow) by extensions ['colcon_meta']
[0.913s] [34mcolcon.colcon_core.package_identification[0m [1;30mLevel 1[0m _identify(roboflow) by extension 'colcon_meta'
[0.913s] [34mcolcon.colcon_core.package_identification[0m [1;30mLevel 1[0m _identify(roboflow) by extensions ['ros']
[0.913s] [34mcolcon.colcon_core.package_identification[0m [1;30mLevel 1[0m _identify(roboflow) by extension 'ros'
[0.913s] [34mcolcon.colcon_core.package_identification[0m [1;30mLevel 1[0m _identify(roboflow) by extensions ['cmake', 'python']
[0.914s] [34mcolcon.colcon_core.package_identification[0m [1;30mLevel 1[0m _identify(roboflow) by extension 'cmake'
[0.914s] [34mcolcon.colcon_core.package_identification[0m [1;30mLevel 1[0m _identify(roboflow) by extension 'python'
[0.914s] [34mcolcon.colcon_core.package_identification[0m [1;30mLevel 1[0m _identify(roboflow) by extensions ['python_setup_py']
[0.914s] [34mcolcon.colcon_core.package_identification[0m [1;30mLevel 1[0m _identify(roboflow) by extension 'python_setup_py'
[0.915s] [34mcolcon.colcon_core.package_identification[0m [1;30mLevel 1[0m _identify(roboflow/model) by extensions ['ignore', 'ignore_ament_install']
[0.915s] [34mcolcon.colcon_core.package_identification[0m [1;30mLevel 1[0m _identify(roboflow/model) by extension 'ignore'
[0.915s] [34mcolcon.colcon_core.package_identification[0m [1;30mLevel 1[0m _identify(roboflow/model) by extension 'ignore_ament_install'
[0.916s] [34mcolcon.colcon_core.package_identification[0m [1;30mLevel 1[0m _identify(roboflow/model) by extensions ['colcon_pkg']
[0.916s] [34mcolcon.colcon_core.package_identification[0m [1;30mLevel 1[0m _identify(roboflow/model) by extension 'colcon_pkg'
[0.916s] [34mcolcon.colcon_core.package_identification[0m [1;30mLevel 1[0m _identify(roboflow/model) by extensions ['colcon_meta']
[0.916s] [34mcolcon.colcon_core.package_identification[0m [1;30mLevel 1[0m _identify(roboflow/model) by extension 'colcon_meta'
[0.916s] [34mcolcon.colcon_core.package_identification[0m [1;30mLevel 1[0m _identify(roboflow/model) by extensions ['ros']
[0.917s] [34mcolcon.colcon_core.package_identification[0m [1;30mLevel 1[0m _identify(roboflow/model) by extension 'ros'
[0.917s] [34mcolcon.colcon_core.package_identification[0m [1;30mLevel 1[0m _identify(roboflow/model) by extensions ['cmake', 'python']
[0.917s] [34mcolcon.colcon_core.package_identification[0m [1;30mLevel 1[0m _identify(roboflow/model) by extension 'cmake'
[0.917s] [34mcolcon.colcon_core.package_identification[0m [1;30mLevel 1[0m _identify(roboflow/model) by extension 'python'
[0.917s] [34mcolcon.colcon_core.package_identification[0m [1;30mLevel 1[0m _identify(roboflow/model) by extensions ['python_setup_py']
[0.918s] [34mcolcon.colcon_core.package_identification[0m [1;30mLevel 1[0m _identify(roboflow/model) by extension 'python_setup_py'
[0.918s] [34mcolcon.colcon_core.package_identification[0m [1;30mLevel 1[0m _identify(roboflow/model/weights) by extensions ['ignore', 'ignore_ament_install']
[0.919s] [34mcolcon.colcon_core.package_identification[0m [1;30mLevel 1[0m _identify(roboflow/model/weights) by extension 'ignore'
[0.919s] [34mcolcon.colcon_core.package_identification[0m [1;30mLevel 1[0m _identify(roboflow/model/weights) by extension 'ignore_ament_install'
[0.919s] [34mcolcon.colcon_core.package_identification[0m [1;30mLevel 1[0m _identify(roboflow/model/weights) by extensions ['colcon_pkg']
[0.919s] [34mcolcon.colcon_core.package_identification[0m [1;30mLevel 1[0m _identify(roboflow/model/weights) by extension 'colcon_pkg'
[0.919s] [34mcolcon.colcon_core.package_identification[0m [1;30mLevel 1[0m _identify(roboflow/model/weights) by extensions ['colcon_meta']
[0.920s] [34mcolcon.colcon_core.package_identification[0m [1;30mLevel 1[0m _identify(roboflow/model/weights) by extension 'colcon_meta'
[0.920s] [34mcolcon.colcon_core.package_identification[0m [1;30mLevel 1[0m _identify(roboflow/model/weights) by extensions ['ros']
[0.920s] [34mcolcon.colcon_core.package_identification[0m [1;30mLevel 1[0m _identify(roboflow/model/weights) by extension 'ros'
[0.920s] [34mcolcon.colcon_core.package_identification[0m [1;30mLevel 1[0m _identify(roboflow/model/weights) by extensions ['cmake', 'python']
[0.920s] [34mcolcon.colcon_core.package_identification[0m [1;30mLevel 1[0m _identify(roboflow/model/weights) by extension 'cmake'
[0.921s] [34mcolcon.colcon_core.package_identification[0m [1;30mLevel 1[0m _identify(roboflow/model/weights) by extension 'python'
[0.921s] [34mcolcon.colcon_core.package_identification[0m [1;30mLevel 1[0m _identify(roboflow/model/weights) by extensions ['python_setup_py']
[0.921s] [34mcolcon.colcon_core.package_identification[0m [1;30mLevel 1[0m _identify(roboflow/model/weights) by extension 'python_setup_py'
[0.922s] [34mcolcon.colcon_core.package_identification[0m [1;30mLevel 1[0m _identify(src) by extensions ['ignore', 'ignore_ament_install']
[0.922s] [34mcolcon.colcon_core.package_identification[0m [1;30mLevel 1[0m _identify(src) by extension 'ignore'
[0.922s] [34mcolcon.colcon_core.package_identification[0m [1;30mLevel 1[0m _identify(src) by extension 'ignore_ament_install'
[0.923s] [34mcolcon.colcon_core.package_identification[0m [1;30mLevel 1[0m _identify(src) by extensions ['colcon_pkg']
[0.923s] [34mcolcon.colcon_core.package_identification[0m [1;30mLevel 1[0m _identify(src) by extension 'colcon_pkg'
[0.923s] [34mcolcon.colcon_core.package_identification[0m [1;30mLevel 1[0m _identify(src) by extensions ['colcon_meta']
[0.924s] [34mcolcon.colcon_core.package_identification[0m [1;30mLevel 1[0m _identify(src) by extension 'colcon_meta'
[0.924s] [34mcolcon.colcon_core.package_identification[0m [1;30mLevel 1[0m _identify(src) by extensions ['ros']
[0.924s] [34mcolcon.colcon_core.package_identification[0m [1;30mLevel 1[0m _identify(src) by extension 'ros'
[0.924s] [34mcolcon.colcon_core.package_identification[0m [1;30mLevel 1[0m _identify(src) by extensions ['cmake', 'python']
[0.925s] [34mcolcon.colcon_core.package_identification[0m [1;30mLevel 1[0m _identify(src) by extension 'cmake'
[0.925s] [34mcolcon.colcon_core.package_identification[0m [1;30mLevel 1[0m _identify(src) by extension 'python'
[0.925s] [34mcolcon.colcon_core.package_identification[0m [1;30mLevel 1[0m _identify(src) by extensions ['python_setup_py']
[0.925s] [34mcolcon.colcon_core.package_identification[0m [1;30mLevel 1[0m _identify(src) by extension 'python_setup_py'
[0.926s] [34mcolcon.colcon_core.package_identification[0m [1;30mLevel 1[0m _identify(src/auto) by extensions ['ignore', 'ignore_ament_install']
[0.927s] [34mcolcon.colcon_core.package_identification[0m [1;30mLevel 1[0m _identify(src/auto) by extension 'ignore'
[0.927s] [34mcolcon.colcon_core.package_identification[0m [1;30mLevel 1[0m _identify(src/auto) by extension 'ignore_ament_install'
[0.927s] [34mcolcon.colcon_core.package_identification[0m [1;30mLevel 1[0m _identify(src/auto) by extensions ['colcon_pkg']
[0.927s] [34mcolcon.colcon_core.package_identification[0m [1;30mLevel 1[0m _identify(src/auto) by extension 'colcon_pkg'
[0.927s] [34mcolcon.colcon_core.package_identification[0m [1;30mLevel 1[0m _identify(src/auto) by extensions ['colcon_meta']
[0.927s] [34mcolcon.colcon_core.package_identification[0m [1;30mLevel 1[0m _identify(src/auto) by extension 'colcon_meta'
[0.928s] [34mcolcon.colcon_core.package_identification[0m [1;30mLevel 1[0m _identify(src/auto) by extensions ['ros']
[0.928s] [34mcolcon.colcon_core.package_identification[0m [1;30mLevel 1[0m _identify(src/auto) by extension 'ros'
[0.938s] [34mcolcon.colcon_core.package_identification[0m [1;30mDEBUG[0m [32mPackage 'src/auto' with type 'ros.ament_python' and name 'auto'[0m
[0.939s] [34mcolcon.colcon_core.package_identification[0m [1;30mLevel 1[0m _identify(src/motor_control_package) by extensions ['ignore', 'ignore_ament_install']
[0.939s] [34mcolcon.colcon_core.package_identification[0m [1;30mLevel 1[0m _identify(src/motor_control_package) by extension 'ignore'
[0.939s] [34mcolcon.colcon_core.package_identification[0m [1;30mLevel 1[0m _identify(src/motor_control_package) by extension 'ignore_ament_install'
[0.940s] [34mcolcon.colcon_core.package_identification[0m [1;30mLevel 1[0m _identify(src/motor_control_package) by extensions ['colcon_pkg']
[0.940s] [34mcolcon.colcon_core.package_identification[0m [1;30mLevel 1[0m _identify(src/motor_control_package) by extension 'colcon_pkg'
[0.940s] [34mcolcon.colcon_core.package_identification[0m [1;30mLevel 1[0m _identify(src/motor_control_package) by extensions ['colcon_meta']
[0.940s] [34mcolcon.colcon_core.package_identification[0m [1;30mLevel 1[0m _identify(src/motor_control_package) by extension 'colcon_meta'
[0.940s] [34mcolcon.colcon_core.package_identification[0m [1;30mLevel 1[0m _identify(src/motor_control_package) by extensions ['ros']
[0.941s] [34mcolcon.colcon_core.package_identification[0m [1;30mLevel 1[0m _identify(src/motor_control_package) by extension 'ros'
[0.943s] [34mcolcon.colcon_core.package_identification[0m [1;30mDEBUG[0m [32mPackage 'src/motor_control_package' with type 'ros.ament_python' and name 'motor_control_package'[0m
[0.944s] [34mcolcon.colcon_core.package_identification[0m [1;30mLevel 1[0m _identify(src/navigation) by extensions ['ignore', 'ignore_ament_install']
[0.944s] [34mcolcon.colcon_core.package_identification[0m [1;30mLevel 1[0m _identify(src/navigation) by extension 'ignore'
[0.944s] [34mcolcon.colcon_core.package_identification[0m [1;30mLevel 1[0m _identify(src/navigation) by extension 'ignore_ament_install'
[0.945s] [34mcolcon.colcon_core.package_identification[0m [1;30mLevel 1[0m _identify(src/navigation) by extensions ['colcon_pkg']
[0.945s] [34mcolcon.colcon_core.package_identification[0m [1;30mLevel 1[0m _identify(src/navigation) by extension 'colcon_pkg'
[0.945s] [34mcolcon.colcon_core.package_identification[0m [1;30mLevel 1[0m _identify(src/navigation) by extensions ['colcon_meta']
[0.945s] [34mcolcon.colcon_core.package_identification[0m [1;30mLevel 1[0m _identify(src/navigation) by extension 'colcon_meta'
[0.945s] [34mcolcon.colcon_core.package_identification[0m [1;30mLevel 1[0m _identify(src/navigation) by extensions ['ros']
[0.946s] [34mcolcon.colcon_core.package_identification[0m [1;30mLevel 1[0m _identify(src/navigation) by extension 'ros'
[0.948s] [34mcolcon.colcon_core.package_identification[0m [1;30mDEBUG[0m [32mPackage 'src/navigation' with type 'ros.ament_python' and name 'navigation'[0m
[0.948s] [34mcolcon.colcon_core.package_identification[0m [1;30mLevel 1[0m _identify(src/ps4) by extensions ['ignore', 'ignore_ament_install']
[0.949s] [34mcolcon.colcon_core.package_identification[0m [1;30mLevel 1[0m _identify(src/ps4) by extension 'ignore'
[0.949s] [34mcolcon.colcon_core.package_identification[0m [1;30mLevel 1[0m _identify(src/ps4) by extension 'ignore_ament_install'
[0.949s] [34mcolcon.colcon_core.package_identification[0m [1;30mLevel 1[0m _identify(src/ps4) by extensions ['colcon_pkg']
[0.949s] [34mcolcon.colcon_core.package_identification[0m [1;30mLevel 1[0m _identify(src/ps4) by extension 'colcon_pkg'
[0.950s] [34mcolcon.colcon_core.package_identification[0m [1;30mLevel 1[0m _identify(src/ps4) by extensions ['colcon_meta']
[0.950s] [34mcolcon.colcon_core.package_identification[0m [1;30mLevel 1[0m _identify(src/ps4) by extension 'colcon_meta'
[0.950s] [34mcolcon.colcon_core.package_identification[0m [1;30mLevel 1[0m _identify(src/ps4) by extensions ['ros']
[0.950s] [34mcolcon.colcon_core.package_identification[0m [1;30mLevel 1[0m _identify(src/ps4) by extension 'ros'
[0.952s] [34mcolcon.colcon_core.package_identification[0m [1;30mDEBUG[0m [32mPackage 'src/ps4' with type 'ros.ament_python' and name 'ps4'[0m
[0.953s] [34mcolcon.colcon_core.package_identification[0m [1;30mLevel 1[0m _identify(src/r2_auto) by extensions ['ignore', 'ignore_ament_install']
[0.953s] [34mcolcon.colcon_core.package_identification[0m [1;30mLevel 1[0m _identify(src/r2_auto) by extension 'ignore'
[0.954s] [34mcolcon.colcon_core.package_identification[0m [1;30mLevel 1[0m _identify(src/r2_auto) by extension 'ignore_ament_install'
[0.954s] [34mcolcon.colcon_core.package_identification[0m [1;30mLevel 1[0m _identify(src/r2_auto) by extensions ['colcon_pkg']
[0.954s] [34mcolcon.colcon_core.package_identification[0m [1;30mLevel 1[0m _identify(src/r2_auto) by extension 'colcon_pkg'
[0.954s] [34mcolcon.colcon_core.package_identification[0m [1;30mLevel 1[0m _identify(src/r2_auto) by extensions ['colcon_meta']
[0.954s] [34mcolcon.colcon_core.package_identification[0m [1;30mLevel 1[0m _identify(src/r2_auto) by extension 'colcon_meta'
[0.955s] [34mcolcon.colcon_core.package_identification[0m [1;30mLevel 1[0m _identify(src/r2_auto) by extensions ['ros']
[0.955s] [34mcolcon.colcon_core.package_identification[0m [1;30mLevel 1[0m _identify(src/r2_auto) by extension 'ros'
[0.957s] [34mcolcon.colcon_core.package_identification[0m [1;30mDEBUG[0m [32mPackage 'src/r2_auto' with type 'ros.ament_python' and name 'r2_auto'[0m
[0.958s] [34mcolcon.colcon_core.package_identification[0m [1;30mLevel 1[0m _identify(src/sensor) by extensions ['ignore', 'ignore_ament_install']
[0.958s] [34mcolcon.colcon_core.package_identification[0m [1;30mLevel 1[0m _identify(src/sensor) by extension 'ignore'
[0.958s] [34mcolcon.colcon_core.package_identification[0m [1;30mLevel 1[0m _identify(src/sensor) by extension 'ignore_ament_install'
[0.958s] [34mcolcon.colcon_core.package_identification[0m [1;30mLevel 1[0m _identify(src/sensor) by extensions ['colcon_pkg']
[0.959s] [34mcolcon.colcon_core.package_identification[0m [1;30mLevel 1[0m _identify(src/sensor) by extension 'colcon_pkg'
[0.959s] [34mcolcon.colcon_core.package_identification[0m [1;30mLevel 1[0m _identify(src/sensor) by extensions ['colcon_meta']
[0.959s] [34mcolcon.colcon_core.package_identification[0m [1;30mLevel 1[0m _identify(src/sensor) by extension 'colcon_meta'
[0.959s] [34mcolcon.colcon_core.package_identification[0m [1;30mLevel 1[0m _identify(src/sensor) by extensions ['ros']
[0.959s] [34mcolcon.colcon_core.package_identification[0m [1;30mLevel 1[0m _identify(src/sensor) by extension 'ros'
[0.962s] [34mcolcon.colcon_core.package_identification[0m [1;30mDEBUG[0m [32mPackage 'src/sensor' with type 'ros.ament_python' and name 'sensor'[0m
[0.962s] [34mcolcon.colcon_core.package_discovery[0m [1;30mLevel 1[0m discover_packages(recursive) using defaults
[0.963s] [34mcolcon.colcon_core.package_discovery[0m [1;30mLevel 1[0m discover_packages(ignore) discover
[0.963s] [34mcolcon.colcon_core.package_discovery[0m [1;30mLevel 1[0m discover_packages(ignore) using defaults
[0.963s] [34mcolcon.colcon_core.package_discovery[0m [1;30mLevel 1[0m discover_packages(path) discover
[0.963s] [34mcolcon.colcon_core.package_discovery[0m [1;30mLevel 1[0m discover_packages(path) using defaults
[1.039s] [34mcolcon.colcon_core.package_selection[0m [1;30mINFO[0m Skipping not selected package 'auto' in 'src/auto'
[1.039s] [34mcolcon.colcon_core.package_selection[0m [1;30mINFO[0m Skipping not selected package 'motor_control_package' in 'src/motor_control_package'
[1.040s] [34mcolcon.colcon_core.package_selection[0m [1;30mINFO[0m Skipping not selected package 'ps4' in 'src/ps4'
[1.040s] [34mcolcon.colcon_core.package_selection[0m [1;30mINFO[0m Skipping not selected package 'r2_auto' in 'src/r2_auto'
[1.040s] [34mcolcon.colcon_core.package_selection[0m [1;30mINFO[0m Skipping not selected package 'sensor' in 'src/sensor'
[1.042s] [34mcolcon.colcon_core.package_discovery[0m [1;30mLevel 1[0m discover_packages(prefix_path) check parameters
[1.042s] [34mcolcon.colcon_core.package_discovery[0m [1;30mLevel 1[0m discover_packages(prefix_path) discover
[1.053s] [34mcolcon.colcon_installed_package_information.package_discovery[0m [1;30mDEBUG[0m [32mFound 8 installed packages in /home/eduhkrobotic2/r2_ros/install[0m
[1.063s] [34mcolcon.colcon_installed_package_information.package_discovery[0m [1;30mDEBUG[0m [32mFound 278 installed packages in /opt/ros/humble[0m
[1.074s] [34mcolcon.colcon_core.package_discovery[0m [1;30mLevel 1[0m discover_packages(prefix_path) using defaults
[1.258s] [34mcolcon.colcon_core.verb[0m [1;30mLevel 5[0m set package 'navigation' build argument 'cmake_args' from command line to 'None'
[1.259s] [34mcolcon.colcon_core.verb[0m [1;30mLevel 5[0m set package 'navigation' build argument 'cmake_target' from command line to 'None'
[1.259s] [34mcolcon.colcon_core.verb[0m [1;30mLevel 5[0m set package 'navigation' build argument 'cmake_target_skip_unavailable' from command line to 'False'
[1.259s] [34mcolcon.colcon_core.verb[0m [1;30mLevel 5[0m set package 'navigation' build argument 'cmake_clean_cache' from command line to 'False'
[1.259s] [34mcolcon.colcon_core.verb[0m [1;30mLevel 5[0m set package 'navigation' build argument 'cmake_clean_first' from command line to 'False'
[1.259s] [34mcolcon.colcon_core.verb[0m [1;30mLevel 5[0m set package 'navigation' build argument 'cmake_force_configure' from command line to 'False'
[1.259s] [34mcolcon.colcon_core.verb[0m [1;30mLevel 5[0m set package 'navigation' build argument 'ament_cmake_args' from command line to 'None'
[1.260s] [34mcolcon.colcon_core.verb[0m [1;30mLevel 5[0m set package 'navigation' build argument 'catkin_cmake_args' from command line to 'None'
[1.260s] [34mcolcon.colcon_core.verb[0m [1;30mLevel 5[0m set package 'navigation' build argument 'catkin_skip_building_tests' from command line to 'False'
[1.260s] [34mcolcon.colcon_core.verb[0m [1;30mDEBUG[0m [32mBuilding package 'navigation' with the following arguments: {'ament_cmake_args': None, 'build_base': '/home/eduhkrobotic2/r2_ros/build/navigation', 'catkin_cmake_args': None, 'catkin_skip_building_tests': False, 'cmake_args': None, 'cmake_clean_cache': False, 'cmake_clean_first': False, 'cmake_force_configure': False, 'cmake_target': None, 'cmake_target_skip_unavailable': False, 'install_base': '/home/eduhkrobotic2/r2_ros/install/navigation', 'merge_install': False, 'path': '/home/eduhkrobotic2/r2_ros/src/navigation', 'symlink_install': False, 'test_result_base': None}[0m
[1.261s] [34mcolcon.colcon_core.executor[0m [1;30mINFO[0m Executing jobs using 'parallel' executor
[1.265s] [34mcolcon.colcon_parallel_executor.executor.parallel[0m [1;30mDEBUG[0m [32mrun_until_complete[0m
[1.266s] [34mcolcon.colcon_ros.task.ament_python.build[0m [1;30mINFO[0m Building ROS package in '/home/eduhkrobotic2/r2_ros/src/navigation' with build type 'ament_python'
[1.267s] [34mcolcon.colcon_core.shell[0m [1;30mLevel 1[0m create_environment_hook('navigation', 'ament_prefix_path')
[1.277s] [34mcolcon.colcon_core.plugin_system[0m [1;30mINFO[0m Skipping extension 'colcon_core.shell.bat': Not used on non-Windows systems
[1.278s] [34mcolcon.colcon_core.shell[0m [1;30mINFO[0m Creating environment hook '/home/eduhkrobotic2/r2_ros/install/navigation/share/navigation/hook/ament_prefix_path.ps1'
[1.281s] [34mcolcon.colcon_core.shell[0m [1;30mINFO[0m Creating environment descriptor '/home/eduhkrobotic2/r2_ros/install/navigation/share/navigation/hook/ament_prefix_path.dsv'
[1.284s] [34mcolcon.colcon_core.shell[0m [1;30mINFO[0m Creating environment hook '/home/eduhkrobotic2/r2_ros/install/navigation/share/navigation/hook/ament_prefix_path.sh'
[1.287s] [34mcolcon.colcon_core.shell[0m [1;30mINFO[0m Skip shell extension 'powershell' for command environment: Not usable outside of PowerShell
[1.288s] [34mcolcon.colcon_core.shell[0m [1;30mDEBUG[0m [32mSkip shell extension 'dsv' for command environment[0m
[2.613s] [34mcolcon.colcon_core.task.python.build[0m [1;30mINFO[0m Building Python package in '/home/eduhkrobotic2/r2_ros/src/navigation'
[2.614s] [34mcolcon.colcon_core.shell[0m [1;30mINFO[0m Skip shell extension 'powershell' for command environment: Not usable outside of PowerShell
[2.615s] [34mcolcon.colcon_core.shell[0m [1;30mDEBUG[0m [32mSkip shell extension 'dsv' for command environment[0m
[6.130s] [34mcolcon.colcon_core.event_handler.log_command[0m [1;30mDEBUG[0m [32mInvoking command in '/home/eduhkrobotic2/r2_ros/src/navigation': PYTHONPATH=/home/eduhkrobotic2/r2_ros/build/navigation/prefix_override:/home/eduhkrobotic2/r2_ros/install/navigation/lib/python3.10/site-packages:${PYTHONPATH} /usr/bin/python3 -W ignore:setup.py install is deprecated setup.py egg_info --egg-base ../../build/navigation build --build-base /home/eduhkrobotic2/r2_ros/build/navigation/build install --record /home/eduhkrobotic2/r2_ros/build/navigation/install.log --single-version-externally-managed install_data[0m
[9.646s] [34mcolcon.colcon_core.event_handler.log_command[0m [1;30mDEBUG[0m [32mInvoked command in '/home/eduhkrobotic2/r2_ros/src/navigation' returned '0': PYTHONPATH=/home/eduhkrobotic2/r2_ros/build/navigation/prefix_override:/home/eduhkrobotic2/r2_ros/install/navigation/lib/python3.10/site-packages:${PYTHONPATH} /usr/bin/python3 -W ignore:setup.py install is deprecated setup.py egg_info --egg-base ../../build/navigation build --build-base /home/eduhkrobotic2/r2_ros/build/navigation/build install --record /home/eduhkrobotic2/r2_ros/build/navigation/install.log --single-version-externally-managed install_data[0m
[9.657s] [34mcolcon.colcon_core.environment[0m [1;30mLevel 1[0m checking '/home/eduhkrobotic2/r2_ros/install/navigation' for CMake module files
[9.659s] [34mcolcon.colcon_core.environment[0m [1;30mLevel 1[0m checking '/home/eduhkrobotic2/r2_ros/install/navigation' for CMake config files
[9.663s] [34mcolcon.colcon_core.environment[0m [1;30mLevel 1[0m checking '/home/eduhkrobotic2/r2_ros/install/navigation/lib'
[9.664s] [34mcolcon.colcon_core.environment[0m [1;30mLevel 1[0m checking '/home/eduhkrobotic2/r2_ros/install/navigation/bin'
[9.665s] [34mcolcon.colcon_core.environment[0m [1;30mLevel 1[0m checking '/home/eduhkrobotic2/r2_ros/install/navigation/lib/pkgconfig/navigation.pc'
[9.667s] [34mcolcon.colcon_core.environment[0m [1;30mLevel 1[0m checking '/home/eduhkrobotic2/r2_ros/install/navigation/lib/python3.10/site-packages'
[9.667s] [34mcolcon.colcon_core.shell[0m [1;30mLevel 1[0m create_environment_hook('navigation', 'pythonpath')
[9.668s] [34mcolcon.colcon_core.shell[0m [1;30mINFO[0m Creating environment hook '/home/eduhkrobotic2/r2_ros/install/navigation/share/navigation/hook/pythonpath.ps1'
[9.671s] [34mcolcon.colcon_core.shell[0m [1;30mINFO[0m Creating environment descriptor '/home/eduhkrobotic2/r2_ros/install/navigation/share/navigation/hook/pythonpath.dsv'
[9.673s] [34mcolcon.colcon_core.shell[0m [1;30mINFO[0m Creating environment hook '/home/eduhkrobotic2/r2_ros/install/navigation/share/navigation/hook/pythonpath.sh'
[9.676s] [34mcolcon.colcon_core.environment[0m [1;30mLevel 1[0m checking '/home/eduhkrobotic2/r2_ros/install/navigation/bin'
[9.677s] [34mcolcon.colcon_core.environment[0m [1;30mLevel 1[0m create_environment_scripts_only(navigation)
[9.678s] [34mcolcon.colcon_core.shell[0m [1;30mINFO[0m Creating package script '/home/eduhkrobotic2/r2_ros/install/navigation/share/navigation/package.ps1'
[9.682s] [34mcolcon.colcon_core.shell[0m [1;30mINFO[0m Creating package descriptor '/home/eduhkrobotic2/r2_ros/install/navigation/share/navigation/package.dsv'
[9.685s] [34mcolcon.colcon_core.shell[0m [1;30mINFO[0m Creating package script '/home/eduhkrobotic2/r2_ros/install/navigation/share/navigation/package.sh'
[9.688s] [34mcolcon.colcon_core.shell[0m [1;30mINFO[0m Creating package script '/home/eduhkrobotic2/r2_ros/install/navigation/share/navigation/package.bash'
[9.691s] [34mcolcon.colcon_core.shell[0m [1;30mINFO[0m Creating package script '/home/eduhkrobotic2/r2_ros/install/navigation/share/navigation/package.zsh'
[9.695s] [34mcolcon.colcon_core.environment[0m [1;30mLevel 1[0m create_file_with_runtime_dependencies(/home/eduhkrobotic2/r2_ros/install/navigation/share/colcon-core/packages/navigation)
[9.696s] [34mcolcon.colcon_parallel_executor.executor.parallel[0m [1;30mDEBUG[0m [32mclosing loop[0m
[9.698s] [34mcolcon.colcon_parallel_executor.executor.parallel[0m [1;30mDEBUG[0m [32mloop closed[0m
[9.699s] [34mcolcon.colcon_parallel_executor.executor.parallel[0m [1;30mDEBUG[0m [32mrun_until_complete finished with '0'[0m
[9.699s] [34mcolcon.colcon_core.event_reactor[0m [1;30mDEBUG[0m [32mjoining thread[0m
[9.786s] [34mcolcon.colcon_core.plugin_system[0m [1;30mINFO[0m Skipping extension 'colcon_notification.desktop_notification.terminal_notifier': Not used on non-Darwin systems
[9.787s] [34mcolcon.colcon_core.plugin_system[0m [1;30mINFO[0m Skipping extension 'colcon_notification.desktop_notification.win32': Not used on non-Windows systems
[9.787s] [34mcolcon.colcon_notification.desktop_notification[0m [1;30mINFO[0m Sending desktop notification using 'notify2'
[9.848s] [34mcolcon.colcon_core.event_reactor[0m [1;30mDEBUG[0m [32mjoined thread[0m
[9.850s] [34mcolcon.colcon_core.shell[0m [1;30mINFO[0m Creating prefix script '/home/eduhkrobotic2/r2_ros/install/local_setup.ps1'
[9.854s] [34mcolcon.colcon_core.shell[0m [1;30mINFO[0m Creating prefix util module '/home/eduhkrobotic2/r2_ros/install/_local_setup_util_ps1.py'
[9.863s] [34mcolcon.colcon_core.shell[0m [1;30mINFO[0m Creating prefix chain script '/home/eduhkrobotic2/r2_ros/install/setup.ps1'
[9.871s] [34mcolcon.colcon_core.shell[0m [1;30mINFO[0m Creating prefix script '/home/eduhkrobotic2/r2_ros/install/local_setup.sh'
[9.874s] [34mcolcon.colcon_core.shell[0m [1;30mINFO[0m Creating prefix util module '/home/eduhkrobotic2/r2_ros/install/_local_setup_util_sh.py'
[9.880s] [34mcolcon.colcon_core.shell[0m [1;30mINFO[0m Creating prefix chain script '/home/eduhkrobotic2/r2_ros/install/setup.sh'
[9.890s] [34mcolcon.colcon_core.shell[0m [1;30mINFO[0m Creating prefix script '/home/eduhkrobotic2/r2_ros/install/local_setup.bash'
[9.896s] [34mcolcon.colcon_core.shell[0m [1;30mINFO[0m Creating prefix chain script '/home/eduhkrobotic2/r2_ros/install/setup.bash'
[9.906s] [34mcolcon.colcon_core.shell[0m [1;30mINFO[0m Creating prefix script '/home/eduhkrobotic2/r2_ros/install/local_setup.zsh'
[9.910s] [34mcolcon.colcon_core.shell[0m [1;30mINFO[0m Creating prefix chain script '/home/eduhkrobotic2/r2_ros/install/setup.zsh'
