[5.554s] Invoking command in '/home/eduhkrobotic2/r2_ros/src/navigation': PYTHONPATH=/home/eduhkrobotic2/r2_ros/build/navigation/prefix_override:/home/eduhkrobotic2/r2_ros/install/navigation/lib/python3.10/site-packages:${PYTHONPATH} /usr/bin/python3 -W ignore:setup.py install is deprecated setup.py egg_info --egg-base ../../build/navigation build --build-base /home/eduhkrobotic2/r2_ros/build/navigation/build install --record /home/eduhkrobotic2/r2_ros/build/navigation/install.log --single-version-externally-managed install_data
[7.056s] running egg_info
[7.159s] writing ../../build/navigation/navigation.egg-info/PKG-INFO
[7.161s] writing dependency_links to ../../build/navigation/navigation.egg-info/dependency_links.txt
[7.164s] writing entry points to ../../build/navigation/navigation.egg-info/entry_points.txt
[7.164s] writing requirements to ../../build/navigation/navigation.egg-info/requires.txt
[7.165s] writing top-level names to ../../build/navigation/navigation.egg-info/top_level.txt
[7.372s] reading manifest file '../../build/navigation/navigation.egg-info/SOURCES.txt'
[7.375s] writing manifest file '../../build/navigation/navigation.egg-info/SOURCES.txt'
[7.376s] running build
[7.377s] running build_py
[7.378s] copying navigation/omni_pid.py -> /home/eduhkrobotic2/r2_ros/build/navigation/build/lib/navigation
[7.380s] copying navigation/__init__.py -> /home/eduhkrobotic2/r2_ros/build/navigation/build/lib/navigation
[7.381s] copying navigation/navigation_node.py -> /home/eduhkrobotic2/r2_ros/build/navigation/build/lib/navigation
[7.383s] running install
[7.409s] running install_lib
[7.512s] copying /home/eduhkrobotic2/r2_ros/build/navigation/build/lib/navigation/omni_pid.py -> /home/eduhkrobotic2/r2_ros/install/navigation/lib/python3.10/site-packages/navigation
[7.517s] byte-compiling /home/eduhkrobotic2/r2_ros/install/navigation/lib/python3.10/site-packages/navigation/omni_pid.py to omni_pid.cpython-310.pyc
[7.524s] running install_data
[7.525s] copying resource/navigation -> /home/eduhkrobotic2/r2_ros/install/navigation/share/ament_index/resource_index/packages
[7.525s] running install_egg_info
[7.641s] removing '/home/eduhkrobotic2/r2_ros/install/navigation/lib/python3.10/site-packages/navigation-0.0.0-py3.10.egg-info' (and everything under it)
[7.644s] Copying ../../build/navigation/navigation.egg-info to /home/eduhkrobotic2/r2_ros/install/navigation/lib/python3.10/site-packages/navigation-0.0.0-py3.10.egg-info
[7.651s] running install_scripts
[8.602s] Installing movement_control script to /home/eduhkrobotic2/r2_ros/install/navigation/lib/navigation
[8.603s] Installing navigation_node script to /home/eduhkrobotic2/r2_ros/install/navigation/lib/navigation
[8.604s] Installing omni_pid script to /home/eduhkrobotic2/r2_ros/install/navigation/lib/navigation
[8.606s] writing list of installed files to '/home/eduhkrobotic2/r2_ros/build/navigation/install.log'
[8.768s] Invoked command in '/home/eduhkrobotic2/r2_ros/src/navigation' returned '0': PYTHONPATH=/home/eduhkrobotic2/r2_ros/build/navigation/prefix_override:/home/eduhkrobotic2/r2_ros/install/navigation/lib/python3.10/site-packages:${PYTHONPATH} /usr/bin/python3 -W ignore:setup.py install is deprecated setup.py egg_info --egg-base ../../build/navigation build --build-base /home/eduhkrobotic2/r2_ros/build/navigation/build install --record /home/eduhkrobotic2/r2_ros/build/navigation/install.log --single-version-externally-managed install_data
