[6.011s] Invoking command in '/home/eduhkrobotic2/r2_ros/src/navigation': PYTHONPATH=/home/eduhkrobotic2/r2_ros/build/navigation/prefix_override:/home/eduhkrobotic2/r2_ros/install/navigation/lib/python3.10/site-packages:${PYTHONPATH} /usr/bin/python3 -W ignore:setup.py install is deprecated setup.py egg_info --egg-base ../../build/navigation build --build-base /home/eduhkrobotic2/r2_ros/build/navigation/build install --record /home/eduhkrobotic2/r2_ros/build/navigation/install.log --single-version-externally-managed install_data
[7.700s] running egg_info
[7.705s] writing ../../build/navigation/navigation.egg-info/PKG-INFO
[7.707s] writing dependency_links to ../../build/navigation/navigation.egg-info/dependency_links.txt
[7.709s] writing entry points to ../../build/navigation/navigation.egg-info/entry_points.txt
[7.710s] writing requirements to ../../build/navigation/navigation.egg-info/requires.txt
[7.711s] writing top-level names to ../../build/navigation/navigation.egg-info/top_level.txt
[7.721s] reading manifest file '../../build/navigation/navigation.egg-info/SOURCES.txt'
[7.726s] writing manifest file '../../build/navigation/navigation.egg-info/SOURCES.txt'
[7.727s] running build
[7.728s] running build_py
[7.730s] running install
[7.732s] running install_lib
[7.740s] running install_data
[7.742s] running install_egg_info
[7.751s] removing '/home/eduhkrobotic2/r2_ros/install/navigation/lib/python3.10/site-packages/navigation-0.0.0-py3.10.egg-info' (and everything under it)
[7.754s] Copying ../../build/navigation/navigation.egg-info to /home/eduhkrobotic2/r2_ros/install/navigation/lib/python3.10/site-packages/navigation-0.0.0-py3.10.egg-info
[7.763s] running install_scripts
[7.868s] Installing navigation_node script to /home/eduhkrobotic2/r2_ros/install/navigation/lib/navigation
[7.869s] Installing omni_pid script to /home/eduhkrobotic2/r2_ros/install/navigation/lib/navigation
[7.872s] writing list of installed files to '/home/eduhkrobotic2/r2_ros/build/navigation/install.log'
[8.131s] Invoked command in '/home/eduhkrobotic2/r2_ros/src/navigation' returned '0': PYTHONPATH=/home/eduhkrobotic2/r2_ros/build/navigation/prefix_override:/home/eduhkrobotic2/r2_ros/install/navigation/lib/python3.10/site-packages:${PYTHONPATH} /usr/bin/python3 -W ignore:setup.py install is deprecated setup.py egg_info --egg-base ../../build/navigation build --build-base /home/eduhkrobotic2/r2_ros/build/navigation/build install --record /home/eduhkrobotic2/r2_ros/build/navigation/install.log --single-version-externally-managed install_data
