[4.832s] Invoking command in '/home/eduhkrobotic2/r2_ros/src/sensor': PYTHONPATH=/home/eduhkrobotic2/r2_ros/build/sensor/prefix_override:/home/eduhkrobotic2/r2_ros/install/sensor/lib/python3.10/site-packages:${PYTHONPATH} /usr/bin/python3 -W ignore:setup.py install is deprecated setup.py egg_info --egg-base ../../build/sensor build --build-base /home/eduhkrobotic2/r2_ros/build/sensor/build install --record /home/eduhkrobotic2/r2_ros/build/sensor/install.log --single-version-externally-managed install_data
[6.181s] running egg_info
[6.273s] writing ../../build/sensor/sensor.egg-info/PKG-INFO
[6.277s] writing dependency_links to ../../build/sensor/sensor.egg-info/dependency_links.txt
[6.279s] writing entry points to ../../build/sensor/sensor.egg-info/entry_points.txt
[6.280s] writing requirements to ../../build/sensor/sensor.egg-info/requires.txt
[6.281s] writing top-level names to ../../build/sensor/sensor.egg-info/top_level.txt
[6.465s] reading manifest file '../../build/sensor/sensor.egg-info/SOURCES.txt'
[6.470s] writing manifest file '../../build/sensor/sensor.egg-info/SOURCES.txt'
[6.471s] running build
[6.472s] running build_py
[6.474s] copying sensor/__init__.py -> /home/eduhkrobotic2/r2_ros/build/sensor/build/lib/sensor
[6.476s] copying sensor/stp32l.py -> /home/eduhkrobotic2/r2_ros/build/sensor/build/lib/sensor
[6.478s] copying sensor/sensor_publisher.py -> /home/eduhkrobotic2/r2_ros/build/sensor/build/lib/sensor
[6.480s] copying sensor/sensor_publisher.py -> /home/eduhkrobotic2/r2_ros/build/sensor/build/lib/sensor
[6.482s] copying sensor/__init__.py -> /home/eduhkrobotic2/r2_ros/build/sensor/build/lib/sensor
[6.484s] running install
[6.506s] running install_lib
[6.599s] copying /home/eduhkrobotic2/r2_ros/build/sensor/build/lib/sensor/stp32l.py -> /home/eduhkrobotic2/r2_ros/install/sensor/lib/python3.10/site-packages/sensor
[6.603s] byte-compiling /home/eduhkrobotic2/r2_ros/install/sensor/lib/python3.10/site-packages/sensor/stp32l.py to stp32l.cpython-310.pyc
[6.608s] running install_data
[6.608s] copying resource/sensor -> /home/eduhkrobotic2/r2_ros/install/sensor/share/ament_index/resource_index/packages
[6.609s] running install_egg_info
[6.708s] removing '/home/eduhkrobotic2/r2_ros/install/sensor/lib/python3.10/site-packages/sensor-0.0.0-py3.10.egg-info' (and everything under it)
[6.710s] Copying ../../build/sensor/sensor.egg-info to /home/eduhkrobotic2/r2_ros/install/sensor/lib/python3.10/site-packages/sensor-0.0.0-py3.10.egg-info
[6.716s] running install_scripts
[7.567s] Installing gyrosensor script to /home/eduhkrobotic2/r2_ros/install/sensor/lib/sensor
[7.568s] Installing sensor_publisher script to /home/eduhkrobotic2/r2_ros/install/sensor/lib/sensor
[7.569s] Installing stp32l script to /home/eduhkrobotic2/r2_ros/install/sensor/lib/sensor
[7.571s] writing list of installed files to '/home/eduhkrobotic2/r2_ros/build/sensor/install.log'
[7.724s] Invoked command in '/home/eduhkrobotic2/r2_ros/src/sensor' returned '0': PYTHONPATH=/home/eduhkrobotic2/r2_ros/build/sensor/prefix_override:/home/eduhkrobotic2/r2_ros/install/sensor/lib/python3.10/site-packages:${PYTHONPATH} /usr/bin/python3 -W ignore:setup.py install is deprecated setup.py egg_info --egg-base ../../build/sensor build --build-base /home/eduhkrobotic2/r2_ros/build/sensor/build install --record /home/eduhkrobotic2/r2_ros/build/sensor/install.log --single-version-externally-managed install_data
