[3.014s] Invoking command in '/home/eduhkrobotic2/r2_ros/src/navigation': PYTHONPATH=/home/eduhkrobotic2/r2_ros/build/navigation/prefix_override:/home/eduhkrobotic2/r2_ros/install/navigation/lib/python3.10/site-packages:${PYTHONPATH} /usr/bin/python3 -W ignore:setup.py install is deprecated setup.py egg_info --egg-base ../../build/navigation build --build-base /home/eduhkrobotic2/r2_ros/build/navigation/build install --record /home/eduhkrobotic2/r2_ros/build/navigation/install.log --single-version-externally-managed install_data
[4.208s] running egg_info
[4.212s] writing ../../build/navigation/navigation.egg-info/PKG-INFO
[4.213s] writing dependency_links to ../../build/navigation/navigation.egg-info/dependency_links.txt
[4.214s] writing entry points to ../../build/navigation/navigation.egg-info/entry_points.txt
[4.214s] writing requirements to ../../build/navigation/navigation.egg-info/requires.txt
[4.215s] writing top-level names to ../../build/navigation/navigation.egg-info/top_level.txt
[4.223s] reading manifest file '../../build/navigation/navigation.egg-info/SOURCES.txt'
[4.227s] writing manifest file '../../build/navigation/navigation.egg-info/SOURCES.txt'
[4.227s] running build
[4.228s] running build_py
[4.229s] copying navigation/navigation_node.py -> /home/eduhkrobotic2/r2_ros/build/navigation/build/lib/navigation
[4.230s] running install
[4.231s] running install_lib
[4.235s] copying /home/eduhkrobotic2/r2_ros/build/navigation/build/lib/navigation/navigation_node.py -> /home/eduhkrobotic2/r2_ros/install/navigation/lib/python3.10/site-packages/navigation
[4.238s] byte-compiling /home/eduhkrobotic2/r2_ros/install/navigation/lib/python3.10/site-packages/navigation/navigation_node.py to navigation_node.cpython-310.pyc
[4.241s] running install_data
[4.242s] running install_egg_info
[4.249s] removing '/home/eduhkrobotic2/r2_ros/install/navigation/lib/python3.10/site-packages/navigation-0.0.0-py3.10.egg-info' (and everything under it)
[4.250s] Copying ../../build/navigation/navigation.egg-info to /home/eduhkrobotic2/r2_ros/install/navigation/lib/python3.10/site-packages/navigation-0.0.0-py3.10.egg-info
[4.256s] running install_scripts
[4.333s] Installing navigation_node script to /home/eduhkrobotic2/r2_ros/install/navigation/lib/navigation
[4.335s] writing list of installed files to '/home/eduhkrobotic2/r2_ros/build/navigation/install.log'
[4.469s] Invoked command in '/home/eduhkrobotic2/r2_ros/src/navigation' returned '0': PYTHONPATH=/home/eduhkrobotic2/r2_ros/build/navigation/prefix_override:/home/eduhkrobotic2/r2_ros/install/navigation/lib/python3.10/site-packages:${PYTHONPATH} /usr/bin/python3 -W ignore:setup.py install is deprecated setup.py egg_info --egg-base ../../build/navigation build --build-base /home/eduhkrobotic2/r2_ros/build/navigation/build install --record /home/eduhkrobotic2/r2_ros/build/navigation/install.log --single-version-externally-managed install_data
