[13.076s] Invoking command in '/home/eduhkrobotic2/r2_ros/build/motor_control_package': PYTHONPATH=/home/eduhkrobotic2/r2_ros/build/motor_control_package/prefix_override:/home/eduhkrobotic2/r2_ros/install/motor_control_package/lib/python3.10/site-packages:${PYTHONPATH} /usr/bin/python3 -W ignore:setup.py install is deprecated setup.py develop --editable --build-directory /home/eduhkrobotic2/r2_ros/build/motor_control_package/build --no-deps symlink_data --force
[16.734s] running develop
[16.737s] /home/eduhkrobotic2/.local/lib/python3.10/site-packages/setuptools/command/develop.py:40: EasyInstallDeprecationWarning: easy_install command is deprecated.
[16.737s] !!
[16.738s] 
[16.739s]         ********************************************************************************
[16.740s]         Please avoid running ``setup.py`` and ``easy_install``.
[16.740s]         Instead, use pypa/build, pypa/installer or other
[16.741s]         standards-based tools.
[16.742s] 
[16.742s]         See https://github.com/pypa/setuptools/issues/917 for details.
[16.743s]         ********************************************************************************
[16.743s] 
[16.744s] !!
[16.744s]   easy_install.initialize_options(self)
[19.597s] running egg_info
[19.822s] writing motor_control_package.egg-info/PKG-INFO
[19.827s] writing dependency_links to motor_control_package.egg-info/dependency_links.txt
[19.834s] writing entry points to motor_control_package.egg-info/entry_points.txt
[19.837s] writing requirements to motor_control_package.egg-info/requires.txt
[19.839s] writing top-level names to motor_control_package.egg-info/top_level.txt
[20.612s] reading manifest file 'motor_control_package.egg-info/SOURCES.txt'
[20.641s] writing manifest file 'motor_control_package.egg-info/SOURCES.txt'
[21.120s] running build_ext
[21.123s] Creating /home/eduhkrobotic2/r2_ros/install/motor_control_package/lib/python3.10/site-packages/motor-control-package.egg-link (link to .)
[21.128s] Installing motor_control_publisher script to /home/eduhkrobotic2/r2_ros/install/motor_control_package/lib/motor_control_package
[21.130s] Installing motor_control_subscriber script to /home/eduhkrobotic2/r2_ros/install/motor_control_package/lib/motor_control_package
[21.132s] Installing motor_data_reader script to /home/eduhkrobotic2/r2_ros/install/motor_control_package/lib/motor_control_package
[21.134s] 
[21.136s] Installed /home/eduhkrobotic2/r2_ros/build/motor_control_package
[21.137s] running symlink_data
[21.139s] symbolically linking /home/eduhkrobotic2/r2_ros/build/motor_control_package/resource/motor_control_package -> /home/eduhkrobotic2/r2_ros/install/motor_control_package/share/ament_index/resource_index/packages
[21.140s] symbolically linking /home/eduhkrobotic2/r2_ros/build/motor_control_package/package.xml -> /home/eduhkrobotic2/r2_ros/install/motor_control_package/share/motor_control_package
[23.236s] Invoked command in '/home/eduhkrobotic2/r2_ros/build/motor_control_package' returned '0': PYTHONPATH=/home/eduhkrobotic2/r2_ros/build/motor_control_package/prefix_override:/home/eduhkrobotic2/r2_ros/install/motor_control_package/lib/python3.10/site-packages:${PYTHONPATH} /usr/bin/python3 -W ignore:setup.py install is deprecated setup.py develop --editable --build-directory /home/eduhkrobotic2/r2_ros/build/motor_control_package/build --no-deps symlink_data --force
