[10.146s] Invoking command in '/home/eduhkrobotic2/r2_ros/build/navigation': PYTHONPATH=/home/eduhkrobotic2/r2_ros/build/navigation/prefix_override:/home/eduhkrobotic2/r2_ros/install/navigation/lib/python3.10/site-packages:${PYTHONPATH} /usr/bin/python3 -W ignore:setup.py install is deprecated setup.py develop --editable --build-directory /home/eduhkrobotic2/r2_ros/build/navigation/build --no-deps symlink_data
[14.073s] running develop
[14.074s] /home/eduhkrobotic2/.local/lib/python3.10/site-packages/setuptools/command/develop.py:40: EasyInstallDeprecationWarning: easy_install command is deprecated.
[14.075s] !!
[14.075s] 
[14.076s]         ********************************************************************************
[14.077s]         Please avoid running ``setup.py`` and ``easy_install``.
[14.077s]         Instead, use pypa/build, pypa/installer or other
[14.078s]         standards-based tools.
[14.078s] 
[14.079s]         See https://github.com/pypa/setuptools/issues/917 for details.
[14.079s]         ********************************************************************************
[14.080s] 
[14.080s] !!
[14.081s]   easy_install.initialize_options(self)
[16.475s] running egg_info
[16.637s] writing navigation.egg-info/PKG-INFO
[16.640s] writing dependency_links to navigation.egg-info/dependency_links.txt
[16.641s] writing entry points to navigation.egg-info/entry_points.txt
[16.643s] writing requirements to navigation.egg-info/requires.txt
[16.644s] writing top-level names to navigation.egg-info/top_level.txt
[17.035s] reading manifest file 'navigation.egg-info/SOURCES.txt'
[17.041s] writing manifest file 'navigation.egg-info/SOURCES.txt'
[17.406s] running build_ext
[17.407s] Creating /home/eduhkrobotic2/r2_ros/install/navigation/lib/python3.10/site-packages/navigation.egg-link (link to .)
[17.411s] Installing navigation_node script to /home/eduhkrobotic2/r2_ros/install/navigation/lib/navigation
[17.413s] Installing omni_pid script to /home/eduhkrobotic2/r2_ros/install/navigation/lib/navigation
[17.415s] 
[17.416s] Installed /home/eduhkrobotic2/r2_ros/build/navigation
[17.417s] running symlink_data
[17.702s] Invoked command in '/home/eduhkrobotic2/r2_ros/build/navigation' returned '0': PYTHONPATH=/home/eduhkrobotic2/r2_ros/build/navigation/prefix_override:/home/eduhkrobotic2/r2_ros/install/navigation/lib/python3.10/site-packages:${PYTHONPATH} /usr/bin/python3 -W ignore:setup.py install is deprecated setup.py develop --editable --build-directory /home/eduhkrobotic2/r2_ros/build/navigation/build --no-deps symlink_data
