[2.900s] Invoking command in '/home/eduhkrobotic2/r2_ros/src/navigation': PYTHONPATH=/home/eduhkrobotic2/r2_ros/build/navigation/prefix_override:/home/eduhkrobotic2/r2_ros/install/navigation/lib/python3.10/site-packages:${PYTHONPATH} /usr/bin/python3 -W ignore:setup.py install is deprecated setup.py egg_info --egg-base ../../build/navigation build --build-base /home/eduhkrobotic2/r2_ros/build/navigation/build install --record /home/eduhkrobotic2/r2_ros/build/navigation/install.log --single-version-externally-managed install_data
[4.064s] running egg_info
[4.068s] writing ../../build/navigation/navigation.egg-info/PKG-INFO
[4.069s] writing dependency_links to ../../build/navigation/navigation.egg-info/dependency_links.txt
[4.070s] writing entry points to ../../build/navigation/navigation.egg-info/entry_points.txt
[4.071s] writing requirements to ../../build/navigation/navigation.egg-info/requires.txt
[4.072s] writing top-level names to ../../build/navigation/navigation.egg-info/top_level.txt
[4.079s] reading manifest file '../../build/navigation/navigation.egg-info/SOURCES.txt'
[4.083s] writing manifest file '../../build/navigation/navigation.egg-info/SOURCES.txt'
[4.083s] running build
[4.084s] running build_py
[4.085s] copying navigation/navigation_node.py -> /home/eduhkrobotic2/r2_ros/build/navigation/build/lib/navigation
[4.086s] running install
[4.087s] running install_lib
[4.090s] copying /home/eduhkrobotic2/r2_ros/build/navigation/build/lib/navigation/navigation_node.py -> /home/eduhkrobotic2/r2_ros/install/navigation/lib/python3.10/site-packages/navigation
[4.093s] byte-compiling /home/eduhkrobotic2/r2_ros/install/navigation/lib/python3.10/site-packages/navigation/navigation_node.py to navigation_node.cpython-310.pyc
[4.096s] running install_data
[4.097s] running install_egg_info
[4.104s] removing '/home/eduhkrobotic2/r2_ros/install/navigation/lib/python3.10/site-packages/navigation-0.0.0-py3.10.egg-info' (and everything under it)
[4.106s] Copying ../../build/navigation/navigation.egg-info to /home/eduhkrobotic2/r2_ros/install/navigation/lib/python3.10/site-packages/navigation-0.0.0-py3.10.egg-info
[4.111s] running install_scripts
[4.186s] Installing navigation_node script to /home/eduhkrobotic2/r2_ros/install/navigation/lib/navigation
[4.188s] writing list of installed files to '/home/eduhkrobotic2/r2_ros/build/navigation/install.log'
[4.317s] Invoked command in '/home/eduhkrobotic2/r2_ros/src/navigation' returned '0': PYTHONPATH=/home/eduhkrobotic2/r2_ros/build/navigation/prefix_override:/home/eduhkrobotic2/r2_ros/install/navigation/lib/python3.10/site-packages:${PYTHONPATH} /usr/bin/python3 -W ignore:setup.py install is deprecated setup.py egg_info --egg-base ../../build/navigation build --build-base /home/eduhkrobotic2/r2_ros/build/navigation/build install --record /home/eduhkrobotic2/r2_ros/build/navigation/install.log --single-version-externally-managed install_data
