[3.322s] Invoking command in '/home/eduhkrobotic2/r2_ros/src/motor_control_package': PYTHONPATH=/home/eduhkrobotic2/r2_ros/build/motor_control_package/prefix_override:/home/eduhkrobotic2/r2_ros/install/motor_control_package/lib/python3.10/site-packages:${PYTHONPATH} /usr/bin/python3 -W ignore:setup.py install is deprecated setup.py egg_info --egg-base ../../build/motor_control_package build --build-base /home/eduhkrobotic2/r2_ros/build/motor_control_package/build install --record /home/eduhkrobotic2/r2_ros/build/motor_control_package/install.log --single-version-externally-managed install_data
[4.536s] running egg_info
[4.539s] writing ../../build/motor_control_package/motor_control_package.egg-info/PKG-INFO
[4.541s] writing dependency_links to ../../build/motor_control_package/motor_control_package.egg-info/dependency_links.txt
[4.542s] writing entry points to ../../build/motor_control_package/motor_control_package.egg-info/entry_points.txt
[4.542s] writing requirements to ../../build/motor_control_package/motor_control_package.egg-info/requires.txt
[4.543s] writing top-level names to ../../build/motor_control_package/motor_control_package.egg-info/top_level.txt
[4.551s] reading manifest file '../../build/motor_control_package/motor_control_package.egg-info/SOURCES.txt'
[4.556s] writing manifest file '../../build/motor_control_package/motor_control_package.egg-info/SOURCES.txt'
[4.556s] running build
[4.556s] running build_py
[4.557s] copying motor_control_package/__init__.py -> /home/eduhkrobotic2/r2_ros/build/motor_control_package/build/lib/motor_control_package
[4.559s] running install
[4.560s] running install_lib
[4.565s] copying /home/eduhkrobotic2/r2_ros/build/motor_control_package/build/lib/motor_control_package/__init__.py -> /home/eduhkrobotic2/r2_ros/install/motor_control_package/lib/python3.10/site-packages/motor_control_package
[4.569s] byte-compiling /home/eduhkrobotic2/r2_ros/install/motor_control_package/lib/python3.10/site-packages/motor_control_package/__init__.py to __init__.cpython-310.pyc
[4.572s] running install_data
[4.573s] copying resource/motor_control_package -> /home/eduhkrobotic2/r2_ros/install/motor_control_package/share/ament_index/resource_index/packages
[4.573s] copying package.xml -> /home/eduhkrobotic2/r2_ros/install/motor_control_package/share/motor_control_package
[4.574s] running install_egg_info
[4.584s] removing '/home/eduhkrobotic2/r2_ros/install/motor_control_package/lib/python3.10/site-packages/motor_control_package-0.0.0-py3.10.egg-info' (and everything under it)
[4.587s] Copying ../../build/motor_control_package/motor_control_package.egg-info to /home/eduhkrobotic2/r2_ros/install/motor_control_package/lib/python3.10/site-packages/motor_control_package-0.0.0-py3.10.egg-info
[4.592s] running install_scripts
[4.672s] Installing motor_control_publisher script to /home/eduhkrobotic2/r2_ros/install/motor_control_package/lib/motor_control_package
[4.673s] Installing motor_control_subscriber script to /home/eduhkrobotic2/r2_ros/install/motor_control_package/lib/motor_control_package
[4.674s] Installing motor_data_reader script to /home/eduhkrobotic2/r2_ros/install/motor_control_package/lib/motor_control_package
[4.677s] writing list of installed files to '/home/eduhkrobotic2/r2_ros/build/motor_control_package/install.log'
[4.814s] Invoked command in '/home/eduhkrobotic2/r2_ros/src/motor_control_package' returned '0': PYTHONPATH=/home/eduhkrobotic2/r2_ros/build/motor_control_package/prefix_override:/home/eduhkrobotic2/r2_ros/install/motor_control_package/lib/python3.10/site-packages:${PYTHONPATH} /usr/bin/python3 -W ignore:setup.py install is deprecated setup.py egg_info --egg-base ../../build/motor_control_package build --build-base /home/eduhkrobotic2/r2_ros/build/motor_control_package/build install --record /home/eduhkrobotic2/r2_ros/build/motor_control_package/install.log --single-version-externally-managed install_data
