/home/eduhkrobotic2/r2_ros/install/arduino_comm/lib/python3.10/site-packages/arduino_comm/motor_data_subscriber.py
/home/eduhkrobotic2/r2_ros/install/arduino_comm/lib/python3.10/site-packages/arduino_comm/arduino_mega_m3508_comm_node.py
/home/eduhkrobotic2/r2_ros/install/arduino_comm/lib/python3.10/site-packages/arduino_comm/__init__.py
/home/eduhkrobotic2/r2_ros/install/arduino_comm/lib/python3.10/site-packages/arduino_comm/motor_control_publisher.py
/home/eduhkrobotic2/r2_ros/install/arduino_comm/lib/python3.10/site-packages/arduino_comm/__pycache__/motor_data_subscriber.cpython-310.pyc
/home/eduhkrobotic2/r2_ros/install/arduino_comm/lib/python3.10/site-packages/arduino_comm/__pycache__/arduino_mega_m3508_comm_node.cpython-310.pyc
/home/eduhkrobotic2/r2_ros/install/arduino_comm/lib/python3.10/site-packages/arduino_comm/__pycache__/__init__.cpython-310.pyc
/home/eduhkrobotic2/r2_ros/install/arduino_comm/lib/python3.10/site-packages/arduino_comm/__pycache__/motor_control_publisher.cpython-310.pyc
/home/eduhkrobotic2/r2_ros/install/arduino_comm/share/ament_index/resource_index/packages/arduino_comm
/home/eduhkrobotic2/r2_ros/install/arduino_comm/share/arduino_comm/package.xml
/home/eduhkrobotic2/r2_ros/install/arduino_comm/lib/python3.10/site-packages/arduino_comm-0.0.0-py3.10.egg-info/dependency_links.txt
/home/eduhkrobotic2/r2_ros/install/arduino_comm/lib/python3.10/site-packages/arduino_comm-0.0.0-py3.10.egg-info/top_level.txt
/home/eduhkrobotic2/r2_ros/install/arduino_comm/lib/python3.10/site-packages/arduino_comm-0.0.0-py3.10.egg-info/requires.txt
/home/eduhkrobotic2/r2_ros/install/arduino_comm/lib/python3.10/site-packages/arduino_comm-0.0.0-py3.10.egg-info/entry_points.txt
/home/eduhkrobotic2/r2_ros/install/arduino_comm/lib/python3.10/site-packages/arduino_comm-0.0.0-py3.10.egg-info/SOURCES.txt
/home/eduhkrobotic2/r2_ros/install/arduino_comm/lib/python3.10/site-packages/arduino_comm-0.0.0-py3.10.egg-info/zip-safe
/home/eduhkrobotic2/r2_ros/install/arduino_comm/lib/python3.10/site-packages/arduino_comm-0.0.0-py3.10.egg-info/PKG-INFO
/home/eduhkrobotic2/r2_ros/install/arduino_comm/lib/arduino_comm/arduino_mega_m3508_comm_node
/home/eduhkrobotic2/r2_ros/install/arduino_comm/lib/arduino_comm/motor_control_publisher
/home/eduhkrobotic2/r2_ros/install/arduino_comm/lib/arduino_comm/motor_data_subscriber
