[6.179s] Invoking command in '/home/eduhkrobotic2/r2_ros/src/navigation': PYTHONPATH=/home/eduhkrobotic2/r2_ros/build/navigation/prefix_override:/home/eduhkrobotic2/r2_ros/install/navigation/lib/python3.10/site-packages:${PYTHONPATH} /usr/bin/python3 -W ignore:setup.py install is deprecated setup.py egg_info --egg-base ../../build/navigation build --build-base /home/eduhkrobotic2/r2_ros/build/navigation/build install --record /home/eduhkrobotic2/r2_ros/build/navigation/install.log --single-version-externally-managed install_data
[7.779s] running egg_info
[7.785s] writing ../../build/navigation/navigation.egg-info/PKG-INFO
[7.787s] writing dependency_links to ../../build/navigation/navigation.egg-info/dependency_links.txt
[7.789s] writing entry points to ../../build/navigation/navigation.egg-info/entry_points.txt
[7.790s] writing requirements to ../../build/navigation/navigation.egg-info/requires.txt
[7.792s] writing top-level names to ../../build/navigation/navigation.egg-info/top_level.txt
[7.801s] reading manifest file '../../build/navigation/navigation.egg-info/SOURCES.txt'
[7.806s] writing manifest file '../../build/navigation/navigation.egg-info/SOURCES.txt'
[7.807s] running build
[7.808s] running build_py
[7.809s] copying navigation/omni_pid.py -> /home/eduhkrobotic2/r2_ros/build/navigation/build/lib/navigation
[7.811s] running install
[7.813s] running install_lib
[7.818s] copying /home/eduhkrobotic2/r2_ros/build/navigation/build/lib/navigation/omni_pid.py -> /home/eduhkrobotic2/r2_ros/install/navigation/lib/python3.10/site-packages/navigation
[7.822s] byte-compiling /home/eduhkrobotic2/r2_ros/install/navigation/lib/python3.10/site-packages/navigation/omni_pid.py to omni_pid.cpython-310.pyc
[7.828s] running install_data
[7.830s] running install_egg_info
[7.840s] removing '/home/eduhkrobotic2/r2_ros/install/navigation/lib/python3.10/site-packages/navigation-0.0.0-py3.10.egg-info' (and everything under it)
[7.842s] Copying ../../build/navigation/navigation.egg-info to /home/eduhkrobotic2/r2_ros/install/navigation/lib/python3.10/site-packages/navigation-0.0.0-py3.10.egg-info
[7.860s] running install_scripts
[7.985s] Installing navigation_node script to /home/eduhkrobotic2/r2_ros/install/navigation/lib/navigation
[7.986s] Installing omni_pid script to /home/eduhkrobotic2/r2_ros/install/navigation/lib/navigation
[7.992s] writing list of installed files to '/home/eduhkrobotic2/r2_ros/build/navigation/install.log'
[8.299s] Invoked command in '/home/eduhkrobotic2/r2_ros/src/navigation' returned '0': PYTHONPATH=/home/eduhkrobotic2/r2_ros/build/navigation/prefix_override:/home/eduhkrobotic2/r2_ros/install/navigation/lib/python3.10/site-packages:${PYTHONPATH} /usr/bin/python3 -W ignore:setup.py install is deprecated setup.py egg_info --egg-base ../../build/navigation build --build-base /home/eduhkrobotic2/r2_ros/build/navigation/build install --record /home/eduhkrobotic2/r2_ros/build/navigation/install.log --single-version-externally-managed install_data
