[7.088s] Invoking command in '/home/eduhkrobotic2/r2_ros/src/r2_auto': PYTHONPATH=/home/eduhkrobotic2/r2_ros/build/r2_auto/prefix_override:/home/eduhkrobotic2/r2_ros/install/r2_auto/lib/python3.10/site-packages:${PYTHONPATH} /usr/bin/python3 -W ignore:setup.py install is deprecated setup.py egg_info --egg-base ../../build/r2_auto build --build-base /home/eduhkrobotic2/r2_ros/build/r2_auto/build install --record /home/eduhkrobotic2/r2_ros/build/r2_auto/install.log --single-version-externally-managed install_data
[10.201s] running egg_info
[10.362s] writing ../../build/r2_auto/r2_auto.egg-info/PKG-INFO
[10.366s] writing dependency_links to ../../build/r2_auto/r2_auto.egg-info/dependency_links.txt
[10.367s] writing entry points to ../../build/r2_auto/r2_auto.egg-info/entry_points.txt
[10.368s] writing requirements to ../../build/r2_auto/r2_auto.egg-info/requires.txt
[10.372s] writing top-level names to ../../build/r2_auto/r2_auto.egg-info/top_level.txt
[10.718s] reading manifest file '../../build/r2_auto/r2_auto.egg-info/SOURCES.txt'
[10.724s] writing manifest file '../../build/r2_auto/r2_auto.egg-info/SOURCES.txt'
[10.725s] running build
[10.726s] running build_py
[10.727s] copying r2_auto/r2_main.py -> /home/eduhkrobotic2/r2_ros/build/r2_auto/build/lib/r2_auto
[10.728s] copying r2_auto/__init__.py -> /home/eduhkrobotic2/r2_ros/build/r2_auto/build/lib/r2_auto
[10.729s] copying r2_auto/r2_ps4.py -> /home/eduhkrobotic2/r2_ros/build/r2_auto/build/lib/r2_auto
[10.733s] running install
[10.759s] running install_lib
[10.967s] copying /home/eduhkrobotic2/r2_ros/build/r2_auto/build/lib/r2_auto/r2_main.py -> /home/eduhkrobotic2/r2_ros/install/r2_auto/lib/python3.10/site-packages/r2_auto
[10.974s] byte-compiling /home/eduhkrobotic2/r2_ros/install/r2_auto/lib/python3.10/site-packages/r2_auto/r2_main.py to r2_main.cpython-310.pyc
[10.991s] running install_data
[10.993s] copying resource/r2_auto -> /home/eduhkrobotic2/r2_ros/install/r2_auto/share/ament_index/resource_index/packages
[10.996s] copying package.xml -> /home/eduhkrobotic2/r2_ros/install/r2_auto/share/r2_auto
[10.998s] running install_egg_info
[11.406s] removing '/home/eduhkrobotic2/r2_ros/install/r2_auto/lib/python3.10/site-packages/r2_auto-0.0.0-py3.10.egg-info' (and everything under it)
[11.410s] Copying ../../build/r2_auto/r2_auto.egg-info to /home/eduhkrobotic2/r2_ros/install/r2_auto/lib/python3.10/site-packages/r2_auto-0.0.0-py3.10.egg-info
[11.428s] running install_scripts
[13.579s] Installing omni_pid script to /home/eduhkrobotic2/r2_ros/install/r2_auto/lib/r2_auto
[13.581s] Installing r2_main_node script to /home/eduhkrobotic2/r2_ros/install/r2_auto/lib/r2_auto
[13.582s] Installing r2_ps4_node script to /home/eduhkrobotic2/r2_ros/install/r2_auto/lib/r2_auto
[13.589s] writing list of installed files to '/home/eduhkrobotic2/r2_ros/build/r2_auto/install.log'
[13.786s] Invoked command in '/home/eduhkrobotic2/r2_ros/src/r2_auto' returned '0': PYTHONPATH=/home/eduhkrobotic2/r2_ros/build/r2_auto/prefix_override:/home/eduhkrobotic2/r2_ros/install/r2_auto/lib/python3.10/site-packages:${PYTHONPATH} /usr/bin/python3 -W ignore:setup.py install is deprecated setup.py egg_info --egg-base ../../build/r2_auto build --build-base /home/eduhkrobotic2/r2_ros/build/r2_auto/build install --record /home/eduhkrobotic2/r2_ros/build/r2_auto/install.log --single-version-externally-managed install_data
