[4.408s] Invoking command in '/home/eduhkrobotic2/r2_ros/build/ps4': PYTHONPATH=/home/eduhkrobotic2/r2_ros/build/ps4/prefix_override:/home/eduhkrobotic2/r2_ros/install/ps4/lib/python3.10/site-packages:${PYTHONPATH} /usr/bin/python3 -W ignore:setup.py install is deprecated setup.py develop --uninstall --editable --build-directory /home/eduhkrobotic2/r2_ros/build/ps4/build
[6.410s] running develop
[6.411s] /home/eduhkrobotic2/.local/lib/python3.10/site-packages/setuptools/command/develop.py:40: EasyInstallDeprecationWarning: easy_install command is deprecated.
[6.411s] !!
[6.412s] 
[6.412s]         ********************************************************************************
[6.412s]         Please avoid running ``setup.py`` and ``easy_install``.
[6.413s]         Instead, use pypa/build, pypa/installer or other
[6.413s]         standards-based tools.
[6.413s] 
[6.414s]         See https://github.com/pypa/setuptools/issues/917 for details.
[6.414s]         ********************************************************************************
[6.414s] 
[6.415s] !!
[6.415s]   easy_install.initialize_options(self)
[7.989s] Removing /home/eduhkrobotic2/r2_ros/install/ps4/lib/python3.10/site-packages/ps4.egg-link (link to .)
[8.183s] Invoked command in '/home/eduhkrobotic2/r2_ros/build/ps4' returned '0': PYTHONPATH=/home/eduhkrobotic2/r2_ros/build/ps4/prefix_override:/home/eduhkrobotic2/r2_ros/install/ps4/lib/python3.10/site-packages:${PYTHONPATH} /usr/bin/python3 -W ignore:setup.py install is deprecated setup.py develop --uninstall --editable --build-directory /home/eduhkrobotic2/r2_ros/build/ps4/build
[8.195s] Invoking command in '/home/eduhkrobotic2/r2_ros/src/ps4': PYTHONPATH=/home/eduhkrobotic2/r2_ros/build/ps4/prefix_override:/home/eduhkrobotic2/r2_ros/install/ps4/lib/python3.10/site-packages:${PYTHONPATH} /usr/bin/python3 -W ignore:setup.py install is deprecated setup.py egg_info --egg-base ../../build/ps4 build --build-base /home/eduhkrobotic2/r2_ros/build/ps4/build install --record /home/eduhkrobotic2/r2_ros/build/ps4/install.log --single-version-externally-managed install_data --force
[9.728s] running egg_info
[9.830s] writing ../../build/ps4/ps4.egg-info/PKG-INFO
[9.833s] writing dependency_links to ../../build/ps4/ps4.egg-info/dependency_links.txt
[9.834s] writing entry points to ../../build/ps4/ps4.egg-info/entry_points.txt
[9.835s] writing requirements to ../../build/ps4/ps4.egg-info/requires.txt
[9.836s] writing top-level names to ../../build/ps4/ps4.egg-info/top_level.txt
[10.048s] reading manifest file '../../build/ps4/ps4.egg-info/SOURCES.txt'
[10.053s] writing manifest file '../../build/ps4/ps4.egg-info/SOURCES.txt'
[10.054s] running build
[10.054s] running build_py
[10.055s] copying ps4/__init__.py -> /home/eduhkrobotic2/r2_ros/build/ps4/build/lib/ps4
[10.057s] copying ps4/ps4_publisher.py -> /home/eduhkrobotic2/r2_ros/build/ps4/build/lib/ps4
[10.059s] running install
[10.084s] running install_lib
[10.187s] creating /home/eduhkrobotic2/r2_ros/install/ps4/lib/python3.10/site-packages/ps4
[10.188s] copying /home/eduhkrobotic2/r2_ros/build/ps4/build/lib/ps4/__init__.py -> /home/eduhkrobotic2/r2_ros/install/ps4/lib/python3.10/site-packages/ps4
[10.189s] copying /home/eduhkrobotic2/r2_ros/build/ps4/build/lib/ps4/ps4_subscriber.py -> /home/eduhkrobotic2/r2_ros/install/ps4/lib/python3.10/site-packages/ps4
[10.190s] copying /home/eduhkrobotic2/r2_ros/build/ps4/build/lib/ps4/ps4_publisher.py -> /home/eduhkrobotic2/r2_ros/install/ps4/lib/python3.10/site-packages/ps4
[10.196s] byte-compiling /home/eduhkrobotic2/r2_ros/install/ps4/lib/python3.10/site-packages/ps4/__init__.py to __init__.cpython-310.pyc
[10.197s] byte-compiling /home/eduhkrobotic2/r2_ros/install/ps4/lib/python3.10/site-packages/ps4/ps4_subscriber.py to ps4_subscriber.cpython-310.pyc
[10.200s] byte-compiling /home/eduhkrobotic2/r2_ros/install/ps4/lib/python3.10/site-packages/ps4/ps4_publisher.py to ps4_publisher.cpython-310.pyc
[10.204s] running install_data
[10.205s] copying resource/ps4 -> /home/eduhkrobotic2/r2_ros/install/ps4/share/ament_index/resource_index/packages
[10.206s] copying package.xml -> /home/eduhkrobotic2/r2_ros/install/ps4/share/ps4
[10.207s] running install_egg_info
[10.318s] Copying ../../build/ps4/ps4.egg-info to /home/eduhkrobotic2/r2_ros/install/ps4/lib/python3.10/site-packages/ps4-0.0.0-py3.10.egg-info
[10.324s] running install_scripts
[11.283s] Installing ps4_publisher script to /home/eduhkrobotic2/r2_ros/install/ps4/lib/ps4
[11.285s] Installing ps4_subscriber script to /home/eduhkrobotic2/r2_ros/install/ps4/lib/ps4
[11.287s] writing list of installed files to '/home/eduhkrobotic2/r2_ros/build/ps4/install.log'
[11.454s] Invoked command in '/home/eduhkrobotic2/r2_ros/src/ps4' returned '0': PYTHONPATH=/home/eduhkrobotic2/r2_ros/build/ps4/prefix_override:/home/eduhkrobotic2/r2_ros/install/ps4/lib/python3.10/site-packages:${PYTHONPATH} /usr/bin/python3 -W ignore:setup.py install is deprecated setup.py egg_info --egg-base ../../build/ps4 build --build-base /home/eduhkrobotic2/r2_ros/build/ps4/build install --record /home/eduhkrobotic2/r2_ros/build/ps4/install.log --single-version-externally-managed install_data --force
