[6.720s] Invoking command in '/home/eduhkrobotic2/r2_ros/src/motor_control_package': PYTHONPATH=/home/eduhkrobotic2/r2_ros/build/motor_control_package/prefix_override:/home/eduhkrobotic2/r2_ros/install/motor_control_package/lib/python3.10/site-packages:${PYTHONPATH} /usr/bin/python3 -W ignore:setup.py install is deprecated setup.py egg_info --egg-base ../../build/motor_control_package build --build-base /home/eduhkrobotic2/r2_ros/build/motor_control_package/build install --record /home/eduhkrobotic2/r2_ros/build/motor_control_package/install.log --single-version-externally-managed install_data
[8.381s] running egg_info
[8.384s] writing ../../build/motor_control_package/motor_control_package.egg-info/PKG-INFO
[8.386s] writing dependency_links to ../../build/motor_control_package/motor_control_package.egg-info/dependency_links.txt
[8.388s] writing entry points to ../../build/motor_control_package/motor_control_package.egg-info/entry_points.txt
[8.390s] writing requirements to ../../build/motor_control_package/motor_control_package.egg-info/requires.txt
[8.391s] writing top-level names to ../../build/motor_control_package/motor_control_package.egg-info/top_level.txt
[8.403s] reading manifest file '../../build/motor_control_package/motor_control_package.egg-info/SOURCES.txt'
[8.408s] writing manifest file '../../build/motor_control_package/motor_control_package.egg-info/SOURCES.txt'
[8.409s] running build
[8.410s] running build_py
[8.413s] running install
[8.414s] running install_lib
[8.426s] running install_data
[8.428s] running install_egg_info
[8.441s] removing '/home/eduhkrobotic2/r2_ros/install/motor_control_package/lib/python3.10/site-packages/motor_control_package-0.0.0-py3.10.egg-info' (and everything under it)
[8.444s] Copying ../../build/motor_control_package/motor_control_package.egg-info to /home/eduhkrobotic2/r2_ros/install/motor_control_package/lib/python3.10/site-packages/motor_control_package-0.0.0-py3.10.egg-info
[8.453s] running install_scripts
[8.607s] Installing motor_control_publisher script to /home/eduhkrobotic2/r2_ros/install/motor_control_package/lib/motor_control_package
[8.609s] Installing motor_control_subscriber script to /home/eduhkrobotic2/r2_ros/install/motor_control_package/lib/motor_control_package
[8.612s] Installing motor_data_reader script to /home/eduhkrobotic2/r2_ros/install/motor_control_package/lib/motor_control_package
[8.614s] writing list of installed files to '/home/eduhkrobotic2/r2_ros/build/motor_control_package/install.log'
[8.872s] Invoked command in '/home/eduhkrobotic2/r2_ros/src/motor_control_package' returned '0': PYTHONPATH=/home/eduhkrobotic2/r2_ros/build/motor_control_package/prefix_override:/home/eduhkrobotic2/r2_ros/install/motor_control_package/lib/python3.10/site-packages:${PYTHONPATH} /usr/bin/python3 -W ignore:setup.py install is deprecated setup.py egg_info --egg-base ../../build/motor_control_package build --build-base /home/eduhkrobotic2/r2_ros/build/motor_control_package/build install --record /home/eduhkrobotic2/r2_ros/build/motor_control_package/install.log --single-version-externally-managed install_data
