[7.361s] Invoking command in '/home/eduhkrobotic2/r2_ros/src/motor_control_package': PYTHONPATH=/home/eduhkrobotic2/r2_ros/build/motor_control_package/prefix_override:/home/eduhkrobotic2/r2_ros/install/motor_control_package/lib/python3.10/site-packages:${PYTHONPATH} /usr/bin/python3 -W ignore:setup.py install is deprecated setup.py egg_info --egg-base ../../build/motor_control_package build --build-base /home/eduhkrobotic2/r2_ros/build/motor_control_package/build install --record /home/eduhkrobotic2/r2_ros/build/motor_control_package/install.log --single-version-externally-managed install_data
[9.069s] running egg_info
[9.074s] writing ../../build/motor_control_package/motor_control_package.egg-info/PKG-INFO
[9.077s] writing dependency_links to ../../build/motor_control_package/motor_control_package.egg-info/dependency_links.txt
[9.078s] writing entry points to ../../build/motor_control_package/motor_control_package.egg-info/entry_points.txt
[9.079s] writing requirements to ../../build/motor_control_package/motor_control_package.egg-info/requires.txt
[9.080s] writing top-level names to ../../build/motor_control_package/motor_control_package.egg-info/top_level.txt
[9.093s] reading manifest file '../../build/motor_control_package/motor_control_package.egg-info/SOURCES.txt'
[9.098s] writing manifest file '../../build/motor_control_package/motor_control_package.egg-info/SOURCES.txt'
[9.099s] running build
[9.100s] running build_py
[9.102s] running install
[9.103s] running install_lib
[9.115s] running install_data
[9.116s] running install_egg_info
[9.127s] removing '/home/eduhkrobotic2/r2_ros/install/motor_control_package/lib/python3.10/site-packages/motor_control_package-0.0.0-py3.10.egg-info' (and everything under it)
[9.129s] Copying ../../build/motor_control_package/motor_control_package.egg-info to /home/eduhkrobotic2/r2_ros/install/motor_control_package/lib/python3.10/site-packages/motor_control_package-0.0.0-py3.10.egg-info
[9.138s] running install_scripts
[9.244s] Installing motor_control_publisher script to /home/eduhkrobotic2/r2_ros/install/motor_control_package/lib/motor_control_package
[9.246s] Installing motor_control_subscriber script to /home/eduhkrobotic2/r2_ros/install/motor_control_package/lib/motor_control_package
[9.247s] Installing motor_data_reader script to /home/eduhkrobotic2/r2_ros/install/motor_control_package/lib/motor_control_package
[9.249s] writing list of installed files to '/home/eduhkrobotic2/r2_ros/build/motor_control_package/install.log'
[9.464s] Invoked command in '/home/eduhkrobotic2/r2_ros/src/motor_control_package' returned '0': PYTHONPATH=/home/eduhkrobotic2/r2_ros/build/motor_control_package/prefix_override:/home/eduhkrobotic2/r2_ros/install/motor_control_package/lib/python3.10/site-packages:${PYTHONPATH} /usr/bin/python3 -W ignore:setup.py install is deprecated setup.py egg_info --egg-base ../../build/motor_control_package build --build-base /home/eduhkrobotic2/r2_ros/build/motor_control_package/build install --record /home/eduhkrobotic2/r2_ros/build/motor_control_package/install.log --single-version-externally-managed install_data
