[4.862s] Invoking command in '/home/eduhkrobotic2/r2_ros/src/navigation': PYTHONPATH=/home/eduhkrobotic2/r2_ros/build/navigation/prefix_override:/home/eduhkrobotic2/r2_ros/install/navigation/lib/python3.10/site-packages:${PYTHONPATH} /usr/bin/python3 -W ignore:setup.py install is deprecated setup.py egg_info --egg-base ../../build/navigation build --build-base /home/eduhkrobotic2/r2_ros/build/navigation/build install --record /home/eduhkrobotic2/r2_ros/build/navigation/install.log --single-version-externally-managed install_data
[6.506s] running egg_info
[6.613s] writing ../../build/navigation/navigation.egg-info/PKG-INFO
[6.616s] writing dependency_links to ../../build/navigation/navigation.egg-info/dependency_links.txt
[6.618s] writing entry points to ../../build/navigation/navigation.egg-info/entry_points.txt
[6.619s] writing requirements to ../../build/navigation/navigation.egg-info/requires.txt
[6.620s] writing top-level names to ../../build/navigation/navigation.egg-info/top_level.txt
[6.850s] reading manifest file '../../build/navigation/navigation.egg-info/SOURCES.txt'
[6.856s] writing manifest file '../../build/navigation/navigation.egg-info/SOURCES.txt'
[6.857s] running build
[6.857s] running build_py
[6.859s] copying navigation/omni_pid.py -> /home/eduhkrobotic2/r2_ros/build/navigation/build/lib/navigation
[6.861s] copying navigation/__init__.py -> /home/eduhkrobotic2/r2_ros/build/navigation/build/lib/navigation
[6.862s] copying navigation/navigation_node.py -> /home/eduhkrobotic2/r2_ros/build/navigation/build/lib/navigation
[6.864s] running install
[6.890s] running install_lib
[7.002s] copying /home/eduhkrobotic2/r2_ros/build/navigation/build/lib/navigation/omni_pid.py -> /home/eduhkrobotic2/r2_ros/install/navigation/lib/python3.10/site-packages/navigation
[7.008s] byte-compiling /home/eduhkrobotic2/r2_ros/install/navigation/lib/python3.10/site-packages/navigation/omni_pid.py to omni_pid.cpython-310.pyc
[7.016s] running install_data
[7.017s] running install_egg_info
[7.146s] removing '/home/eduhkrobotic2/r2_ros/install/navigation/lib/python3.10/site-packages/navigation-0.0.0-py3.10.egg-info' (and everything under it)
[7.150s] Copying ../../build/navigation/navigation.egg-info to /home/eduhkrobotic2/r2_ros/install/navigation/lib/python3.10/site-packages/navigation-0.0.0-py3.10.egg-info
[7.158s] running install_scripts
[8.199s] Installing movement_control script to /home/eduhkrobotic2/r2_ros/install/navigation/lib/navigation
[8.201s] Installing navigation_node script to /home/eduhkrobotic2/r2_ros/install/navigation/lib/navigation
[8.204s] Installing omni_pid script to /home/eduhkrobotic2/r2_ros/install/navigation/lib/navigation
[8.206s] writing list of installed files to '/home/eduhkrobotic2/r2_ros/build/navigation/install.log'
[8.377s] Invoked command in '/home/eduhkrobotic2/r2_ros/src/navigation' returned '0': PYTHONPATH=/home/eduhkrobotic2/r2_ros/build/navigation/prefix_override:/home/eduhkrobotic2/r2_ros/install/navigation/lib/python3.10/site-packages:${PYTHONPATH} /usr/bin/python3 -W ignore:setup.py install is deprecated setup.py egg_info --egg-base ../../build/navigation build --build-base /home/eduhkrobotic2/r2_ros/build/navigation/build install --record /home/eduhkrobotic2/r2_ros/build/navigation/install.log --single-version-externally-managed install_data
