running develop
/home/eduhkrobotic2/.local/lib/python3.10/site-packages/setuptools/command/develop.py:40: EasyInstallDeprecationWarning: easy_install command is deprecated.
!!

        ********************************************************************************
        Please avoid running ``setup.py`` and ``easy_install``.
        Instead, use pypa/build, pypa/installer or other
        standards-based tools.

        See https://github.com/pypa/setuptools/issues/917 for details.
        ********************************************************************************

!!
  easy_install.initialize_options(self)
running egg_info
writing ps4.egg-info/PKG-INFO
writing dependency_links to ps4.egg-info/dependency_links.txt
writing entry points to ps4.egg-info/entry_points.txt
writing requirements to ps4.egg-info/requires.txt
writing top-level names to ps4.egg-info/top_level.txt
reading manifest file 'ps4.egg-info/SOURCES.txt'
writing manifest file 'ps4.egg-info/SOURCES.txt'
running build_ext
Creating /home/eduhkrobotic2/r2_ros/install/ps4/lib/python3.10/site-packages/ps4.egg-link (link to .)
Installing ps4_publisher script to /home/eduhkrobotic2/r2_ros/install/ps4/lib/ps4
Installing ps4_subscriber script to /home/eduhkrobotic2/r2_ros/install/ps4/lib/ps4

Installed /home/eduhkrobotic2/r2_ros/build/ps4
running symlink_data
