[3.040s] Invoking command in '/home/eduhkrobotic2/r2_ros/src/arduino_comm': PYTHONPATH=/home/eduhkrobotic2/r2_ros/build/motor_control_package/prefix_override:/home/eduhkrobotic2/r2_ros/install/motor_control_package/lib/python3.10/site-packages:${PYTHONPATH} /usr/bin/python3 -W ignore:setup.py install is deprecated setup.py egg_info --egg-base ../../build/motor_control_package build --build-base /home/eduhkrobotic2/r2_ros/build/motor_control_package/build install --record /home/eduhkrobotic2/r2_ros/build/motor_control_package/install.log --single-version-externally-managed install_data
[4.261s] running egg_info
[4.264s] writing ../../build/motor_control_package/arduino_comm.egg-info/PKG-INFO
[4.265s] writing dependency_links to ../../build/motor_control_package/arduino_comm.egg-info/dependency_links.txt
[4.269s] writing entry points to ../../build/motor_control_package/arduino_comm.egg-info/entry_points.txt
[4.270s] writing requirements to ../../build/motor_control_package/arduino_comm.egg-info/requires.txt
[4.272s] writing top-level names to ../../build/motor_control_package/arduino_comm.egg-info/top_level.txt
[4.280s] reading manifest file '../../build/motor_control_package/arduino_comm.egg-info/SOURCES.txt'
[4.285s] writing manifest file '../../build/motor_control_package/arduino_comm.egg-info/SOURCES.txt'
[4.285s] running build
[4.286s] running build_py
[4.288s] running install
[4.289s] running install_lib
[4.295s] running install_data
[4.296s] running install_egg_info
[4.303s] removing '/home/eduhkrobotic2/r2_ros/install/motor_control_package/lib/python3.10/site-packages/arduino_comm-0.0.0-py3.10.egg-info' (and everything under it)
[4.304s] Copying ../../build/motor_control_package/arduino_comm.egg-info to /home/eduhkrobotic2/r2_ros/install/motor_control_package/lib/python3.10/site-packages/arduino_comm-0.0.0-py3.10.egg-info
[4.310s] running install_scripts
[4.392s] Installing motor_control_publisher script to /home/eduhkrobotic2/r2_ros/install/motor_control_package/lib/arduino_comm
[4.393s] Installing motor_control_subscriber script to /home/eduhkrobotic2/r2_ros/install/motor_control_package/lib/arduino_comm
[4.394s] Installing motor_data_reader script to /home/eduhkrobotic2/r2_ros/install/motor_control_package/lib/arduino_comm
[4.396s] writing list of installed files to '/home/eduhkrobotic2/r2_ros/build/motor_control_package/install.log'
[4.535s] Invoked command in '/home/eduhkrobotic2/r2_ros/src/arduino_comm' returned '0': PYTHONPATH=/home/eduhkrobotic2/r2_ros/build/motor_control_package/prefix_override:/home/eduhkrobotic2/r2_ros/install/motor_control_package/lib/python3.10/site-packages:${PYTHONPATH} /usr/bin/python3 -W ignore:setup.py install is deprecated setup.py egg_info --egg-base ../../build/motor_control_package build --build-base /home/eduhkrobotic2/r2_ros/build/motor_control_package/build install --record /home/eduhkrobotic2/r2_ros/build/motor_control_package/install.log --single-version-externally-managed install_data
