[3.028s] Invoking command in '/home/eduhkrobotic2/r2_ros/src/arduino_comm': PYTHONPATH=/home/eduhkrobotic2/r2_ros/build/arduino_comm/prefix_override:/home/eduhkrobotic2/r2_ros/install/arduino_comm/lib/python3.10/site-packages:${PYTHONPATH} /usr/bin/python3 -W ignore:setup.py install is deprecated setup.py egg_info --egg-base ../../build/arduino_comm build --build-base /home/eduhkrobotic2/r2_ros/build/arduino_comm/build install --record /home/eduhkrobotic2/r2_ros/build/arduino_comm/install.log --single-version-externally-managed install_data
[4.248s] running egg_info
[4.251s] writing ../../build/arduino_comm/arduino_comm.egg-info/PKG-INFO
[4.252s] writing dependency_links to ../../build/arduino_comm/arduino_comm.egg-info/dependency_links.txt
[4.254s] writing entry points to ../../build/arduino_comm/arduino_comm.egg-info/entry_points.txt
[4.255s] writing requirements to ../../build/arduino_comm/arduino_comm.egg-info/requires.txt
[4.256s] writing top-level names to ../../build/arduino_comm/arduino_comm.egg-info/top_level.txt
[4.267s] reading manifest file '../../build/arduino_comm/arduino_comm.egg-info/SOURCES.txt'
[4.271s] writing manifest file '../../build/arduino_comm/arduino_comm.egg-info/SOURCES.txt'
[4.272s] running build
[4.272s] running build_py
[4.273s] copying arduino_comm/arduino_mega_m3508_comm_node.py -> /home/eduhkrobotic2/r2_ros/build/arduino_comm/build/lib/arduino_comm
[4.276s] running install
[4.277s] running install_lib
[4.281s] copying /home/eduhkrobotic2/r2_ros/build/arduino_comm/build/lib/arduino_comm/arduino_mega_m3508_comm_node.py -> /home/eduhkrobotic2/r2_ros/install/arduino_comm/lib/python3.10/site-packages/arduino_comm
[4.284s] byte-compiling /home/eduhkrobotic2/r2_ros/install/arduino_comm/lib/python3.10/site-packages/arduino_comm/arduino_mega_m3508_comm_node.py to arduino_mega_m3508_comm_node.cpython-310.pyc
[4.287s] running install_data
[4.288s] running install_egg_info
[4.295s] removing '/home/eduhkrobotic2/r2_ros/install/arduino_comm/lib/python3.10/site-packages/arduino_comm-0.0.0-py3.10.egg-info' (and everything under it)
[4.296s] Copying ../../build/arduino_comm/arduino_comm.egg-info to /home/eduhkrobotic2/r2_ros/install/arduino_comm/lib/python3.10/site-packages/arduino_comm-0.0.0-py3.10.egg-info
[4.303s] running install_scripts
[4.385s] Installing arduino_mega_m3508_comm_node script to /home/eduhkrobotic2/r2_ros/install/arduino_comm/lib/arduino_comm
[4.386s] Installing motor_control_publisher script to /home/eduhkrobotic2/r2_ros/install/arduino_comm/lib/arduino_comm
[4.387s] Installing motor_data_subscriber script to /home/eduhkrobotic2/r2_ros/install/arduino_comm/lib/arduino_comm
[4.389s] writing list of installed files to '/home/eduhkrobotic2/r2_ros/build/arduino_comm/install.log'
[4.528s] Invoked command in '/home/eduhkrobotic2/r2_ros/src/arduino_comm' returned '0': PYTHONPATH=/home/eduhkrobotic2/r2_ros/build/arduino_comm/prefix_override:/home/eduhkrobotic2/r2_ros/install/arduino_comm/lib/python3.10/site-packages:${PYTHONPATH} /usr/bin/python3 -W ignore:setup.py install is deprecated setup.py egg_info --egg-base ../../build/arduino_comm build --build-base /home/eduhkrobotic2/r2_ros/build/arduino_comm/build install --record /home/eduhkrobotic2/r2_ros/build/arduino_comm/install.log --single-version-externally-managed install_data
