[4.380s] Invoking command in '/home/eduhkrobotic2/r2_ros/src/motor_control_package': PYTHONPATH=/home/eduhkrobotic2/r2_ros/build/motor_control_package/prefix_override:/home/eduhkrobotic2/r2_ros/install/motor_control_package/lib/python3.10/site-packages:${PYTHONPATH} /usr/bin/python3 -W ignore:setup.py install is deprecated setup.py egg_info --egg-base ../../build/motor_control_package build --build-base /home/eduhkrobotic2/r2_ros/build/motor_control_package/build install --record /home/eduhkrobotic2/r2_ros/build/motor_control_package/install.log --single-version-externally-managed install_data
[5.720s] running egg_info
[5.723s] writing ../../build/motor_control_package/motor_control_package.egg-info/PKG-INFO
[5.725s] writing dependency_links to ../../build/motor_control_package/motor_control_package.egg-info/dependency_links.txt
[5.727s] writing entry points to ../../build/motor_control_package/motor_control_package.egg-info/entry_points.txt
[5.729s] writing requirements to ../../build/motor_control_package/motor_control_package.egg-info/requires.txt
[5.730s] writing top-level names to ../../build/motor_control_package/motor_control_package.egg-info/top_level.txt
[5.737s] reading manifest file '../../build/motor_control_package/motor_control_package.egg-info/SOURCES.txt'
[5.743s] writing manifest file '../../build/motor_control_package/motor_control_package.egg-info/SOURCES.txt'
[5.743s] running build
[5.744s] running build_py
[5.747s] running install
[5.748s] running install_lib
[5.755s] running install_data
[5.756s] running install_egg_info
[5.764s] removing '/home/eduhkrobotic2/r2_ros/install/motor_control_package/lib/python3.10/site-packages/motor_control_package-0.0.0-py3.10.egg-info' (and everything under it)
[5.766s] Copying ../../build/motor_control_package/motor_control_package.egg-info to /home/eduhkrobotic2/r2_ros/install/motor_control_package/lib/python3.10/site-packages/motor_control_package-0.0.0-py3.10.egg-info
[5.773s] running install_scripts
[5.865s] Installing motor_control_publisher script to /home/eduhkrobotic2/r2_ros/install/motor_control_package/lib/motor_control_package
[5.867s] Installing motor_control_subscriber script to /home/eduhkrobotic2/r2_ros/install/motor_control_package/lib/motor_control_package
[5.869s] Installing motor_data_reader script to /home/eduhkrobotic2/r2_ros/install/motor_control_package/lib/motor_control_package
[5.872s] writing list of installed files to '/home/eduhkrobotic2/r2_ros/build/motor_control_package/install.log'
[6.118s] Invoked command in '/home/eduhkrobotic2/r2_ros/src/motor_control_package' returned '0': PYTHONPATH=/home/eduhkrobotic2/r2_ros/build/motor_control_package/prefix_override:/home/eduhkrobotic2/r2_ros/install/motor_control_package/lib/python3.10/site-packages:${PYTHONPATH} /usr/bin/python3 -W ignore:setup.py install is deprecated setup.py egg_info --egg-base ../../build/motor_control_package build --build-base /home/eduhkrobotic2/r2_ros/build/motor_control_package/build install --record /home/eduhkrobotic2/r2_ros/build/motor_control_package/install.log --single-version-externally-managed install_data
