[9.410s] Invoking command in '/home/eduhkrobotic2/r2_ros/src/navigation': PYTHONPATH=/home/eduhkrobotic2/r2_ros/build/navigation/prefix_override:/home/eduhkrobotic2/r2_ros/install/navigation/lib/python3.10/site-packages:${PYTHONPATH} /usr/bin/python3 -W ignore:setup.py install is deprecated setup.py egg_info --egg-base ../../build/navigation build --build-base /home/eduhkrobotic2/r2_ros/build/navigation/build install --record /home/eduhkrobotic2/r2_ros/build/navigation/install.log --single-version-externally-managed install_data
[11.563s] running egg_info
[11.575s] writing ../../build/navigation/navigation.egg-info/PKG-INFO
[11.579s] writing dependency_links to ../../build/navigation/navigation.egg-info/dependency_links.txt
[11.581s] writing entry points to ../../build/navigation/navigation.egg-info/entry_points.txt
[11.585s] writing requirements to ../../build/navigation/navigation.egg-info/requires.txt
[11.587s] writing top-level names to ../../build/navigation/navigation.egg-info/top_level.txt
[11.610s] reading manifest file '../../build/navigation/navigation.egg-info/SOURCES.txt'
[11.619s] writing manifest file '../../build/navigation/navigation.egg-info/SOURCES.txt'
[11.621s] running build
[11.622s] running build_py
[11.622s] copying navigation/omni_pid.py -> /home/eduhkrobotic2/r2_ros/build/navigation/build/lib/navigation
[11.625s] running install
[11.627s] running install_lib
[11.635s] copying /home/eduhkrobotic2/r2_ros/build/navigation/build/lib/navigation/omni_pid.py -> /home/eduhkrobotic2/r2_ros/install/navigation/lib/python3.10/site-packages/navigation
[11.642s] byte-compiling /home/eduhkrobotic2/r2_ros/install/navigation/lib/python3.10/site-packages/navigation/omni_pid.py to omni_pid.cpython-310.pyc
[11.653s] running install_data
[11.655s] running install_egg_info
[11.682s] removing '/home/eduhkrobotic2/r2_ros/install/navigation/lib/python3.10/site-packages/navigation-0.0.0-py3.10.egg-info' (and everything under it)
[11.682s] Copying ../../build/navigation/navigation.egg-info to /home/eduhkrobotic2/r2_ros/install/navigation/lib/python3.10/site-packages/navigation-0.0.0-py3.10.egg-info
[11.686s] running install_scripts
[11.794s] Installing navigation_node script to /home/eduhkrobotic2/r2_ros/install/navigation/lib/navigation
[11.796s] Installing omni_pid script to /home/eduhkrobotic2/r2_ros/install/navigation/lib/navigation
[11.797s] writing list of installed files to '/home/eduhkrobotic2/r2_ros/build/navigation/install.log'
[11.961s] Invoked command in '/home/eduhkrobotic2/r2_ros/src/navigation' returned '0': PYTHONPATH=/home/eduhkrobotic2/r2_ros/build/navigation/prefix_override:/home/eduhkrobotic2/r2_ros/install/navigation/lib/python3.10/site-packages:${PYTHONPATH} /usr/bin/python3 -W ignore:setup.py install is deprecated setup.py egg_info --egg-base ../../build/navigation build --build-base /home/eduhkrobotic2/r2_ros/build/navigation/build install --record /home/eduhkrobotic2/r2_ros/build/navigation/install.log --single-version-externally-managed install_data
