[0.482s] DEBUG:colcon:Command line arguments: ['/usr/bin/colcon', 'build']
[0.482s] DEBUG:colcon:Parsed command line arguments: Namespace(log_base=None, log_level=None, verb_name='build', build_base='build', install_base='install', merge_install=False, symlink_install=False, test_result_base=None, continue_on_error=False, executor='parallel', parallel_workers=4, event_handlers=None, ignore_user_meta=False, metas=['./colcon.meta'], base_paths=['.'], packages_ignore=None, packages_ignore_regex=None, paths=None, packages_up_to=None, packages_up_to_regex=None, packages_above=None, packages_above_and_dependencies=None, packages_above_depth=None, packages_select_by_dep=None, packages_skip_by_dep=None, packages_skip_up_to=None, packages_select_build_failed=False, packages_skip_build_finished=False, packages_select_test_failures=False, packages_skip_test_passed=False, packages_select=None, packages_skip=None, packages_select_regex=None, packages_skip_regex=None, packages_start=None, packages_end=None, allow_overriding=[], cmake_args=None, cmake_target=None, cmake_target_skip_unavailable=False, cmake_clean_cache=False, cmake_clean_first=False, cmake_force_configure=False, ament_cmake_args=None, catkin_cmake_args=None, catkin_skip_building_tests=False, verb_parser=<colcon_defaults.argument_parser.defaults.DefaultArgumentsDecorator object at 0xffff94c543a0>, verb_extension=<colcon_core.verb.build.BuildVerb object at 0xffff94e8bf10>, main=<bound method BuildVerb.main of <colcon_core.verb.build.BuildVerb object at 0xffff94e8bf10>>)
[1.376s] Level 1:colcon.colcon_core.package_discovery:discover_packages(colcon_meta) check parameters
[1.376s] Level 1:colcon.colcon_core.package_discovery:discover_packages(recursive) check parameters
[1.377s] Level 1:colcon.colcon_core.package_discovery:discover_packages(ignore) check parameters
[1.377s] Level 1:colcon.colcon_core.package_discovery:discover_packages(path) check parameters
[1.377s] Level 1:colcon.colcon_core.package_discovery:discover_packages(colcon_meta) discover
[1.377s] Level 1:colcon.colcon_core.package_discovery:discover_packages(recursive) discover
[1.377s] INFO:colcon.colcon_core.package_discovery:Crawling recursively for packages in '/home/eduhkrobotic2/r2_ros'
[1.378s] Level 1:colcon.colcon_core.package_identification:_identify(.) by extensions ['ignore', 'ignore_ament_install']
[1.378s] Level 1:colcon.colcon_core.package_identification:_identify(.) by extension 'ignore'
[1.378s] Level 1:colcon.colcon_core.package_identification:_identify(.) by extension 'ignore_ament_install'
[1.378s] Level 1:colcon.colcon_core.package_identification:_identify(.) by extensions ['colcon_pkg']
[1.378s] Level 1:colcon.colcon_core.package_identification:_identify(.) by extension 'colcon_pkg'
[1.379s] Level 1:colcon.colcon_core.package_identification:_identify(.) by extensions ['colcon_meta']
[1.379s] Level 1:colcon.colcon_core.package_identification:_identify(.) by extension 'colcon_meta'
[1.379s] Level 1:colcon.colcon_core.package_identification:_identify(.) by extensions ['ros']
[1.379s] Level 1:colcon.colcon_core.package_identification:_identify(.) by extension 'ros'
[1.426s] Level 1:colcon.colcon_core.package_identification:_identify(.) by extensions ['cmake', 'python']
[1.426s] Level 1:colcon.colcon_core.package_identification:_identify(.) by extension 'cmake'
[1.426s] Level 1:colcon.colcon_core.package_identification:_identify(.) by extension 'python'
[1.426s] Level 1:colcon.colcon_core.package_identification:_identify(.) by extensions ['python_setup_py']
[1.426s] Level 1:colcon.colcon_core.package_identification:_identify(.) by extension 'python_setup_py'
[1.427s] Level 1:colcon.colcon_core.package_identification:_identify(build) by extensions ['ignore', 'ignore_ament_install']
[1.427s] Level 1:colcon.colcon_core.package_identification:_identify(build) by extension 'ignore'
[1.427s] Level 1:colcon.colcon_core.package_identification:_identify(build) ignored
[1.428s] Level 1:colcon.colcon_core.package_identification:_identify(install) by extensions ['ignore', 'ignore_ament_install']
[1.429s] Level 1:colcon.colcon_core.package_identification:_identify(install) by extension 'ignore'
[1.429s] Level 1:colcon.colcon_core.package_identification:_identify(install) ignored
[1.429s] Level 1:colcon.colcon_core.package_identification:_identify(log) by extensions ['ignore', 'ignore_ament_install']
[1.430s] Level 1:colcon.colcon_core.package_identification:_identify(log) by extension 'ignore'
[1.430s] Level 1:colcon.colcon_core.package_identification:_identify(log) ignored
[1.430s] Level 1:colcon.colcon_core.package_identification:_identify(src) by extensions ['ignore', 'ignore_ament_install']
[1.431s] Level 1:colcon.colcon_core.package_identification:_identify(src) by extension 'ignore'
[1.431s] Level 1:colcon.colcon_core.package_identification:_identify(src) by extension 'ignore_ament_install'
[1.431s] Level 1:colcon.colcon_core.package_identification:_identify(src) by extensions ['colcon_pkg']
[1.431s] Level 1:colcon.colcon_core.package_identification:_identify(src) by extension 'colcon_pkg'
[1.431s] Level 1:colcon.colcon_core.package_identification:_identify(src) by extensions ['colcon_meta']
[1.431s] Level 1:colcon.colcon_core.package_identification:_identify(src) by extension 'colcon_meta'
[1.432s] Level 1:colcon.colcon_core.package_identification:_identify(src) by extensions ['ros']
[1.432s] Level 1:colcon.colcon_core.package_identification:_identify(src) by extension 'ros'
[1.432s] Level 1:colcon.colcon_core.package_identification:_identify(src) by extensions ['cmake', 'python']
[1.432s] Level 1:colcon.colcon_core.package_identification:_identify(src) by extension 'cmake'
[1.432s] Level 1:colcon.colcon_core.package_identification:_identify(src) by extension 'python'
[1.432s] Level 1:colcon.colcon_core.package_identification:_identify(src) by extensions ['python_setup_py']
[1.433s] Level 1:colcon.colcon_core.package_identification:_identify(src) by extension 'python_setup_py'
[1.433s] Level 1:colcon.colcon_core.package_identification:_identify(src/arduino_comm) by extensions ['ignore', 'ignore_ament_install']
[1.433s] Level 1:colcon.colcon_core.package_identification:_identify(src/arduino_comm) by extension 'ignore'
[1.434s] Level 1:colcon.colcon_core.package_identification:_identify(src/arduino_comm) by extension 'ignore_ament_install'
[1.434s] Level 1:colcon.colcon_core.package_identification:_identify(src/arduino_comm) by extensions ['colcon_pkg']
[1.434s] Level 1:colcon.colcon_core.package_identification:_identify(src/arduino_comm) by extension 'colcon_pkg'
[1.434s] Level 1:colcon.colcon_core.package_identification:_identify(src/arduino_comm) by extensions ['colcon_meta']
[1.434s] Level 1:colcon.colcon_core.package_identification:_identify(src/arduino_comm) by extension 'colcon_meta'
[1.435s] Level 1:colcon.colcon_core.package_identification:_identify(src/arduino_comm) by extensions ['ros']
[1.435s] Level 1:colcon.colcon_core.package_identification:_identify(src/arduino_comm) by extension 'ros'
[1.443s] DEBUG:colcon.colcon_core.package_identification:Package 'src/arduino_comm' with type 'ros.ament_python' and name 'motor_control_package'
[1.444s] Level 1:colcon.colcon_core.package_identification:_identify(src/build) by extensions ['ignore', 'ignore_ament_install']
[1.444s] Level 1:colcon.colcon_core.package_identification:_identify(src/build) by extension 'ignore'
[1.445s] Level 1:colcon.colcon_core.package_identification:_identify(src/build) ignored
[1.445s] Level 1:colcon.colcon_core.package_identification:_identify(src/install) by extensions ['ignore', 'ignore_ament_install']
[1.445s] Level 1:colcon.colcon_core.package_identification:_identify(src/install) by extension 'ignore'
[1.445s] Level 1:colcon.colcon_core.package_identification:_identify(src/install) ignored
[1.446s] Level 1:colcon.colcon_core.package_identification:_identify(src/log) by extensions ['ignore', 'ignore_ament_install']
[1.446s] Level 1:colcon.colcon_core.package_identification:_identify(src/log) by extension 'ignore'
[1.446s] Level 1:colcon.colcon_core.package_identification:_identify(src/log) ignored
[1.446s] Level 1:colcon.colcon_core.package_discovery:discover_packages(recursive) using defaults
[1.447s] Level 1:colcon.colcon_core.package_discovery:discover_packages(ignore) discover
[1.447s] Level 1:colcon.colcon_core.package_discovery:discover_packages(ignore) using defaults
[1.447s] Level 1:colcon.colcon_core.package_discovery:discover_packages(path) discover
[1.447s] Level 1:colcon.colcon_core.package_discovery:discover_packages(path) using defaults
[1.571s] Level 1:colcon.colcon_core.package_discovery:discover_packages(prefix_path) check parameters
[1.572s] Level 1:colcon.colcon_core.package_discovery:discover_packages(prefix_path) discover
[1.580s] DEBUG:colcon.colcon_installed_package_information.package_discovery:Found 2 installed packages in /home/eduhkrobotic2/r2_ros/install
[1.582s] DEBUG:colcon.colcon_installed_package_information.package_discovery:Found 1 installed packages in /home/eduhkrobotic2/ros2_ws/install
[1.591s] DEBUG:colcon.colcon_installed_package_information.package_discovery:Found 278 installed packages in /opt/ros/humble
[1.598s] Level 1:colcon.colcon_core.package_discovery:discover_packages(prefix_path) using defaults
[1.774s] Level 5:colcon.colcon_core.verb:set package 'motor_control_package' build argument 'cmake_args' from command line to 'None'
[1.774s] Level 5:colcon.colcon_core.verb:set package 'motor_control_package' build argument 'cmake_target' from command line to 'None'
[1.774s] Level 5:colcon.colcon_core.verb:set package 'motor_control_package' build argument 'cmake_target_skip_unavailable' from command line to 'False'
[1.774s] Level 5:colcon.colcon_core.verb:set package 'motor_control_package' build argument 'cmake_clean_cache' from command line to 'False'
[1.774s] Level 5:colcon.colcon_core.verb:set package 'motor_control_package' build argument 'cmake_clean_first' from command line to 'False'
[1.774s] Level 5:colcon.colcon_core.verb:set package 'motor_control_package' build argument 'cmake_force_configure' from command line to 'False'
[1.774s] Level 5:colcon.colcon_core.verb:set package 'motor_control_package' build argument 'ament_cmake_args' from command line to 'None'
[1.775s] Level 5:colcon.colcon_core.verb:set package 'motor_control_package' build argument 'catkin_cmake_args' from command line to 'None'
[1.775s] Level 5:colcon.colcon_core.verb:set package 'motor_control_package' build argument 'catkin_skip_building_tests' from command line to 'False'
[1.775s] DEBUG:colcon.colcon_core.verb:Building package 'motor_control_package' with the following arguments: {'ament_cmake_args': None, 'build_base': '/home/eduhkrobotic2/r2_ros/build/motor_control_package', 'catkin_cmake_args': None, 'catkin_skip_building_tests': False, 'cmake_args': None, 'cmake_clean_cache': False, 'cmake_clean_first': False, 'cmake_force_configure': False, 'cmake_target': None, 'cmake_target_skip_unavailable': False, 'install_base': '/home/eduhkrobotic2/r2_ros/install/motor_control_package', 'merge_install': False, 'path': '/home/eduhkrobotic2/r2_ros/src/arduino_comm', 'symlink_install': False, 'test_result_base': None}
[1.776s] INFO:colcon.colcon_core.executor:Executing jobs using 'parallel' executor
[1.779s] DEBUG:colcon.colcon_parallel_executor.executor.parallel:run_until_complete
[1.780s] INFO:colcon.colcon_ros.task.ament_python.build:Building ROS package in '/home/eduhkrobotic2/r2_ros/src/arduino_comm' with build type 'ament_python'
[1.781s] Level 1:colcon.colcon_core.shell:create_environment_hook('motor_control_package', 'ament_prefix_path')
[1.789s] INFO:colcon.colcon_core.plugin_system:Skipping extension 'colcon_core.shell.bat': Not used on non-Windows systems
[1.790s] INFO:colcon.colcon_core.shell:Creating environment hook '/home/eduhkrobotic2/r2_ros/install/motor_control_package/share/motor_control_package/hook/ament_prefix_path.ps1'
[1.793s] INFO:colcon.colcon_core.shell:Creating environment descriptor '/home/eduhkrobotic2/r2_ros/install/motor_control_package/share/motor_control_package/hook/ament_prefix_path.dsv'
[1.795s] INFO:colcon.colcon_core.shell:Creating environment hook '/home/eduhkrobotic2/r2_ros/install/motor_control_package/share/motor_control_package/hook/ament_prefix_path.sh'
[1.798s] INFO:colcon.colcon_core.shell:Skip shell extension 'powershell' for command environment: Not usable outside of PowerShell
[1.798s] DEBUG:colcon.colcon_core.shell:Skip shell extension 'dsv' for command environment
[3.134s] WARNING:colcon.colcon_ros.task.ament_python.build:Package 'motor_control_package' doesn't explicitly install a marker in the package index (colcon-ros currently does it implicitly but that fallback will be removed in the future)
[3.136s] WARNING:colcon.colcon_ros.task.ament_python.build:Package 'motor_control_package' doesn't explicitly install the 'package.xml' file (colcon-ros currently does it implicitly but that fallback will be removed in the future)
[3.137s] INFO:colcon.colcon_core.task.python.build:Building Python package in '/home/eduhkrobotic2/r2_ros/src/arduino_comm'
[3.138s] INFO:colcon.colcon_core.shell:Skip shell extension 'powershell' for command environment: Not usable outside of PowerShell
[3.139s] DEBUG:colcon.colcon_core.shell:Skip shell extension 'dsv' for command environment
[4.804s] DEBUG:colcon.colcon_core.event_handler.log_command:Invoking command in '/home/eduhkrobotic2/r2_ros/src/arduino_comm': PYTHONPATH=/home/eduhkrobotic2/r2_ros/build/motor_control_package/prefix_override:/home/eduhkrobotic2/r2_ros/install/motor_control_package/lib/python3.10/site-packages:${PYTHONPATH} /usr/bin/python3 -W ignore:setup.py install is deprecated setup.py egg_info --egg-base ../../build/motor_control_package build --build-base /home/eduhkrobotic2/r2_ros/build/motor_control_package/build install --record /home/eduhkrobotic2/r2_ros/build/motor_control_package/install.log --single-version-externally-managed install_data
[6.298s] DEBUG:colcon.colcon_core.event_handler.log_command:Invoked command in '/home/eduhkrobotic2/r2_ros/src/arduino_comm' returned '0': PYTHONPATH=/home/eduhkrobotic2/r2_ros/build/motor_control_package/prefix_override:/home/eduhkrobotic2/r2_ros/install/motor_control_package/lib/python3.10/site-packages:${PYTHONPATH} /usr/bin/python3 -W ignore:setup.py install is deprecated setup.py egg_info --egg-base ../../build/motor_control_package build --build-base /home/eduhkrobotic2/r2_ros/build/motor_control_package/build install --record /home/eduhkrobotic2/r2_ros/build/motor_control_package/install.log --single-version-externally-managed install_data
[6.310s] Level 1:colcon.colcon_core.environment:checking '/home/eduhkrobotic2/r2_ros/install/motor_control_package' for CMake module files
[6.313s] Level 1:colcon.colcon_core.environment:checking '/home/eduhkrobotic2/r2_ros/install/motor_control_package' for CMake config files
[6.318s] Level 1:colcon.colcon_core.environment:checking '/home/eduhkrobotic2/r2_ros/install/motor_control_package/lib'
[6.319s] Level 1:colcon.colcon_core.environment:checking '/home/eduhkrobotic2/r2_ros/install/motor_control_package/bin'
[6.320s] Level 1:colcon.colcon_core.environment:checking '/home/eduhkrobotic2/r2_ros/install/motor_control_package/lib/pkgconfig/motor_control_package.pc'
[6.320s] Level 1:colcon.colcon_core.environment:checking '/home/eduhkrobotic2/r2_ros/install/motor_control_package/lib/python3.10/site-packages'
[6.321s] Level 1:colcon.colcon_core.shell:create_environment_hook('motor_control_package', 'pythonpath')
[6.322s] INFO:colcon.colcon_core.shell:Creating environment hook '/home/eduhkrobotic2/r2_ros/install/motor_control_package/share/motor_control_package/hook/pythonpath.ps1'
[6.323s] INFO:colcon.colcon_core.shell:Creating environment descriptor '/home/eduhkrobotic2/r2_ros/install/motor_control_package/share/motor_control_package/hook/pythonpath.dsv'
[6.326s] INFO:colcon.colcon_core.shell:Creating environment hook '/home/eduhkrobotic2/r2_ros/install/motor_control_package/share/motor_control_package/hook/pythonpath.sh'
[6.329s] Level 1:colcon.colcon_core.environment:checking '/home/eduhkrobotic2/r2_ros/install/motor_control_package/bin'
[6.330s] Level 1:colcon.colcon_core.environment:create_environment_scripts_only(motor_control_package)
[6.331s] INFO:colcon.colcon_core.shell:Creating package script '/home/eduhkrobotic2/r2_ros/install/motor_control_package/share/motor_control_package/package.ps1'
[6.335s] INFO:colcon.colcon_core.shell:Creating package descriptor '/home/eduhkrobotic2/r2_ros/install/motor_control_package/share/motor_control_package/package.dsv'
[6.340s] INFO:colcon.colcon_core.shell:Creating package script '/home/eduhkrobotic2/r2_ros/install/motor_control_package/share/motor_control_package/package.sh'
[6.343s] INFO:colcon.colcon_core.shell:Creating package script '/home/eduhkrobotic2/r2_ros/install/motor_control_package/share/motor_control_package/package.bash'
[6.347s] INFO:colcon.colcon_core.shell:Creating package script '/home/eduhkrobotic2/r2_ros/install/motor_control_package/share/motor_control_package/package.zsh'
[6.351s] Level 1:colcon.colcon_core.environment:create_file_with_runtime_dependencies(/home/eduhkrobotic2/r2_ros/install/motor_control_package/share/colcon-core/packages/motor_control_package)
[6.353s] DEBUG:colcon.colcon_parallel_executor.executor.parallel:closing loop
[6.354s] DEBUG:colcon.colcon_parallel_executor.executor.parallel:loop closed
[6.354s] DEBUG:colcon.colcon_parallel_executor.executor.parallel:run_until_complete finished with '0'
[6.355s] DEBUG:colcon.colcon_core.event_reactor:joining thread
[6.380s] INFO:colcon.colcon_core.plugin_system:Skipping extension 'colcon_notification.desktop_notification.terminal_notifier': Not used on non-Darwin systems
[6.380s] INFO:colcon.colcon_core.plugin_system:Skipping extension 'colcon_notification.desktop_notification.win32': Not used on non-Windows systems
[6.380s] INFO:colcon.colcon_notification.desktop_notification:Sending desktop notification using 'notify2'
[6.433s] DEBUG:colcon.colcon_core.event_reactor:joined thread
[6.435s] INFO:colcon.colcon_core.shell:Creating prefix script '/home/eduhkrobotic2/r2_ros/install/local_setup.ps1'
[6.439s] INFO:colcon.colcon_core.shell:Creating prefix util module '/home/eduhkrobotic2/r2_ros/install/_local_setup_util_ps1.py'
[6.446s] INFO:colcon.colcon_core.shell:Creating prefix chain script '/home/eduhkrobotic2/r2_ros/install/setup.ps1'
[6.455s] INFO:colcon.colcon_core.shell:Creating prefix script '/home/eduhkrobotic2/r2_ros/install/local_setup.sh'
[6.460s] INFO:colcon.colcon_core.shell:Creating prefix util module '/home/eduhkrobotic2/r2_ros/install/_local_setup_util_sh.py'
[6.463s] INFO:colcon.colcon_core.shell:Creating prefix chain script '/home/eduhkrobotic2/r2_ros/install/setup.sh'
[6.471s] INFO:colcon.colcon_core.shell:Creating prefix script '/home/eduhkrobotic2/r2_ros/install/local_setup.bash'
[6.475s] INFO:colcon.colcon_core.shell:Creating prefix chain script '/home/eduhkrobotic2/r2_ros/install/setup.bash'
[6.483s] INFO:colcon.colcon_core.shell:Creating prefix script '/home/eduhkrobotic2/r2_ros/install/local_setup.zsh'
[6.486s] INFO:colcon.colcon_core.shell:Creating prefix chain script '/home/eduhkrobotic2/r2_ros/install/setup.zsh'
