[4.491s] Invoking command in '/home/eduhkrobotic2/r2_ros/src/motor_control_package': PYTHONPATH=/home/eduhkrobotic2/r2_ros/build/motor_control_package/prefix_override:/home/eduhkrobotic2/r2_ros/install/motor_control_package/lib/python3.10/site-packages:${PYTHONPATH} /usr/bin/python3 -W ignore:setup.py install is deprecated setup.py egg_info --egg-base ../../build/motor_control_package build --build-base /home/eduhkrobotic2/r2_ros/build/motor_control_package/build install --record /home/eduhkrobotic2/r2_ros/build/motor_control_package/install.log --single-version-externally-managed install_data
[5.879s] running egg_info
[5.969s] writing ../../build/motor_control_package/motor_control_package.egg-info/PKG-INFO
[5.973s] writing dependency_links to ../../build/motor_control_package/motor_control_package.egg-info/dependency_links.txt
[5.974s] writing entry points to ../../build/motor_control_package/motor_control_package.egg-info/entry_points.txt
[5.975s] writing requirements to ../../build/motor_control_package/motor_control_package.egg-info/requires.txt
[5.976s] writing top-level names to ../../build/motor_control_package/motor_control_package.egg-info/top_level.txt
[6.165s] reading manifest file '../../build/motor_control_package/motor_control_package.egg-info/SOURCES.txt'
[6.170s] writing manifest file '../../build/motor_control_package/motor_control_package.egg-info/SOURCES.txt'
[6.171s] running build
[6.171s] running build_py
[6.174s] copying motor_control_package/motor_data_reader.py -> /home/eduhkrobotic2/r2_ros/build/motor_control_package/build/lib/motor_control_package
[6.175s] copying motor_control_package/__init__.py -> /home/eduhkrobotic2/r2_ros/build/motor_control_package/build/lib/motor_control_package
[6.178s] running install
[6.200s] running install_lib
[6.293s] copying /home/eduhkrobotic2/r2_ros/build/motor_control_package/build/lib/motor_control_package/motor_data_reader.py -> /home/eduhkrobotic2/r2_ros/install/motor_control_package/lib/python3.10/site-packages/motor_control_package
[6.298s] byte-compiling /home/eduhkrobotic2/r2_ros/install/motor_control_package/lib/python3.10/site-packages/motor_control_package/motor_data_reader.py to motor_data_reader.cpython-310.pyc
[6.303s] running install_data
[6.304s] running install_egg_info
[6.400s] removing '/home/eduhkrobotic2/r2_ros/install/motor_control_package/lib/python3.10/site-packages/motor_control_package-0.0.0-py3.10.egg-info' (and everything under it)
[6.403s] Copying ../../build/motor_control_package/motor_control_package.egg-info to /home/eduhkrobotic2/r2_ros/install/motor_control_package/lib/python3.10/site-packages/motor_control_package-0.0.0-py3.10.egg-info
[6.409s] running install_scripts
[7.271s] Installing motor_control_publisher script to /home/eduhkrobotic2/r2_ros/install/motor_control_package/lib/motor_control_package
[7.272s] Installing motor_control_subscriber script to /home/eduhkrobotic2/r2_ros/install/motor_control_package/lib/motor_control_package
[7.273s] Installing motor_data_reader script to /home/eduhkrobotic2/r2_ros/install/motor_control_package/lib/motor_control_package
[7.275s] writing list of installed files to '/home/eduhkrobotic2/r2_ros/build/motor_control_package/install.log'
[7.428s] Invoked command in '/home/eduhkrobotic2/r2_ros/src/motor_control_package' returned '0': PYTHONPATH=/home/eduhkrobotic2/r2_ros/build/motor_control_package/prefix_override:/home/eduhkrobotic2/r2_ros/install/motor_control_package/lib/python3.10/site-packages:${PYTHONPATH} /usr/bin/python3 -W ignore:setup.py install is deprecated setup.py egg_info --egg-base ../../build/motor_control_package build --build-base /home/eduhkrobotic2/r2_ros/build/motor_control_package/build install --record /home/eduhkrobotic2/r2_ros/build/motor_control_package/install.log --single-version-externally-managed install_data
