[7.245s] Invoking command in '/home/eduhkrobotic2/r2_ros/src/sensor': PYTHONPATH=/home/eduhkrobotic2/r2_ros/build/sensor/prefix_override:/home/eduhkrobotic2/r2_ros/install/sensor/lib/python3.10/site-packages:${PYTHONPATH} /usr/bin/python3 -W ignore:setup.py install is deprecated setup.py egg_info --egg-base ../../build/sensor build --build-base /home/eduhkrobotic2/r2_ros/build/sensor/build install --record /home/eduhkrobotic2/r2_ros/build/sensor/install.log --single-version-externally-managed install_data
[10.046s] running egg_info
[10.253s] writing ../../build/sensor/sensor.egg-info/PKG-INFO
[10.265s] writing dependency_links to ../../build/sensor/sensor.egg-info/dependency_links.txt
[10.268s] writing entry points to ../../build/sensor/sensor.egg-info/entry_points.txt
[10.270s] writing requirements to ../../build/sensor/sensor.egg-info/requires.txt
[10.272s] writing top-level names to ../../build/sensor/sensor.egg-info/top_level.txt
[10.710s] reading manifest file '../../build/sensor/sensor.egg-info/SOURCES.txt'
[10.718s] writing manifest file '../../build/sensor/sensor.egg-info/SOURCES.txt'
[10.720s] running build
[10.722s] running build_py
[10.732s] copying sensor/__init__.py -> /home/eduhkrobotic2/r2_ros/build/sensor/build/lib/sensor
[10.734s] copying sensor/stp32l.py -> /home/eduhkrobotic2/r2_ros/build/sensor/build/lib/sensor
[10.738s] copying sensor/sensor_publisher.py -> /home/eduhkrobotic2/r2_ros/build/sensor/build/lib/sensor
[10.742s] copying sensor/sensor_publisher.py -> /home/eduhkrobotic2/r2_ros/build/sensor/build/lib/sensor
[10.746s] copying sensor/__init__.py -> /home/eduhkrobotic2/r2_ros/build/sensor/build/lib/sensor
[10.748s] copying sensor/stp32l.py -> /home/eduhkrobotic2/r2_ros/build/sensor/build/lib/sensor
[10.752s] running install
[10.783s] running install_lib
[11.007s] running install_data
[11.011s] copying resource/sensor -> /home/eduhkrobotic2/r2_ros/install/sensor/share/ament_index/resource_index/packages
[11.015s] running install_egg_info
[11.376s] removing '/home/eduhkrobotic2/r2_ros/install/sensor/lib/python3.10/site-packages/sensor-0.0.0-py3.10.egg-info' (and everything under it)
[11.380s] Copying ../../build/sensor/sensor.egg-info to /home/eduhkrobotic2/r2_ros/install/sensor/lib/python3.10/site-packages/sensor-0.0.0-py3.10.egg-info
[11.390s] running install_scripts
[12.991s] Installing gyrosensor script to /home/eduhkrobotic2/r2_ros/install/sensor/lib/sensor
[12.992s] Installing sensor_publisher script to /home/eduhkrobotic2/r2_ros/install/sensor/lib/sensor
[12.993s] Installing stp32l script to /home/eduhkrobotic2/r2_ros/install/sensor/lib/sensor
[12.998s] writing list of installed files to '/home/eduhkrobotic2/r2_ros/build/sensor/install.log'
[13.214s] Invoked command in '/home/eduhkrobotic2/r2_ros/src/sensor' returned '0': PYTHONPATH=/home/eduhkrobotic2/r2_ros/build/sensor/prefix_override:/home/eduhkrobotic2/r2_ros/install/sensor/lib/python3.10/site-packages:${PYTHONPATH} /usr/bin/python3 -W ignore:setup.py install is deprecated setup.py egg_info --egg-base ../../build/sensor build --build-base /home/eduhkrobotic2/r2_ros/build/sensor/build install --record /home/eduhkrobotic2/r2_ros/build/sensor/install.log --single-version-externally-managed install_data
