[9.173s] Invoking command in '/home/eduhkrobotic2/r2_ros/src/motor_control_package': PYTHONPATH=/home/eduhkrobotic2/r2_ros/build/motor_control_package/prefix_override:/home/eduhkrobotic2/r2_ros/install/motor_control_package/lib/python3.10/site-packages:${PYTHONPATH} /usr/bin/python3 -W ignore:setup.py install is deprecated setup.py egg_info --egg-base ../../build/motor_control_package build --build-base /home/eduhkrobotic2/r2_ros/build/motor_control_package/build install --record /home/eduhkrobotic2/r2_ros/build/motor_control_package/install.log --single-version-externally-managed install_data
[11.705s] running egg_info
[11.708s] writing ../../build/motor_control_package/motor_control_package.egg-info/PKG-INFO
[11.710s] writing dependency_links to ../../build/motor_control_package/motor_control_package.egg-info/dependency_links.txt
[11.711s] writing entry points to ../../build/motor_control_package/motor_control_package.egg-info/entry_points.txt
[11.712s] writing requirements to ../../build/motor_control_package/motor_control_package.egg-info/requires.txt
[11.714s] writing top-level names to ../../build/motor_control_package/motor_control_package.egg-info/top_level.txt
[11.726s] reading manifest file '../../build/motor_control_package/motor_control_package.egg-info/SOURCES.txt'
[11.734s] writing manifest file '../../build/motor_control_package/motor_control_package.egg-info/SOURCES.txt'
[11.737s] running build
[11.739s] running build_py
[11.744s] running install
[11.745s] running install_lib
[11.772s] running install_data
[11.773s] running install_egg_info
[11.811s] removing '/home/eduhkrobotic2/r2_ros/install/motor_control_package/lib/python3.10/site-packages/motor_control_package-0.0.0-py3.10.egg-info' (and everything under it)
[11.812s] Copying ../../build/motor_control_package/motor_control_package.egg-info to /home/eduhkrobotic2/r2_ros/install/motor_control_package/lib/python3.10/site-packages/motor_control_package-0.0.0-py3.10.egg-info
[11.839s] running install_scripts
[11.933s] Installing motor_control_publisher script to /home/eduhkrobotic2/r2_ros/install/motor_control_package/lib/motor_control_package
[11.935s] Installing motor_control_subscriber script to /home/eduhkrobotic2/r2_ros/install/motor_control_package/lib/motor_control_package
[11.936s] Installing motor_data_reader script to /home/eduhkrobotic2/r2_ros/install/motor_control_package/lib/motor_control_package
[11.939s] writing list of installed files to '/home/eduhkrobotic2/r2_ros/build/motor_control_package/install.log'
[12.252s] Invoked command in '/home/eduhkrobotic2/r2_ros/src/motor_control_package' returned '0': PYTHONPATH=/home/eduhkrobotic2/r2_ros/build/motor_control_package/prefix_override:/home/eduhkrobotic2/r2_ros/install/motor_control_package/lib/python3.10/site-packages:${PYTHONPATH} /usr/bin/python3 -W ignore:setup.py install is deprecated setup.py egg_info --egg-base ../../build/motor_control_package build --build-base /home/eduhkrobotic2/r2_ros/build/motor_control_package/build install --record /home/eduhkrobotic2/r2_ros/build/motor_control_package/install.log --single-version-externally-managed install_data
