running egg_info
creating ../../build/arduino_comm/arduino_comm.egg-info
writing ../../build/arduino_comm/arduino_comm.egg-info/PKG-INFO
writing dependency_links to ../../build/arduino_comm/arduino_comm.egg-info/dependency_links.txt
writing entry points to ../../build/arduino_comm/arduino_comm.egg-info/entry_points.txt
writing requirements to ../../build/arduino_comm/arduino_comm.egg-info/requires.txt
writing top-level names to ../../build/arduino_comm/arduino_comm.egg-info/top_level.txt
writing manifest file '../../build/arduino_comm/arduino_comm.egg-info/SOURCES.txt'
reading manifest file '../../build/arduino_comm/arduino_comm.egg-info/SOURCES.txt'
writing manifest file '../../build/arduino_comm/arduino_comm.egg-info/SOURCES.txt'
running build
running build_py
creating /home/eduhkrobotic2/r2_ros/build/arduino_comm/build
creating /home/eduhkrobotic2/r2_ros/build/arduino_comm/build/lib
creating /home/eduhkrobotic2/r2_ros/build/arduino_comm/build/lib/arduino_comm
copying arduino_comm/motor_data_subscriber.py -> /home/eduhkrobotic2/r2_ros/build/arduino_comm/build/lib/arduino_comm
copying arduino_comm/arduino_mega_m3508_comm_node.py -> /home/eduhkrobotic2/r2_ros/build/arduino_comm/build/lib/arduino_comm
copying arduino_comm/__init__.py -> /home/eduhkrobotic2/r2_ros/build/arduino_comm/build/lib/arduino_comm
copying arduino_comm/motor_control_publisher.py -> /home/eduhkrobotic2/r2_ros/build/arduino_comm/build/lib/arduino_comm
running install
running install_lib
creating /home/eduhkrobotic2/r2_ros/install/arduino_comm/lib/python3.10/site-packages/arduino_comm
copying /home/eduhkrobotic2/r2_ros/build/arduino_comm/build/lib/arduino_comm/motor_data_subscriber.py -> /home/eduhkrobotic2/r2_ros/install/arduino_comm/lib/python3.10/site-packages/arduino_comm
copying /home/eduhkrobotic2/r2_ros/build/arduino_comm/build/lib/arduino_comm/arduino_mega_m3508_comm_node.py -> /home/eduhkrobotic2/r2_ros/install/arduino_comm/lib/python3.10/site-packages/arduino_comm
copying /home/eduhkrobotic2/r2_ros/build/arduino_comm/build/lib/arduino_comm/__init__.py -> /home/eduhkrobotic2/r2_ros/install/arduino_comm/lib/python3.10/site-packages/arduino_comm
copying /home/eduhkrobotic2/r2_ros/build/arduino_comm/build/lib/arduino_comm/motor_control_publisher.py -> /home/eduhkrobotic2/r2_ros/install/arduino_comm/lib/python3.10/site-packages/arduino_comm
byte-compiling /home/eduhkrobotic2/r2_ros/install/arduino_comm/lib/python3.10/site-packages/arduino_comm/motor_data_subscriber.py to motor_data_subscriber.cpython-310.pyc
byte-compiling /home/eduhkrobotic2/r2_ros/install/arduino_comm/lib/python3.10/site-packages/arduino_comm/arduino_mega_m3508_comm_node.py to arduino_mega_m3508_comm_node.cpython-310.pyc
byte-compiling /home/eduhkrobotic2/r2_ros/install/arduino_comm/lib/python3.10/site-packages/arduino_comm/__init__.py to __init__.cpython-310.pyc
byte-compiling /home/eduhkrobotic2/r2_ros/install/arduino_comm/lib/python3.10/site-packages/arduino_comm/motor_control_publisher.py to motor_control_publisher.cpython-310.pyc
running install_data
creating /home/eduhkrobotic2/r2_ros/install/arduino_comm/share/ament_index
creating /home/eduhkrobotic2/r2_ros/install/arduino_comm/share/ament_index/resource_index
creating /home/eduhkrobotic2/r2_ros/install/arduino_comm/share/ament_index/resource_index/packages
copying resource/arduino_comm -> /home/eduhkrobotic2/r2_ros/install/arduino_comm/share/ament_index/resource_index/packages
copying package.xml -> /home/eduhkrobotic2/r2_ros/install/arduino_comm/share/arduino_comm
running install_egg_info
Copying ../../build/arduino_comm/arduino_comm.egg-info to /home/eduhkrobotic2/r2_ros/install/arduino_comm/lib/python3.10/site-packages/arduino_comm-0.0.0-py3.10.egg-info
running install_scripts
Installing arduino_mega_m3508_comm_node script to /home/eduhkrobotic2/r2_ros/install/arduino_comm/lib/arduino_comm
Installing motor_control_publisher script to /home/eduhkrobotic2/r2_ros/install/arduino_comm/lib/arduino_comm
Installing motor_data_subscriber script to /home/eduhkrobotic2/r2_ros/install/arduino_comm/lib/arduino_comm
writing list of installed files to '/home/eduhkrobotic2/r2_ros/build/arduino_comm/install.log'
