running egg_info
creating ../../build/R2_main/R2_main.egg-info
writing ../../build/R2_main/R2_main.egg-info/PKG-INFO
writing dependency_links to ../../build/R2_main/R2_main.egg-info/dependency_links.txt
writing entry points to ../../build/R2_main/R2_main.egg-info/entry_points.txt
writing requirements to ../../build/R2_main/R2_main.egg-info/requires.txt
writing top-level names to ../../build/R2_main/R2_main.egg-info/top_level.txt
writing manifest file '../../build/R2_main/R2_main.egg-info/SOURCES.txt'
reading manifest file '../../build/R2_main/R2_main.egg-info/SOURCES.txt'
writing manifest file '../../build/R2_main/R2_main.egg-info/SOURCES.txt'
running build
running build_py
creating /home/eduhkrobotic2/r2_ros/build/R2_main/build
creating /home/eduhkrobotic2/r2_ros/build/R2_main/build/lib
creating /home/eduhkrobotic2/r2_ros/build/R2_main/build/lib/R2_main
copying R2_main/omni_pid.py -> /home/eduhkrobotic2/r2_ros/build/R2_main/build/lib/R2_main
copying R2_main/r2_main.py -> /home/eduhkrobotic2/r2_ros/build/R2_main/build/lib/R2_main
copying R2_main/__init__.py -> /home/eduhkrobotic2/r2_ros/build/R2_main/build/lib/R2_main
copying R2_main/r2_ps4.py -> /home/eduhkrobotic2/r2_ros/build/R2_main/build/lib/R2_main
running install
running install_lib
creating /home/eduhkrobotic2/r2_ros/install/R2_main/lib/python3.10/site-packages/R2_main
copying /home/eduhkrobotic2/r2_ros/build/R2_main/build/lib/R2_main/omni_pid.py -> /home/eduhkrobotic2/r2_ros/install/R2_main/lib/python3.10/site-packages/R2_main
copying /home/eduhkrobotic2/r2_ros/build/R2_main/build/lib/R2_main/r2_main.py -> /home/eduhkrobotic2/r2_ros/install/R2_main/lib/python3.10/site-packages/R2_main
copying /home/eduhkrobotic2/r2_ros/build/R2_main/build/lib/R2_main/__init__.py -> /home/eduhkrobotic2/r2_ros/install/R2_main/lib/python3.10/site-packages/R2_main
copying /home/eduhkrobotic2/r2_ros/build/R2_main/build/lib/R2_main/r2_ps4.py -> /home/eduhkrobotic2/r2_ros/install/R2_main/lib/python3.10/site-packages/R2_main
byte-compiling /home/eduhkrobotic2/r2_ros/install/R2_main/lib/python3.10/site-packages/R2_main/omni_pid.py to omni_pid.cpython-310.pyc
byte-compiling /home/eduhkrobotic2/r2_ros/install/R2_main/lib/python3.10/site-packages/R2_main/r2_main.py to r2_main.cpython-310.pyc
byte-compiling /home/eduhkrobotic2/r2_ros/install/R2_main/lib/python3.10/site-packages/R2_main/__init__.py to __init__.cpython-310.pyc
byte-compiling /home/eduhkrobotic2/r2_ros/install/R2_main/lib/python3.10/site-packages/R2_main/r2_ps4.py to r2_ps4.cpython-310.pyc
running install_data
creating /home/eduhkrobotic2/r2_ros/install/R2_main/share/ament_index
creating /home/eduhkrobotic2/r2_ros/install/R2_main/share/ament_index/resource_index
creating /home/eduhkrobotic2/r2_ros/install/R2_main/share/ament_index/resource_index/packages
copying resource/R2_main -> /home/eduhkrobotic2/r2_ros/install/R2_main/share/ament_index/resource_index/packages
copying package.xml -> /home/eduhkrobotic2/r2_ros/install/R2_main/share/R2_main
running install_egg_info
Copying ../../build/R2_main/R2_main.egg-info to /home/eduhkrobotic2/r2_ros/install/R2_main/lib/python3.10/site-packages/R2_main-0.0.0-py3.10.egg-info
running install_scripts
Installing r2_ps4 script to /home/eduhkrobotic2/r2_ros/install/R2_main/lib/R2_main
writing list of installed files to '/home/eduhkrobotic2/r2_ros/build/R2_main/install.log'
