[5.276s] Invoking command in '/home/eduhkrobotic2/r2_ros/src/navigation': PYTHONPATH=/home/eduhkrobotic2/r2_ros/build/navigation/prefix_override:/home/eduhkrobotic2/r2_ros/install/navigation/lib/python3.10/site-packages:${PYTHONPATH} /usr/bin/python3 -W ignore:setup.py install is deprecated setup.py egg_info --egg-base ../../build/navigation build --build-base /home/eduhkrobotic2/r2_ros/build/navigation/build install --record /home/eduhkrobotic2/r2_ros/build/navigation/install.log --single-version-externally-managed install_data
[6.924s] running egg_info
[7.041s] writing ../../build/navigation/navigation.egg-info/PKG-INFO
[7.043s] writing dependency_links to ../../build/navigation/navigation.egg-info/dependency_links.txt
[7.045s] writing entry points to ../../build/navigation/navigation.egg-info/entry_points.txt
[7.046s] writing requirements to ../../build/navigation/navigation.egg-info/requires.txt
[7.047s] writing top-level names to ../../build/navigation/navigation.egg-info/top_level.txt
[7.282s] reading manifest file '../../build/navigation/navigation.egg-info/SOURCES.txt'
[7.289s] writing manifest file '../../build/navigation/navigation.egg-info/SOURCES.txt'
[7.290s] running build
[7.290s] running build_py
[7.292s] copying navigation/omni_pid.py -> /home/eduhkrobotic2/r2_ros/build/navigation/build/lib/navigation
[7.295s] copying navigation/__init__.py -> /home/eduhkrobotic2/r2_ros/build/navigation/build/lib/navigation
[7.296s] copying navigation/navigation_node.py -> /home/eduhkrobotic2/r2_ros/build/navigation/build/lib/navigation
[7.298s] running install
[7.324s] running install_lib
[7.443s] copying /home/eduhkrobotic2/r2_ros/build/navigation/build/lib/navigation/omni_pid.py -> /home/eduhkrobotic2/r2_ros/install/navigation/lib/python3.10/site-packages/navigation
[7.448s] byte-compiling /home/eduhkrobotic2/r2_ros/install/navigation/lib/python3.10/site-packages/navigation/omni_pid.py to omni_pid.cpython-310.pyc
[7.454s] running install_data
[7.457s] running install_egg_info
[7.594s] removing '/home/eduhkrobotic2/r2_ros/install/navigation/lib/python3.10/site-packages/navigation-0.0.0-py3.10.egg-info' (and everything under it)
[7.594s] Copying ../../build/navigation/navigation.egg-info to /home/eduhkrobotic2/r2_ros/install/navigation/lib/python3.10/site-packages/navigation-0.0.0-py3.10.egg-info
[7.602s] running install_scripts
[8.686s] Installing movement_control script to /home/eduhkrobotic2/r2_ros/install/navigation/lib/navigation
[8.687s] Installing navigation_node script to /home/eduhkrobotic2/r2_ros/install/navigation/lib/navigation
[8.690s] Installing omni_pid script to /home/eduhkrobotic2/r2_ros/install/navigation/lib/navigation
[8.691s] writing list of installed files to '/home/eduhkrobotic2/r2_ros/build/navigation/install.log'
[8.871s] Invoked command in '/home/eduhkrobotic2/r2_ros/src/navigation' returned '0': PYTHONPATH=/home/eduhkrobotic2/r2_ros/build/navigation/prefix_override:/home/eduhkrobotic2/r2_ros/install/navigation/lib/python3.10/site-packages:${PYTHONPATH} /usr/bin/python3 -W ignore:setup.py install is deprecated setup.py egg_info --egg-base ../../build/navigation build --build-base /home/eduhkrobotic2/r2_ros/build/navigation/build install --record /home/eduhkrobotic2/r2_ros/build/navigation/install.log --single-version-externally-managed install_data
