running egg_info
creating ../../build/motor_control_package/arduino_comm.egg-info
writing ../../build/motor_control_package/arduino_comm.egg-info/PKG-INFO
writing dependency_links to ../../build/motor_control_package/arduino_comm.egg-info/dependency_links.txt
writing entry points to ../../build/motor_control_package/arduino_comm.egg-info/entry_points.txt
writing requirements to ../../build/motor_control_package/arduino_comm.egg-info/requires.txt
writing top-level names to ../../build/motor_control_package/arduino_comm.egg-info/top_level.txt
writing manifest file '../../build/motor_control_package/arduino_comm.egg-info/SOURCES.txt'
reading manifest file '../../build/motor_control_package/arduino_comm.egg-info/SOURCES.txt'
writing manifest file '../../build/motor_control_package/arduino_comm.egg-info/SOURCES.txt'
running build
running build_py
creating /home/eduhkrobotic2/r2_ros/build/motor_control_package/build
creating /home/eduhkrobotic2/r2_ros/build/motor_control_package/build/lib
creating /home/eduhkrobotic2/r2_ros/build/motor_control_package/build/lib/arduino_comm
copying arduino_comm/motor_data_reader.py -> /home/eduhkrobotic2/r2_ros/build/motor_control_package/build/lib/arduino_comm
copying arduino_comm/__init__.py -> /home/eduhkrobotic2/r2_ros/build/motor_control_package/build/lib/arduino_comm
copying arduino_comm/motor_control_publisher.py -> /home/eduhkrobotic2/r2_ros/build/motor_control_package/build/lib/arduino_comm
copying arduino_comm/motor_control_subscriber.py -> /home/eduhkrobotic2/r2_ros/build/motor_control_package/build/lib/arduino_comm
running install
running install_lib
creating /home/eduhkrobotic2/r2_ros/install/motor_control_package/lib/python3.10/site-packages/arduino_comm
copying /home/eduhkrobotic2/r2_ros/build/motor_control_package/build/lib/arduino_comm/motor_data_reader.py -> /home/eduhkrobotic2/r2_ros/install/motor_control_package/lib/python3.10/site-packages/arduino_comm
copying /home/eduhkrobotic2/r2_ros/build/motor_control_package/build/lib/arduino_comm/__init__.py -> /home/eduhkrobotic2/r2_ros/install/motor_control_package/lib/python3.10/site-packages/arduino_comm
copying /home/eduhkrobotic2/r2_ros/build/motor_control_package/build/lib/arduino_comm/motor_control_publisher.py -> /home/eduhkrobotic2/r2_ros/install/motor_control_package/lib/python3.10/site-packages/arduino_comm
copying /home/eduhkrobotic2/r2_ros/build/motor_control_package/build/lib/arduino_comm/motor_control_subscriber.py -> /home/eduhkrobotic2/r2_ros/install/motor_control_package/lib/python3.10/site-packages/arduino_comm
byte-compiling /home/eduhkrobotic2/r2_ros/install/motor_control_package/lib/python3.10/site-packages/arduino_comm/motor_data_reader.py to motor_data_reader.cpython-310.pyc
byte-compiling /home/eduhkrobotic2/r2_ros/install/motor_control_package/lib/python3.10/site-packages/arduino_comm/__init__.py to __init__.cpython-310.pyc
byte-compiling /home/eduhkrobotic2/r2_ros/install/motor_control_package/lib/python3.10/site-packages/arduino_comm/motor_control_publisher.py to motor_control_publisher.cpython-310.pyc
byte-compiling /home/eduhkrobotic2/r2_ros/install/motor_control_package/lib/python3.10/site-packages/arduino_comm/motor_control_subscriber.py to motor_control_subscriber.cpython-310.pyc
running install_data
copying resource/arduino_comm -> /home/eduhkrobotic2/r2_ros/install/motor_control_package/share/ament_index/resource_index/packages
creating /home/eduhkrobotic2/r2_ros/install/motor_control_package/share/arduino_comm
copying package.xml -> /home/eduhkrobotic2/r2_ros/install/motor_control_package/share/arduino_comm
running install_egg_info
Copying ../../build/motor_control_package/arduino_comm.egg-info to /home/eduhkrobotic2/r2_ros/install/motor_control_package/lib/python3.10/site-packages/arduino_comm-0.0.0-py3.10.egg-info
running install_scripts
Installing motor_control_publisher script to /home/eduhkrobotic2/r2_ros/install/motor_control_package/lib/arduino_comm
Installing motor_control_subscriber script to /home/eduhkrobotic2/r2_ros/install/motor_control_package/lib/arduino_comm
Installing motor_data_reader script to /home/eduhkrobotic2/r2_ros/install/motor_control_package/lib/arduino_comm
writing list of installed files to '/home/eduhkrobotic2/r2_ros/build/motor_control_package/install.log'
