[7.003s] Invoking command in '/home/eduhkrobotic2/r2_ros/src/r2_auto': PYTHONPATH=/home/eduhkrobotic2/r2_ros/build/r2_auto/prefix_override:/home/eduhkrobotic2/r2_ros/install/r2_auto/lib/python3.10/site-packages:${PYTHONPATH} /usr/bin/python3 -W ignore:setup.py install is deprecated setup.py egg_info --egg-base ../../build/r2_auto build --build-base /home/eduhkrobotic2/r2_ros/build/r2_auto/build install --record /home/eduhkrobotic2/r2_ros/build/r2_auto/install.log --single-version-externally-managed install_data
[9.129s] running egg_info
[9.289s] writing ../../build/r2_auto/r2_auto.egg-info/PKG-INFO
[9.293s] writing dependency_links to ../../build/r2_auto/r2_auto.egg-info/dependency_links.txt
[9.295s] writing entry points to ../../build/r2_auto/r2_auto.egg-info/entry_points.txt
[9.298s] writing requirements to ../../build/r2_auto/r2_auto.egg-info/requires.txt
[9.302s] writing top-level names to ../../build/r2_auto/r2_auto.egg-info/top_level.txt
[9.630s] reading manifest file '../../build/r2_auto/r2_auto.egg-info/SOURCES.txt'
[9.636s] writing manifest file '../../build/r2_auto/r2_auto.egg-info/SOURCES.txt'
[9.638s] running build
[9.639s] running build_py
[9.642s] copying r2_auto/omni_pid.py -> /home/eduhkrobotic2/r2_ros/build/r2_auto/build/lib/r2_auto
[9.646s] copying r2_auto/r2_main.py -> /home/eduhkrobotic2/r2_ros/build/r2_auto/build/lib/r2_auto
[9.650s] copying r2_auto/__init__.py -> /home/eduhkrobotic2/r2_ros/build/r2_auto/build/lib/r2_auto
[9.653s] copying r2_auto/r2_ps4.py -> /home/eduhkrobotic2/r2_ros/build/r2_auto/build/lib/r2_auto
[9.657s] running install
[9.688s] running install_lib
[9.853s] copying /home/eduhkrobotic2/r2_ros/build/r2_auto/build/lib/r2_auto/r2_main.py -> /home/eduhkrobotic2/r2_ros/install/r2_auto/lib/python3.10/site-packages/r2_auto
[9.859s] byte-compiling /home/eduhkrobotic2/r2_ros/install/r2_auto/lib/python3.10/site-packages/r2_auto/r2_main.py to r2_main.cpython-310.pyc
[9.867s] running install_data
[9.869s] copying resource/r2_auto -> /home/eduhkrobotic2/r2_ros/install/r2_auto/share/ament_index/resource_index/packages
[9.871s] copying package.xml -> /home/eduhkrobotic2/r2_ros/install/r2_auto/share/r2_auto
[9.874s] running install_egg_info
[10.048s] removing '/home/eduhkrobotic2/r2_ros/install/r2_auto/lib/python3.10/site-packages/r2_auto-0.0.0-py3.10.egg-info' (and everything under it)
[10.052s] Copying ../../build/r2_auto/r2_auto.egg-info to /home/eduhkrobotic2/r2_ros/install/r2_auto/lib/python3.10/site-packages/r2_auto-0.0.0-py3.10.egg-info
[10.061s] running install_scripts
[11.406s] Installing omni_pid script to /home/eduhkrobotic2/r2_ros/install/r2_auto/lib/r2_auto
[11.407s] Installing r2_main_node script to /home/eduhkrobotic2/r2_ros/install/r2_auto/lib/r2_auto
[11.410s] Installing r2_ps4_node script to /home/eduhkrobotic2/r2_ros/install/r2_auto/lib/r2_auto
[11.411s] writing list of installed files to '/home/eduhkrobotic2/r2_ros/build/r2_auto/install.log'
[11.611s] Invoked command in '/home/eduhkrobotic2/r2_ros/src/r2_auto' returned '0': PYTHONPATH=/home/eduhkrobotic2/r2_ros/build/r2_auto/prefix_override:/home/eduhkrobotic2/r2_ros/install/r2_auto/lib/python3.10/site-packages:${PYTHONPATH} /usr/bin/python3 -W ignore:setup.py install is deprecated setup.py egg_info --egg-base ../../build/r2_auto build --build-base /home/eduhkrobotic2/r2_ros/build/r2_auto/build install --record /home/eduhkrobotic2/r2_ros/build/r2_auto/install.log --single-version-externally-managed install_data
