[3.101s] Invoking command in '/home/eduhkrobotic2/r2_ros/src/navigation': PYTHONPATH=/home/eduhkrobotic2/r2_ros/build/navigation/prefix_override:/home/eduhkrobotic2/r2_ros/install/navigation/lib/python3.10/site-packages:${PYTHONPATH} /usr/bin/python3 -W ignore:setup.py install is deprecated setup.py egg_info --egg-base ../../build/navigation build --build-base /home/eduhkrobotic2/r2_ros/build/navigation/build install --record /home/eduhkrobotic2/r2_ros/build/navigation/install.log --single-version-externally-managed install_data
[4.289s] running egg_info
[4.293s] writing ../../build/navigation/navigation.egg-info/PKG-INFO
[4.294s] writing dependency_links to ../../build/navigation/navigation.egg-info/dependency_links.txt
[4.295s] writing entry points to ../../build/navigation/navigation.egg-info/entry_points.txt
[4.295s] writing requirements to ../../build/navigation/navigation.egg-info/requires.txt
[4.296s] writing top-level names to ../../build/navigation/navigation.egg-info/top_level.txt
[4.303s] reading manifest file '../../build/navigation/navigation.egg-info/SOURCES.txt'
[4.307s] writing manifest file '../../build/navigation/navigation.egg-info/SOURCES.txt'
[4.308s] running build
[4.308s] running build_py
[4.309s] copying navigation/navigation_node.py -> /home/eduhkrobotic2/r2_ros/build/navigation/build/lib/navigation
[4.310s] running install
[4.311s] running install_lib
[4.315s] copying /home/eduhkrobotic2/r2_ros/build/navigation/build/lib/navigation/navigation_node.py -> /home/eduhkrobotic2/r2_ros/install/navigation/lib/python3.10/site-packages/navigation
[4.318s] byte-compiling /home/eduhkrobotic2/r2_ros/install/navigation/lib/python3.10/site-packages/navigation/navigation_node.py to navigation_node.cpython-310.pyc
[4.320s]   File "/home/eduhkrobotic2/r2_ros/install/navigation/lib/python3.10/site-packages/navigation/navigation_node.py", line 51
[4.321s]     if direction == 90 && rotation == 0:
[4.321s]                         ^
[4.321s] SyntaxError: invalid syntax
[4.322s] 
[4.322s] running install_data
[4.322s] running install_egg_info
[4.328s] removing '/home/eduhkrobotic2/r2_ros/install/navigation/lib/python3.10/site-packages/navigation-0.0.0-py3.10.egg-info' (and everything under it)
[4.330s] Copying ../../build/navigation/navigation.egg-info to /home/eduhkrobotic2/r2_ros/install/navigation/lib/python3.10/site-packages/navigation-0.0.0-py3.10.egg-info
[4.335s] running install_scripts
[4.411s] Installing navigation_node script to /home/eduhkrobotic2/r2_ros/install/navigation/lib/navigation
[4.412s] writing list of installed files to '/home/eduhkrobotic2/r2_ros/build/navigation/install.log'
[4.549s] Invoked command in '/home/eduhkrobotic2/r2_ros/src/navigation' returned '0': PYTHONPATH=/home/eduhkrobotic2/r2_ros/build/navigation/prefix_override:/home/eduhkrobotic2/r2_ros/install/navigation/lib/python3.10/site-packages:${PYTHONPATH} /usr/bin/python3 -W ignore:setup.py install is deprecated setup.py egg_info --egg-base ../../build/navigation build --build-base /home/eduhkrobotic2/r2_ros/build/navigation/build install --record /home/eduhkrobotic2/r2_ros/build/navigation/install.log --single-version-externally-managed install_data
