[0.614s] DEBUG:colcon:Command line arguments: ['/usr/bin/colcon', 'build', '--packages-select', 'navigation']
[0.615s] DEBUG:colcon:Parsed command line arguments: Namespace(log_base=None, log_level=None, verb_name='build', build_base='build', install_base='install', merge_install=False, symlink_install=False, test_result_base=None, continue_on_error=False, executor='parallel', parallel_workers=4, event_handlers=None, ignore_user_meta=False, metas=['./colcon.meta'], base_paths=['.'], packages_ignore=None, packages_ignore_regex=None, paths=None, packages_up_to=None, packages_up_to_regex=None, packages_above=None, packages_above_and_dependencies=None, packages_above_depth=None, packages_select_by_dep=None, packages_skip_by_dep=None, packages_skip_up_to=None, packages_select_build_failed=False, packages_skip_build_finished=False, packages_select_test_failures=False, packages_skip_test_passed=False, packages_select=['navigation'], packages_skip=None, packages_select_regex=None, packages_skip_regex=None, packages_start=None, packages_end=None, allow_overriding=[], cmake_args=None, cmake_target=None, cmake_target_skip_unavailable=False, cmake_clean_cache=False, cmake_clean_first=False, cmake_force_configure=False, ament_cmake_args=None, catkin_cmake_args=None, catkin_skip_building_tests=False, verb_parser=<colcon_defaults.argument_parser.defaults.DefaultArgumentsDecorator object at 0xffff9da64430>, verb_extension=<colcon_core.verb.build.BuildVerb object at 0xffff9dc9ffa0>, main=<bound method BuildVerb.main of <colcon_core.verb.build.BuildVerb object at 0xffff9dc9ffa0>>)
[1.770s] Level 1:colcon.colcon_core.package_discovery:discover_packages(colcon_meta) check parameters
[1.770s] Level 1:colcon.colcon_core.package_discovery:discover_packages(recursive) check parameters
[1.770s] Level 1:colcon.colcon_core.package_discovery:discover_packages(ignore) check parameters
[1.771s] Level 1:colcon.colcon_core.package_discovery:discover_packages(path) check parameters
[1.771s] Level 1:colcon.colcon_core.package_discovery:discover_packages(colcon_meta) discover
[1.771s] Level 1:colcon.colcon_core.package_discovery:discover_packages(recursive) discover
[1.772s] INFO:colcon.colcon_core.package_discovery:Crawling recursively for packages in '/home/eduhkrobotic2/r2_ros'
[1.772s] Level 1:colcon.colcon_core.package_identification:_identify(.) by extensions ['ignore', 'ignore_ament_install']
[1.774s] Level 1:colcon.colcon_core.package_identification:_identify(.) by extension 'ignore'
[1.774s] Level 1:colcon.colcon_core.package_identification:_identify(.) by extension 'ignore_ament_install'
[1.775s] Level 1:colcon.colcon_core.package_identification:_identify(.) by extensions ['colcon_pkg']
[1.776s] Level 1:colcon.colcon_core.package_identification:_identify(.) by extension 'colcon_pkg'
[1.776s] Level 1:colcon.colcon_core.package_identification:_identify(.) by extensions ['colcon_meta']
[1.777s] Level 1:colcon.colcon_core.package_identification:_identify(.) by extension 'colcon_meta'
[1.777s] Level 1:colcon.colcon_core.package_identification:_identify(.) by extensions ['ros']
[1.778s] Level 1:colcon.colcon_core.package_identification:_identify(.) by extension 'ros'
[1.832s] Level 1:colcon.colcon_core.package_identification:_identify(.) by extensions ['cmake', 'python']
[1.832s] Level 1:colcon.colcon_core.package_identification:_identify(.) by extension 'cmake'
[1.833s] Level 1:colcon.colcon_core.package_identification:_identify(.) by extension 'python'
[1.833s] Level 1:colcon.colcon_core.package_identification:_identify(.) by extensions ['python_setup_py']
[1.833s] Level 1:colcon.colcon_core.package_identification:_identify(.) by extension 'python_setup_py'
[1.834s] Level 1:colcon.colcon_core.package_identification:_identify(build) by extensions ['ignore', 'ignore_ament_install']
[1.835s] Level 1:colcon.colcon_core.package_identification:_identify(build) by extension 'ignore'
[1.836s] Level 1:colcon.colcon_core.package_identification:_identify(build) ignored
[1.837s] Level 1:colcon.colcon_core.package_identification:_identify(install) by extensions ['ignore', 'ignore_ament_install']
[1.837s] Level 1:colcon.colcon_core.package_identification:_identify(install) by extension 'ignore'
[1.837s] Level 1:colcon.colcon_core.package_identification:_identify(install) ignored
[1.839s] Level 1:colcon.colcon_core.package_identification:_identify(log) by extensions ['ignore', 'ignore_ament_install']
[1.839s] Level 1:colcon.colcon_core.package_identification:_identify(log) by extension 'ignore'
[1.839s] Level 1:colcon.colcon_core.package_identification:_identify(log) ignored
[1.840s] Level 1:colcon.colcon_core.package_identification:_identify(src) by extensions ['ignore', 'ignore_ament_install']
[1.841s] Level 1:colcon.colcon_core.package_identification:_identify(src) by extension 'ignore'
[1.841s] Level 1:colcon.colcon_core.package_identification:_identify(src) by extension 'ignore_ament_install'
[1.842s] Level 1:colcon.colcon_core.package_identification:_identify(src) by extensions ['colcon_pkg']
[1.842s] Level 1:colcon.colcon_core.package_identification:_identify(src) by extension 'colcon_pkg'
[1.843s] Level 1:colcon.colcon_core.package_identification:_identify(src) by extensions ['colcon_meta']
[1.843s] Level 1:colcon.colcon_core.package_identification:_identify(src) by extension 'colcon_meta'
[1.843s] Level 1:colcon.colcon_core.package_identification:_identify(src) by extensions ['ros']
[1.844s] Level 1:colcon.colcon_core.package_identification:_identify(src) by extension 'ros'
[1.844s] Level 1:colcon.colcon_core.package_identification:_identify(src) by extensions ['cmake', 'python']
[1.844s] Level 1:colcon.colcon_core.package_identification:_identify(src) by extension 'cmake'
[1.844s] Level 1:colcon.colcon_core.package_identification:_identify(src) by extension 'python'
[1.845s] Level 1:colcon.colcon_core.package_identification:_identify(src) by extensions ['python_setup_py']
[1.845s] Level 1:colcon.colcon_core.package_identification:_identify(src) by extension 'python_setup_py'
[1.845s] Level 1:colcon.colcon_core.package_identification:_identify(src/motor_control_package) by extensions ['ignore', 'ignore_ament_install']
[1.846s] Level 1:colcon.colcon_core.package_identification:_identify(src/motor_control_package) by extension 'ignore'
[1.846s] Level 1:colcon.colcon_core.package_identification:_identify(src/motor_control_package) by extension 'ignore_ament_install'
[1.846s] Level 1:colcon.colcon_core.package_identification:_identify(src/motor_control_package) by extensions ['colcon_pkg']
[1.846s] Level 1:colcon.colcon_core.package_identification:_identify(src/motor_control_package) by extension 'colcon_pkg'
[1.847s] Level 1:colcon.colcon_core.package_identification:_identify(src/motor_control_package) by extensions ['colcon_meta']
[1.847s] Level 1:colcon.colcon_core.package_identification:_identify(src/motor_control_package) by extension 'colcon_meta'
[1.847s] Level 1:colcon.colcon_core.package_identification:_identify(src/motor_control_package) by extensions ['ros']
[1.847s] Level 1:colcon.colcon_core.package_identification:_identify(src/motor_control_package) by extension 'ros'
[1.856s] DEBUG:colcon.colcon_core.package_identification:Package 'src/motor_control_package' with type 'ros.ament_python' and name 'motor_control_package'
[1.857s] Level 1:colcon.colcon_core.package_identification:_identify(src/navigation) by extensions ['ignore', 'ignore_ament_install']
[1.857s] Level 1:colcon.colcon_core.package_identification:_identify(src/navigation) by extension 'ignore'
[1.857s] Level 1:colcon.colcon_core.package_identification:_identify(src/navigation) by extension 'ignore_ament_install'
[1.857s] Level 1:colcon.colcon_core.package_identification:_identify(src/navigation) by extensions ['colcon_pkg']
[1.858s] Level 1:colcon.colcon_core.package_identification:_identify(src/navigation) by extension 'colcon_pkg'
[1.858s] Level 1:colcon.colcon_core.package_identification:_identify(src/navigation) by extensions ['colcon_meta']
[1.858s] Level 1:colcon.colcon_core.package_identification:_identify(src/navigation) by extension 'colcon_meta'
[1.858s] Level 1:colcon.colcon_core.package_identification:_identify(src/navigation) by extensions ['ros']
[1.858s] Level 1:colcon.colcon_core.package_identification:_identify(src/navigation) by extension 'ros'
[1.861s] DEBUG:colcon.colcon_core.package_identification:Package 'src/navigation' with type 'ros.ament_python' and name 'navigation'
[1.862s] Level 1:colcon.colcon_core.package_identification:_identify(src/ps4) by extensions ['ignore', 'ignore_ament_install']
[1.863s] Level 1:colcon.colcon_core.package_identification:_identify(src/ps4) by extension 'ignore'
[1.863s] Level 1:colcon.colcon_core.package_identification:_identify(src/ps4) by extension 'ignore_ament_install'
[1.863s] Level 1:colcon.colcon_core.package_identification:_identify(src/ps4) by extensions ['colcon_pkg']
[1.864s] Level 1:colcon.colcon_core.package_identification:_identify(src/ps4) by extension 'colcon_pkg'
[1.864s] Level 1:colcon.colcon_core.package_identification:_identify(src/ps4) by extensions ['colcon_meta']
[1.864s] Level 1:colcon.colcon_core.package_identification:_identify(src/ps4) by extension 'colcon_meta'
[1.864s] Level 1:colcon.colcon_core.package_identification:_identify(src/ps4) by extensions ['ros']
[1.864s] Level 1:colcon.colcon_core.package_identification:_identify(src/ps4) by extension 'ros'
[1.868s] DEBUG:colcon.colcon_core.package_identification:Package 'src/ps4' with type 'ros.ament_python' and name 'ps4'
[1.868s] Level 1:colcon.colcon_core.package_discovery:discover_packages(recursive) using defaults
[1.869s] Level 1:colcon.colcon_core.package_discovery:discover_packages(ignore) discover
[1.869s] Level 1:colcon.colcon_core.package_discovery:discover_packages(ignore) using defaults
[1.869s] Level 1:colcon.colcon_core.package_discovery:discover_packages(path) discover
[1.869s] Level 1:colcon.colcon_core.package_discovery:discover_packages(path) using defaults
[2.025s] INFO:colcon.colcon_core.package_selection:Skipping not selected package 'motor_control_package' in 'src/motor_control_package'
[2.025s] INFO:colcon.colcon_core.package_selection:Skipping not selected package 'ps4' in 'src/ps4'
[2.028s] Level 1:colcon.colcon_core.package_discovery:discover_packages(prefix_path) check parameters
[2.029s] Level 1:colcon.colcon_core.package_discovery:discover_packages(prefix_path) discover
[2.039s] DEBUG:colcon.colcon_installed_package_information.package_discovery:Found 4 installed packages in /home/eduhkrobotic2/r2_ros/install
[2.049s] DEBUG:colcon.colcon_installed_package_information.package_discovery:Found 278 installed packages in /opt/ros/humble
[2.057s] Level 1:colcon.colcon_core.package_discovery:discover_packages(prefix_path) using defaults
[2.287s] Level 5:colcon.colcon_core.verb:set package 'navigation' build argument 'cmake_args' from command line to 'None'
[2.287s] Level 5:colcon.colcon_core.verb:set package 'navigation' build argument 'cmake_target' from command line to 'None'
[2.287s] Level 5:colcon.colcon_core.verb:set package 'navigation' build argument 'cmake_target_skip_unavailable' from command line to 'False'
[2.287s] Level 5:colcon.colcon_core.verb:set package 'navigation' build argument 'cmake_clean_cache' from command line to 'False'
[2.287s] Level 5:colcon.colcon_core.verb:set package 'navigation' build argument 'cmake_clean_first' from command line to 'False'
[2.287s] Level 5:colcon.colcon_core.verb:set package 'navigation' build argument 'cmake_force_configure' from command line to 'False'
[2.288s] Level 5:colcon.colcon_core.verb:set package 'navigation' build argument 'ament_cmake_args' from command line to 'None'
[2.288s] Level 5:colcon.colcon_core.verb:set package 'navigation' build argument 'catkin_cmake_args' from command line to 'None'
[2.288s] Level 5:colcon.colcon_core.verb:set package 'navigation' build argument 'catkin_skip_building_tests' from command line to 'False'
[2.288s] DEBUG:colcon.colcon_core.verb:Building package 'navigation' with the following arguments: {'ament_cmake_args': None, 'build_base': '/home/eduhkrobotic2/r2_ros/build/navigation', 'catkin_cmake_args': None, 'catkin_skip_building_tests': False, 'cmake_args': None, 'cmake_clean_cache': False, 'cmake_clean_first': False, 'cmake_force_configure': False, 'cmake_target': None, 'cmake_target_skip_unavailable': False, 'install_base': '/home/eduhkrobotic2/r2_ros/install/navigation', 'merge_install': False, 'path': '/home/eduhkrobotic2/r2_ros/src/navigation', 'symlink_install': False, 'test_result_base': None}
[2.289s] INFO:colcon.colcon_core.executor:Executing jobs using 'parallel' executor
[2.293s] DEBUG:colcon.colcon_parallel_executor.executor.parallel:run_until_complete
[2.294s] INFO:colcon.colcon_ros.task.ament_python.build:Building ROS package in '/home/eduhkrobotic2/r2_ros/src/navigation' with build type 'ament_python'
[2.295s] Level 1:colcon.colcon_core.shell:create_environment_hook('navigation', 'ament_prefix_path')
[2.308s] INFO:colcon.colcon_core.plugin_system:Skipping extension 'colcon_core.shell.bat': Not used on non-Windows systems
[2.309s] INFO:colcon.colcon_core.shell:Creating environment hook '/home/eduhkrobotic2/r2_ros/install/navigation/share/navigation/hook/ament_prefix_path.ps1'
[2.313s] INFO:colcon.colcon_core.shell:Creating environment descriptor '/home/eduhkrobotic2/r2_ros/install/navigation/share/navigation/hook/ament_prefix_path.dsv'
[2.316s] INFO:colcon.colcon_core.shell:Creating environment hook '/home/eduhkrobotic2/r2_ros/install/navigation/share/navigation/hook/ament_prefix_path.sh'
[2.319s] INFO:colcon.colcon_core.shell:Skip shell extension 'powershell' for command environment: Not usable outside of PowerShell
[2.320s] DEBUG:colcon.colcon_core.shell:Skip shell extension 'dsv' for command environment
[3.997s] INFO:colcon.colcon_core.task.python.build:Building Python package in '/home/eduhkrobotic2/r2_ros/src/navigation'
[3.998s] INFO:colcon.colcon_core.shell:Skip shell extension 'powershell' for command environment: Not usable outside of PowerShell
[3.998s] DEBUG:colcon.colcon_core.shell:Skip shell extension 'dsv' for command environment
[6.096s] DEBUG:colcon.colcon_core.event_handler.log_command:Invoking command in '/home/eduhkrobotic2/r2_ros/src/navigation': PYTHONPATH=/home/eduhkrobotic2/r2_ros/build/navigation/prefix_override:/home/eduhkrobotic2/r2_ros/install/navigation/lib/python3.10/site-packages:${PYTHONPATH} /usr/bin/python3 -W ignore:setup.py install is deprecated setup.py egg_info --egg-base ../../build/navigation build --build-base /home/eduhkrobotic2/r2_ros/build/navigation/build install --record /home/eduhkrobotic2/r2_ros/build/navigation/install.log --single-version-externally-managed install_data
[8.009s] DEBUG:colcon.colcon_core.event_handler.log_command:Invoked command in '/home/eduhkrobotic2/r2_ros/src/navigation' returned '0': PYTHONPATH=/home/eduhkrobotic2/r2_ros/build/navigation/prefix_override:/home/eduhkrobotic2/r2_ros/install/navigation/lib/python3.10/site-packages:${PYTHONPATH} /usr/bin/python3 -W ignore:setup.py install is deprecated setup.py egg_info --egg-base ../../build/navigation build --build-base /home/eduhkrobotic2/r2_ros/build/navigation/build install --record /home/eduhkrobotic2/r2_ros/build/navigation/install.log --single-version-externally-managed install_data
[8.023s] Level 1:colcon.colcon_core.environment:checking '/home/eduhkrobotic2/r2_ros/install/navigation' for CMake module files
[8.026s] Level 1:colcon.colcon_core.environment:checking '/home/eduhkrobotic2/r2_ros/install/navigation' for CMake config files
[8.030s] Level 1:colcon.colcon_core.environment:checking '/home/eduhkrobotic2/r2_ros/install/navigation/lib'
[8.031s] Level 1:colcon.colcon_core.environment:checking '/home/eduhkrobotic2/r2_ros/install/navigation/bin'
[8.032s] Level 1:colcon.colcon_core.environment:checking '/home/eduhkrobotic2/r2_ros/install/navigation/lib/pkgconfig/navigation.pc'
[8.033s] Level 1:colcon.colcon_core.environment:checking '/home/eduhkrobotic2/r2_ros/install/navigation/lib/python3.10/site-packages'
[8.034s] Level 1:colcon.colcon_core.shell:create_environment_hook('navigation', 'pythonpath')
[8.035s] INFO:colcon.colcon_core.shell:Creating environment hook '/home/eduhkrobotic2/r2_ros/install/navigation/share/navigation/hook/pythonpath.ps1'
[8.038s] INFO:colcon.colcon_core.shell:Creating environment descriptor '/home/eduhkrobotic2/r2_ros/install/navigation/share/navigation/hook/pythonpath.dsv'
[8.040s] INFO:colcon.colcon_core.shell:Creating environment hook '/home/eduhkrobotic2/r2_ros/install/navigation/share/navigation/hook/pythonpath.sh'
[8.044s] Level 1:colcon.colcon_core.environment:checking '/home/eduhkrobotic2/r2_ros/install/navigation/bin'
[8.045s] Level 1:colcon.colcon_core.environment:create_environment_scripts_only(navigation)
[8.047s] INFO:colcon.colcon_core.shell:Creating package script '/home/eduhkrobotic2/r2_ros/install/navigation/share/navigation/package.ps1'
[8.051s] INFO:colcon.colcon_core.shell:Creating package descriptor '/home/eduhkrobotic2/r2_ros/install/navigation/share/navigation/package.dsv'
[8.054s] INFO:colcon.colcon_core.shell:Creating package script '/home/eduhkrobotic2/r2_ros/install/navigation/share/navigation/package.sh'
[8.058s] INFO:colcon.colcon_core.shell:Creating package script '/home/eduhkrobotic2/r2_ros/install/navigation/share/navigation/package.bash'
[8.062s] INFO:colcon.colcon_core.shell:Creating package script '/home/eduhkrobotic2/r2_ros/install/navigation/share/navigation/package.zsh'
[8.065s] Level 1:colcon.colcon_core.environment:create_file_with_runtime_dependencies(/home/eduhkrobotic2/r2_ros/install/navigation/share/colcon-core/packages/navigation)
[8.067s] DEBUG:colcon.colcon_parallel_executor.executor.parallel:closing loop
[8.069s] DEBUG:colcon.colcon_parallel_executor.executor.parallel:loop closed
[8.070s] DEBUG:colcon.colcon_parallel_executor.executor.parallel:run_until_complete finished with '0'
[8.070s] DEBUG:colcon.colcon_core.event_reactor:joining thread
[8.101s] INFO:colcon.colcon_core.plugin_system:Skipping extension 'colcon_notification.desktop_notification.terminal_notifier': Not used on non-Darwin systems
[8.101s] INFO:colcon.colcon_core.plugin_system:Skipping extension 'colcon_notification.desktop_notification.win32': Not used on non-Windows systems
[8.102s] INFO:colcon.colcon_notification.desktop_notification:Sending desktop notification using 'notify2'
[8.158s] DEBUG:colcon.colcon_core.event_reactor:joined thread
[8.160s] INFO:colcon.colcon_core.shell:Creating prefix script '/home/eduhkrobotic2/r2_ros/install/local_setup.ps1'
[8.166s] INFO:colcon.colcon_core.shell:Creating prefix util module '/home/eduhkrobotic2/r2_ros/install/_local_setup_util_ps1.py'
[8.173s] INFO:colcon.colcon_core.shell:Creating prefix chain script '/home/eduhkrobotic2/r2_ros/install/setup.ps1'
[8.181s] INFO:colcon.colcon_core.shell:Creating prefix script '/home/eduhkrobotic2/r2_ros/install/local_setup.sh'
[8.184s] INFO:colcon.colcon_core.shell:Creating prefix util module '/home/eduhkrobotic2/r2_ros/install/_local_setup_util_sh.py'
[8.187s] INFO:colcon.colcon_core.shell:Creating prefix chain script '/home/eduhkrobotic2/r2_ros/install/setup.sh'
[8.193s] INFO:colcon.colcon_core.shell:Creating prefix script '/home/eduhkrobotic2/r2_ros/install/local_setup.bash'
[8.196s] INFO:colcon.colcon_core.shell:Creating prefix chain script '/home/eduhkrobotic2/r2_ros/install/setup.bash'
[8.202s] INFO:colcon.colcon_core.shell:Creating prefix script '/home/eduhkrobotic2/r2_ros/install/local_setup.zsh'
[8.205s] INFO:colcon.colcon_core.shell:Creating prefix chain script '/home/eduhkrobotic2/r2_ros/install/setup.zsh'
