[2.889s] Invoking command in '/home/eduhkrobotic2/r2_ros/src/navigation': PYTHONPATH=/home/eduhkrobotic2/r2_ros/build/navigation/prefix_override:/home/eduhkrobotic2/r2_ros/install/navigation/lib/python3.10/site-packages:${PYTHONPATH} /usr/bin/python3 -W ignore:setup.py install is deprecated setup.py egg_info --egg-base ../../build/navigation build --build-base /home/eduhkrobotic2/r2_ros/build/navigation/build install --record /home/eduhkrobotic2/r2_ros/build/navigation/install.log --single-version-externally-managed install_data
[4.058s] running egg_info
[4.062s] writing ../../build/navigation/navigation.egg-info/PKG-INFO
[4.063s] writing dependency_links to ../../build/navigation/navigation.egg-info/dependency_links.txt
[4.064s] writing entry points to ../../build/navigation/navigation.egg-info/entry_points.txt
[4.065s] writing requirements to ../../build/navigation/navigation.egg-info/requires.txt
[4.065s] writing top-level names to ../../build/navigation/navigation.egg-info/top_level.txt
[4.073s] reading manifest file '../../build/navigation/navigation.egg-info/SOURCES.txt'
[4.077s] writing manifest file '../../build/navigation/navigation.egg-info/SOURCES.txt'
[4.077s] running build
[4.078s] running build_py
[4.078s] copying navigation/navigation_node.py -> /home/eduhkrobotic2/r2_ros/build/navigation/build/lib/navigation
[4.080s] running install
[4.081s] running install_lib
[4.084s] copying /home/eduhkrobotic2/r2_ros/build/navigation/build/lib/navigation/navigation_node.py -> /home/eduhkrobotic2/r2_ros/install/navigation/lib/python3.10/site-packages/navigation
[4.087s] byte-compiling /home/eduhkrobotic2/r2_ros/install/navigation/lib/python3.10/site-packages/navigation/navigation_node.py to navigation_node.cpython-310.pyc
[4.090s] running install_data
[4.091s] running install_egg_info
[4.098s] removing '/home/eduhkrobotic2/r2_ros/install/navigation/lib/python3.10/site-packages/navigation-0.0.0-py3.10.egg-info' (and everything under it)
[4.100s] Copying ../../build/navigation/navigation.egg-info to /home/eduhkrobotic2/r2_ros/install/navigation/lib/python3.10/site-packages/navigation-0.0.0-py3.10.egg-info
[4.105s] running install_scripts
[4.180s] Installing navigation_node script to /home/eduhkrobotic2/r2_ros/install/navigation/lib/navigation
[4.182s] writing list of installed files to '/home/eduhkrobotic2/r2_ros/build/navigation/install.log'
[4.308s] Invoked command in '/home/eduhkrobotic2/r2_ros/src/navigation' returned '0': PYTHONPATH=/home/eduhkrobotic2/r2_ros/build/navigation/prefix_override:/home/eduhkrobotic2/r2_ros/install/navigation/lib/python3.10/site-packages:${PYTHONPATH} /usr/bin/python3 -W ignore:setup.py install is deprecated setup.py egg_info --egg-base ../../build/navigation build --build-base /home/eduhkrobotic2/r2_ros/build/navigation/build install --record /home/eduhkrobotic2/r2_ros/build/navigation/install.log --single-version-externally-managed install_data
