[6.301s] Invoking command in '/home/eduhkrobotic2/r2_ros/src/r2_auto': PYTHONPATH=/home/eduhkrobotic2/r2_ros/build/r2_auto/prefix_override:/home/eduhkrobotic2/r2_ros/install/r2_auto/lib/python3.10/site-packages:${PYTHONPATH} /usr/bin/python3 -W ignore:setup.py install is deprecated setup.py egg_info --egg-base ../../build/r2_auto build --build-base /home/eduhkrobotic2/r2_ros/build/r2_auto/build install --record /home/eduhkrobotic2/r2_ros/build/r2_auto/install.log --single-version-externally-managed install_data
[8.256s] running egg_info
[8.400s] writing ../../build/r2_auto/r2_auto.egg-info/PKG-INFO
[8.401s] writing dependency_links to ../../build/r2_auto/r2_auto.egg-info/dependency_links.txt
[8.405s] writing entry points to ../../build/r2_auto/r2_auto.egg-info/entry_points.txt
[8.405s] writing requirements to ../../build/r2_auto/r2_auto.egg-info/requires.txt
[8.406s] writing top-level names to ../../build/r2_auto/r2_auto.egg-info/top_level.txt
[8.705s] reading manifest file '../../build/r2_auto/r2_auto.egg-info/SOURCES.txt'
[8.711s] writing manifest file '../../build/r2_auto/r2_auto.egg-info/SOURCES.txt'
[8.713s] running build
[8.713s] running build_py
[8.714s] copying r2_auto/omni_pid.py -> /home/eduhkrobotic2/r2_ros/build/r2_auto/build/lib/r2_auto
[8.715s] copying r2_auto/r2_main.py -> /home/eduhkrobotic2/r2_ros/build/r2_auto/build/lib/r2_auto
[8.716s] copying r2_auto/__init__.py -> /home/eduhkrobotic2/r2_ros/build/r2_auto/build/lib/r2_auto
[8.717s] copying r2_auto/r2_ps4.py -> /home/eduhkrobotic2/r2_ros/build/r2_auto/build/lib/r2_auto
[8.719s] running install
[8.747s] running install_lib
[8.896s] copying /home/eduhkrobotic2/r2_ros/build/r2_auto/build/lib/r2_auto/r2_main.py -> /home/eduhkrobotic2/r2_ros/install/r2_auto/lib/python3.10/site-packages/r2_auto
[8.900s] byte-compiling /home/eduhkrobotic2/r2_ros/install/r2_auto/lib/python3.10/site-packages/r2_auto/r2_main.py to r2_main.cpython-310.pyc
[8.908s] running install_data
[8.909s] copying resource/r2_auto -> /home/eduhkrobotic2/r2_ros/install/r2_auto/share/ament_index/resource_index/packages
[8.910s] copying package.xml -> /home/eduhkrobotic2/r2_ros/install/r2_auto/share/r2_auto
[8.911s] running install_egg_info
[9.064s] removing '/home/eduhkrobotic2/r2_ros/install/r2_auto/lib/python3.10/site-packages/r2_auto-0.0.0-py3.10.egg-info' (and everything under it)
[9.068s] Copying ../../build/r2_auto/r2_auto.egg-info to /home/eduhkrobotic2/r2_ros/install/r2_auto/lib/python3.10/site-packages/r2_auto-0.0.0-py3.10.egg-info
[9.076s] running install_scripts
[10.350s] Installing omni_pid script to /home/eduhkrobotic2/r2_ros/install/r2_auto/lib/r2_auto
[10.351s] Installing r2_main_node script to /home/eduhkrobotic2/r2_ros/install/r2_auto/lib/r2_auto
[10.355s] Installing r2_ps4_node script to /home/eduhkrobotic2/r2_ros/install/r2_auto/lib/r2_auto
[10.367s] writing list of installed files to '/home/eduhkrobotic2/r2_ros/build/r2_auto/install.log'
[10.548s] Invoked command in '/home/eduhkrobotic2/r2_ros/src/r2_auto' returned '0': PYTHONPATH=/home/eduhkrobotic2/r2_ros/build/r2_auto/prefix_override:/home/eduhkrobotic2/r2_ros/install/r2_auto/lib/python3.10/site-packages:${PYTHONPATH} /usr/bin/python3 -W ignore:setup.py install is deprecated setup.py egg_info --egg-base ../../build/r2_auto build --build-base /home/eduhkrobotic2/r2_ros/build/r2_auto/build install --record /home/eduhkrobotic2/r2_ros/build/r2_auto/install.log --single-version-externally-managed install_data
