[3.040s] Invoking command in '/home/eduhkrobotic2/r2_ros/src/navigation': PYTHONPATH=/home/eduhkrobotic2/r2_ros/build/navigation/prefix_override:/home/eduhkrobotic2/r2_ros/install/navigation/lib/python3.10/site-packages:${PYTHONPATH} /usr/bin/python3 -W ignore:setup.py install is deprecated setup.py egg_info --egg-base ../../build/navigation build --build-base /home/eduhkrobotic2/r2_ros/build/navigation/build install --record /home/eduhkrobotic2/r2_ros/build/navigation/install.log --single-version-externally-managed install_data
[4.245s] running egg_info
[4.248s] writing ../../build/navigation/navigation.egg-info/PKG-INFO
[4.250s] writing dependency_links to ../../build/navigation/navigation.egg-info/dependency_links.txt
[4.251s] writing entry points to ../../build/navigation/navigation.egg-info/entry_points.txt
[4.251s] writing requirements to ../../build/navigation/navigation.egg-info/requires.txt
[4.252s] writing top-level names to ../../build/navigation/navigation.egg-info/top_level.txt
[4.262s] reading manifest file '../../build/navigation/navigation.egg-info/SOURCES.txt'
[4.265s] writing manifest file '../../build/navigation/navigation.egg-info/SOURCES.txt'
[4.266s] running build
[4.266s] running build_py
[4.268s] running install
[4.269s] running install_lib
[4.275s] running install_data
[4.275s] running install_egg_info
[4.283s] removing '/home/eduhkrobotic2/r2_ros/install/navigation/lib/python3.10/site-packages/navigation-0.0.0-py3.10.egg-info' (and everything under it)
[4.284s] Copying ../../build/navigation/navigation.egg-info to /home/eduhkrobotic2/r2_ros/install/navigation/lib/python3.10/site-packages/navigation-0.0.0-py3.10.egg-info
[4.290s] running install_scripts
[4.369s] Installing navigation_node script to /home/eduhkrobotic2/r2_ros/install/navigation/lib/navigation
[4.370s] Installing omni_pid script to /home/eduhkrobotic2/r2_ros/install/navigation/lib/navigation
[4.371s] writing list of installed files to '/home/eduhkrobotic2/r2_ros/build/navigation/install.log'
[4.509s] Invoked command in '/home/eduhkrobotic2/r2_ros/src/navigation' returned '0': PYTHONPATH=/home/eduhkrobotic2/r2_ros/build/navigation/prefix_override:/home/eduhkrobotic2/r2_ros/install/navigation/lib/python3.10/site-packages:${PYTHONPATH} /usr/bin/python3 -W ignore:setup.py install is deprecated setup.py egg_info --egg-base ../../build/navigation build --build-base /home/eduhkrobotic2/r2_ros/build/navigation/build install --record /home/eduhkrobotic2/r2_ros/build/navigation/install.log --single-version-externally-managed install_data
