[9.454s] Invoking command in '/home/eduhkrobotic2/r2_ros/src/ps4': PYTHONPATH=/home/eduhkrobotic2/r2_ros/build/ps4/prefix_override:/home/eduhkrobotic2/r2_ros/install/ps4/lib/python3.10/site-packages:${PYTHONPATH} /usr/bin/python3 -W ignore:setup.py install is deprecated setup.py egg_info --egg-base ../../build/ps4 build --build-base /home/eduhkrobotic2/r2_ros/build/ps4/build install --record /home/eduhkrobotic2/r2_ros/build/ps4/install.log --single-version-externally-managed install_data
[11.618s] running egg_info
[11.627s] writing ../../build/ps4/ps4.egg-info/PKG-INFO
[11.631s] writing dependency_links to ../../build/ps4/ps4.egg-info/dependency_links.txt
[11.633s] writing entry points to ../../build/ps4/ps4.egg-info/entry_points.txt
[11.633s] writing requirements to ../../build/ps4/ps4.egg-info/requires.txt
[11.635s] writing top-level names to ../../build/ps4/ps4.egg-info/top_level.txt
[11.646s] reading manifest file '../../build/ps4/ps4.egg-info/SOURCES.txt'
[11.650s] writing manifest file '../../build/ps4/ps4.egg-info/SOURCES.txt'
[11.652s] running build
[11.653s] running build_py
[11.654s] running install
[11.656s] running install_lib
[11.665s] running install_data
[11.667s] running install_egg_info
[11.679s] removing '/home/eduhkrobotic2/r2_ros/install/ps4/lib/python3.10/site-packages/ps4-0.0.0-py3.10.egg-info' (and everything under it)
[11.683s] Copying ../../build/ps4/ps4.egg-info to /home/eduhkrobotic2/r2_ros/install/ps4/lib/python3.10/site-packages/ps4-0.0.0-py3.10.egg-info
[11.694s] running install_scripts
[11.917s] Installing ps4_publisher script to /home/eduhkrobotic2/r2_ros/install/ps4/lib/ps4
[11.922s] Installing ps4_subscriber script to /home/eduhkrobotic2/r2_ros/install/ps4/lib/ps4
[11.929s] writing list of installed files to '/home/eduhkrobotic2/r2_ros/build/ps4/install.log'
[12.164s] Invoked command in '/home/eduhkrobotic2/r2_ros/src/ps4' returned '0': PYTHONPATH=/home/eduhkrobotic2/r2_ros/build/ps4/prefix_override:/home/eduhkrobotic2/r2_ros/install/ps4/lib/python3.10/site-packages:${PYTHONPATH} /usr/bin/python3 -W ignore:setup.py install is deprecated setup.py egg_info --egg-base ../../build/ps4 build --build-base /home/eduhkrobotic2/r2_ros/build/ps4/build install --record /home/eduhkrobotic2/r2_ros/build/ps4/install.log --single-version-externally-managed install_data
