[8.335s] Invoking command in '/home/eduhkrobotic2/r2_ros/src/ps4': PYTHONPATH=/home/eduhkrobotic2/r2_ros/build/ps4/prefix_override:/home/eduhkrobotic2/r2_ros/install/ps4/lib/python3.10/site-packages:${PYTHONPATH} /usr/bin/python3 -W ignore:setup.py install is deprecated setup.py egg_info --egg-base ../../build/ps4 build --build-base /home/eduhkrobotic2/r2_ros/build/ps4/build install --record /home/eduhkrobotic2/r2_ros/build/ps4/install.log --single-version-externally-managed install_data
[10.556s] running egg_info
[10.575s] writing ../../build/ps4/ps4.egg-info/PKG-INFO
[10.589s] writing dependency_links to ../../build/ps4/ps4.egg-info/dependency_links.txt
[10.598s] writing entry points to ../../build/ps4/ps4.egg-info/entry_points.txt
[10.600s] writing requirements to ../../build/ps4/ps4.egg-info/requires.txt
[10.605s] writing top-level names to ../../build/ps4/ps4.egg-info/top_level.txt
[10.672s] reading manifest file '../../build/ps4/ps4.egg-info/SOURCES.txt'
[10.681s] writing manifest file '../../build/ps4/ps4.egg-info/SOURCES.txt'
[10.683s] running build
[10.684s] running build_py
[10.690s] running install
[10.691s] running install_lib
[10.706s] running install_data
[10.707s] running install_egg_info
[10.722s] removing '/home/eduhkrobotic2/r2_ros/install/ps4/lib/python3.10/site-packages/ps4-0.0.0-py3.10.egg-info' (and everything under it)
[10.725s] Copying ../../build/ps4/ps4.egg-info to /home/eduhkrobotic2/r2_ros/install/ps4/lib/python3.10/site-packages/ps4-0.0.0-py3.10.egg-info
[10.752s] running install_scripts
[10.965s] Installing ps4_publisher script to /home/eduhkrobotic2/r2_ros/install/ps4/lib/ps4
[10.966s] Installing ps4_subscriber script to /home/eduhkrobotic2/r2_ros/install/ps4/lib/ps4
[10.973s] writing list of installed files to '/home/eduhkrobotic2/r2_ros/build/ps4/install.log'
[11.223s] Invoked command in '/home/eduhkrobotic2/r2_ros/src/ps4' returned '0': PYTHONPATH=/home/eduhkrobotic2/r2_ros/build/ps4/prefix_override:/home/eduhkrobotic2/r2_ros/install/ps4/lib/python3.10/site-packages:${PYTHONPATH} /usr/bin/python3 -W ignore:setup.py install is deprecated setup.py egg_info --egg-base ../../build/ps4 build --build-base /home/eduhkrobotic2/r2_ros/build/ps4/build install --record /home/eduhkrobotic2/r2_ros/build/ps4/install.log --single-version-externally-managed install_data
