[13.488s] Invoking command in '/home/eduhkrobotic2/r2_ros/build/navigation': PYTHONPATH=/home/eduhkrobotic2/r2_ros/build/navigation/prefix_override:/home/eduhkrobotic2/r2_ros/install/navigation/lib/python3.10/site-packages:${PYTHONPATH} /usr/bin/python3 -W ignore:setup.py install is deprecated setup.py develop --editable --build-directory /home/eduhkrobotic2/r2_ros/build/navigation/build --no-deps symlink_data --force
[17.000s] running develop
[17.001s] /home/eduhkrobotic2/.local/lib/python3.10/site-packages/setuptools/command/develop.py:40: EasyInstallDeprecationWarning: easy_install command is deprecated.
[17.002s] !!
[17.010s] 
[17.012s]         ********************************************************************************
[17.013s]         Please avoid running ``setup.py`` and ``easy_install``.
[17.015s]         Instead, use pypa/build, pypa/installer or other
[17.016s]         standards-based tools.
[17.016s] 
[17.017s]         See https://github.com/pypa/setuptools/issues/917 for details.
[17.017s]         ********************************************************************************
[17.018s] 
[17.018s] !!
[17.019s]   easy_install.initialize_options(self)
[20.834s] running egg_info
[21.241s] writing navigation.egg-info/PKG-INFO
[21.254s] writing dependency_links to navigation.egg-info/dependency_links.txt
[21.266s] writing entry points to navigation.egg-info/entry_points.txt
[21.268s] writing requirements to navigation.egg-info/requires.txt
[21.269s] writing top-level names to navigation.egg-info/top_level.txt
[22.050s] reading manifest file 'navigation.egg-info/SOURCES.txt'
[22.060s] writing manifest file 'navigation.egg-info/SOURCES.txt'
[22.646s] running build_ext
[22.647s] Creating /home/eduhkrobotic2/r2_ros/install/navigation/lib/python3.10/site-packages/navigation.egg-link (link to .)
[22.672s] Installing movement_control script to /home/eduhkrobotic2/r2_ros/install/navigation/lib/navigation
[22.673s] Installing navigation_node script to /home/eduhkrobotic2/r2_ros/install/navigation/lib/navigation
[22.675s] Installing omni_pid script to /home/eduhkrobotic2/r2_ros/install/navigation/lib/navigation
[22.677s] 
[22.679s] Installed /home/eduhkrobotic2/r2_ros/build/navigation
[22.681s] running symlink_data
[22.687s] symbolically linking /home/eduhkrobotic2/r2_ros/build/navigation/resource/navigation -> /home/eduhkrobotic2/r2_ros/install/navigation/share/ament_index/resource_index/packages
[22.691s] symbolically linking /home/eduhkrobotic2/r2_ros/build/navigation/package.xml -> /home/eduhkrobotic2/r2_ros/install/navigation/share/navigation
[24.326s] Invoked command in '/home/eduhkrobotic2/r2_ros/build/navigation' returned '0': PYTHONPATH=/home/eduhkrobotic2/r2_ros/build/navigation/prefix_override:/home/eduhkrobotic2/r2_ros/install/navigation/lib/python3.10/site-packages:${PYTHONPATH} /usr/bin/python3 -W ignore:setup.py install is deprecated setup.py develop --editable --build-directory /home/eduhkrobotic2/r2_ros/build/navigation/build --no-deps symlink_data --force
