[3.348s] Invoking command in '/home/eduhkrobotic2/r2_ros/src/arduino_comm': PYTHONPATH=/home/eduhkrobotic2/r2_ros/build/motor_control_package/prefix_override:/home/eduhkrobotic2/r2_ros/install/motor_control_package/lib/python3.10/site-packages:${PYTHONPATH} /usr/bin/python3 -W ignore:setup.py install is deprecated setup.py egg_info --egg-base ../../build/motor_control_package build --build-base /home/eduhkrobotic2/r2_ros/build/motor_control_package/build install --record /home/eduhkrobotic2/r2_ros/build/motor_control_package/install.log --single-version-externally-managed install_data
[4.571s] running egg_info
[4.574s] writing ../../build/motor_control_package/arduino_comm.egg-info/PKG-INFO
[4.575s] writing dependency_links to ../../build/motor_control_package/arduino_comm.egg-info/dependency_links.txt
[4.579s] writing entry points to ../../build/motor_control_package/arduino_comm.egg-info/entry_points.txt
[4.580s] writing requirements to ../../build/motor_control_package/arduino_comm.egg-info/requires.txt
[4.581s] writing top-level names to ../../build/motor_control_package/arduino_comm.egg-info/top_level.txt
[4.589s] reading manifest file '../../build/motor_control_package/arduino_comm.egg-info/SOURCES.txt'
[4.593s] writing manifest file '../../build/motor_control_package/arduino_comm.egg-info/SOURCES.txt'
[4.594s] running build
[4.595s] running build_py
[4.596s] copying arduino_comm/motor_control_subscriber.py -> /home/eduhkrobotic2/r2_ros/build/motor_control_package/build/lib/arduino_comm
[4.597s] running install
[4.599s] running install_lib
[4.603s] copying /home/eduhkrobotic2/r2_ros/build/motor_control_package/build/lib/arduino_comm/motor_control_subscriber.py -> /home/eduhkrobotic2/r2_ros/install/motor_control_package/lib/python3.10/site-packages/arduino_comm
[4.607s] byte-compiling /home/eduhkrobotic2/r2_ros/install/motor_control_package/lib/python3.10/site-packages/arduino_comm/motor_control_subscriber.py to motor_control_subscriber.cpython-310.pyc
[4.609s] running install_data
[4.610s] running install_egg_info
[4.617s] removing '/home/eduhkrobotic2/r2_ros/install/motor_control_package/lib/python3.10/site-packages/arduino_comm-0.0.0-py3.10.egg-info' (and everything under it)
[4.619s] Copying ../../build/motor_control_package/arduino_comm.egg-info to /home/eduhkrobotic2/r2_ros/install/motor_control_package/lib/python3.10/site-packages/arduino_comm-0.0.0-py3.10.egg-info
[4.624s] running install_scripts
[4.707s] Installing motor_control_publisher script to /home/eduhkrobotic2/r2_ros/install/motor_control_package/lib/arduino_comm
[4.708s] Installing motor_control_subscriber script to /home/eduhkrobotic2/r2_ros/install/motor_control_package/lib/arduino_comm
[4.709s] Installing motor_data_reader script to /home/eduhkrobotic2/r2_ros/install/motor_control_package/lib/arduino_comm
[4.711s] writing list of installed files to '/home/eduhkrobotic2/r2_ros/build/motor_control_package/install.log'
[4.847s] Invoked command in '/home/eduhkrobotic2/r2_ros/src/arduino_comm' returned '0': PYTHONPATH=/home/eduhkrobotic2/r2_ros/build/motor_control_package/prefix_override:/home/eduhkrobotic2/r2_ros/install/motor_control_package/lib/python3.10/site-packages:${PYTHONPATH} /usr/bin/python3 -W ignore:setup.py install is deprecated setup.py egg_info --egg-base ../../build/motor_control_package build --build-base /home/eduhkrobotic2/r2_ros/build/motor_control_package/build install --record /home/eduhkrobotic2/r2_ros/build/motor_control_package/install.log --single-version-externally-managed install_data
