[11.974s] Invoking command in '/home/eduhkrobotic2/r2_ros/src/navigation': PYTHONPATH=/home/eduhkrobotic2/r2_ros/build/navigation/prefix_override:/home/eduhkrobotic2/r2_ros/install/navigation/lib/python3.10/site-packages:${PYTHONPATH} /usr/bin/python3 -W ignore:setup.py install is deprecated setup.py egg_info --egg-base ../../build/navigation build --build-base /home/eduhkrobotic2/r2_ros/build/navigation/build install --record /home/eduhkrobotic2/r2_ros/build/navigation/install.log --single-version-externally-managed install_data
[16.249s] running egg_info
[16.345s] writing ../../build/navigation/navigation.egg-info/PKG-INFO
[16.348s] writing dependency_links to ../../build/navigation/navigation.egg-info/dependency_links.txt
[16.350s] writing entry points to ../../build/navigation/navigation.egg-info/entry_points.txt
[16.351s] writing requirements to ../../build/navigation/navigation.egg-info/requires.txt
[16.352s] writing top-level names to ../../build/navigation/navigation.egg-info/top_level.txt
[16.549s] reading manifest file '../../build/navigation/navigation.egg-info/SOURCES.txt'
[16.554s] writing manifest file '../../build/navigation/navigation.egg-info/SOURCES.txt'
[16.555s] running build
[16.555s] running build_py
[16.559s] copying navigation/omni_pid.py -> /home/eduhkrobotic2/r2_ros/build/navigation/build/lib/navigation
[16.560s] copying navigation/__init__.py -> /home/eduhkrobotic2/r2_ros/build/navigation/build/lib/navigation
[16.561s] copying navigation/navigation_node.py -> /home/eduhkrobotic2/r2_ros/build/navigation/build/lib/navigation
[16.564s] running install
[16.587s] running install_lib
[16.683s] copying /home/eduhkrobotic2/r2_ros/build/navigation/build/lib/navigation/navigation_node.py -> /home/eduhkrobotic2/r2_ros/install/navigation/lib/python3.10/site-packages/navigation
[16.687s] byte-compiling /home/eduhkrobotic2/r2_ros/install/navigation/lib/python3.10/site-packages/navigation/navigation_node.py to navigation_node.cpython-310.pyc
[16.691s] running install_data
[16.692s] running install_egg_info
[16.793s] removing '/home/eduhkrobotic2/r2_ros/install/navigation/lib/python3.10/site-packages/navigation-0.0.0-py3.10.egg-info' (and everything under it)
[16.795s] Copying ../../build/navigation/navigation.egg-info to /home/eduhkrobotic2/r2_ros/install/navigation/lib/python3.10/site-packages/navigation-0.0.0-py3.10.egg-info
[16.802s] running install_scripts
[17.704s] Installing movement_control script to /home/eduhkrobotic2/r2_ros/install/navigation/lib/navigation
[17.705s] Installing navigation_node script to /home/eduhkrobotic2/r2_ros/install/navigation/lib/navigation
[17.706s] Installing omni_pid script to /home/eduhkrobotic2/r2_ros/install/navigation/lib/navigation
[17.709s] writing list of installed files to '/home/eduhkrobotic2/r2_ros/build/navigation/install.log'
[17.863s] Invoked command in '/home/eduhkrobotic2/r2_ros/src/navigation' returned '0': PYTHONPATH=/home/eduhkrobotic2/r2_ros/build/navigation/prefix_override:/home/eduhkrobotic2/r2_ros/install/navigation/lib/python3.10/site-packages:${PYTHONPATH} /usr/bin/python3 -W ignore:setup.py install is deprecated setup.py egg_info --egg-base ../../build/navigation build --build-base /home/eduhkrobotic2/r2_ros/build/navigation/build install --record /home/eduhkrobotic2/r2_ros/build/navigation/install.log --single-version-externally-managed install_data
