[11.357s] Invoking command in '/home/eduhkrobotic2/r2_ros/src/ps4': PYTHONPATH=/home/eduhkrobotic2/r2_ros/build/ps4/prefix_override:/home/eduhkrobotic2/r2_ros/install/ps4/lib/python3.10/site-packages:${PYTHONPATH} /usr/bin/python3 -W ignore:setup.py install is deprecated setup.py egg_info --egg-base ../../build/ps4 build --build-base /home/eduhkrobotic2/r2_ros/build/ps4/build install --record /home/eduhkrobotic2/r2_ros/build/ps4/install.log --single-version-externally-managed install_data
[13.769s] running egg_info
[13.989s] writing ../../build/ps4/ps4.egg-info/PKG-INFO
[13.994s] writing dependency_links to ../../build/ps4/ps4.egg-info/dependency_links.txt
[14.000s] writing entry points to ../../build/ps4/ps4.egg-info/entry_points.txt
[14.003s] writing requirements to ../../build/ps4/ps4.egg-info/requires.txt
[14.008s] writing top-level names to ../../build/ps4/ps4.egg-info/top_level.txt
[14.395s] reading manifest file '../../build/ps4/ps4.egg-info/SOURCES.txt'
[14.404s] writing manifest file '../../build/ps4/ps4.egg-info/SOURCES.txt'
[14.408s] running build
[14.410s] running build_py
[14.414s] copying ps4/__init__.py -> /home/eduhkrobotic2/r2_ros/build/ps4/build/lib/ps4
[14.417s] copying ps4/ps4_publisher.py -> /home/eduhkrobotic2/r2_ros/build/ps4/build/lib/ps4
[14.421s] running install
[14.525s] running install_lib
[14.753s] running install_data
[14.754s] running install_egg_info
[14.990s] removing '/home/eduhkrobotic2/r2_ros/install/ps4/lib/python3.10/site-packages/ps4-0.0.0-py3.10.egg-info' (and everything under it)
[15.007s] Copying ../../build/ps4/ps4.egg-info to /home/eduhkrobotic2/r2_ros/install/ps4/lib/python3.10/site-packages/ps4-0.0.0-py3.10.egg-info
[15.062s] running install_scripts
[16.697s] Installing ps4_publisher script to /home/eduhkrobotic2/r2_ros/install/ps4/lib/ps4
[16.698s] Installing ps4_subscriber script to /home/eduhkrobotic2/r2_ros/install/ps4/lib/ps4
[16.700s] writing list of installed files to '/home/eduhkrobotic2/r2_ros/build/ps4/install.log'
[17.128s] Invoked command in '/home/eduhkrobotic2/r2_ros/src/ps4' returned '0': PYTHONPATH=/home/eduhkrobotic2/r2_ros/build/ps4/prefix_override:/home/eduhkrobotic2/r2_ros/install/ps4/lib/python3.10/site-packages:${PYTHONPATH} /usr/bin/python3 -W ignore:setup.py install is deprecated setup.py egg_info --egg-base ../../build/ps4 build --build-base /home/eduhkrobotic2/r2_ros/build/ps4/build install --record /home/eduhkrobotic2/r2_ros/build/ps4/install.log --single-version-externally-managed install_data
