[9.228s] Invoking command in '/home/eduhkrobotic2/r2_ros/src/motor_control_package': PYTHONPATH=/home/eduhkrobotic2/r2_ros/build/motor_control_package/prefix_override:/home/eduhkrobotic2/r2_ros/install/motor_control_package/lib/python3.10/site-packages:${PYTHONPATH} /usr/bin/python3 -W ignore:setup.py install is deprecated setup.py egg_info --egg-base ../../build/motor_control_package build --build-base /home/eduhkrobotic2/r2_ros/build/motor_control_package/build install --record /home/eduhkrobotic2/r2_ros/build/motor_control_package/install.log --single-version-externally-managed install_data
[11.264s] running egg_info
[11.268s] writing ../../build/motor_control_package/motor_control_package.egg-info/PKG-INFO
[11.271s] writing dependency_links to ../../build/motor_control_package/motor_control_package.egg-info/dependency_links.txt
[11.273s] writing entry points to ../../build/motor_control_package/motor_control_package.egg-info/entry_points.txt
[11.274s] writing requirements to ../../build/motor_control_package/motor_control_package.egg-info/requires.txt
[11.275s] writing top-level names to ../../build/motor_control_package/motor_control_package.egg-info/top_level.txt
[11.286s] reading manifest file '../../build/motor_control_package/motor_control_package.egg-info/SOURCES.txt'
[11.292s] writing manifest file '../../build/motor_control_package/motor_control_package.egg-info/SOURCES.txt'
[11.292s] running build
[11.293s] running build_py
[11.295s] running install
[11.297s] running install_lib
[11.309s] running install_data
[11.310s] running install_egg_info
[11.320s] removing '/home/eduhkrobotic2/r2_ros/install/motor_control_package/lib/python3.10/site-packages/motor_control_package-0.0.0-py3.10.egg-info' (and everything under it)
[11.324s] Copying ../../build/motor_control_package/motor_control_package.egg-info to /home/eduhkrobotic2/r2_ros/install/motor_control_package/lib/python3.10/site-packages/motor_control_package-0.0.0-py3.10.egg-info
[11.334s] running install_scripts
[11.474s] Installing motor_control_publisher script to /home/eduhkrobotic2/r2_ros/install/motor_control_package/lib/motor_control_package
[11.476s] Installing motor_control_subscriber script to /home/eduhkrobotic2/r2_ros/install/motor_control_package/lib/motor_control_package
[11.478s] Installing motor_data_reader script to /home/eduhkrobotic2/r2_ros/install/motor_control_package/lib/motor_control_package
[11.480s] writing list of installed files to '/home/eduhkrobotic2/r2_ros/build/motor_control_package/install.log'
[11.722s] Invoked command in '/home/eduhkrobotic2/r2_ros/src/motor_control_package' returned '0': PYTHONPATH=/home/eduhkrobotic2/r2_ros/build/motor_control_package/prefix_override:/home/eduhkrobotic2/r2_ros/install/motor_control_package/lib/python3.10/site-packages:${PYTHONPATH} /usr/bin/python3 -W ignore:setup.py install is deprecated setup.py egg_info --egg-base ../../build/motor_control_package build --build-base /home/eduhkrobotic2/r2_ros/build/motor_control_package/build install --record /home/eduhkrobotic2/r2_ros/build/motor_control_package/install.log --single-version-externally-managed install_data
