[2.903s] Invoking command in '/home/eduhkrobotic2/r2_ros/src/navigation': PYTHONPATH=/home/eduhkrobotic2/r2_ros/build/navigation/prefix_override:/home/eduhkrobotic2/r2_ros/install/navigation/lib/python3.10/site-packages:${PYTHONPATH} /usr/bin/python3 -W ignore:setup.py install is deprecated setup.py egg_info --egg-base ../../build/navigation build --build-base /home/eduhkrobotic2/r2_ros/build/navigation/build install --record /home/eduhkrobotic2/r2_ros/build/navigation/install.log --single-version-externally-managed install_data
[4.067s] running egg_info
[4.071s] writing ../../build/navigation/navigation.egg-info/PKG-INFO
[4.072s] writing dependency_links to ../../build/navigation/navigation.egg-info/dependency_links.txt
[4.073s] writing entry points to ../../build/navigation/navigation.egg-info/entry_points.txt
[4.074s] writing requirements to ../../build/navigation/navigation.egg-info/requires.txt
[4.075s] writing top-level names to ../../build/navigation/navigation.egg-info/top_level.txt
[4.082s] reading manifest file '../../build/navigation/navigation.egg-info/SOURCES.txt'
[4.086s] writing manifest file '../../build/navigation/navigation.egg-info/SOURCES.txt'
[4.086s] running build
[4.087s] running build_py
[4.087s] copying navigation/omni_pid.py -> /home/eduhkrobotic2/r2_ros/build/navigation/build/lib/navigation
[4.089s] running install
[4.090s] running install_lib
[4.093s] copying /home/eduhkrobotic2/r2_ros/build/navigation/build/lib/navigation/omni_pid.py -> /home/eduhkrobotic2/r2_ros/install/navigation/lib/python3.10/site-packages/navigation
[4.096s] byte-compiling /home/eduhkrobotic2/r2_ros/install/navigation/lib/python3.10/site-packages/navigation/omni_pid.py to omni_pid.cpython-310.pyc
[4.100s] Sorry: IndentationError: unexpected indent (omni_pid.py, line 58)
[4.100s] running install_data
[4.101s] running install_egg_info
[4.108s] removing '/home/eduhkrobotic2/r2_ros/install/navigation/lib/python3.10/site-packages/navigation-0.0.0-py3.10.egg-info' (and everything under it)
[4.109s] Copying ../../build/navigation/navigation.egg-info to /home/eduhkrobotic2/r2_ros/install/navigation/lib/python3.10/site-packages/navigation-0.0.0-py3.10.egg-info
[4.114s] running install_scripts
[4.190s] Installing navigation_node script to /home/eduhkrobotic2/r2_ros/install/navigation/lib/navigation
[4.191s] Installing omni_pid script to /home/eduhkrobotic2/r2_ros/install/navigation/lib/navigation
[4.192s] writing list of installed files to '/home/eduhkrobotic2/r2_ros/build/navigation/install.log'
[4.324s] Invoked command in '/home/eduhkrobotic2/r2_ros/src/navigation' returned '0': PYTHONPATH=/home/eduhkrobotic2/r2_ros/build/navigation/prefix_override:/home/eduhkrobotic2/r2_ros/install/navigation/lib/python3.10/site-packages:${PYTHONPATH} /usr/bin/python3 -W ignore:setup.py install is deprecated setup.py egg_info --egg-base ../../build/navigation build --build-base /home/eduhkrobotic2/r2_ros/build/navigation/build install --record /home/eduhkrobotic2/r2_ros/build/navigation/install.log --single-version-externally-managed install_data
