[10.070s] Invoking command in '/home/eduhkrobotic2/r2_ros/src/navigation': PYTHONPATH=/home/eduhkrobotic2/r2_ros/build/navigation/prefix_override:/home/eduhkrobotic2/r2_ros/install/navigation/lib/python3.10/site-packages:${PYTHONPATH} /usr/bin/python3 -W ignore:setup.py install is deprecated setup.py egg_info --egg-base ../../build/navigation build --build-base /home/eduhkrobotic2/r2_ros/build/navigation/build install --record /home/eduhkrobotic2/r2_ros/build/navigation/install.log --single-version-externally-managed install_data
[12.570s] running egg_info
[12.723s] writing ../../build/navigation/navigation.egg-info/PKG-INFO
[12.728s] writing dependency_links to ../../build/navigation/navigation.egg-info/dependency_links.txt
[12.729s] writing entry points to ../../build/navigation/navigation.egg-info/entry_points.txt
[12.730s] writing requirements to ../../build/navigation/navigation.egg-info/requires.txt
[12.731s] writing top-level names to ../../build/navigation/navigation.egg-info/top_level.txt
[13.054s] reading manifest file '../../build/navigation/navigation.egg-info/SOURCES.txt'
[13.060s] writing manifest file '../../build/navigation/navigation.egg-info/SOURCES.txt'
[13.061s] running build
[13.061s] running build_py
[13.063s] copying navigation/omni_pid.py -> /home/eduhkrobotic2/r2_ros/build/navigation/build/lib/navigation
[13.068s] copying navigation/__init__.py -> /home/eduhkrobotic2/r2_ros/build/navigation/build/lib/navigation
[13.069s] copying navigation/navigation_node.py -> /home/eduhkrobotic2/r2_ros/build/navigation/build/lib/navigation
[13.070s] running install
[13.099s] running install_lib
[13.258s] copying /home/eduhkrobotic2/r2_ros/build/navigation/build/lib/navigation/omni_pid.py -> /home/eduhkrobotic2/r2_ros/install/navigation/lib/python3.10/site-packages/navigation
[13.266s] byte-compiling /home/eduhkrobotic2/r2_ros/install/navigation/lib/python3.10/site-packages/navigation/omni_pid.py to omni_pid.cpython-310.pyc
[13.275s] running install_data
[13.277s] running install_egg_info
[13.445s] removing '/home/eduhkrobotic2/r2_ros/install/navigation/lib/python3.10/site-packages/navigation-0.0.0-py3.10.egg-info' (and everything under it)
[13.457s] Copying ../../build/navigation/navigation.egg-info to /home/eduhkrobotic2/r2_ros/install/navigation/lib/python3.10/site-packages/navigation-0.0.0-py3.10.egg-info
[13.477s] running install_scripts
[14.957s] Installing movement_control script to /home/eduhkrobotic2/r2_ros/install/navigation/lib/navigation
[14.958s] Installing navigation_node script to /home/eduhkrobotic2/r2_ros/install/navigation/lib/navigation
[14.959s] Installing omni_pid script to /home/eduhkrobotic2/r2_ros/install/navigation/lib/navigation
[14.970s] writing list of installed files to '/home/eduhkrobotic2/r2_ros/build/navigation/install.log'
[15.182s] Invoked command in '/home/eduhkrobotic2/r2_ros/src/navigation' returned '0': PYTHONPATH=/home/eduhkrobotic2/r2_ros/build/navigation/prefix_override:/home/eduhkrobotic2/r2_ros/install/navigation/lib/python3.10/site-packages:${PYTHONPATH} /usr/bin/python3 -W ignore:setup.py install is deprecated setup.py egg_info --egg-base ../../build/navigation build --build-base /home/eduhkrobotic2/r2_ros/build/navigation/build install --record /home/eduhkrobotic2/r2_ros/build/navigation/install.log --single-version-externally-managed install_data
