[1.187s] [34mcolcon[0m [1;30mDEBUG[0m [32mCommand line arguments: ['/usr/bin/colcon', 'build', '--packages-select', 'r2_auto'][0m
[1.188s] [34mcolcon[0m [1;30mDEBUG[0m [32mParsed command line arguments: Namespace(log_base=None, log_level=None, verb_name='build', build_base='build', install_base='install', merge_install=False, symlink_install=False, test_result_base=None, continue_on_error=False, executor='parallel', parallel_workers=4, event_handlers=None, ignore_user_meta=False, metas=['./colcon.meta'], base_paths=['.'], packages_ignore=None, packages_ignore_regex=None, paths=None, packages_up_to=None, packages_up_to_regex=None, packages_above=None, packages_above_and_dependencies=None, packages_above_depth=None, packages_select_by_dep=None, packages_skip_by_dep=None, packages_skip_up_to=None, packages_select_build_failed=False, packages_skip_build_finished=False, packages_select_test_failures=False, packages_skip_test_passed=False, packages_select=['r2_auto'], packages_skip=None, packages_select_regex=None, packages_skip_regex=None, packages_start=None, packages_end=None, allow_overriding=[], cmake_args=None, cmake_target=None, cmake_target_skip_unavailable=False, cmake_clean_cache=False, cmake_clean_first=False, cmake_force_configure=False, ament_cmake_args=None, catkin_cmake_args=None, catkin_skip_building_tests=False, verb_parser=<colcon_defaults.argument_parser.defaults.DefaultArgumentsDecorator object at 0xffffaae85540>, verb_extension=<colcon_core.verb.build.BuildVerb object at 0xffffaae850f0>, main=<bound method BuildVerb.main of <colcon_core.verb.build.BuildVerb object at 0xffffaae850f0>>)[0m
[1.542s] [34mcolcon.colcon_core.package_discovery[0m [1;30mLevel 1[0m discover_packages(colcon_meta) check parameters
[1.542s] [34mcolcon.colcon_core.package_discovery[0m [1;30mLevel 1[0m discover_packages(recursive) check parameters
[1.543s] [34mcolcon.colcon_core.package_discovery[0m [1;30mLevel 1[0m discover_packages(ignore) check parameters
[1.543s] [34mcolcon.colcon_core.package_discovery[0m [1;30mLevel 1[0m discover_packages(path) check parameters
[1.543s] [34mcolcon.colcon_core.package_discovery[0m [1;30mLevel 1[0m discover_packages(colcon_meta) discover
[1.543s] [34mcolcon.colcon_core.package_discovery[0m [1;30mLevel 1[0m discover_packages(recursive) discover
[1.544s] [34mcolcon.colcon_core.package_discovery[0m [1;30mINFO[0m Crawling recursively for packages in '/home/eduhkrobotic2/r2_ros'
[1.544s] [34mcolcon.colcon_core.package_identification[0m [1;30mLevel 1[0m _identify(.) by extensions ['ignore', 'ignore_ament_install']
[1.545s] [34mcolcon.colcon_core.package_identification[0m [1;30mLevel 1[0m _identify(.) by extension 'ignore'
[1.545s] [34mcolcon.colcon_core.package_identification[0m [1;30mLevel 1[0m _identify(.) by extension 'ignore_ament_install'
[1.545s] [34mcolcon.colcon_core.package_identification[0m [1;30mLevel 1[0m _identify(.) by extensions ['colcon_pkg']
[1.546s] [34mcolcon.colcon_core.package_identification[0m [1;30mLevel 1[0m _identify(.) by extension 'colcon_pkg'
[1.546s] [34mcolcon.colcon_core.package_identification[0m [1;30mLevel 1[0m _identify(.) by extensions ['colcon_meta']
[1.546s] [34mcolcon.colcon_core.package_identification[0m [1;30mLevel 1[0m _identify(.) by extension 'colcon_meta'
[1.546s] [34mcolcon.colcon_core.package_identification[0m [1;30mLevel 1[0m _identify(.) by extensions ['ros']
[1.547s] [34mcolcon.colcon_core.package_identification[0m [1;30mLevel 1[0m _identify(.) by extension 'ros'
[1.674s] [34mcolcon.colcon_core.package_identification[0m [1;30mLevel 1[0m _identify(.) by extensions ['cmake', 'python']
[1.674s] [34mcolcon.colcon_core.package_identification[0m [1;30mLevel 1[0m _identify(.) by extension 'cmake'
[1.674s] [34mcolcon.colcon_core.package_identification[0m [1;30mLevel 1[0m _identify(.) by extension 'python'
[1.675s] [34mcolcon.colcon_core.package_identification[0m [1;30mLevel 1[0m _identify(.) by extensions ['python_setup_py']
[1.675s] [34mcolcon.colcon_core.package_identification[0m [1;30mLevel 1[0m _identify(.) by extension 'python_setup_py'
[1.675s] [34mcolcon.colcon_core.package_identification[0m [1;30mLevel 1[0m _identify(build) by extensions ['ignore', 'ignore_ament_install']
[1.676s] [34mcolcon.colcon_core.package_identification[0m [1;30mLevel 1[0m _identify(build) by extension 'ignore'
[1.676s] [34mcolcon.colcon_core.package_identification[0m [1;30mLevel 1[0m _identify(build) ignored
[1.677s] [34mcolcon.colcon_core.package_identification[0m [1;30mLevel 1[0m _identify(install) by extensions ['ignore', 'ignore_ament_install']
[1.678s] [34mcolcon.colcon_core.package_identification[0m [1;30mLevel 1[0m _identify(install) by extension 'ignore'
[1.678s] [34mcolcon.colcon_core.package_identification[0m [1;30mLevel 1[0m _identify(install) ignored
[1.681s] [34mcolcon.colcon_core.package_identification[0m [1;30mLevel 1[0m _identify(log) by extensions ['ignore', 'ignore_ament_install']
[1.682s] [34mcolcon.colcon_core.package_identification[0m [1;30mLevel 1[0m _identify(log) by extension 'ignore'
[1.682s] [34mcolcon.colcon_core.package_identification[0m [1;30mLevel 1[0m _identify(log) ignored
[1.683s] [34mcolcon.colcon_core.package_identification[0m [1;30mLevel 1[0m _identify(roboflow) by extensions ['ignore', 'ignore_ament_install']
[1.683s] [34mcolcon.colcon_core.package_identification[0m [1;30mLevel 1[0m _identify(roboflow) by extension 'ignore'
[1.683s] [34mcolcon.colcon_core.package_identification[0m [1;30mLevel 1[0m _identify(roboflow) by extension 'ignore_ament_install'
[1.684s] [34mcolcon.colcon_core.package_identification[0m [1;30mLevel 1[0m _identify(roboflow) by extensions ['colcon_pkg']
[1.684s] [34mcolcon.colcon_core.package_identification[0m [1;30mLevel 1[0m _identify(roboflow) by extension 'colcon_pkg'
[1.684s] [34mcolcon.colcon_core.package_identification[0m [1;30mLevel 1[0m _identify(roboflow) by extensions ['colcon_meta']
[1.684s] [34mcolcon.colcon_core.package_identification[0m [1;30mLevel 1[0m _identify(roboflow) by extension 'colcon_meta'
[1.684s] [34mcolcon.colcon_core.package_identification[0m [1;30mLevel 1[0m _identify(roboflow) by extensions ['ros']
[1.685s] [34mcolcon.colcon_core.package_identification[0m [1;30mLevel 1[0m _identify(roboflow) by extension 'ros'
[1.685s] [34mcolcon.colcon_core.package_identification[0m [1;30mLevel 1[0m _identify(roboflow) by extensions ['cmake', 'python']
[1.685s] [34mcolcon.colcon_core.package_identification[0m [1;30mLevel 1[0m _identify(roboflow) by extension 'cmake'
[1.686s] [34mcolcon.colcon_core.package_identification[0m [1;30mLevel 1[0m _identify(roboflow) by extension 'python'
[1.686s] [34mcolcon.colcon_core.package_identification[0m [1;30mLevel 1[0m _identify(roboflow) by extensions ['python_setup_py']
[1.686s] [34mcolcon.colcon_core.package_identification[0m [1;30mLevel 1[0m _identify(roboflow) by extension 'python_setup_py'
[1.687s] [34mcolcon.colcon_core.package_identification[0m [1;30mLevel 1[0m _identify(roboflow/model) by extensions ['ignore', 'ignore_ament_install']
[1.688s] [34mcolcon.colcon_core.package_identification[0m [1;30mLevel 1[0m _identify(roboflow/model) by extension 'ignore'
[1.688s] [34mcolcon.colcon_core.package_identification[0m [1;30mLevel 1[0m _identify(roboflow/model) by extension 'ignore_ament_install'
[1.688s] [34mcolcon.colcon_core.package_identification[0m [1;30mLevel 1[0m _identify(roboflow/model) by extensions ['colcon_pkg']
[1.689s] [34mcolcon.colcon_core.package_identification[0m [1;30mLevel 1[0m _identify(roboflow/model) by extension 'colcon_pkg'
[1.689s] [34mcolcon.colcon_core.package_identification[0m [1;30mLevel 1[0m _identify(roboflow/model) by extensions ['colcon_meta']
[1.689s] [34mcolcon.colcon_core.package_identification[0m [1;30mLevel 1[0m _identify(roboflow/model) by extension 'colcon_meta'
[1.689s] [34mcolcon.colcon_core.package_identification[0m [1;30mLevel 1[0m _identify(roboflow/model) by extensions ['ros']
[1.690s] [34mcolcon.colcon_core.package_identification[0m [1;30mLevel 1[0m _identify(roboflow/model) by extension 'ros'
[1.690s] [34mcolcon.colcon_core.package_identification[0m [1;30mLevel 1[0m _identify(roboflow/model) by extensions ['cmake', 'python']
[1.691s] [34mcolcon.colcon_core.package_identification[0m [1;30mLevel 1[0m _identify(roboflow/model) by extension 'cmake'
[1.691s] [34mcolcon.colcon_core.package_identification[0m [1;30mLevel 1[0m _identify(roboflow/model) by extension 'python'
[1.691s] [34mcolcon.colcon_core.package_identification[0m [1;30mLevel 1[0m _identify(roboflow/model) by extensions ['python_setup_py']
[1.691s] [34mcolcon.colcon_core.package_identification[0m [1;30mLevel 1[0m _identify(roboflow/model) by extension 'python_setup_py'
[1.692s] [34mcolcon.colcon_core.package_identification[0m [1;30mLevel 1[0m _identify(roboflow/model/weights) by extensions ['ignore', 'ignore_ament_install']
[1.692s] [34mcolcon.colcon_core.package_identification[0m [1;30mLevel 1[0m _identify(roboflow/model/weights) by extension 'ignore'
[1.693s] [34mcolcon.colcon_core.package_identification[0m [1;30mLevel 1[0m _identify(roboflow/model/weights) by extension 'ignore_ament_install'
[1.693s] [34mcolcon.colcon_core.package_identification[0m [1;30mLevel 1[0m _identify(roboflow/model/weights) by extensions ['colcon_pkg']
[1.693s] [34mcolcon.colcon_core.package_identification[0m [1;30mLevel 1[0m _identify(roboflow/model/weights) by extension 'colcon_pkg'
[1.693s] [34mcolcon.colcon_core.package_identification[0m [1;30mLevel 1[0m _identify(roboflow/model/weights) by extensions ['colcon_meta']
[1.694s] [34mcolcon.colcon_core.package_identification[0m [1;30mLevel 1[0m _identify(roboflow/model/weights) by extension 'colcon_meta'
[1.694s] [34mcolcon.colcon_core.package_identification[0m [1;30mLevel 1[0m _identify(roboflow/model/weights) by extensions ['ros']
[1.694s] [34mcolcon.colcon_core.package_identification[0m [1;30mLevel 1[0m _identify(roboflow/model/weights) by extension 'ros'
[1.695s] [34mcolcon.colcon_core.package_identification[0m [1;30mLevel 1[0m _identify(roboflow/model/weights) by extensions ['cmake', 'python']
[1.695s] [34mcolcon.colcon_core.package_identification[0m [1;30mLevel 1[0m _identify(roboflow/model/weights) by extension 'cmake'
[1.695s] [34mcolcon.colcon_core.package_identification[0m [1;30mLevel 1[0m _identify(roboflow/model/weights) by extension 'python'
[1.695s] [34mcolcon.colcon_core.package_identification[0m [1;30mLevel 1[0m _identify(roboflow/model/weights) by extensions ['python_setup_py']
[1.695s] [34mcolcon.colcon_core.package_identification[0m [1;30mLevel 1[0m _identify(roboflow/model/weights) by extension 'python_setup_py'
[1.696s] [34mcolcon.colcon_core.package_identification[0m [1;30mLevel 1[0m _identify(src) by extensions ['ignore', 'ignore_ament_install']
[1.696s] [34mcolcon.colcon_core.package_identification[0m [1;30mLevel 1[0m _identify(src) by extension 'ignore'
[1.697s] [34mcolcon.colcon_core.package_identification[0m [1;30mLevel 1[0m _identify(src) by extension 'ignore_ament_install'
[1.697s] [34mcolcon.colcon_core.package_identification[0m [1;30mLevel 1[0m _identify(src) by extensions ['colcon_pkg']
[1.697s] [34mcolcon.colcon_core.package_identification[0m [1;30mLevel 1[0m _identify(src) by extension 'colcon_pkg'
[1.698s] [34mcolcon.colcon_core.package_identification[0m [1;30mLevel 1[0m _identify(src) by extensions ['colcon_meta']
[1.698s] [34mcolcon.colcon_core.package_identification[0m [1;30mLevel 1[0m _identify(src) by extension 'colcon_meta'
[1.698s] [34mcolcon.colcon_core.package_identification[0m [1;30mLevel 1[0m _identify(src) by extensions ['ros']
[1.699s] [34mcolcon.colcon_core.package_identification[0m [1;30mLevel 1[0m _identify(src) by extension 'ros'
[1.699s] [34mcolcon.colcon_core.package_identification[0m [1;30mLevel 1[0m _identify(src) by extensions ['cmake', 'python']
[1.700s] [34mcolcon.colcon_core.package_identification[0m [1;30mLevel 1[0m _identify(src) by extension 'cmake'
[1.700s] [34mcolcon.colcon_core.package_identification[0m [1;30mLevel 1[0m _identify(src) by extension 'python'
[1.700s] [34mcolcon.colcon_core.package_identification[0m [1;30mLevel 1[0m _identify(src) by extensions ['python_setup_py']
[1.701s] [34mcolcon.colcon_core.package_identification[0m [1;30mLevel 1[0m _identify(src) by extension 'python_setup_py'
[1.701s] [34mcolcon.colcon_core.package_identification[0m [1;30mLevel 1[0m _identify(src/auto) by extensions ['ignore', 'ignore_ament_install']
[1.702s] [34mcolcon.colcon_core.package_identification[0m [1;30mLevel 1[0m _identify(src/auto) by extension 'ignore'
[1.702s] [34mcolcon.colcon_core.package_identification[0m [1;30mLevel 1[0m _identify(src/auto) by extension 'ignore_ament_install'
[1.703s] [34mcolcon.colcon_core.package_identification[0m [1;30mLevel 1[0m _identify(src/auto) by extensions ['colcon_pkg']
[1.703s] [34mcolcon.colcon_core.package_identification[0m [1;30mLevel 1[0m _identify(src/auto) by extension 'colcon_pkg'
[1.703s] [34mcolcon.colcon_core.package_identification[0m [1;30mLevel 1[0m _identify(src/auto) by extensions ['colcon_meta']
[1.703s] [34mcolcon.colcon_core.package_identification[0m [1;30mLevel 1[0m _identify(src/auto) by extension 'colcon_meta'
[1.703s] [34mcolcon.colcon_core.package_identification[0m [1;30mLevel 1[0m _identify(src/auto) by extensions ['ros']
[1.704s] [34mcolcon.colcon_core.package_identification[0m [1;30mLevel 1[0m _identify(src/auto) by extension 'ros'
[1.715s] [34mcolcon.colcon_core.package_identification[0m [1;30mDEBUG[0m [32mPackage 'src/auto' with type 'ros.ament_python' and name 'auto'[0m
[1.716s] [34mcolcon.colcon_core.package_identification[0m [1;30mLevel 1[0m _identify(src/motor_control_package) by extensions ['ignore', 'ignore_ament_install']
[1.717s] [34mcolcon.colcon_core.package_identification[0m [1;30mLevel 1[0m _identify(src/motor_control_package) by extension 'ignore'
[1.717s] [34mcolcon.colcon_core.package_identification[0m [1;30mLevel 1[0m _identify(src/motor_control_package) by extension 'ignore_ament_install'
[1.718s] [34mcolcon.colcon_core.package_identification[0m [1;30mLevel 1[0m _identify(src/motor_control_package) by extensions ['colcon_pkg']
[1.718s] [34mcolcon.colcon_core.package_identification[0m [1;30mLevel 1[0m _identify(src/motor_control_package) by extension 'colcon_pkg'
[1.718s] [34mcolcon.colcon_core.package_identification[0m [1;30mLevel 1[0m _identify(src/motor_control_package) by extensions ['colcon_meta']
[1.719s] [34mcolcon.colcon_core.package_identification[0m [1;30mLevel 1[0m _identify(src/motor_control_package) by extension 'colcon_meta'
[1.719s] [34mcolcon.colcon_core.package_identification[0m [1;30mLevel 1[0m _identify(src/motor_control_package) by extensions ['ros']
[1.719s] [34mcolcon.colcon_core.package_identification[0m [1;30mLevel 1[0m _identify(src/motor_control_package) by extension 'ros'
[1.722s] [34mcolcon.colcon_core.package_identification[0m [1;30mDEBUG[0m [32mPackage 'src/motor_control_package' with type 'ros.ament_python' and name 'motor_control_package'[0m
[1.722s] [34mcolcon.colcon_core.package_identification[0m [1;30mLevel 1[0m _identify(src/navigation) by extensions ['ignore', 'ignore_ament_install']
[1.723s] [34mcolcon.colcon_core.package_identification[0m [1;30mLevel 1[0m _identify(src/navigation) by extension 'ignore'
[1.723s] [34mcolcon.colcon_core.package_identification[0m [1;30mLevel 1[0m _identify(src/navigation) by extension 'ignore_ament_install'
[1.724s] [34mcolcon.colcon_core.package_identification[0m [1;30mLevel 1[0m _identify(src/navigation) by extensions ['colcon_pkg']
[1.724s] [34mcolcon.colcon_core.package_identification[0m [1;30mLevel 1[0m _identify(src/navigation) by extension 'colcon_pkg'
[1.724s] [34mcolcon.colcon_core.package_identification[0m [1;30mLevel 1[0m _identify(src/navigation) by extensions ['colcon_meta']
[1.724s] [34mcolcon.colcon_core.package_identification[0m [1;30mLevel 1[0m _identify(src/navigation) by extension 'colcon_meta'
[1.724s] [34mcolcon.colcon_core.package_identification[0m [1;30mLevel 1[0m _identify(src/navigation) by extensions ['ros']
[1.725s] [34mcolcon.colcon_core.package_identification[0m [1;30mLevel 1[0m _identify(src/navigation) by extension 'ros'
[1.727s] [34mcolcon.colcon_core.package_identification[0m [1;30mDEBUG[0m [32mPackage 'src/navigation' with type 'ros.ament_python' and name 'navigation'[0m
[1.728s] [34mcolcon.colcon_core.package_identification[0m [1;30mLevel 1[0m _identify(src/ps4) by extensions ['ignore', 'ignore_ament_install']
[1.729s] [34mcolcon.colcon_core.package_identification[0m [1;30mLevel 1[0m _identify(src/ps4) by extension 'ignore'
[1.729s] [34mcolcon.colcon_core.package_identification[0m [1;30mLevel 1[0m _identify(src/ps4) by extension 'ignore_ament_install'
[1.729s] [34mcolcon.colcon_core.package_identification[0m [1;30mLevel 1[0m _identify(src/ps4) by extensions ['colcon_pkg']
[1.730s] [34mcolcon.colcon_core.package_identification[0m [1;30mLevel 1[0m _identify(src/ps4) by extension 'colcon_pkg'
[1.730s] [34mcolcon.colcon_core.package_identification[0m [1;30mLevel 1[0m _identify(src/ps4) by extensions ['colcon_meta']
[1.730s] [34mcolcon.colcon_core.package_identification[0m [1;30mLevel 1[0m _identify(src/ps4) by extension 'colcon_meta'
[1.731s] [34mcolcon.colcon_core.package_identification[0m [1;30mLevel 1[0m _identify(src/ps4) by extensions ['ros']
[1.731s] [34mcolcon.colcon_core.package_identification[0m [1;30mLevel 1[0m _identify(src/ps4) by extension 'ros'
[1.733s] [34mcolcon.colcon_core.package_identification[0m [1;30mDEBUG[0m [32mPackage 'src/ps4' with type 'ros.ament_python' and name 'ps4'[0m
[1.735s] [34mcolcon.colcon_core.package_identification[0m [1;30mLevel 1[0m _identify(src/r2_auto) by extensions ['ignore', 'ignore_ament_install']
[1.735s] [34mcolcon.colcon_core.package_identification[0m [1;30mLevel 1[0m _identify(src/r2_auto) by extension 'ignore'
[1.735s] [34mcolcon.colcon_core.package_identification[0m [1;30mLevel 1[0m _identify(src/r2_auto) by extension 'ignore_ament_install'
[1.736s] [34mcolcon.colcon_core.package_identification[0m [1;30mLevel 1[0m _identify(src/r2_auto) by extensions ['colcon_pkg']
[1.736s] [34mcolcon.colcon_core.package_identification[0m [1;30mLevel 1[0m _identify(src/r2_auto) by extension 'colcon_pkg'
[1.736s] [34mcolcon.colcon_core.package_identification[0m [1;30mLevel 1[0m _identify(src/r2_auto) by extensions ['colcon_meta']
[1.737s] [34mcolcon.colcon_core.package_identification[0m [1;30mLevel 1[0m _identify(src/r2_auto) by extension 'colcon_meta'
[1.737s] [34mcolcon.colcon_core.package_identification[0m [1;30mLevel 1[0m _identify(src/r2_auto) by extensions ['ros']
[1.737s] [34mcolcon.colcon_core.package_identification[0m [1;30mLevel 1[0m _identify(src/r2_auto) by extension 'ros'
[1.740s] [34mcolcon.colcon_core.package_identification[0m [1;30mDEBUG[0m [32mPackage 'src/r2_auto' with type 'ros.ament_python' and name 'r2_auto'[0m
[1.741s] [34mcolcon.colcon_core.package_identification[0m [1;30mLevel 1[0m _identify(src/sensor) by extensions ['ignore', 'ignore_ament_install']
[1.741s] [34mcolcon.colcon_core.package_identification[0m [1;30mLevel 1[0m _identify(src/sensor) by extension 'ignore'
[1.742s] [34mcolcon.colcon_core.package_identification[0m [1;30mLevel 1[0m _identify(src/sensor) by extension 'ignore_ament_install'
[1.742s] [34mcolcon.colcon_core.package_identification[0m [1;30mLevel 1[0m _identify(src/sensor) by extensions ['colcon_pkg']
[1.742s] [34mcolcon.colcon_core.package_identification[0m [1;30mLevel 1[0m _identify(src/sensor) by extension 'colcon_pkg'
[1.743s] [34mcolcon.colcon_core.package_identification[0m [1;30mLevel 1[0m _identify(src/sensor) by extensions ['colcon_meta']
[1.743s] [34mcolcon.colcon_core.package_identification[0m [1;30mLevel 1[0m _identify(src/sensor) by extension 'colcon_meta'
[1.743s] [34mcolcon.colcon_core.package_identification[0m [1;30mLevel 1[0m _identify(src/sensor) by extensions ['ros']
[1.743s] [34mcolcon.colcon_core.package_identification[0m [1;30mLevel 1[0m _identify(src/sensor) by extension 'ros'
[1.745s] [34mcolcon.colcon_core.package_identification[0m [1;30mDEBUG[0m [32mPackage 'src/sensor' with type 'ros.ament_python' and name 'sensor'[0m
[1.746s] [34mcolcon.colcon_core.package_discovery[0m [1;30mLevel 1[0m discover_packages(recursive) using defaults
[1.746s] [34mcolcon.colcon_core.package_discovery[0m [1;30mLevel 1[0m discover_packages(ignore) discover
[1.747s] [34mcolcon.colcon_core.package_discovery[0m [1;30mLevel 1[0m discover_packages(ignore) using defaults
[1.747s] [34mcolcon.colcon_core.package_discovery[0m [1;30mLevel 1[0m discover_packages(path) discover
[1.747s] [34mcolcon.colcon_core.package_discovery[0m [1;30mLevel 1[0m discover_packages(path) using defaults
[1.838s] [34mcolcon.colcon_core.package_selection[0m [1;30mINFO[0m Skipping not selected package 'auto' in 'src/auto'
[1.838s] [34mcolcon.colcon_core.package_selection[0m [1;30mINFO[0m Skipping not selected package 'motor_control_package' in 'src/motor_control_package'
[1.839s] [34mcolcon.colcon_core.package_selection[0m [1;30mINFO[0m Skipping not selected package 'navigation' in 'src/navigation'
[1.839s] [34mcolcon.colcon_core.package_selection[0m [1;30mINFO[0m Skipping not selected package 'ps4' in 'src/ps4'
[1.839s] [34mcolcon.colcon_core.package_selection[0m [1;30mINFO[0m Skipping not selected package 'sensor' in 'src/sensor'
[1.841s] [34mcolcon.colcon_core.package_discovery[0m [1;30mLevel 1[0m discover_packages(prefix_path) check parameters
[1.842s] [34mcolcon.colcon_core.package_discovery[0m [1;30mLevel 1[0m discover_packages(prefix_path) discover
[1.855s] [34mcolcon.colcon_installed_package_information.package_discovery[0m [1;30mDEBUG[0m [32mFound 8 installed packages in /home/eduhkrobotic2/r2_ros/install[0m
[1.866s] [34mcolcon.colcon_installed_package_information.package_discovery[0m [1;30mDEBUG[0m [32mFound 278 installed packages in /opt/ros/humble[0m
[1.873s] [34mcolcon.colcon_core.package_discovery[0m [1;30mLevel 1[0m discover_packages(prefix_path) using defaults
[2.105s] [34mcolcon.colcon_core.verb[0m [1;30mLevel 5[0m set package 'r2_auto' build argument 'cmake_args' from command line to 'None'
[2.106s] [34mcolcon.colcon_core.verb[0m [1;30mLevel 5[0m set package 'r2_auto' build argument 'cmake_target' from command line to 'None'
[2.106s] [34mcolcon.colcon_core.verb[0m [1;30mLevel 5[0m set package 'r2_auto' build argument 'cmake_target_skip_unavailable' from command line to 'False'
[2.106s] [34mcolcon.colcon_core.verb[0m [1;30mLevel 5[0m set package 'r2_auto' build argument 'cmake_clean_cache' from command line to 'False'
[2.106s] [34mcolcon.colcon_core.verb[0m [1;30mLevel 5[0m set package 'r2_auto' build argument 'cmake_clean_first' from command line to 'False'
[2.106s] [34mcolcon.colcon_core.verb[0m [1;30mLevel 5[0m set package 'r2_auto' build argument 'cmake_force_configure' from command line to 'False'
[2.106s] [34mcolcon.colcon_core.verb[0m [1;30mLevel 5[0m set package 'r2_auto' build argument 'ament_cmake_args' from command line to 'None'
[2.106s] [34mcolcon.colcon_core.verb[0m [1;30mLevel 5[0m set package 'r2_auto' build argument 'catkin_cmake_args' from command line to 'None'
[2.106s] [34mcolcon.colcon_core.verb[0m [1;30mLevel 5[0m set package 'r2_auto' build argument 'catkin_skip_building_tests' from command line to 'False'
[2.107s] [34mcolcon.colcon_core.verb[0m [1;30mDEBUG[0m [32mBuilding package 'r2_auto' with the following arguments: {'ament_cmake_args': None, 'build_base': '/home/eduhkrobotic2/r2_ros/build/r2_auto', 'catkin_cmake_args': None, 'catkin_skip_building_tests': False, 'cmake_args': None, 'cmake_clean_cache': False, 'cmake_clean_first': False, 'cmake_force_configure': False, 'cmake_target': None, 'cmake_target_skip_unavailable': False, 'install_base': '/home/eduhkrobotic2/r2_ros/install/r2_auto', 'merge_install': False, 'path': '/home/eduhkrobotic2/r2_ros/src/r2_auto', 'symlink_install': False, 'test_result_base': None}[0m
[2.108s] [34mcolcon.colcon_core.executor[0m [1;30mINFO[0m Executing jobs using 'parallel' executor
[2.112s] [34mcolcon.colcon_parallel_executor.executor.parallel[0m [1;30mDEBUG[0m [32mrun_until_complete[0m
[2.113s] [34mcolcon.colcon_ros.task.ament_python.build[0m [1;30mINFO[0m Building ROS package in '/home/eduhkrobotic2/r2_ros/src/r2_auto' with build type 'ament_python'
[2.113s] [34mcolcon.colcon_core.shell[0m [1;30mLevel 1[0m create_environment_hook('r2_auto', 'ament_prefix_path')
[2.128s] [34mcolcon.colcon_core.plugin_system[0m [1;30mINFO[0m Skipping extension 'colcon_core.shell.bat': Not used on non-Windows systems
[2.129s] [34mcolcon.colcon_core.shell[0m [1;30mINFO[0m Creating environment hook '/home/eduhkrobotic2/r2_ros/install/r2_auto/share/r2_auto/hook/ament_prefix_path.ps1'
[2.132s] [34mcolcon.colcon_core.shell[0m [1;30mINFO[0m Creating environment descriptor '/home/eduhkrobotic2/r2_ros/install/r2_auto/share/r2_auto/hook/ament_prefix_path.dsv'
[2.135s] [34mcolcon.colcon_core.shell[0m [1;30mINFO[0m Creating environment hook '/home/eduhkrobotic2/r2_ros/install/r2_auto/share/r2_auto/hook/ament_prefix_path.sh'
[2.139s] [34mcolcon.colcon_core.shell[0m [1;30mINFO[0m Skip shell extension 'powershell' for command environment: Not usable outside of PowerShell
[2.139s] [34mcolcon.colcon_core.shell[0m [1;30mDEBUG[0m [32mSkip shell extension 'dsv' for command environment[0m
[3.776s] [34mcolcon.colcon_core.task.python.build[0m [1;30mINFO[0m Building Python package in '/home/eduhkrobotic2/r2_ros/src/r2_auto'
[3.778s] [34mcolcon.colcon_core.shell[0m [1;30mINFO[0m Skip shell extension 'powershell' for command environment: Not usable outside of PowerShell
[3.778s] [34mcolcon.colcon_core.shell[0m [1;30mDEBUG[0m [32mSkip shell extension 'dsv' for command environment[0m
[8.371s] [34mcolcon.colcon_core.event_handler.log_command[0m [1;30mDEBUG[0m [32mInvoking command in '/home/eduhkrobotic2/r2_ros/src/r2_auto': PYTHONPATH=/home/eduhkrobotic2/r2_ros/build/r2_auto/prefix_override:/home/eduhkrobotic2/r2_ros/install/r2_auto/lib/python3.10/site-packages:${PYTHONPATH} /usr/bin/python3 -W ignore:setup.py install is deprecated setup.py egg_info --egg-base ../../build/r2_auto build --build-base /home/eduhkrobotic2/r2_ros/build/r2_auto/build install --record /home/eduhkrobotic2/r2_ros/build/r2_auto/install.log --single-version-externally-managed install_data[0m
[12.814s] [34mcolcon.colcon_core.event_handler.log_command[0m [1;30mDEBUG[0m [32mInvoked command in '/home/eduhkrobotic2/r2_ros/src/r2_auto' returned '0': PYTHONPATH=/home/eduhkrobotic2/r2_ros/build/r2_auto/prefix_override:/home/eduhkrobotic2/r2_ros/install/r2_auto/lib/python3.10/site-packages:${PYTHONPATH} /usr/bin/python3 -W ignore:setup.py install is deprecated setup.py egg_info --egg-base ../../build/r2_auto build --build-base /home/eduhkrobotic2/r2_ros/build/r2_auto/build install --record /home/eduhkrobotic2/r2_ros/build/r2_auto/install.log --single-version-externally-managed install_data[0m
[12.839s] [34mcolcon.colcon_core.environment[0m [1;30mLevel 1[0m checking '/home/eduhkrobotic2/r2_ros/install/r2_auto' for CMake module files
[12.841s] [34mcolcon.colcon_core.environment[0m [1;30mLevel 1[0m checking '/home/eduhkrobotic2/r2_ros/install/r2_auto' for CMake config files
[12.847s] [34mcolcon.colcon_core.environment[0m [1;30mLevel 1[0m checking '/home/eduhkrobotic2/r2_ros/install/r2_auto/lib'
[12.848s] [34mcolcon.colcon_core.environment[0m [1;30mLevel 1[0m checking '/home/eduhkrobotic2/r2_ros/install/r2_auto/bin'
[12.848s] [34mcolcon.colcon_core.environment[0m [1;30mLevel 1[0m checking '/home/eduhkrobotic2/r2_ros/install/r2_auto/lib/pkgconfig/r2_auto.pc'
[12.850s] [34mcolcon.colcon_core.environment[0m [1;30mLevel 1[0m checking '/home/eduhkrobotic2/r2_ros/install/r2_auto/lib/python3.10/site-packages'
[12.850s] [34mcolcon.colcon_core.shell[0m [1;30mLevel 1[0m create_environment_hook('r2_auto', 'pythonpath')
[12.851s] [34mcolcon.colcon_core.shell[0m [1;30mINFO[0m Creating environment hook '/home/eduhkrobotic2/r2_ros/install/r2_auto/share/r2_auto/hook/pythonpath.ps1'
[12.854s] [34mcolcon.colcon_core.shell[0m [1;30mINFO[0m Creating environment descriptor '/home/eduhkrobotic2/r2_ros/install/r2_auto/share/r2_auto/hook/pythonpath.dsv'
[12.856s] [34mcolcon.colcon_core.shell[0m [1;30mINFO[0m Creating environment hook '/home/eduhkrobotic2/r2_ros/install/r2_auto/share/r2_auto/hook/pythonpath.sh'
[12.859s] [34mcolcon.colcon_core.environment[0m [1;30mLevel 1[0m checking '/home/eduhkrobotic2/r2_ros/install/r2_auto/bin'
[12.860s] [34mcolcon.colcon_core.environment[0m [1;30mLevel 1[0m create_environment_scripts_only(r2_auto)
[12.861s] [34mcolcon.colcon_core.shell[0m [1;30mINFO[0m Creating package script '/home/eduhkrobotic2/r2_ros/install/r2_auto/share/r2_auto/package.ps1'
[12.865s] [34mcolcon.colcon_core.shell[0m [1;30mINFO[0m Creating package descriptor '/home/eduhkrobotic2/r2_ros/install/r2_auto/share/r2_auto/package.dsv'
[12.869s] [34mcolcon.colcon_core.shell[0m [1;30mINFO[0m Creating package script '/home/eduhkrobotic2/r2_ros/install/r2_auto/share/r2_auto/package.sh'
[12.873s] [34mcolcon.colcon_core.shell[0m [1;30mINFO[0m Creating package script '/home/eduhkrobotic2/r2_ros/install/r2_auto/share/r2_auto/package.bash'
[12.878s] [34mcolcon.colcon_core.shell[0m [1;30mINFO[0m Creating package script '/home/eduhkrobotic2/r2_ros/install/r2_auto/share/r2_auto/package.zsh'
[12.882s] [34mcolcon.colcon_core.environment[0m [1;30mLevel 1[0m create_file_with_runtime_dependencies(/home/eduhkrobotic2/r2_ros/install/r2_auto/share/colcon-core/packages/r2_auto)
[12.886s] [34mcolcon.colcon_parallel_executor.executor.parallel[0m [1;30mDEBUG[0m [32mclosing loop[0m
[12.887s] [34mcolcon.colcon_parallel_executor.executor.parallel[0m [1;30mDEBUG[0m [32mloop closed[0m
[12.888s] [34mcolcon.colcon_parallel_executor.executor.parallel[0m [1;30mDEBUG[0m [32mrun_until_complete finished with '0'[0m
[12.888s] [34mcolcon.colcon_core.event_reactor[0m [1;30mDEBUG[0m [32mjoining thread[0m
[13.013s] [34mcolcon.colcon_core.plugin_system[0m [1;30mINFO[0m Skipping extension 'colcon_notification.desktop_notification.terminal_notifier': Not used on non-Darwin systems
[13.014s] [34mcolcon.colcon_core.plugin_system[0m [1;30mINFO[0m Skipping extension 'colcon_notification.desktop_notification.win32': Not used on non-Windows systems
[13.014s] [34mcolcon.colcon_notification.desktop_notification[0m [1;30mINFO[0m Sending desktop notification using 'notify2'
[13.112s] [34mcolcon.colcon_core.event_reactor[0m [1;30mDEBUG[0m [32mjoined thread[0m
[13.113s] [34mcolcon.colcon_core.shell[0m [1;30mINFO[0m Creating prefix script '/home/eduhkrobotic2/r2_ros/install/local_setup.ps1'
[13.118s] [34mcolcon.colcon_core.shell[0m [1;30mINFO[0m Creating prefix util module '/home/eduhkrobotic2/r2_ros/install/_local_setup_util_ps1.py'
[13.130s] [34mcolcon.colcon_core.shell[0m [1;30mINFO[0m Creating prefix chain script '/home/eduhkrobotic2/r2_ros/install/setup.ps1'
[13.142s] [34mcolcon.colcon_core.shell[0m [1;30mINFO[0m Creating prefix script '/home/eduhkrobotic2/r2_ros/install/local_setup.sh'
[13.155s] [34mcolcon.colcon_core.shell[0m [1;30mINFO[0m Creating prefix util module '/home/eduhkrobotic2/r2_ros/install/_local_setup_util_sh.py'
[13.163s] [34mcolcon.colcon_core.shell[0m [1;30mINFO[0m Creating prefix chain script '/home/eduhkrobotic2/r2_ros/install/setup.sh'
[13.185s] [34mcolcon.colcon_core.shell[0m [1;30mINFO[0m Creating prefix script '/home/eduhkrobotic2/r2_ros/install/local_setup.bash'
[13.189s] [34mcolcon.colcon_core.shell[0m [1;30mINFO[0m Creating prefix chain script '/home/eduhkrobotic2/r2_ros/install/setup.bash'
[13.196s] [34mcolcon.colcon_core.shell[0m [1;30mINFO[0m Creating prefix script '/home/eduhkrobotic2/r2_ros/install/local_setup.zsh'
[13.199s] [34mcolcon.colcon_core.shell[0m [1;30mINFO[0m Creating prefix chain script '/home/eduhkrobotic2/r2_ros/install/setup.zsh'
