[11.717s] Invoking command in '/home/eduhkrobotic2/r2_ros/build/ps4': PYTHONPATH=/home/eduhkrobotic2/r2_ros/build/ps4/prefix_override:/home/eduhkrobotic2/r2_ros/install/ps4/lib/python3.10/site-packages:${PYTHONPATH} /usr/bin/python3 -W ignore:setup.py install is deprecated setup.py develop --editable --build-directory /home/eduhkrobotic2/r2_ros/build/ps4/build --no-deps symlink_data --force
[15.950s] running develop
[15.952s] /home/eduhkrobotic2/.local/lib/python3.10/site-packages/setuptools/command/develop.py:40: EasyInstallDeprecationWarning: easy_install command is deprecated.
[15.955s] !!
[15.956s] 
[15.957s]         ********************************************************************************
[15.957s]         Please avoid running ``setup.py`` and ``easy_install``.
[15.958s]         Instead, use pypa/build, pypa/installer or other
[15.960s]         standards-based tools.
[15.960s] 
[15.962s]         See https://github.com/pypa/setuptools/issues/917 for details.
[15.963s]         ********************************************************************************
[15.964s] 
[15.965s] !!
[15.973s]   easy_install.initialize_options(self)
[19.659s] running egg_info
[19.850s] writing ps4.egg-info/PKG-INFO
[19.853s] writing dependency_links to ps4.egg-info/dependency_links.txt
[19.854s] writing entry points to ps4.egg-info/entry_points.txt
[19.856s] writing requirements to ps4.egg-info/requires.txt
[19.858s] writing top-level names to ps4.egg-info/top_level.txt
[20.307s] reading manifest file 'ps4.egg-info/SOURCES.txt'
[20.312s] writing manifest file 'ps4.egg-info/SOURCES.txt'
[20.738s] running build_ext
[20.739s] Creating /home/eduhkrobotic2/r2_ros/install/ps4/lib/python3.10/site-packages/ps4.egg-link (link to .)
[20.744s] Installing ps4_publisher script to /home/eduhkrobotic2/r2_ros/install/ps4/lib/ps4
[20.746s] Installing ps4_subscriber script to /home/eduhkrobotic2/r2_ros/install/ps4/lib/ps4
[20.748s] 
[20.749s] Installed /home/eduhkrobotic2/r2_ros/build/ps4
[20.750s] running symlink_data
[20.752s] symbolically linking /home/eduhkrobotic2/r2_ros/build/ps4/resource/ps4 -> /home/eduhkrobotic2/r2_ros/install/ps4/share/ament_index/resource_index/packages
[20.753s] symbolically linking /home/eduhkrobotic2/r2_ros/build/ps4/package.xml -> /home/eduhkrobotic2/r2_ros/install/ps4/share/ps4
[22.084s] Invoked command in '/home/eduhkrobotic2/r2_ros/build/ps4' returned '0': PYTHONPATH=/home/eduhkrobotic2/r2_ros/build/ps4/prefix_override:/home/eduhkrobotic2/r2_ros/install/ps4/lib/python3.10/site-packages:${PYTHONPATH} /usr/bin/python3 -W ignore:setup.py install is deprecated setup.py develop --editable --build-directory /home/eduhkrobotic2/r2_ros/build/ps4/build --no-deps symlink_data --force
