[11.969s] Invoking command in '/home/eduhkrobotic2/r2_ros/src/motor_control_package': PYTHONPATH=/home/eduhkrobotic2/r2_ros/build/motor_control_package/prefix_override:/home/eduhkrobotic2/r2_ros/install/motor_control_package/lib/python3.10/site-packages:${PYTHONPATH} /usr/bin/python3 -W ignore:setup.py install is deprecated setup.py egg_info --egg-base ../../build/motor_control_package build --build-base /home/eduhkrobotic2/r2_ros/build/motor_control_package/build install --record /home/eduhkrobotic2/r2_ros/build/motor_control_package/install.log --single-version-externally-managed install_data
[14.565s] running egg_info
[14.785s] writing ../../build/motor_control_package/motor_control_package.egg-info/PKG-INFO
[14.793s] writing dependency_links to ../../build/motor_control_package/motor_control_package.egg-info/dependency_links.txt
[14.801s] writing entry points to ../../build/motor_control_package/motor_control_package.egg-info/entry_points.txt
[14.804s] writing requirements to ../../build/motor_control_package/motor_control_package.egg-info/requires.txt
[14.806s] writing top-level names to ../../build/motor_control_package/motor_control_package.egg-info/top_level.txt
[15.232s] reading manifest file '../../build/motor_control_package/motor_control_package.egg-info/SOURCES.txt'
[15.243s] writing manifest file '../../build/motor_control_package/motor_control_package.egg-info/SOURCES.txt'
[15.246s] running build
[15.247s] running build_py
[15.253s] copying motor_control_package/__init__.py -> /home/eduhkrobotic2/r2_ros/build/motor_control_package/build/lib/motor_control_package
[15.257s] running install
[15.305s] running install_lib
[15.526s] running install_data
[15.529s] running install_egg_info
[15.730s] removing '/home/eduhkrobotic2/r2_ros/install/motor_control_package/lib/python3.10/site-packages/motor_control_package-0.0.0-py3.10.egg-info' (and everything under it)
[15.743s] Copying ../../build/motor_control_package/motor_control_package.egg-info to /home/eduhkrobotic2/r2_ros/install/motor_control_package/lib/python3.10/site-packages/motor_control_package-0.0.0-py3.10.egg-info
[15.773s] running install_scripts
[17.533s] Installing motor_control_publisher script to /home/eduhkrobotic2/r2_ros/install/motor_control_package/lib/motor_control_package
[17.534s] Installing motor_control_subscriber script to /home/eduhkrobotic2/r2_ros/install/motor_control_package/lib/motor_control_package
[17.536s] Installing motor_data_reader script to /home/eduhkrobotic2/r2_ros/install/motor_control_package/lib/motor_control_package
[17.537s] writing list of installed files to '/home/eduhkrobotic2/r2_ros/build/motor_control_package/install.log'
[18.182s] Invoked command in '/home/eduhkrobotic2/r2_ros/src/motor_control_package' returned '0': PYTHONPATH=/home/eduhkrobotic2/r2_ros/build/motor_control_package/prefix_override:/home/eduhkrobotic2/r2_ros/install/motor_control_package/lib/python3.10/site-packages:${PYTHONPATH} /usr/bin/python3 -W ignore:setup.py install is deprecated setup.py egg_info --egg-base ../../build/motor_control_package build --build-base /home/eduhkrobotic2/r2_ros/build/motor_control_package/build install --record /home/eduhkrobotic2/r2_ros/build/motor_control_package/install.log --single-version-externally-managed install_data
