[3.924s] Invoking command in '/home/eduhkrobotic2/r2_ros/src/navigation': PYTHONPATH=/home/eduhkrobotic2/r2_ros/build/navigation/prefix_override:/home/eduhkrobotic2/r2_ros/install/navigation/lib/python3.10/site-packages:${PYTHONPATH} /usr/bin/python3 -W ignore:setup.py install is deprecated setup.py egg_info --egg-base ../../build/navigation build --build-base /home/eduhkrobotic2/r2_ros/build/navigation/build install --record /home/eduhkrobotic2/r2_ros/build/navigation/install.log --single-version-externally-managed install_data
[5.514s] running egg_info
[5.519s] writing ../../build/navigation/navigation.egg-info/PKG-INFO
[5.521s] writing dependency_links to ../../build/navigation/navigation.egg-info/dependency_links.txt
[5.522s] writing entry points to ../../build/navigation/navigation.egg-info/entry_points.txt
[5.522s] writing requirements to ../../build/navigation/navigation.egg-info/requires.txt
[5.523s] writing top-level names to ../../build/navigation/navigation.egg-info/top_level.txt
[5.532s] reading manifest file '../../build/navigation/navigation.egg-info/SOURCES.txt'
[5.537s] writing manifest file '../../build/navigation/navigation.egg-info/SOURCES.txt'
[5.537s] running build
[5.538s] running build_py
[5.539s] running install
[5.541s] running install_lib
[5.550s] running install_data
[5.551s] running install_egg_info
[5.558s] removing '/home/eduhkrobotic2/r2_ros/install/navigation/lib/python3.10/site-packages/navigation-0.0.0-py3.10.egg-info' (and everything under it)
[5.560s] Copying ../../build/navigation/navigation.egg-info to /home/eduhkrobotic2/r2_ros/install/navigation/lib/python3.10/site-packages/navigation-0.0.0-py3.10.egg-info
[5.568s] running install_scripts
[5.663s] Installing navigation_node script to /home/eduhkrobotic2/r2_ros/install/navigation/lib/navigation
[5.664s] Installing omni_pid script to /home/eduhkrobotic2/r2_ros/install/navigation/lib/navigation
[5.666s] writing list of installed files to '/home/eduhkrobotic2/r2_ros/build/navigation/install.log'
[5.866s] Invoked command in '/home/eduhkrobotic2/r2_ros/src/navigation' returned '0': PYTHONPATH=/home/eduhkrobotic2/r2_ros/build/navigation/prefix_override:/home/eduhkrobotic2/r2_ros/install/navigation/lib/python3.10/site-packages:${PYTHONPATH} /usr/bin/python3 -W ignore:setup.py install is deprecated setup.py egg_info --egg-base ../../build/navigation build --build-base /home/eduhkrobotic2/r2_ros/build/navigation/build install --record /home/eduhkrobotic2/r2_ros/build/navigation/install.log --single-version-externally-managed install_data
