[4.599s] Invoking command in '/home/eduhkrobotic2/r2_ros/src/navigation': PYTHONPATH=/home/eduhkrobotic2/r2_ros/build/navigation/prefix_override:/home/eduhkrobotic2/r2_ros/install/navigation/lib/python3.10/site-packages:${PYTHONPATH} /usr/bin/python3 -W ignore:setup.py install is deprecated setup.py egg_info --egg-base ../../build/navigation build --build-base /home/eduhkrobotic2/r2_ros/build/navigation/build install --record /home/eduhkrobotic2/r2_ros/build/navigation/install.log --single-version-externally-managed install_data
[6.075s] running egg_info
[6.176s] writing ../../build/navigation/navigation.egg-info/PKG-INFO
[6.179s] writing dependency_links to ../../build/navigation/navigation.egg-info/dependency_links.txt
[6.181s] writing entry points to ../../build/navigation/navigation.egg-info/entry_points.txt
[6.182s] writing requirements to ../../build/navigation/navigation.egg-info/requires.txt
[6.183s] writing top-level names to ../../build/navigation/navigation.egg-info/top_level.txt
[6.396s] reading manifest file '../../build/navigation/navigation.egg-info/SOURCES.txt'
[6.401s] writing manifest file '../../build/navigation/navigation.egg-info/SOURCES.txt'
[6.402s] running build
[6.403s] running build_py
[6.405s] copying navigation/__init__.py -> /home/eduhkrobotic2/r2_ros/build/navigation/build/lib/navigation
[6.406s] copying navigation/navigation_node.py -> /home/eduhkrobotic2/r2_ros/build/navigation/build/lib/navigation
[6.408s] running install
[6.433s] running install_lib
[6.538s] copying /home/eduhkrobotic2/r2_ros/build/navigation/build/lib/navigation/navigation_node.py -> /home/eduhkrobotic2/r2_ros/install/navigation/lib/python3.10/site-packages/navigation
[6.542s] byte-compiling /home/eduhkrobotic2/r2_ros/install/navigation/lib/python3.10/site-packages/navigation/navigation_node.py to navigation_node.cpython-310.pyc
[6.547s] running install_data
[6.547s] copying resource/navigation -> /home/eduhkrobotic2/r2_ros/install/navigation/share/ament_index/resource_index/packages
[6.549s] running install_egg_info
[6.658s] removing '/home/eduhkrobotic2/r2_ros/install/navigation/lib/python3.10/site-packages/navigation-0.0.0-py3.10.egg-info' (and everything under it)
[6.660s] Copying ../../build/navigation/navigation.egg-info to /home/eduhkrobotic2/r2_ros/install/navigation/lib/python3.10/site-packages/navigation-0.0.0-py3.10.egg-info
[6.667s] running install_scripts
[7.524s] Installing movement_control script to /home/eduhkrobotic2/r2_ros/install/navigation/lib/navigation
[7.525s] Installing navigation_node script to /home/eduhkrobotic2/r2_ros/install/navigation/lib/navigation
[7.526s] Installing omni_pid script to /home/eduhkrobotic2/r2_ros/install/navigation/lib/navigation
[7.528s] writing list of installed files to '/home/eduhkrobotic2/r2_ros/build/navigation/install.log'
[7.681s] Invoked command in '/home/eduhkrobotic2/r2_ros/src/navigation' returned '0': PYTHONPATH=/home/eduhkrobotic2/r2_ros/build/navigation/prefix_override:/home/eduhkrobotic2/r2_ros/install/navigation/lib/python3.10/site-packages:${PYTHONPATH} /usr/bin/python3 -W ignore:setup.py install is deprecated setup.py egg_info --egg-base ../../build/navigation build --build-base /home/eduhkrobotic2/r2_ros/build/navigation/build install --record /home/eduhkrobotic2/r2_ros/build/navigation/install.log --single-version-externally-managed install_data
