[3.056s] Invoking command in '/home/eduhkrobotic2/r2_ros/src/motor_control_package': PYTHONPATH=/home/eduhkrobotic2/r2_ros/build/motor_control_package/prefix_override:/home/eduhkrobotic2/r2_ros/install/motor_control_package/lib/python3.10/site-packages:${PYTHONPATH} /usr/bin/python3 -W ignore:setup.py install is deprecated setup.py egg_info --egg-base ../../build/motor_control_package build --build-base /home/eduhkrobotic2/r2_ros/build/motor_control_package/build install --record /home/eduhkrobotic2/r2_ros/build/motor_control_package/install.log --single-version-externally-managed install_data
[4.288s] running egg_info
[4.291s] writing ../../build/motor_control_package/motor_control_package.egg-info/PKG-INFO
[4.293s] writing dependency_links to ../../build/motor_control_package/motor_control_package.egg-info/dependency_links.txt
[4.293s] writing entry points to ../../build/motor_control_package/motor_control_package.egg-info/entry_points.txt
[4.294s] writing requirements to ../../build/motor_control_package/motor_control_package.egg-info/requires.txt
[4.295s] writing top-level names to ../../build/motor_control_package/motor_control_package.egg-info/top_level.txt
[4.303s] reading manifest file '../../build/motor_control_package/motor_control_package.egg-info/SOURCES.txt'
[4.307s] writing manifest file '../../build/motor_control_package/motor_control_package.egg-info/SOURCES.txt'
[4.308s] running build
[4.308s] running build_py
[4.310s] running install
[4.311s] running install_lib
[4.319s] running install_data
[4.320s] running install_egg_info
[4.327s] removing '/home/eduhkrobotic2/r2_ros/install/motor_control_package/lib/python3.10/site-packages/motor_control_package-0.0.0-py3.10.egg-info' (and everything under it)
[4.329s] Copying ../../build/motor_control_package/motor_control_package.egg-info to /home/eduhkrobotic2/r2_ros/install/motor_control_package/lib/python3.10/site-packages/motor_control_package-0.0.0-py3.10.egg-info
[4.334s] running install_scripts
[4.415s] Installing motor_control_publisher script to /home/eduhkrobotic2/r2_ros/install/motor_control_package/lib/motor_control_package
[4.416s] Installing motor_control_subscriber script to /home/eduhkrobotic2/r2_ros/install/motor_control_package/lib/motor_control_package
[4.417s] Installing motor_data_reader script to /home/eduhkrobotic2/r2_ros/install/motor_control_package/lib/motor_control_package
[4.419s] writing list of installed files to '/home/eduhkrobotic2/r2_ros/build/motor_control_package/install.log'
[4.557s] Invoked command in '/home/eduhkrobotic2/r2_ros/src/motor_control_package' returned '0': PYTHONPATH=/home/eduhkrobotic2/r2_ros/build/motor_control_package/prefix_override:/home/eduhkrobotic2/r2_ros/install/motor_control_package/lib/python3.10/site-packages:${PYTHONPATH} /usr/bin/python3 -W ignore:setup.py install is deprecated setup.py egg_info --egg-base ../../build/motor_control_package build --build-base /home/eduhkrobotic2/r2_ros/build/motor_control_package/build install --record /home/eduhkrobotic2/r2_ros/build/motor_control_package/install.log --single-version-externally-managed install_data
