[9.658s] Invoking command in '/home/eduhkrobotic2/r2_ros/src/navigation': PYTHONPATH=/home/eduhkrobotic2/r2_ros/build/navigation/prefix_override:/home/eduhkrobotic2/r2_ros/install/navigation/lib/python3.10/site-packages:${PYTHONPATH} /usr/bin/python3 -W ignore:setup.py install is deprecated setup.py egg_info --egg-base ../../build/navigation build --build-base /home/eduhkrobotic2/r2_ros/build/navigation/build install --record /home/eduhkrobotic2/r2_ros/build/navigation/install.log --single-version-externally-managed install_data
[12.061s] running egg_info
[12.069s] writing ../../build/navigation/navigation.egg-info/PKG-INFO
[12.070s] writing dependency_links to ../../build/navigation/navigation.egg-info/dependency_links.txt
[12.075s] writing entry points to ../../build/navigation/navigation.egg-info/entry_points.txt
[12.076s] writing requirements to ../../build/navigation/navigation.egg-info/requires.txt
[12.078s] writing top-level names to ../../build/navigation/navigation.egg-info/top_level.txt
[12.094s] reading manifest file '../../build/navigation/navigation.egg-info/SOURCES.txt'
[12.100s] writing manifest file '../../build/navigation/navigation.egg-info/SOURCES.txt'
[12.101s] running build
[12.103s] running build_py
[12.109s] running install
[12.110s] running install_lib
[12.121s] running install_data
[12.123s] running install_egg_info
[12.138s] removing '/home/eduhkrobotic2/r2_ros/install/navigation/lib/python3.10/site-packages/navigation-0.0.0-py3.10.egg-info' (and everything under it)
[12.139s] Copying ../../build/navigation/navigation.egg-info to /home/eduhkrobotic2/r2_ros/install/navigation/lib/python3.10/site-packages/navigation-0.0.0-py3.10.egg-info
[12.151s] running install_scripts
[12.250s] Installing navigation_node script to /home/eduhkrobotic2/r2_ros/install/navigation/lib/navigation
[12.251s] Installing omni_pid script to /home/eduhkrobotic2/r2_ros/install/navigation/lib/navigation
[12.253s] writing list of installed files to '/home/eduhkrobotic2/r2_ros/build/navigation/install.log'
[12.396s] Invoked command in '/home/eduhkrobotic2/r2_ros/src/navigation' returned '0': PYTHONPATH=/home/eduhkrobotic2/r2_ros/build/navigation/prefix_override:/home/eduhkrobotic2/r2_ros/install/navigation/lib/python3.10/site-packages:${PYTHONPATH} /usr/bin/python3 -W ignore:setup.py install is deprecated setup.py egg_info --egg-base ../../build/navigation build --build-base /home/eduhkrobotic2/r2_ros/build/navigation/build install --record /home/eduhkrobotic2/r2_ros/build/navigation/install.log --single-version-externally-managed install_data
