running egg_info
writing ../../build/auto/auto.egg-info/PKG-INFO
writing dependency_links to ../../build/auto/auto.egg-info/dependency_links.txt
writing entry points to ../../build/auto/auto.egg-info/entry_points.txt
writing requirements to ../../build/auto/auto.egg-info/requires.txt
writing top-level names to ../../build/auto/auto.egg-info/top_level.txt
reading manifest file '../../build/auto/auto.egg-info/SOURCES.txt'
writing manifest file '../../build/auto/auto.egg-info/SOURCES.txt'
running build
running build_py
copying auto/__init__.py -> /home/eduhkrobotic2/r2_ros/build/auto/build/lib/auto
running install
running install_lib
running install_data
copying resource/auto -> /home/eduhkrobotic2/r2_ros/install/auto/share/ament_index/resource_index/packages
running install_egg_info
removing '/home/eduhkrobotic2/r2_ros/install/auto/lib/python3.10/site-packages/auto-0.0.0-py3.10.egg-info' (and everything under it)
Copying ../../build/auto/auto.egg-info to /home/eduhkrobotic2/r2_ros/install/auto/lib/python3.10/site-packages/auto-0.0.0-py3.10.egg-info
running install_scripts
Installing webcam_node script to /home/eduhkrobotic2/r2_ros/install/auto/lib/auto
writing list of installed files to '/home/eduhkrobotic2/r2_ros/build/auto/install.log'
