[11.005s] Invoking command in '/home/eduhkrobotic2/r2_ros/src/auto': PYTHONPATH=/home/eduhkrobotic2/r2_ros/build/auto/prefix_override:/home/eduhkrobotic2/r2_ros/install/auto/lib/python3.10/site-packages:${PYTHONPATH} /usr/bin/python3 -W ignore:setup.py install is deprecated setup.py egg_info --egg-base ../../build/auto build --build-base /home/eduhkrobotic2/r2_ros/build/auto/build install --record /home/eduhkrobotic2/r2_ros/build/auto/install.log --single-version-externally-managed install_data
[13.829s] running egg_info
[14.026s] writing ../../build/auto/auto.egg-info/PKG-INFO
[14.035s] writing dependency_links to ../../build/auto/auto.egg-info/dependency_links.txt
[14.042s] writing entry points to ../../build/auto/auto.egg-info/entry_points.txt
[14.045s] writing requirements to ../../build/auto/auto.egg-info/requires.txt
[14.048s] writing top-level names to ../../build/auto/auto.egg-info/top_level.txt
[14.391s] reading manifest file '../../build/auto/auto.egg-info/SOURCES.txt'
[14.398s] writing manifest file '../../build/auto/auto.egg-info/SOURCES.txt'
[14.400s] running build
[14.401s] running build_py
[14.406s] copying auto/__init__.py -> /home/eduhkrobotic2/r2_ros/build/auto/build/lib/auto
[14.408s] running install
[14.439s] running install_lib
[14.623s] running install_data
[14.627s] copying resource/auto -> /home/eduhkrobotic2/r2_ros/install/auto/share/ament_index/resource_index/packages
[14.628s] running install_egg_info
[14.910s] removing '/home/eduhkrobotic2/r2_ros/install/auto/lib/python3.10/site-packages/auto-0.0.0-py3.10.egg-info' (and everything under it)
[14.913s] Copying ../../build/auto/auto.egg-info to /home/eduhkrobotic2/r2_ros/install/auto/lib/python3.10/site-packages/auto-0.0.0-py3.10.egg-info
[14.955s] running install_scripts
[17.268s] Installing webcam_node script to /home/eduhkrobotic2/r2_ros/install/auto/lib/auto
[17.273s] writing list of installed files to '/home/eduhkrobotic2/r2_ros/build/auto/install.log'
[18.193s] Invoked command in '/home/eduhkrobotic2/r2_ros/src/auto' returned '0': PYTHONPATH=/home/eduhkrobotic2/r2_ros/build/auto/prefix_override:/home/eduhkrobotic2/r2_ros/install/auto/lib/python3.10/site-packages:${PYTHONPATH} /usr/bin/python3 -W ignore:setup.py install is deprecated setup.py egg_info --egg-base ../../build/auto build --build-base /home/eduhkrobotic2/r2_ros/build/auto/build install --record /home/eduhkrobotic2/r2_ros/build/auto/install.log --single-version-externally-managed install_data
