[6.348s] Invoking command in '/home/eduhkrobotic2/r2_ros/src/motor_control_package': PYTHONPATH=/home/eduhkrobotic2/r2_ros/build/motor_control_package/prefix_override:/home/eduhkrobotic2/r2_ros/install/motor_control_package/lib/python3.10/site-packages:${PYTHONPATH} /usr/bin/python3 -W ignore:setup.py install is deprecated setup.py egg_info --egg-base ../../build/motor_control_package build --build-base /home/eduhkrobotic2/r2_ros/build/motor_control_package/build install --record /home/eduhkrobotic2/r2_ros/build/motor_control_package/install.log --single-version-externally-managed install_data
[7.988s] running egg_info
[8.117s] writing ../../build/motor_control_package/motor_control_package.egg-info/PKG-INFO
[8.121s] writing dependency_links to ../../build/motor_control_package/motor_control_package.egg-info/dependency_links.txt
[8.123s] writing entry points to ../../build/motor_control_package/motor_control_package.egg-info/entry_points.txt
[8.124s] writing requirements to ../../build/motor_control_package/motor_control_package.egg-info/requires.txt
[8.125s] writing top-level names to ../../build/motor_control_package/motor_control_package.egg-info/top_level.txt
[8.387s] reading manifest file '../../build/motor_control_package/motor_control_package.egg-info/SOURCES.txt'
[8.393s] writing manifest file '../../build/motor_control_package/motor_control_package.egg-info/SOURCES.txt'
[8.394s] running build
[8.395s] running build_py
[8.398s] copying motor_control_package/__init__.py -> /home/eduhkrobotic2/r2_ros/build/motor_control_package/build/lib/motor_control_package
[8.401s] running install
[8.426s] running install_lib
[8.557s] running install_data
[8.559s] running install_egg_info
[8.711s] removing '/home/eduhkrobotic2/r2_ros/install/motor_control_package/lib/python3.10/site-packages/motor_control_package-0.0.0-py3.10.egg-info' (and everything under it)
[8.714s] Copying ../../build/motor_control_package/motor_control_package.egg-info to /home/eduhkrobotic2/r2_ros/install/motor_control_package/lib/python3.10/site-packages/motor_control_package-0.0.0-py3.10.egg-info
[8.723s] running install_scripts
[9.790s] Installing motor_control_publisher script to /home/eduhkrobotic2/r2_ros/install/motor_control_package/lib/motor_control_package
[9.793s] Installing motor_control_subscriber script to /home/eduhkrobotic2/r2_ros/install/motor_control_package/lib/motor_control_package
[9.794s] Installing motor_data_reader script to /home/eduhkrobotic2/r2_ros/install/motor_control_package/lib/motor_control_package
[9.796s] writing list of installed files to '/home/eduhkrobotic2/r2_ros/build/motor_control_package/install.log'
[9.960s] Invoked command in '/home/eduhkrobotic2/r2_ros/src/motor_control_package' returned '0': PYTHONPATH=/home/eduhkrobotic2/r2_ros/build/motor_control_package/prefix_override:/home/eduhkrobotic2/r2_ros/install/motor_control_package/lib/python3.10/site-packages:${PYTHONPATH} /usr/bin/python3 -W ignore:setup.py install is deprecated setup.py egg_info --egg-base ../../build/motor_control_package build --build-base /home/eduhkrobotic2/r2_ros/build/motor_control_package/build install --record /home/eduhkrobotic2/r2_ros/build/motor_control_package/install.log --single-version-externally-managed install_data
