[4.255s] Invoking command in '/home/eduhkrobotic2/r2_ros/src/sensor': PYTHONPATH=/home/eduhkrobotic2/r2_ros/build/sensor/prefix_override:/home/eduhkrobotic2/r2_ros/install/sensor/lib/python3.10/site-packages:${PYTHONPATH} /usr/bin/python3 -W ignore:setup.py install is deprecated setup.py egg_info --egg-base ../../build/sensor build --build-base /home/eduhkrobotic2/r2_ros/build/sensor/build install --record /home/eduhkrobotic2/r2_ros/build/sensor/install.log --single-version-externally-managed install_data
[5.604s] running egg_info
[5.691s] writing ../../build/sensor/sensor.egg-info/PKG-INFO
[5.693s] writing dependency_links to ../../build/sensor/sensor.egg-info/dependency_links.txt
[5.695s] writing entry points to ../../build/sensor/sensor.egg-info/entry_points.txt
[5.696s] writing requirements to ../../build/sensor/sensor.egg-info/requires.txt
[5.696s] writing top-level names to ../../build/sensor/sensor.egg-info/top_level.txt
[5.874s] reading manifest file '../../build/sensor/sensor.egg-info/SOURCES.txt'
[5.878s] writing manifest file '../../build/sensor/sensor.egg-info/SOURCES.txt'
[5.879s] running build
[5.880s] running build_py
[5.880s] copying sensor/__init__.py -> /home/eduhkrobotic2/r2_ros/build/sensor/build/lib/sensor
[5.881s] copying sensor/sensor_publisher.py -> /home/eduhkrobotic2/r2_ros/build/sensor/build/lib/sensor
[5.883s] copying sensor/__init__.py -> /home/eduhkrobotic2/r2_ros/build/sensor/build/lib/sensor
[5.885s] running install
[5.907s] running install_lib
[5.995s] copying /home/eduhkrobotic2/r2_ros/build/sensor/build/lib/sensor/sensor_publisher.py -> /home/eduhkrobotic2/r2_ros/install/sensor/lib/python3.10/site-packages/sensor
[5.999s] byte-compiling /home/eduhkrobotic2/r2_ros/install/sensor/lib/python3.10/site-packages/sensor/sensor_publisher.py to sensor_publisher.cpython-310.pyc
[6.002s] running install_data
[6.003s] copying resource/sensor -> /home/eduhkrobotic2/r2_ros/install/sensor/share/ament_index/resource_index/packages
[6.004s] running install_egg_info
[6.097s] removing '/home/eduhkrobotic2/r2_ros/install/sensor/lib/python3.10/site-packages/sensor-0.0.0-py3.10.egg-info' (and everything under it)
[6.099s] Copying ../../build/sensor/sensor.egg-info to /home/eduhkrobotic2/r2_ros/install/sensor/lib/python3.10/site-packages/sensor-0.0.0-py3.10.egg-info
[6.104s] running install_scripts
[6.930s] Installing gyrosensor script to /home/eduhkrobotic2/r2_ros/install/sensor/lib/sensor
[6.931s] Installing sensor_publisher script to /home/eduhkrobotic2/r2_ros/install/sensor/lib/sensor
[6.932s] Installing stp32l script to /home/eduhkrobotic2/r2_ros/install/sensor/lib/sensor
[6.934s] writing list of installed files to '/home/eduhkrobotic2/r2_ros/build/sensor/install.log'
[7.073s] Invoked command in '/home/eduhkrobotic2/r2_ros/src/sensor' returned '0': PYTHONPATH=/home/eduhkrobotic2/r2_ros/build/sensor/prefix_override:/home/eduhkrobotic2/r2_ros/install/sensor/lib/python3.10/site-packages:${PYTHONPATH} /usr/bin/python3 -W ignore:setup.py install is deprecated setup.py egg_info --egg-base ../../build/sensor build --build-base /home/eduhkrobotic2/r2_ros/build/sensor/build install --record /home/eduhkrobotic2/r2_ros/build/sensor/install.log --single-version-externally-managed install_data
