[3.006s] Invoking command in '/home/eduhkrobotic2/r2_ros/src/motor_control_package': PYTHONPATH=/home/eduhkrobotic2/r2_ros/build/motor_control_package/prefix_override:/home/eduhkrobotic2/r2_ros/install/motor_control_package/lib/python3.10/site-packages:${PYTHONPATH} /usr/bin/python3 -W ignore:setup.py install is deprecated setup.py egg_info --egg-base ../../build/motor_control_package build --build-base /home/eduhkrobotic2/r2_ros/build/motor_control_package/build install --record /home/eduhkrobotic2/r2_ros/build/motor_control_package/install.log --single-version-externally-managed install_data
[4.225s] running egg_info
[4.228s] writing ../../build/motor_control_package/motor_control_package.egg-info/PKG-INFO
[4.230s] writing dependency_links to ../../build/motor_control_package/motor_control_package.egg-info/dependency_links.txt
[4.231s] writing entry points to ../../build/motor_control_package/motor_control_package.egg-info/entry_points.txt
[4.232s] writing requirements to ../../build/motor_control_package/motor_control_package.egg-info/requires.txt
[4.233s] writing top-level names to ../../build/motor_control_package/motor_control_package.egg-info/top_level.txt
[4.241s] reading manifest file '../../build/motor_control_package/motor_control_package.egg-info/SOURCES.txt'
[4.244s] writing manifest file '../../build/motor_control_package/motor_control_package.egg-info/SOURCES.txt'
[4.245s] running build
[4.245s] running build_py
[4.246s] creating /home/eduhkrobotic2/r2_ros/build/motor_control_package/build/lib/motor_control_package
[4.246s] copying motor_control_package/motor_data_reader.py -> /home/eduhkrobotic2/r2_ros/build/motor_control_package/build/lib/motor_control_package
[4.247s] copying motor_control_package/__init__.py -> /home/eduhkrobotic2/r2_ros/build/motor_control_package/build/lib/motor_control_package
[4.248s] copying motor_control_package/motor_control_publisher.py -> /home/eduhkrobotic2/r2_ros/build/motor_control_package/build/lib/motor_control_package
[4.248s] copying motor_control_package/motor_control_subscriber.py -> /home/eduhkrobotic2/r2_ros/build/motor_control_package/build/lib/motor_control_package
[4.250s] running install
[4.251s] running install_lib
[4.256s] creating /home/eduhkrobotic2/r2_ros/install/motor_control_package/lib/python3.10/site-packages/motor_control_package
[4.256s] copying /home/eduhkrobotic2/r2_ros/build/motor_control_package/build/lib/motor_control_package/motor_data_reader.py -> /home/eduhkrobotic2/r2_ros/install/motor_control_package/lib/python3.10/site-packages/motor_control_package
[4.257s] copying /home/eduhkrobotic2/r2_ros/build/motor_control_package/build/lib/motor_control_package/__init__.py -> /home/eduhkrobotic2/r2_ros/install/motor_control_package/lib/python3.10/site-packages/motor_control_package
[4.258s] copying /home/eduhkrobotic2/r2_ros/build/motor_control_package/build/lib/motor_control_package/motor_control_publisher.py -> /home/eduhkrobotic2/r2_ros/install/motor_control_package/lib/python3.10/site-packages/motor_control_package
[4.259s] copying /home/eduhkrobotic2/r2_ros/build/motor_control_package/build/lib/motor_control_package/motor_control_subscriber.py -> /home/eduhkrobotic2/r2_ros/install/motor_control_package/lib/python3.10/site-packages/motor_control_package
[4.280s] byte-compiling /home/eduhkrobotic2/r2_ros/install/motor_control_package/lib/python3.10/site-packages/motor_control_package/motor_data_reader.py to motor_data_reader.cpython-310.pyc
[4.281s] byte-compiling /home/eduhkrobotic2/r2_ros/install/motor_control_package/lib/python3.10/site-packages/motor_control_package/__init__.py to __init__.cpython-310.pyc
[4.281s] byte-compiling /home/eduhkrobotic2/r2_ros/install/motor_control_package/lib/python3.10/site-packages/motor_control_package/motor_control_publisher.py to motor_control_publisher.cpython-310.pyc
[4.282s] byte-compiling /home/eduhkrobotic2/r2_ros/install/motor_control_package/lib/python3.10/site-packages/motor_control_package/motor_control_subscriber.py to motor_control_subscriber.cpython-310.pyc
[4.284s] error: can't copy 'resource/motor_control_package': doesn't exist or not a regular file
[4.285s] running install_data
[4.378s] Invoked command in '/home/eduhkrobotic2/r2_ros/src/motor_control_package' returned '1': PYTHONPATH=/home/eduhkrobotic2/r2_ros/build/motor_control_package/prefix_override:/home/eduhkrobotic2/r2_ros/install/motor_control_package/lib/python3.10/site-packages:${PYTHONPATH} /usr/bin/python3 -W ignore:setup.py install is deprecated setup.py egg_info --egg-base ../../build/motor_control_package build --build-base /home/eduhkrobotic2/r2_ros/build/motor_control_package/build install --record /home/eduhkrobotic2/r2_ros/build/motor_control_package/install.log --single-version-externally-managed install_data
