[4.953s] Invoking command in '/home/eduhkrobotic2/r2_ros/src/navigation': PYTHONPATH=/home/eduhkrobotic2/r2_ros/build/navigation/prefix_override:/home/eduhkrobotic2/r2_ros/install/navigation/lib/python3.10/site-packages:${PYTHONPATH} /usr/bin/python3 -W ignore:setup.py install is deprecated setup.py egg_info --egg-base ../../build/navigation build --build-base /home/eduhkrobotic2/r2_ros/build/navigation/build install --record /home/eduhkrobotic2/r2_ros/build/navigation/install.log --single-version-externally-managed install_data
[6.261s] running egg_info
[6.354s] writing ../../build/navigation/navigation.egg-info/PKG-INFO
[6.357s] writing dependency_links to ../../build/navigation/navigation.egg-info/dependency_links.txt
[6.358s] writing entry points to ../../build/navigation/navigation.egg-info/entry_points.txt
[6.359s] writing requirements to ../../build/navigation/navigation.egg-info/requires.txt
[6.360s] writing top-level names to ../../build/navigation/navigation.egg-info/top_level.txt
[6.551s] reading manifest file '../../build/navigation/navigation.egg-info/SOURCES.txt'
[6.556s] writing manifest file '../../build/navigation/navigation.egg-info/SOURCES.txt'
[6.557s] running build
[6.558s] running build_py
[6.561s] copying navigation/omni_pid.py -> /home/eduhkrobotic2/r2_ros/build/navigation/build/lib/navigation
[6.563s] copying navigation/navigation_node copy.py -> /home/eduhkrobotic2/r2_ros/build/navigation/build/lib/navigation
[6.564s] copying navigation/__init__.py -> /home/eduhkrobotic2/r2_ros/build/navigation/build/lib/navigation
[6.566s] copying navigation/navigation_node.py -> /home/eduhkrobotic2/r2_ros/build/navigation/build/lib/navigation
[6.569s] running install
[6.594s] running install_lib
[6.688s] copying /home/eduhkrobotic2/r2_ros/build/navigation/build/lib/navigation/omni_pid.py -> /home/eduhkrobotic2/r2_ros/install/navigation/lib/python3.10/site-packages/navigation
[6.689s] copying /home/eduhkrobotic2/r2_ros/build/navigation/build/lib/navigation/navigation_node copy.py -> /home/eduhkrobotic2/r2_ros/install/navigation/lib/python3.10/site-packages/navigation
[6.691s] copying /home/eduhkrobotic2/r2_ros/build/navigation/build/lib/navigation/navigation_node.py -> /home/eduhkrobotic2/r2_ros/install/navigation/lib/python3.10/site-packages/navigation
[6.695s] byte-compiling /home/eduhkrobotic2/r2_ros/install/navigation/lib/python3.10/site-packages/navigation/omni_pid.py to omni_pid.cpython-310.pyc
[6.701s] byte-compiling /home/eduhkrobotic2/r2_ros/install/navigation/lib/python3.10/site-packages/navigation/navigation_node copy.py to navigation_node copy.cpython-310.pyc
[6.705s] byte-compiling /home/eduhkrobotic2/r2_ros/install/navigation/lib/python3.10/site-packages/navigation/navigation_node.py to navigation_node.cpython-310.pyc
[6.708s] running install_data
[6.710s] running install_egg_info
[6.811s] removing '/home/eduhkrobotic2/r2_ros/install/navigation/lib/python3.10/site-packages/navigation-0.0.0-py3.10.egg-info' (and everything under it)
[6.812s] Copying ../../build/navigation/navigation.egg-info to /home/eduhkrobotic2/r2_ros/install/navigation/lib/python3.10/site-packages/navigation-0.0.0-py3.10.egg-info
[6.819s] running install_scripts
[7.668s] Installing movement_control script to /home/eduhkrobotic2/r2_ros/install/navigation/lib/navigation
[7.673s] Installing navigation_node script to /home/eduhkrobotic2/r2_ros/install/navigation/lib/navigation
[7.674s] Installing omni_pid script to /home/eduhkrobotic2/r2_ros/install/navigation/lib/navigation
[7.677s] writing list of installed files to '/home/eduhkrobotic2/r2_ros/build/navigation/install.log'
[7.829s] Invoked command in '/home/eduhkrobotic2/r2_ros/src/navigation' returned '0': PYTHONPATH=/home/eduhkrobotic2/r2_ros/build/navigation/prefix_override:/home/eduhkrobotic2/r2_ros/install/navigation/lib/python3.10/site-packages:${PYTHONPATH} /usr/bin/python3 -W ignore:setup.py install is deprecated setup.py egg_info --egg-base ../../build/navigation build --build-base /home/eduhkrobotic2/r2_ros/build/navigation/build install --record /home/eduhkrobotic2/r2_ros/build/navigation/install.log --single-version-externally-managed install_data
