[0.782s] [34mcolcon[0m [1;30mDEBUG[0m [32mCommand line arguments: ['/usr/bin/colcon', 'build', '--packages-select', 'r2_auto'][0m
[0.783s] [34mcolcon[0m [1;30mDEBUG[0m [32mParsed command line arguments: Namespace(log_base=None, log_level=None, verb_name='build', build_base='build', install_base='install', merge_install=False, symlink_install=False, test_result_base=None, continue_on_error=False, executor='parallel', parallel_workers=4, event_handlers=None, ignore_user_meta=False, metas=['./colcon.meta'], base_paths=['.'], packages_ignore=None, packages_ignore_regex=None, paths=None, packages_up_to=None, packages_up_to_regex=None, packages_above=None, packages_above_and_dependencies=None, packages_above_depth=None, packages_select_by_dep=None, packages_skip_by_dep=None, packages_skip_up_to=None, packages_select_build_failed=False, packages_skip_build_finished=False, packages_select_test_failures=False, packages_skip_test_passed=False, packages_select=['r2_auto'], packages_skip=None, packages_select_regex=None, packages_skip_regex=None, packages_start=None, packages_end=None, allow_overriding=[], cmake_args=None, cmake_target=None, cmake_target_skip_unavailable=False, cmake_clean_cache=False, cmake_clean_first=False, cmake_force_configure=False, ament_cmake_args=None, catkin_cmake_args=None, catkin_skip_building_tests=False, verb_parser=<colcon_defaults.argument_parser.defaults.DefaultArgumentsDecorator object at 0xffff90385540>, verb_extension=<colcon_core.verb.build.BuildVerb object at 0xffff903850f0>, main=<bound method BuildVerb.main of <colcon_core.verb.build.BuildVerb object at 0xffff903850f0>>)[0m
[1.021s] [34mcolcon.colcon_core.package_discovery[0m [1;30mLevel 1[0m discover_packages(colcon_meta) check parameters
[1.022s] [34mcolcon.colcon_core.package_discovery[0m [1;30mLevel 1[0m discover_packages(recursive) check parameters
[1.022s] [34mcolcon.colcon_core.package_discovery[0m [1;30mLevel 1[0m discover_packages(ignore) check parameters
[1.022s] [34mcolcon.colcon_core.package_discovery[0m [1;30mLevel 1[0m discover_packages(path) check parameters
[1.022s] [34mcolcon.colcon_core.package_discovery[0m [1;30mLevel 1[0m discover_packages(colcon_meta) discover
[1.023s] [34mcolcon.colcon_core.package_discovery[0m [1;30mLevel 1[0m discover_packages(recursive) discover
[1.023s] [34mcolcon.colcon_core.package_discovery[0m [1;30mINFO[0m Crawling recursively for packages in '/home/eduhkrobotic2/r2_ros'
[1.024s] [34mcolcon.colcon_core.package_identification[0m [1;30mLevel 1[0m _identify(.) by extensions ['ignore', 'ignore_ament_install']
[1.025s] [34mcolcon.colcon_core.package_identification[0m [1;30mLevel 1[0m _identify(.) by extension 'ignore'
[1.025s] [34mcolcon.colcon_core.package_identification[0m [1;30mLevel 1[0m _identify(.) by extension 'ignore_ament_install'
[1.026s] [34mcolcon.colcon_core.package_identification[0m [1;30mLevel 1[0m _identify(.) by extensions ['colcon_pkg']
[1.026s] [34mcolcon.colcon_core.package_identification[0m [1;30mLevel 1[0m _identify(.) by extension 'colcon_pkg'
[1.026s] [34mcolcon.colcon_core.package_identification[0m [1;30mLevel 1[0m _identify(.) by extensions ['colcon_meta']
[1.027s] [34mcolcon.colcon_core.package_identification[0m [1;30mLevel 1[0m _identify(.) by extension 'colcon_meta'
[1.027s] [34mcolcon.colcon_core.package_identification[0m [1;30mLevel 1[0m _identify(.) by extensions ['ros']
[1.027s] [34mcolcon.colcon_core.package_identification[0m [1;30mLevel 1[0m _identify(.) by extension 'ros'
[1.161s] [34mcolcon.colcon_core.package_identification[0m [1;30mLevel 1[0m _identify(.) by extensions ['cmake', 'python']
[1.161s] [34mcolcon.colcon_core.package_identification[0m [1;30mLevel 1[0m _identify(.) by extension 'cmake'
[1.161s] [34mcolcon.colcon_core.package_identification[0m [1;30mLevel 1[0m _identify(.) by extension 'python'
[1.162s] [34mcolcon.colcon_core.package_identification[0m [1;30mLevel 1[0m _identify(.) by extensions ['python_setup_py']
[1.162s] [34mcolcon.colcon_core.package_identification[0m [1;30mLevel 1[0m _identify(.) by extension 'python_setup_py'
[1.163s] [34mcolcon.colcon_core.package_identification[0m [1;30mLevel 1[0m _identify(build) by extensions ['ignore', 'ignore_ament_install']
[1.164s] [34mcolcon.colcon_core.package_identification[0m [1;30mLevel 1[0m _identify(build) by extension 'ignore'
[1.164s] [34mcolcon.colcon_core.package_identification[0m [1;30mLevel 1[0m _identify(build) ignored
[1.165s] [34mcolcon.colcon_core.package_identification[0m [1;30mLevel 1[0m _identify(install) by extensions ['ignore', 'ignore_ament_install']
[1.166s] [34mcolcon.colcon_core.package_identification[0m [1;30mLevel 1[0m _identify(install) by extension 'ignore'
[1.166s] [34mcolcon.colcon_core.package_identification[0m [1;30mLevel 1[0m _identify(install) ignored
[1.168s] [34mcolcon.colcon_core.package_identification[0m [1;30mLevel 1[0m _identify(log) by extensions ['ignore', 'ignore_ament_install']
[1.169s] [34mcolcon.colcon_core.package_identification[0m [1;30mLevel 1[0m _identify(log) by extension 'ignore'
[1.169s] [34mcolcon.colcon_core.package_identification[0m [1;30mLevel 1[0m _identify(log) ignored
[1.170s] [34mcolcon.colcon_core.package_identification[0m [1;30mLevel 1[0m _identify(roboflow) by extensions ['ignore', 'ignore_ament_install']
[1.170s] [34mcolcon.colcon_core.package_identification[0m [1;30mLevel 1[0m _identify(roboflow) by extension 'ignore'
[1.171s] [34mcolcon.colcon_core.package_identification[0m [1;30mLevel 1[0m _identify(roboflow) by extension 'ignore_ament_install'
[1.171s] [34mcolcon.colcon_core.package_identification[0m [1;30mLevel 1[0m _identify(roboflow) by extensions ['colcon_pkg']
[1.171s] [34mcolcon.colcon_core.package_identification[0m [1;30mLevel 1[0m _identify(roboflow) by extension 'colcon_pkg'
[1.172s] [34mcolcon.colcon_core.package_identification[0m [1;30mLevel 1[0m _identify(roboflow) by extensions ['colcon_meta']
[1.172s] [34mcolcon.colcon_core.package_identification[0m [1;30mLevel 1[0m _identify(roboflow) by extension 'colcon_meta'
[1.172s] [34mcolcon.colcon_core.package_identification[0m [1;30mLevel 1[0m _identify(roboflow) by extensions ['ros']
[1.172s] [34mcolcon.colcon_core.package_identification[0m [1;30mLevel 1[0m _identify(roboflow) by extension 'ros'
[1.173s] [34mcolcon.colcon_core.package_identification[0m [1;30mLevel 1[0m _identify(roboflow) by extensions ['cmake', 'python']
[1.173s] [34mcolcon.colcon_core.package_identification[0m [1;30mLevel 1[0m _identify(roboflow) by extension 'cmake'
[1.173s] [34mcolcon.colcon_core.package_identification[0m [1;30mLevel 1[0m _identify(roboflow) by extension 'python'
[1.174s] [34mcolcon.colcon_core.package_identification[0m [1;30mLevel 1[0m _identify(roboflow) by extensions ['python_setup_py']
[1.174s] [34mcolcon.colcon_core.package_identification[0m [1;30mLevel 1[0m _identify(roboflow) by extension 'python_setup_py'
[1.175s] [34mcolcon.colcon_core.package_identification[0m [1;30mLevel 1[0m _identify(roboflow/model) by extensions ['ignore', 'ignore_ament_install']
[1.175s] [34mcolcon.colcon_core.package_identification[0m [1;30mLevel 1[0m _identify(roboflow/model) by extension 'ignore'
[1.176s] [34mcolcon.colcon_core.package_identification[0m [1;30mLevel 1[0m _identify(roboflow/model) by extension 'ignore_ament_install'
[1.176s] [34mcolcon.colcon_core.package_identification[0m [1;30mLevel 1[0m _identify(roboflow/model) by extensions ['colcon_pkg']
[1.177s] [34mcolcon.colcon_core.package_identification[0m [1;30mLevel 1[0m _identify(roboflow/model) by extension 'colcon_pkg'
[1.177s] [34mcolcon.colcon_core.package_identification[0m [1;30mLevel 1[0m _identify(roboflow/model) by extensions ['colcon_meta']
[1.177s] [34mcolcon.colcon_core.package_identification[0m [1;30mLevel 1[0m _identify(roboflow/model) by extension 'colcon_meta'
[1.178s] [34mcolcon.colcon_core.package_identification[0m [1;30mLevel 1[0m _identify(roboflow/model) by extensions ['ros']
[1.178s] [34mcolcon.colcon_core.package_identification[0m [1;30mLevel 1[0m _identify(roboflow/model) by extension 'ros'
[1.178s] [34mcolcon.colcon_core.package_identification[0m [1;30mLevel 1[0m _identify(roboflow/model) by extensions ['cmake', 'python']
[1.179s] [34mcolcon.colcon_core.package_identification[0m [1;30mLevel 1[0m _identify(roboflow/model) by extension 'cmake'
[1.179s] [34mcolcon.colcon_core.package_identification[0m [1;30mLevel 1[0m _identify(roboflow/model) by extension 'python'
[1.180s] [34mcolcon.colcon_core.package_identification[0m [1;30mLevel 1[0m _identify(roboflow/model) by extensions ['python_setup_py']
[1.180s] [34mcolcon.colcon_core.package_identification[0m [1;30mLevel 1[0m _identify(roboflow/model) by extension 'python_setup_py'
[1.180s] [34mcolcon.colcon_core.package_identification[0m [1;30mLevel 1[0m _identify(roboflow/model/weights) by extensions ['ignore', 'ignore_ament_install']
[1.181s] [34mcolcon.colcon_core.package_identification[0m [1;30mLevel 1[0m _identify(roboflow/model/weights) by extension 'ignore'
[1.181s] [34mcolcon.colcon_core.package_identification[0m [1;30mLevel 1[0m _identify(roboflow/model/weights) by extension 'ignore_ament_install'
[1.182s] [34mcolcon.colcon_core.package_identification[0m [1;30mLevel 1[0m _identify(roboflow/model/weights) by extensions ['colcon_pkg']
[1.182s] [34mcolcon.colcon_core.package_identification[0m [1;30mLevel 1[0m _identify(roboflow/model/weights) by extension 'colcon_pkg'
[1.182s] [34mcolcon.colcon_core.package_identification[0m [1;30mLevel 1[0m _identify(roboflow/model/weights) by extensions ['colcon_meta']
[1.183s] [34mcolcon.colcon_core.package_identification[0m [1;30mLevel 1[0m _identify(roboflow/model/weights) by extension 'colcon_meta'
[1.183s] [34mcolcon.colcon_core.package_identification[0m [1;30mLevel 1[0m _identify(roboflow/model/weights) by extensions ['ros']
[1.183s] [34mcolcon.colcon_core.package_identification[0m [1;30mLevel 1[0m _identify(roboflow/model/weights) by extension 'ros'
[1.184s] [34mcolcon.colcon_core.package_identification[0m [1;30mLevel 1[0m _identify(roboflow/model/weights) by extensions ['cmake', 'python']
[1.184s] [34mcolcon.colcon_core.package_identification[0m [1;30mLevel 1[0m _identify(roboflow/model/weights) by extension 'cmake'
[1.184s] [34mcolcon.colcon_core.package_identification[0m [1;30mLevel 1[0m _identify(roboflow/model/weights) by extension 'python'
[1.184s] [34mcolcon.colcon_core.package_identification[0m [1;30mLevel 1[0m _identify(roboflow/model/weights) by extensions ['python_setup_py']
[1.185s] [34mcolcon.colcon_core.package_identification[0m [1;30mLevel 1[0m _identify(roboflow/model/weights) by extension 'python_setup_py'
[1.186s] [34mcolcon.colcon_core.package_identification[0m [1;30mLevel 1[0m _identify(src) by extensions ['ignore', 'ignore_ament_install']
[1.186s] [34mcolcon.colcon_core.package_identification[0m [1;30mLevel 1[0m _identify(src) by extension 'ignore'
[1.187s] [34mcolcon.colcon_core.package_identification[0m [1;30mLevel 1[0m _identify(src) by extension 'ignore_ament_install'
[1.187s] [34mcolcon.colcon_core.package_identification[0m [1;30mLevel 1[0m _identify(src) by extensions ['colcon_pkg']
[1.187s] [34mcolcon.colcon_core.package_identification[0m [1;30mLevel 1[0m _identify(src) by extension 'colcon_pkg'
[1.188s] [34mcolcon.colcon_core.package_identification[0m [1;30mLevel 1[0m _identify(src) by extensions ['colcon_meta']
[1.188s] [34mcolcon.colcon_core.package_identification[0m [1;30mLevel 1[0m _identify(src) by extension 'colcon_meta'
[1.188s] [34mcolcon.colcon_core.package_identification[0m [1;30mLevel 1[0m _identify(src) by extensions ['ros']
[1.188s] [34mcolcon.colcon_core.package_identification[0m [1;30mLevel 1[0m _identify(src) by extension 'ros'
[1.189s] [34mcolcon.colcon_core.package_identification[0m [1;30mLevel 1[0m _identify(src) by extensions ['cmake', 'python']
[1.189s] [34mcolcon.colcon_core.package_identification[0m [1;30mLevel 1[0m _identify(src) by extension 'cmake'
[1.190s] [34mcolcon.colcon_core.package_identification[0m [1;30mLevel 1[0m _identify(src) by extension 'python'
[1.190s] [34mcolcon.colcon_core.package_identification[0m [1;30mLevel 1[0m _identify(src) by extensions ['python_setup_py']
[1.191s] [34mcolcon.colcon_core.package_identification[0m [1;30mLevel 1[0m _identify(src) by extension 'python_setup_py'
[1.191s] [34mcolcon.colcon_core.package_identification[0m [1;30mLevel 1[0m _identify(src/auto) by extensions ['ignore', 'ignore_ament_install']
[1.192s] [34mcolcon.colcon_core.package_identification[0m [1;30mLevel 1[0m _identify(src/auto) by extension 'ignore'
[1.192s] [34mcolcon.colcon_core.package_identification[0m [1;30mLevel 1[0m _identify(src/auto) by extension 'ignore_ament_install'
[1.193s] [34mcolcon.colcon_core.package_identification[0m [1;30mLevel 1[0m _identify(src/auto) by extensions ['colcon_pkg']
[1.193s] [34mcolcon.colcon_core.package_identification[0m [1;30mLevel 1[0m _identify(src/auto) by extension 'colcon_pkg'
[1.193s] [34mcolcon.colcon_core.package_identification[0m [1;30mLevel 1[0m _identify(src/auto) by extensions ['colcon_meta']
[1.193s] [34mcolcon.colcon_core.package_identification[0m [1;30mLevel 1[0m _identify(src/auto) by extension 'colcon_meta'
[1.194s] [34mcolcon.colcon_core.package_identification[0m [1;30mLevel 1[0m _identify(src/auto) by extensions ['ros']
[1.194s] [34mcolcon.colcon_core.package_identification[0m [1;30mLevel 1[0m _identify(src/auto) by extension 'ros'
[1.206s] [34mcolcon.colcon_core.package_identification[0m [1;30mDEBUG[0m [32mPackage 'src/auto' with type 'ros.ament_python' and name 'auto'[0m
[1.207s] [34mcolcon.colcon_core.package_identification[0m [1;30mLevel 1[0m _identify(src/motor_control_package) by extensions ['ignore', 'ignore_ament_install']
[1.208s] [34mcolcon.colcon_core.package_identification[0m [1;30mLevel 1[0m _identify(src/motor_control_package) by extension 'ignore'
[1.208s] [34mcolcon.colcon_core.package_identification[0m [1;30mLevel 1[0m _identify(src/motor_control_package) by extension 'ignore_ament_install'
[1.209s] [34mcolcon.colcon_core.package_identification[0m [1;30mLevel 1[0m _identify(src/motor_control_package) by extensions ['colcon_pkg']
[1.209s] [34mcolcon.colcon_core.package_identification[0m [1;30mLevel 1[0m _identify(src/motor_control_package) by extension 'colcon_pkg'
[1.209s] [34mcolcon.colcon_core.package_identification[0m [1;30mLevel 1[0m _identify(src/motor_control_package) by extensions ['colcon_meta']
[1.209s] [34mcolcon.colcon_core.package_identification[0m [1;30mLevel 1[0m _identify(src/motor_control_package) by extension 'colcon_meta'
[1.210s] [34mcolcon.colcon_core.package_identification[0m [1;30mLevel 1[0m _identify(src/motor_control_package) by extensions ['ros']
[1.210s] [34mcolcon.colcon_core.package_identification[0m [1;30mLevel 1[0m _identify(src/motor_control_package) by extension 'ros'
[1.212s] [34mcolcon.colcon_core.package_identification[0m [1;30mDEBUG[0m [32mPackage 'src/motor_control_package' with type 'ros.ament_python' and name 'motor_control_package'[0m
[1.213s] [34mcolcon.colcon_core.package_identification[0m [1;30mLevel 1[0m _identify(src/navigation) by extensions ['ignore', 'ignore_ament_install']
[1.213s] [34mcolcon.colcon_core.package_identification[0m [1;30mLevel 1[0m _identify(src/navigation) by extension 'ignore'
[1.214s] [34mcolcon.colcon_core.package_identification[0m [1;30mLevel 1[0m _identify(src/navigation) by extension 'ignore_ament_install'
[1.214s] [34mcolcon.colcon_core.package_identification[0m [1;30mLevel 1[0m _identify(src/navigation) by extensions ['colcon_pkg']
[1.215s] [34mcolcon.colcon_core.package_identification[0m [1;30mLevel 1[0m _identify(src/navigation) by extension 'colcon_pkg'
[1.215s] [34mcolcon.colcon_core.package_identification[0m [1;30mLevel 1[0m _identify(src/navigation) by extensions ['colcon_meta']
[1.215s] [34mcolcon.colcon_core.package_identification[0m [1;30mLevel 1[0m _identify(src/navigation) by extension 'colcon_meta'
[1.216s] [34mcolcon.colcon_core.package_identification[0m [1;30mLevel 1[0m _identify(src/navigation) by extensions ['ros']
[1.216s] [34mcolcon.colcon_core.package_identification[0m [1;30mLevel 1[0m _identify(src/navigation) by extension 'ros'
[1.219s] [34mcolcon.colcon_core.package_identification[0m [1;30mDEBUG[0m [32mPackage 'src/navigation' with type 'ros.ament_python' and name 'navigation'[0m
[1.220s] [34mcolcon.colcon_core.package_identification[0m [1;30mLevel 1[0m _identify(src/ps4) by extensions ['ignore', 'ignore_ament_install']
[1.221s] [34mcolcon.colcon_core.package_identification[0m [1;30mLevel 1[0m _identify(src/ps4) by extension 'ignore'
[1.221s] [34mcolcon.colcon_core.package_identification[0m [1;30mLevel 1[0m _identify(src/ps4) by extension 'ignore_ament_install'
[1.221s] [34mcolcon.colcon_core.package_identification[0m [1;30mLevel 1[0m _identify(src/ps4) by extensions ['colcon_pkg']
[1.222s] [34mcolcon.colcon_core.package_identification[0m [1;30mLevel 1[0m _identify(src/ps4) by extension 'colcon_pkg'
[1.222s] [34mcolcon.colcon_core.package_identification[0m [1;30mLevel 1[0m _identify(src/ps4) by extensions ['colcon_meta']
[1.222s] [34mcolcon.colcon_core.package_identification[0m [1;30mLevel 1[0m _identify(src/ps4) by extension 'colcon_meta'
[1.222s] [34mcolcon.colcon_core.package_identification[0m [1;30mLevel 1[0m _identify(src/ps4) by extensions ['ros']
[1.222s] [34mcolcon.colcon_core.package_identification[0m [1;30mLevel 1[0m _identify(src/ps4) by extension 'ros'
[1.225s] [34mcolcon.colcon_core.package_identification[0m [1;30mDEBUG[0m [32mPackage 'src/ps4' with type 'ros.ament_python' and name 'ps4'[0m
[1.226s] [34mcolcon.colcon_core.package_identification[0m [1;30mLevel 1[0m _identify(src/r2_auto) by extensions ['ignore', 'ignore_ament_install']
[1.226s] [34mcolcon.colcon_core.package_identification[0m [1;30mLevel 1[0m _identify(src/r2_auto) by extension 'ignore'
[1.227s] [34mcolcon.colcon_core.package_identification[0m [1;30mLevel 1[0m _identify(src/r2_auto) by extension 'ignore_ament_install'
[1.227s] [34mcolcon.colcon_core.package_identification[0m [1;30mLevel 1[0m _identify(src/r2_auto) by extensions ['colcon_pkg']
[1.227s] [34mcolcon.colcon_core.package_identification[0m [1;30mLevel 1[0m _identify(src/r2_auto) by extension 'colcon_pkg'
[1.228s] [34mcolcon.colcon_core.package_identification[0m [1;30mLevel 1[0m _identify(src/r2_auto) by extensions ['colcon_meta']
[1.228s] [34mcolcon.colcon_core.package_identification[0m [1;30mLevel 1[0m _identify(src/r2_auto) by extension 'colcon_meta'
[1.228s] [34mcolcon.colcon_core.package_identification[0m [1;30mLevel 1[0m _identify(src/r2_auto) by extensions ['ros']
[1.229s] [34mcolcon.colcon_core.package_identification[0m [1;30mLevel 1[0m _identify(src/r2_auto) by extension 'ros'
[1.231s] [34mcolcon.colcon_core.package_identification[0m [1;30mDEBUG[0m [32mPackage 'src/r2_auto' with type 'ros.ament_python' and name 'r2_auto'[0m
[1.232s] [34mcolcon.colcon_core.package_identification[0m [1;30mLevel 1[0m _identify(src/sensor) by extensions ['ignore', 'ignore_ament_install']
[1.232s] [34mcolcon.colcon_core.package_identification[0m [1;30mLevel 1[0m _identify(src/sensor) by extension 'ignore'
[1.233s] [34mcolcon.colcon_core.package_identification[0m [1;30mLevel 1[0m _identify(src/sensor) by extension 'ignore_ament_install'
[1.233s] [34mcolcon.colcon_core.package_identification[0m [1;30mLevel 1[0m _identify(src/sensor) by extensions ['colcon_pkg']
[1.233s] [34mcolcon.colcon_core.package_identification[0m [1;30mLevel 1[0m _identify(src/sensor) by extension 'colcon_pkg'
[1.233s] [34mcolcon.colcon_core.package_identification[0m [1;30mLevel 1[0m _identify(src/sensor) by extensions ['colcon_meta']
[1.233s] [34mcolcon.colcon_core.package_identification[0m [1;30mLevel 1[0m _identify(src/sensor) by extension 'colcon_meta'
[1.234s] [34mcolcon.colcon_core.package_identification[0m [1;30mLevel 1[0m _identify(src/sensor) by extensions ['ros']
[1.234s] [34mcolcon.colcon_core.package_identification[0m [1;30mLevel 1[0m _identify(src/sensor) by extension 'ros'
[1.237s] [34mcolcon.colcon_core.package_identification[0m [1;30mDEBUG[0m [32mPackage 'src/sensor' with type 'ros.ament_python' and name 'sensor'[0m
[1.237s] [34mcolcon.colcon_core.package_discovery[0m [1;30mLevel 1[0m discover_packages(recursive) using defaults
[1.238s] [34mcolcon.colcon_core.package_discovery[0m [1;30mLevel 1[0m discover_packages(ignore) discover
[1.238s] [34mcolcon.colcon_core.package_discovery[0m [1;30mLevel 1[0m discover_packages(ignore) using defaults
[1.238s] [34mcolcon.colcon_core.package_discovery[0m [1;30mLevel 1[0m discover_packages(path) discover
[1.238s] [34mcolcon.colcon_core.package_discovery[0m [1;30mLevel 1[0m discover_packages(path) using defaults
[1.333s] [34mcolcon.colcon_core.package_selection[0m [1;30mINFO[0m Skipping not selected package 'auto' in 'src/auto'
[1.333s] [34mcolcon.colcon_core.package_selection[0m [1;30mINFO[0m Skipping not selected package 'motor_control_package' in 'src/motor_control_package'
[1.333s] [34mcolcon.colcon_core.package_selection[0m [1;30mINFO[0m Skipping not selected package 'navigation' in 'src/navigation'
[1.334s] [34mcolcon.colcon_core.package_selection[0m [1;30mINFO[0m Skipping not selected package 'ps4' in 'src/ps4'
[1.334s] [34mcolcon.colcon_core.package_selection[0m [1;30mINFO[0m Skipping not selected package 'sensor' in 'src/sensor'
[1.336s] [34mcolcon.colcon_core.package_discovery[0m [1;30mLevel 1[0m discover_packages(prefix_path) check parameters
[1.336s] [34mcolcon.colcon_core.package_discovery[0m [1;30mLevel 1[0m discover_packages(prefix_path) discover
[1.351s] [34mcolcon.colcon_installed_package_information.package_discovery[0m [1;30mDEBUG[0m [32mFound 8 installed packages in /home/eduhkrobotic2/r2_ros/install[0m
[1.362s] [34mcolcon.colcon_installed_package_information.package_discovery[0m [1;30mDEBUG[0m [32mFound 278 installed packages in /opt/ros/humble[0m
[1.370s] [34mcolcon.colcon_core.package_discovery[0m [1;30mLevel 1[0m discover_packages(prefix_path) using defaults
[1.613s] [34mcolcon.colcon_core.verb[0m [1;30mLevel 5[0m set package 'r2_auto' build argument 'cmake_args' from command line to 'None'
[1.613s] [34mcolcon.colcon_core.verb[0m [1;30mLevel 5[0m set package 'r2_auto' build argument 'cmake_target' from command line to 'None'
[1.613s] [34mcolcon.colcon_core.verb[0m [1;30mLevel 5[0m set package 'r2_auto' build argument 'cmake_target_skip_unavailable' from command line to 'False'
[1.613s] [34mcolcon.colcon_core.verb[0m [1;30mLevel 5[0m set package 'r2_auto' build argument 'cmake_clean_cache' from command line to 'False'
[1.614s] [34mcolcon.colcon_core.verb[0m [1;30mLevel 5[0m set package 'r2_auto' build argument 'cmake_clean_first' from command line to 'False'
[1.614s] [34mcolcon.colcon_core.verb[0m [1;30mLevel 5[0m set package 'r2_auto' build argument 'cmake_force_configure' from command line to 'False'
[1.614s] [34mcolcon.colcon_core.verb[0m [1;30mLevel 5[0m set package 'r2_auto' build argument 'ament_cmake_args' from command line to 'None'
[1.614s] [34mcolcon.colcon_core.verb[0m [1;30mLevel 5[0m set package 'r2_auto' build argument 'catkin_cmake_args' from command line to 'None'
[1.614s] [34mcolcon.colcon_core.verb[0m [1;30mLevel 5[0m set package 'r2_auto' build argument 'catkin_skip_building_tests' from command line to 'False'
[1.614s] [34mcolcon.colcon_core.verb[0m [1;30mDEBUG[0m [32mBuilding package 'r2_auto' with the following arguments: {'ament_cmake_args': None, 'build_base': '/home/eduhkrobotic2/r2_ros/build/r2_auto', 'catkin_cmake_args': None, 'catkin_skip_building_tests': False, 'cmake_args': None, 'cmake_clean_cache': False, 'cmake_clean_first': False, 'cmake_force_configure': False, 'cmake_target': None, 'cmake_target_skip_unavailable': False, 'install_base': '/home/eduhkrobotic2/r2_ros/install/r2_auto', 'merge_install': False, 'path': '/home/eduhkrobotic2/r2_ros/src/r2_auto', 'symlink_install': False, 'test_result_base': None}[0m
[1.615s] [34mcolcon.colcon_core.executor[0m [1;30mINFO[0m Executing jobs using 'parallel' executor
[1.622s] [34mcolcon.colcon_parallel_executor.executor.parallel[0m [1;30mDEBUG[0m [32mrun_until_complete[0m
[1.623s] [34mcolcon.colcon_ros.task.ament_python.build[0m [1;30mINFO[0m Building ROS package in '/home/eduhkrobotic2/r2_ros/src/r2_auto' with build type 'ament_python'
[1.624s] [34mcolcon.colcon_core.shell[0m [1;30mLevel 1[0m create_environment_hook('r2_auto', 'ament_prefix_path')
[1.638s] [34mcolcon.colcon_core.plugin_system[0m [1;30mINFO[0m Skipping extension 'colcon_core.shell.bat': Not used on non-Windows systems
[1.640s] [34mcolcon.colcon_core.shell[0m [1;30mINFO[0m Creating environment hook '/home/eduhkrobotic2/r2_ros/install/r2_auto/share/r2_auto/hook/ament_prefix_path.ps1'
[1.643s] [34mcolcon.colcon_core.shell[0m [1;30mINFO[0m Creating environment descriptor '/home/eduhkrobotic2/r2_ros/install/r2_auto/share/r2_auto/hook/ament_prefix_path.dsv'
[1.647s] [34mcolcon.colcon_core.shell[0m [1;30mINFO[0m Creating environment hook '/home/eduhkrobotic2/r2_ros/install/r2_auto/share/r2_auto/hook/ament_prefix_path.sh'
[1.652s] [34mcolcon.colcon_core.shell[0m [1;30mINFO[0m Skip shell extension 'powershell' for command environment: Not usable outside of PowerShell
[1.652s] [34mcolcon.colcon_core.shell[0m [1;30mDEBUG[0m [32mSkip shell extension 'dsv' for command environment[0m
[3.617s] [34mcolcon.colcon_core.task.python.build[0m [1;30mINFO[0m Building Python package in '/home/eduhkrobotic2/r2_ros/src/r2_auto'
[3.619s] [34mcolcon.colcon_core.shell[0m [1;30mINFO[0m Skip shell extension 'powershell' for command environment: Not usable outside of PowerShell
[3.619s] [34mcolcon.colcon_core.shell[0m [1;30mDEBUG[0m [32mSkip shell extension 'dsv' for command environment[0m
[8.374s] [34mcolcon.colcon_core.event_handler.log_command[0m [1;30mDEBUG[0m [32mInvoking command in '/home/eduhkrobotic2/r2_ros/src/r2_auto': PYTHONPATH=/home/eduhkrobotic2/r2_ros/build/r2_auto/prefix_override:/home/eduhkrobotic2/r2_ros/install/r2_auto/lib/python3.10/site-packages:${PYTHONPATH} /usr/bin/python3 -W ignore:setup.py install is deprecated setup.py egg_info --egg-base ../../build/r2_auto build --build-base /home/eduhkrobotic2/r2_ros/build/r2_auto/build install --record /home/eduhkrobotic2/r2_ros/build/r2_auto/install.log --single-version-externally-managed install_data[0m
[13.614s] [34mcolcon.colcon_core.event_handler.log_command[0m [1;30mDEBUG[0m [32mInvoked command in '/home/eduhkrobotic2/r2_ros/src/r2_auto' returned '0': PYTHONPATH=/home/eduhkrobotic2/r2_ros/build/r2_auto/prefix_override:/home/eduhkrobotic2/r2_ros/install/r2_auto/lib/python3.10/site-packages:${PYTHONPATH} /usr/bin/python3 -W ignore:setup.py install is deprecated setup.py egg_info --egg-base ../../build/r2_auto build --build-base /home/eduhkrobotic2/r2_ros/build/r2_auto/build install --record /home/eduhkrobotic2/r2_ros/build/r2_auto/install.log --single-version-externally-managed install_data[0m
[13.633s] [34mcolcon.colcon_core.environment[0m [1;30mLevel 1[0m checking '/home/eduhkrobotic2/r2_ros/install/r2_auto' for CMake module files
[13.636s] [34mcolcon.colcon_core.environment[0m [1;30mLevel 1[0m checking '/home/eduhkrobotic2/r2_ros/install/r2_auto' for CMake config files
[13.641s] [34mcolcon.colcon_core.environment[0m [1;30mLevel 1[0m checking '/home/eduhkrobotic2/r2_ros/install/r2_auto/lib'
[13.642s] [34mcolcon.colcon_core.environment[0m [1;30mLevel 1[0m checking '/home/eduhkrobotic2/r2_ros/install/r2_auto/bin'
[13.643s] [34mcolcon.colcon_core.environment[0m [1;30mLevel 1[0m checking '/home/eduhkrobotic2/r2_ros/install/r2_auto/lib/pkgconfig/r2_auto.pc'
[13.645s] [34mcolcon.colcon_core.environment[0m [1;30mLevel 1[0m checking '/home/eduhkrobotic2/r2_ros/install/r2_auto/lib/python3.10/site-packages'
[13.645s] [34mcolcon.colcon_core.shell[0m [1;30mLevel 1[0m create_environment_hook('r2_auto', 'pythonpath')
[13.647s] [34mcolcon.colcon_core.shell[0m [1;30mINFO[0m Creating environment hook '/home/eduhkrobotic2/r2_ros/install/r2_auto/share/r2_auto/hook/pythonpath.ps1'
[13.650s] [34mcolcon.colcon_core.shell[0m [1;30mINFO[0m Creating environment descriptor '/home/eduhkrobotic2/r2_ros/install/r2_auto/share/r2_auto/hook/pythonpath.dsv'
[13.653s] [34mcolcon.colcon_core.shell[0m [1;30mINFO[0m Creating environment hook '/home/eduhkrobotic2/r2_ros/install/r2_auto/share/r2_auto/hook/pythonpath.sh'
[13.657s] [34mcolcon.colcon_core.environment[0m [1;30mLevel 1[0m checking '/home/eduhkrobotic2/r2_ros/install/r2_auto/bin'
[13.658s] [34mcolcon.colcon_core.environment[0m [1;30mLevel 1[0m create_environment_scripts_only(r2_auto)
[13.660s] [34mcolcon.colcon_core.shell[0m [1;30mINFO[0m Creating package script '/home/eduhkrobotic2/r2_ros/install/r2_auto/share/r2_auto/package.ps1'
[13.666s] [34mcolcon.colcon_core.shell[0m [1;30mINFO[0m Creating package descriptor '/home/eduhkrobotic2/r2_ros/install/r2_auto/share/r2_auto/package.dsv'
[13.670s] [34mcolcon.colcon_core.shell[0m [1;30mINFO[0m Creating package script '/home/eduhkrobotic2/r2_ros/install/r2_auto/share/r2_auto/package.sh'
[13.676s] [34mcolcon.colcon_core.shell[0m [1;30mINFO[0m Creating package script '/home/eduhkrobotic2/r2_ros/install/r2_auto/share/r2_auto/package.bash'
[13.682s] [34mcolcon.colcon_core.shell[0m [1;30mINFO[0m Creating package script '/home/eduhkrobotic2/r2_ros/install/r2_auto/share/r2_auto/package.zsh'
[13.686s] [34mcolcon.colcon_core.environment[0m [1;30mLevel 1[0m create_file_with_runtime_dependencies(/home/eduhkrobotic2/r2_ros/install/r2_auto/share/colcon-core/packages/r2_auto)
[13.687s] [34mcolcon.colcon_parallel_executor.executor.parallel[0m [1;30mDEBUG[0m [32mclosing loop[0m
[13.694s] [34mcolcon.colcon_parallel_executor.executor.parallel[0m [1;30mDEBUG[0m [32mloop closed[0m
[13.697s] [34mcolcon.colcon_parallel_executor.executor.parallel[0m [1;30mDEBUG[0m [32mrun_until_complete finished with '0'[0m
[13.697s] [34mcolcon.colcon_core.event_reactor[0m [1;30mDEBUG[0m [32mjoining thread[0m
[13.802s] [34mcolcon.colcon_core.plugin_system[0m [1;30mINFO[0m Skipping extension 'colcon_notification.desktop_notification.terminal_notifier': Not used on non-Darwin systems
[13.803s] [34mcolcon.colcon_core.plugin_system[0m [1;30mINFO[0m Skipping extension 'colcon_notification.desktop_notification.win32': Not used on non-Windows systems
[13.803s] [34mcolcon.colcon_notification.desktop_notification[0m [1;30mINFO[0m Sending desktop notification using 'notify2'
[13.900s] [34mcolcon.colcon_core.event_reactor[0m [1;30mDEBUG[0m [32mjoined thread[0m
[13.903s] [34mcolcon.colcon_core.shell[0m [1;30mINFO[0m Creating prefix script '/home/eduhkrobotic2/r2_ros/install/local_setup.ps1'
[13.919s] [34mcolcon.colcon_core.shell[0m [1;30mINFO[0m Creating prefix util module '/home/eduhkrobotic2/r2_ros/install/_local_setup_util_ps1.py'
[13.940s] [34mcolcon.colcon_core.shell[0m [1;30mINFO[0m Creating prefix chain script '/home/eduhkrobotic2/r2_ros/install/setup.ps1'
[13.969s] [34mcolcon.colcon_core.shell[0m [1;30mINFO[0m Creating prefix script '/home/eduhkrobotic2/r2_ros/install/local_setup.sh'
[13.977s] [34mcolcon.colcon_core.shell[0m [1;30mINFO[0m Creating prefix util module '/home/eduhkrobotic2/r2_ros/install/_local_setup_util_sh.py'
[13.983s] [34mcolcon.colcon_core.shell[0m [1;30mINFO[0m Creating prefix chain script '/home/eduhkrobotic2/r2_ros/install/setup.sh'
[13.997s] [34mcolcon.colcon_core.shell[0m [1;30mINFO[0m Creating prefix script '/home/eduhkrobotic2/r2_ros/install/local_setup.bash'
[14.001s] [34mcolcon.colcon_core.shell[0m [1;30mINFO[0m Creating prefix chain script '/home/eduhkrobotic2/r2_ros/install/setup.bash'
[14.012s] [34mcolcon.colcon_core.shell[0m [1;30mINFO[0m Creating prefix script '/home/eduhkrobotic2/r2_ros/install/local_setup.zsh'
[14.015s] [34mcolcon.colcon_core.shell[0m [1;30mINFO[0m Creating prefix chain script '/home/eduhkrobotic2/r2_ros/install/setup.zsh'
