running develop
/home/eduhkrobotic2/.local/lib/python3.10/site-packages/setuptools/command/develop.py:40: EasyInstallDeprecationWarning: easy_install command is deprecated.
!!

        ********************************************************************************
        Please avoid running ``setup.py`` and ``easy_install``.
        Instead, use pypa/build, pypa/installer or other
        standards-based tools.

        See https://github.com/pypa/setuptools/issues/917 for details.
        ********************************************************************************

!!
  easy_install.initialize_options(self)
running egg_info
writing auto.egg-info/PKG-INFO
writing dependency_links to auto.egg-info/dependency_links.txt
writing entry points to auto.egg-info/entry_points.txt
writing requirements to auto.egg-info/requires.txt
writing top-level names to auto.egg-info/top_level.txt
reading manifest file 'auto.egg-info/SOURCES.txt'
writing manifest file 'auto.egg-info/SOURCES.txt'
running build_ext
Creating /home/eduhkrobotic2/r2_ros/install/auto/lib/python3.10/site-packages/auto.egg-link (link to .)
Installing webcam_node script to /home/eduhkrobotic2/r2_ros/install/auto/lib/auto

Installed /home/eduhkrobotic2/r2_ros/build/auto
running symlink_data
