[4.148s] Invoking command in '/home/eduhkrobotic2/r2_ros/src/motor_control_package': PYTHONPATH=/home/eduhkrobotic2/r2_ros/build/motor_control_package/prefix_override:/home/eduhkrobotic2/r2_ros/install/motor_control_package/lib/python3.10/site-packages:${PYTHONPATH} /usr/bin/python3 -W ignore:setup.py install is deprecated setup.py egg_info --egg-base ../../build/motor_control_package build --build-base /home/eduhkrobotic2/r2_ros/build/motor_control_package/build install --record /home/eduhkrobotic2/r2_ros/build/motor_control_package/install.log --single-version-externally-managed install_data
[5.473s] running egg_info
[5.562s] writing ../../build/motor_control_package/motor_control_package.egg-info/PKG-INFO
[5.610s] writing dependency_links to ../../build/motor_control_package/motor_control_package.egg-info/dependency_links.txt
[5.611s] writing entry points to ../../build/motor_control_package/motor_control_package.egg-info/entry_points.txt
[5.613s] writing requirements to ../../build/motor_control_package/motor_control_package.egg-info/requires.txt
[5.614s] writing top-level names to ../../build/motor_control_package/motor_control_package.egg-info/top_level.txt
[5.798s] reading manifest file '../../build/motor_control_package/motor_control_package.egg-info/SOURCES.txt'
[5.803s] writing manifest file '../../build/motor_control_package/motor_control_package.egg-info/SOURCES.txt'
[5.804s] running build
[5.804s] running build_py
[5.807s] copying motor_control_package/motor_data_reader.py -> /home/eduhkrobotic2/r2_ros/build/motor_control_package/build/lib/motor_control_package
[5.808s] copying motor_control_package/__init__.py -> /home/eduhkrobotic2/r2_ros/build/motor_control_package/build/lib/motor_control_package
[5.811s] running install
[5.833s] running install_lib
[5.924s] copying /home/eduhkrobotic2/r2_ros/build/motor_control_package/build/lib/motor_control_package/motor_data_reader.py -> /home/eduhkrobotic2/r2_ros/install/motor_control_package/lib/python3.10/site-packages/motor_control_package
[5.930s] byte-compiling /home/eduhkrobotic2/r2_ros/install/motor_control_package/lib/python3.10/site-packages/motor_control_package/motor_data_reader.py to motor_data_reader.cpython-310.pyc
[5.935s] running install_data
[5.936s] running install_egg_info
[6.030s] removing '/home/eduhkrobotic2/r2_ros/install/motor_control_package/lib/python3.10/site-packages/motor_control_package-0.0.0-py3.10.egg-info' (and everything under it)
[6.032s] Copying ../../build/motor_control_package/motor_control_package.egg-info to /home/eduhkrobotic2/r2_ros/install/motor_control_package/lib/python3.10/site-packages/motor_control_package-0.0.0-py3.10.egg-info
[6.039s] running install_scripts
[6.850s] Installing motor_control_publisher script to /home/eduhkrobotic2/r2_ros/install/motor_control_package/lib/motor_control_package
[6.851s] Installing motor_control_subscriber script to /home/eduhkrobotic2/r2_ros/install/motor_control_package/lib/motor_control_package
[6.852s] Installing motor_data_reader script to /home/eduhkrobotic2/r2_ros/install/motor_control_package/lib/motor_control_package
[6.854s] writing list of installed files to '/home/eduhkrobotic2/r2_ros/build/motor_control_package/install.log'
[7.003s] Invoked command in '/home/eduhkrobotic2/r2_ros/src/motor_control_package' returned '0': PYTHONPATH=/home/eduhkrobotic2/r2_ros/build/motor_control_package/prefix_override:/home/eduhkrobotic2/r2_ros/install/motor_control_package/lib/python3.10/site-packages:${PYTHONPATH} /usr/bin/python3 -W ignore:setup.py install is deprecated setup.py egg_info --egg-base ../../build/motor_control_package build --build-base /home/eduhkrobotic2/r2_ros/build/motor_control_package/build install --record /home/eduhkrobotic2/r2_ros/build/motor_control_package/install.log --single-version-externally-managed install_data
