running develop
Removing /home/eduhkrobotic2/r2_ros/install/navigation/lib/python3.10/site-packages/navigation.egg-link (link to .)
running egg_info
writing ../../build/navigation/navigation.egg-info/PKG-INFO
writing dependency_links to ../../build/navigation/navigation.egg-info/dependency_links.txt
writing entry points to ../../build/navigation/navigation.egg-info/entry_points.txt
writing requirements to ../../build/navigation/navigation.egg-info/requires.txt
writing top-level names to ../../build/navigation/navigation.egg-info/top_level.txt
reading manifest file '../../build/navigation/navigation.egg-info/SOURCES.txt'
writing manifest file '../../build/navigation/navigation.egg-info/SOURCES.txt'
running build
running build_py
copying navigation/omni_pid.py -> /home/eduhkrobotic2/r2_ros/build/navigation/build/lib/navigation
copying navigation/__init__.py -> /home/eduhkrobotic2/r2_ros/build/navigation/build/lib/navigation
copying navigation/navigation_node.py -> /home/eduhkrobotic2/r2_ros/build/navigation/build/lib/navigation
running install
running install_lib
creating /home/eduhkrobotic2/r2_ros/install/navigation/lib/python3.10/site-packages/navigation
copying /home/eduhkrobotic2/r2_ros/build/navigation/build/lib/navigation/omni_pid copy copy.py -> /home/eduhkrobotic2/r2_ros/install/navigation/lib/python3.10/site-packages/navigation
copying /home/eduhkrobotic2/r2_ros/build/navigation/build/lib/navigation/omni_pid copy.py -> /home/eduhkrobotic2/r2_ros/install/navigation/lib/python3.10/site-packages/navigation
copying /home/eduhkrobotic2/r2_ros/build/navigation/build/lib/navigation/omni_pid.py -> /home/eduhkrobotic2/r2_ros/install/navigation/lib/python3.10/site-packages/navigation
copying /home/eduhkrobotic2/r2_ros/build/navigation/build/lib/navigation/auto_move.py -> /home/eduhkrobotic2/r2_ros/install/navigation/lib/python3.10/site-packages/navigation
copying /home/eduhkrobotic2/r2_ros/build/navigation/build/lib/navigation/navigation_node copy.py -> /home/eduhkrobotic2/r2_ros/install/navigation/lib/python3.10/site-packages/navigation
copying /home/eduhkrobotic2/r2_ros/build/navigation/build/lib/navigation/__init__.py -> /home/eduhkrobotic2/r2_ros/install/navigation/lib/python3.10/site-packages/navigation
copying /home/eduhkrobotic2/r2_ros/build/navigation/build/lib/navigation/navigation_node.py -> /home/eduhkrobotic2/r2_ros/install/navigation/lib/python3.10/site-packages/navigation
byte-compiling /home/eduhkrobotic2/r2_ros/install/navigation/lib/python3.10/site-packages/navigation/omni_pid copy copy.py to omni_pid copy copy.cpython-310.pyc
byte-compiling /home/eduhkrobotic2/r2_ros/install/navigation/lib/python3.10/site-packages/navigation/omni_pid copy.py to omni_pid copy.cpython-310.pyc
byte-compiling /home/eduhkrobotic2/r2_ros/install/navigation/lib/python3.10/site-packages/navigation/omni_pid.py to omni_pid.cpython-310.pyc
byte-compiling /home/eduhkrobotic2/r2_ros/install/navigation/lib/python3.10/site-packages/navigation/auto_move.py to auto_move.cpython-310.pyc
byte-compiling /home/eduhkrobotic2/r2_ros/install/navigation/lib/python3.10/site-packages/navigation/navigation_node copy.py to navigation_node copy.cpython-310.pyc
byte-compiling /home/eduhkrobotic2/r2_ros/install/navigation/lib/python3.10/site-packages/navigation/__init__.py to __init__.cpython-310.pyc
byte-compiling /home/eduhkrobotic2/r2_ros/install/navigation/lib/python3.10/site-packages/navigation/navigation_node.py to navigation_node.cpython-310.pyc
running install_data
copying resource/navigation -> /home/eduhkrobotic2/r2_ros/install/navigation/share/ament_index/resource_index/packages
copying package.xml -> /home/eduhkrobotic2/r2_ros/install/navigation/share/navigation
running install_egg_info
Copying ../../build/navigation/navigation.egg-info to /home/eduhkrobotic2/r2_ros/install/navigation/lib/python3.10/site-packages/navigation-0.0.0-py3.10.egg-info
running install_scripts
Installing movement_control script to /home/eduhkrobotic2/r2_ros/install/navigation/lib/navigation
Installing navigation_node script to /home/eduhkrobotic2/r2_ros/install/navigation/lib/navigation
Installing omni_pid script to /home/eduhkrobotic2/r2_ros/install/navigation/lib/navigation
writing list of installed files to '/home/eduhkrobotic2/r2_ros/build/navigation/install.log'
