[4.383s] Invoking command in '/home/eduhkrobotic2/r2_ros/src/navigation': PYTHONPATH=/home/eduhkrobotic2/r2_ros/build/navigation/prefix_override:/home/eduhkrobotic2/r2_ros/install/navigation/lib/python3.10/site-packages:${PYTHONPATH} /usr/bin/python3 -W ignore:setup.py install is deprecated setup.py egg_info --egg-base ../../build/navigation build --build-base /home/eduhkrobotic2/r2_ros/build/navigation/build install --record /home/eduhkrobotic2/r2_ros/build/navigation/install.log --single-version-externally-managed install_data
[6.185s] running egg_info
[6.189s] writing ../../build/navigation/navigation.egg-info/PKG-INFO
[6.191s] writing dependency_links to ../../build/navigation/navigation.egg-info/dependency_links.txt
[6.193s] writing entry points to ../../build/navigation/navigation.egg-info/entry_points.txt
[6.196s] writing requirements to ../../build/navigation/navigation.egg-info/requires.txt
[6.196s] writing top-level names to ../../build/navigation/navigation.egg-info/top_level.txt
[6.207s] reading manifest file '../../build/navigation/navigation.egg-info/SOURCES.txt'
[6.212s] writing manifest file '../../build/navigation/navigation.egg-info/SOURCES.txt'
[6.213s] running build
[6.214s] running build_py
[6.215s] copying navigation/omni_pid.py -> /home/eduhkrobotic2/r2_ros/build/navigation/build/lib/navigation
[6.216s] running install
[6.218s] running install_lib
[6.221s] copying /home/eduhkrobotic2/r2_ros/build/navigation/build/lib/navigation/omni_pid.py -> /home/eduhkrobotic2/r2_ros/install/navigation/lib/python3.10/site-packages/navigation
[6.225s] byte-compiling /home/eduhkrobotic2/r2_ros/install/navigation/lib/python3.10/site-packages/navigation/omni_pid.py to omni_pid.cpython-310.pyc
[6.236s] running install_data
[6.237s] running install_egg_info
[6.248s] removing '/home/eduhkrobotic2/r2_ros/install/navigation/lib/python3.10/site-packages/navigation-0.0.0-py3.10.egg-info' (and everything under it)
[6.250s] Copying ../../build/navigation/navigation.egg-info to /home/eduhkrobotic2/r2_ros/install/navigation/lib/python3.10/site-packages/navigation-0.0.0-py3.10.egg-info
[6.257s] running install_scripts
[6.364s] Installing navigation_node script to /home/eduhkrobotic2/r2_ros/install/navigation/lib/navigation
[6.365s] Installing omni_pid script to /home/eduhkrobotic2/r2_ros/install/navigation/lib/navigation
[6.367s] writing list of installed files to '/home/eduhkrobotic2/r2_ros/build/navigation/install.log'
[6.576s] Invoked command in '/home/eduhkrobotic2/r2_ros/src/navigation' returned '0': PYTHONPATH=/home/eduhkrobotic2/r2_ros/build/navigation/prefix_override:/home/eduhkrobotic2/r2_ros/install/navigation/lib/python3.10/site-packages:${PYTHONPATH} /usr/bin/python3 -W ignore:setup.py install is deprecated setup.py egg_info --egg-base ../../build/navigation build --build-base /home/eduhkrobotic2/r2_ros/build/navigation/build install --record /home/eduhkrobotic2/r2_ros/build/navigation/install.log --single-version-externally-managed install_data
