[0.962s] DEBUG:colcon:Command line arguments: ['/usr/bin/colcon', 'build', '--packages-select', 'navigation']
[0.963s] DEBUG:colcon:Parsed command line arguments: Namespace(log_base=None, log_level=None, verb_name='build', build_base='build', install_base='install', merge_install=False, symlink_install=False, test_result_base=None, continue_on_error=False, executor='parallel', parallel_workers=4, event_handlers=None, ignore_user_meta=False, metas=['./colcon.meta'], base_paths=['.'], packages_ignore=None, packages_ignore_regex=None, paths=None, packages_up_to=None, packages_up_to_regex=None, packages_above=None, packages_above_and_dependencies=None, packages_above_depth=None, packages_select_by_dep=None, packages_skip_by_dep=None, packages_skip_up_to=None, packages_select_build_failed=False, packages_skip_build_finished=False, packages_select_test_failures=False, packages_skip_test_passed=False, packages_select=['navigation'], packages_skip=None, packages_select_regex=None, packages_skip_regex=None, packages_start=None, packages_end=None, allow_overriding=[], cmake_args=None, cmake_target=None, cmake_target_skip_unavailable=False, cmake_clean_cache=False, cmake_clean_first=False, cmake_force_configure=False, ament_cmake_args=None, catkin_cmake_args=None, catkin_skip_building_tests=False, verb_parser=<colcon_defaults.argument_parser.defaults.DefaultArgumentsDecorator object at 0xffff89378430>, verb_extension=<colcon_core.verb.build.BuildVerb object at 0xffff895abfa0>, main=<bound method BuildVerb.main of <colcon_core.verb.build.BuildVerb object at 0xffff895abfa0>>)
[3.142s] Level 1:colcon.colcon_core.package_discovery:discover_packages(colcon_meta) check parameters
[3.142s] Level 1:colcon.colcon_core.package_discovery:discover_packages(recursive) check parameters
[3.143s] Level 1:colcon.colcon_core.package_discovery:discover_packages(ignore) check parameters
[3.143s] Level 1:colcon.colcon_core.package_discovery:discover_packages(path) check parameters
[3.143s] Level 1:colcon.colcon_core.package_discovery:discover_packages(colcon_meta) discover
[3.143s] Level 1:colcon.colcon_core.package_discovery:discover_packages(recursive) discover
[3.143s] INFO:colcon.colcon_core.package_discovery:Crawling recursively for packages in '/home/eduhkrobotic2/r2_ros'
[3.144s] Level 1:colcon.colcon_core.package_identification:_identify(.) by extensions ['ignore', 'ignore_ament_install']
[3.145s] Level 1:colcon.colcon_core.package_identification:_identify(.) by extension 'ignore'
[3.146s] Level 1:colcon.colcon_core.package_identification:_identify(.) by extension 'ignore_ament_install'
[3.148s] Level 1:colcon.colcon_core.package_identification:_identify(.) by extensions ['colcon_pkg']
[3.148s] Level 1:colcon.colcon_core.package_identification:_identify(.) by extension 'colcon_pkg'
[3.149s] Level 1:colcon.colcon_core.package_identification:_identify(.) by extensions ['colcon_meta']
[3.149s] Level 1:colcon.colcon_core.package_identification:_identify(.) by extension 'colcon_meta'
[3.150s] Level 1:colcon.colcon_core.package_identification:_identify(.) by extensions ['ros']
[3.150s] Level 1:colcon.colcon_core.package_identification:_identify(.) by extension 'ros'
[3.205s] Level 1:colcon.colcon_core.package_identification:_identify(.) by extensions ['cmake', 'python']
[3.206s] Level 1:colcon.colcon_core.package_identification:_identify(.) by extension 'cmake'
[3.206s] Level 1:colcon.colcon_core.package_identification:_identify(.) by extension 'python'
[3.206s] Level 1:colcon.colcon_core.package_identification:_identify(.) by extensions ['python_setup_py']
[3.207s] Level 1:colcon.colcon_core.package_identification:_identify(.) by extension 'python_setup_py'
[3.207s] Level 1:colcon.colcon_core.package_identification:_identify(build) by extensions ['ignore', 'ignore_ament_install']
[3.208s] Level 1:colcon.colcon_core.package_identification:_identify(build) by extension 'ignore'
[3.208s] Level 1:colcon.colcon_core.package_identification:_identify(build) ignored
[3.208s] Level 1:colcon.colcon_core.package_identification:_identify(install) by extensions ['ignore', 'ignore_ament_install']
[3.209s] Level 1:colcon.colcon_core.package_identification:_identify(install) by extension 'ignore'
[3.209s] Level 1:colcon.colcon_core.package_identification:_identify(install) ignored
[3.210s] Level 1:colcon.colcon_core.package_identification:_identify(log) by extensions ['ignore', 'ignore_ament_install']
[3.211s] Level 1:colcon.colcon_core.package_identification:_identify(log) by extension 'ignore'
[3.211s] Level 1:colcon.colcon_core.package_identification:_identify(log) ignored
[3.212s] Level 1:colcon.colcon_core.package_identification:_identify(src) by extensions ['ignore', 'ignore_ament_install']
[3.212s] Level 1:colcon.colcon_core.package_identification:_identify(src) by extension 'ignore'
[3.212s] Level 1:colcon.colcon_core.package_identification:_identify(src) by extension 'ignore_ament_install'
[3.212s] Level 1:colcon.colcon_core.package_identification:_identify(src) by extensions ['colcon_pkg']
[3.212s] Level 1:colcon.colcon_core.package_identification:_identify(src) by extension 'colcon_pkg'
[3.213s] Level 1:colcon.colcon_core.package_identification:_identify(src) by extensions ['colcon_meta']
[3.213s] Level 1:colcon.colcon_core.package_identification:_identify(src) by extension 'colcon_meta'
[3.213s] Level 1:colcon.colcon_core.package_identification:_identify(src) by extensions ['ros']
[3.213s] Level 1:colcon.colcon_core.package_identification:_identify(src) by extension 'ros'
[3.214s] Level 1:colcon.colcon_core.package_identification:_identify(src) by extensions ['cmake', 'python']
[3.214s] Level 1:colcon.colcon_core.package_identification:_identify(src) by extension 'cmake'
[3.214s] Level 1:colcon.colcon_core.package_identification:_identify(src) by extension 'python'
[3.215s] Level 1:colcon.colcon_core.package_identification:_identify(src) by extensions ['python_setup_py']
[3.215s] Level 1:colcon.colcon_core.package_identification:_identify(src) by extension 'python_setup_py'
[3.216s] Level 1:colcon.colcon_core.package_identification:_identify(src/motor_control_package) by extensions ['ignore', 'ignore_ament_install']
[3.216s] Level 1:colcon.colcon_core.package_identification:_identify(src/motor_control_package) by extension 'ignore'
[3.216s] Level 1:colcon.colcon_core.package_identification:_identify(src/motor_control_package) by extension 'ignore_ament_install'
[3.217s] Level 1:colcon.colcon_core.package_identification:_identify(src/motor_control_package) by extensions ['colcon_pkg']
[3.217s] Level 1:colcon.colcon_core.package_identification:_identify(src/motor_control_package) by extension 'colcon_pkg'
[3.217s] Level 1:colcon.colcon_core.package_identification:_identify(src/motor_control_package) by extensions ['colcon_meta']
[3.217s] Level 1:colcon.colcon_core.package_identification:_identify(src/motor_control_package) by extension 'colcon_meta'
[3.217s] Level 1:colcon.colcon_core.package_identification:_identify(src/motor_control_package) by extensions ['ros']
[3.217s] Level 1:colcon.colcon_core.package_identification:_identify(src/motor_control_package) by extension 'ros'
[3.228s] DEBUG:colcon.colcon_core.package_identification:Package 'src/motor_control_package' with type 'ros.ament_python' and name 'motor_control_package'
[3.228s] Level 1:colcon.colcon_core.package_identification:_identify(src/navigation) by extensions ['ignore', 'ignore_ament_install']
[3.229s] Level 1:colcon.colcon_core.package_identification:_identify(src/navigation) by extension 'ignore'
[3.229s] Level 1:colcon.colcon_core.package_identification:_identify(src/navigation) by extension 'ignore_ament_install'
[3.230s] Level 1:colcon.colcon_core.package_identification:_identify(src/navigation) by extensions ['colcon_pkg']
[3.230s] Level 1:colcon.colcon_core.package_identification:_identify(src/navigation) by extension 'colcon_pkg'
[3.230s] Level 1:colcon.colcon_core.package_identification:_identify(src/navigation) by extensions ['colcon_meta']
[3.230s] Level 1:colcon.colcon_core.package_identification:_identify(src/navigation) by extension 'colcon_meta'
[3.231s] Level 1:colcon.colcon_core.package_identification:_identify(src/navigation) by extensions ['ros']
[3.231s] Level 1:colcon.colcon_core.package_identification:_identify(src/navigation) by extension 'ros'
[3.233s] DEBUG:colcon.colcon_core.package_identification:Package 'src/navigation' with type 'ros.ament_python' and name 'navigation'
[3.234s] Level 1:colcon.colcon_core.package_identification:_identify(src/ps4) by extensions ['ignore', 'ignore_ament_install']
[3.235s] Level 1:colcon.colcon_core.package_identification:_identify(src/ps4) by extension 'ignore'
[3.235s] Level 1:colcon.colcon_core.package_identification:_identify(src/ps4) by extension 'ignore_ament_install'
[3.235s] Level 1:colcon.colcon_core.package_identification:_identify(src/ps4) by extensions ['colcon_pkg']
[3.235s] Level 1:colcon.colcon_core.package_identification:_identify(src/ps4) by extension 'colcon_pkg'
[3.236s] Level 1:colcon.colcon_core.package_identification:_identify(src/ps4) by extensions ['colcon_meta']
[3.236s] Level 1:colcon.colcon_core.package_identification:_identify(src/ps4) by extension 'colcon_meta'
[3.236s] Level 1:colcon.colcon_core.package_identification:_identify(src/ps4) by extensions ['ros']
[3.236s] Level 1:colcon.colcon_core.package_identification:_identify(src/ps4) by extension 'ros'
[3.239s] DEBUG:colcon.colcon_core.package_identification:Package 'src/ps4' with type 'ros.ament_python' and name 'ps4'
[3.239s] Level 1:colcon.colcon_core.package_discovery:discover_packages(recursive) using defaults
[3.240s] Level 1:colcon.colcon_core.package_discovery:discover_packages(ignore) discover
[3.240s] Level 1:colcon.colcon_core.package_discovery:discover_packages(ignore) using defaults
[3.240s] Level 1:colcon.colcon_core.package_discovery:discover_packages(path) discover
[3.240s] Level 1:colcon.colcon_core.package_discovery:discover_packages(path) using defaults
[3.375s] INFO:colcon.colcon_core.package_selection:Skipping not selected package 'motor_control_package' in 'src/motor_control_package'
[3.376s] INFO:colcon.colcon_core.package_selection:Skipping not selected package 'ps4' in 'src/ps4'
[3.378s] Level 1:colcon.colcon_core.package_discovery:discover_packages(prefix_path) check parameters
[3.378s] Level 1:colcon.colcon_core.package_discovery:discover_packages(prefix_path) discover
[3.387s] DEBUG:colcon.colcon_installed_package_information.package_discovery:Found 4 installed packages in /home/eduhkrobotic2/r2_ros/install
[3.396s] DEBUG:colcon.colcon_installed_package_information.package_discovery:Found 278 installed packages in /opt/ros/humble
[3.404s] Level 1:colcon.colcon_core.package_discovery:discover_packages(prefix_path) using defaults
[3.783s] Level 5:colcon.colcon_core.verb:set package 'navigation' build argument 'cmake_args' from command line to 'None'
[3.783s] Level 5:colcon.colcon_core.verb:set package 'navigation' build argument 'cmake_target' from command line to 'None'
[3.784s] Level 5:colcon.colcon_core.verb:set package 'navigation' build argument 'cmake_target_skip_unavailable' from command line to 'False'
[3.784s] Level 5:colcon.colcon_core.verb:set package 'navigation' build argument 'cmake_clean_cache' from command line to 'False'
[3.785s] Level 5:colcon.colcon_core.verb:set package 'navigation' build argument 'cmake_clean_first' from command line to 'False'
[3.785s] Level 5:colcon.colcon_core.verb:set package 'navigation' build argument 'cmake_force_configure' from command line to 'False'
[3.785s] Level 5:colcon.colcon_core.verb:set package 'navigation' build argument 'ament_cmake_args' from command line to 'None'
[3.785s] Level 5:colcon.colcon_core.verb:set package 'navigation' build argument 'catkin_cmake_args' from command line to 'None'
[3.785s] Level 5:colcon.colcon_core.verb:set package 'navigation' build argument 'catkin_skip_building_tests' from command line to 'False'
[3.786s] DEBUG:colcon.colcon_core.verb:Building package 'navigation' with the following arguments: {'ament_cmake_args': None, 'build_base': '/home/eduhkrobotic2/r2_ros/build/navigation', 'catkin_cmake_args': None, 'catkin_skip_building_tests': False, 'cmake_args': None, 'cmake_clean_cache': False, 'cmake_clean_first': False, 'cmake_force_configure': False, 'cmake_target': None, 'cmake_target_skip_unavailable': False, 'install_base': '/home/eduhkrobotic2/r2_ros/install/navigation', 'merge_install': False, 'path': '/home/eduhkrobotic2/r2_ros/src/navigation', 'symlink_install': False, 'test_result_base': None}
[3.788s] INFO:colcon.colcon_core.executor:Executing jobs using 'parallel' executor
[3.805s] DEBUG:colcon.colcon_parallel_executor.executor.parallel:run_until_complete
[3.807s] INFO:colcon.colcon_ros.task.ament_python.build:Building ROS package in '/home/eduhkrobotic2/r2_ros/src/navigation' with build type 'ament_python'
[3.808s] Level 1:colcon.colcon_core.shell:create_environment_hook('navigation', 'ament_prefix_path')
[3.830s] INFO:colcon.colcon_core.plugin_system:Skipping extension 'colcon_core.shell.bat': Not used on non-Windows systems
[3.832s] INFO:colcon.colcon_core.shell:Creating environment hook '/home/eduhkrobotic2/r2_ros/install/navigation/share/navigation/hook/ament_prefix_path.ps1'
[3.840s] INFO:colcon.colcon_core.shell:Creating environment descriptor '/home/eduhkrobotic2/r2_ros/install/navigation/share/navigation/hook/ament_prefix_path.dsv'
[3.847s] INFO:colcon.colcon_core.shell:Creating environment hook '/home/eduhkrobotic2/r2_ros/install/navigation/share/navigation/hook/ament_prefix_path.sh'
[3.856s] INFO:colcon.colcon_core.shell:Skip shell extension 'powershell' for command environment: Not usable outside of PowerShell
[3.856s] DEBUG:colcon.colcon_core.shell:Skip shell extension 'dsv' for command environment
[5.766s] INFO:colcon.colcon_core.task.python.build:Building Python package in '/home/eduhkrobotic2/r2_ros/src/navigation'
[5.767s] INFO:colcon.colcon_core.shell:Skip shell extension 'powershell' for command environment: Not usable outside of PowerShell
[5.768s] DEBUG:colcon.colcon_core.shell:Skip shell extension 'dsv' for command environment
[7.442s] DEBUG:colcon.colcon_core.event_handler.log_command:Invoking command in '/home/eduhkrobotic2/r2_ros/src/navigation': PYTHONPATH=/home/eduhkrobotic2/r2_ros/build/navigation/prefix_override:/home/eduhkrobotic2/r2_ros/install/navigation/lib/python3.10/site-packages:${PYTHONPATH} /usr/bin/python3 -W ignore:setup.py install is deprecated setup.py egg_info --egg-base ../../build/navigation build --build-base /home/eduhkrobotic2/r2_ros/build/navigation/build install --record /home/eduhkrobotic2/r2_ros/build/navigation/install.log --single-version-externally-managed install_data
[9.180s] DEBUG:colcon.colcon_core.event_handler.log_command:Invoked command in '/home/eduhkrobotic2/r2_ros/src/navigation' returned '0': PYTHONPATH=/home/eduhkrobotic2/r2_ros/build/navigation/prefix_override:/home/eduhkrobotic2/r2_ros/install/navigation/lib/python3.10/site-packages:${PYTHONPATH} /usr/bin/python3 -W ignore:setup.py install is deprecated setup.py egg_info --egg-base ../../build/navigation build --build-base /home/eduhkrobotic2/r2_ros/build/navigation/build install --record /home/eduhkrobotic2/r2_ros/build/navigation/install.log --single-version-externally-managed install_data
[9.191s] Level 1:colcon.colcon_core.environment:checking '/home/eduhkrobotic2/r2_ros/install/navigation' for CMake module files
[9.194s] Level 1:colcon.colcon_core.environment:checking '/home/eduhkrobotic2/r2_ros/install/navigation' for CMake config files
[9.198s] Level 1:colcon.colcon_core.environment:checking '/home/eduhkrobotic2/r2_ros/install/navigation/lib'
[9.199s] Level 1:colcon.colcon_core.environment:checking '/home/eduhkrobotic2/r2_ros/install/navigation/bin'
[9.199s] Level 1:colcon.colcon_core.environment:checking '/home/eduhkrobotic2/r2_ros/install/navigation/lib/pkgconfig/navigation.pc'
[9.200s] Level 1:colcon.colcon_core.environment:checking '/home/eduhkrobotic2/r2_ros/install/navigation/lib/python3.10/site-packages'
[9.201s] Level 1:colcon.colcon_core.shell:create_environment_hook('navigation', 'pythonpath')
[9.202s] INFO:colcon.colcon_core.shell:Creating environment hook '/home/eduhkrobotic2/r2_ros/install/navigation/share/navigation/hook/pythonpath.ps1'
[9.204s] INFO:colcon.colcon_core.shell:Creating environment descriptor '/home/eduhkrobotic2/r2_ros/install/navigation/share/navigation/hook/pythonpath.dsv'
[9.206s] INFO:colcon.colcon_core.shell:Creating environment hook '/home/eduhkrobotic2/r2_ros/install/navigation/share/navigation/hook/pythonpath.sh'
[9.209s] Level 1:colcon.colcon_core.environment:checking '/home/eduhkrobotic2/r2_ros/install/navigation/bin'
[9.209s] Level 1:colcon.colcon_core.environment:create_environment_scripts_only(navigation)
[9.211s] INFO:colcon.colcon_core.shell:Creating package script '/home/eduhkrobotic2/r2_ros/install/navigation/share/navigation/package.ps1'
[9.214s] INFO:colcon.colcon_core.shell:Creating package descriptor '/home/eduhkrobotic2/r2_ros/install/navigation/share/navigation/package.dsv'
[9.217s] INFO:colcon.colcon_core.shell:Creating package script '/home/eduhkrobotic2/r2_ros/install/navigation/share/navigation/package.sh'
[9.220s] INFO:colcon.colcon_core.shell:Creating package script '/home/eduhkrobotic2/r2_ros/install/navigation/share/navigation/package.bash'
[9.224s] INFO:colcon.colcon_core.shell:Creating package script '/home/eduhkrobotic2/r2_ros/install/navigation/share/navigation/package.zsh'
[9.227s] Level 1:colcon.colcon_core.environment:create_file_with_runtime_dependencies(/home/eduhkrobotic2/r2_ros/install/navigation/share/colcon-core/packages/navigation)
[9.228s] DEBUG:colcon.colcon_parallel_executor.executor.parallel:closing loop
[9.230s] DEBUG:colcon.colcon_parallel_executor.executor.parallel:loop closed
[9.230s] DEBUG:colcon.colcon_parallel_executor.executor.parallel:run_until_complete finished with '0'
[9.230s] DEBUG:colcon.colcon_core.event_reactor:joining thread
[9.255s] INFO:colcon.colcon_core.plugin_system:Skipping extension 'colcon_notification.desktop_notification.terminal_notifier': Not used on non-Darwin systems
[9.256s] INFO:colcon.colcon_core.plugin_system:Skipping extension 'colcon_notification.desktop_notification.win32': Not used on non-Windows systems
[9.256s] INFO:colcon.colcon_notification.desktop_notification:Sending desktop notification using 'notify2'
[9.308s] DEBUG:colcon.colcon_core.event_reactor:joined thread
[9.310s] INFO:colcon.colcon_core.shell:Creating prefix script '/home/eduhkrobotic2/r2_ros/install/local_setup.ps1'
[9.314s] INFO:colcon.colcon_core.shell:Creating prefix util module '/home/eduhkrobotic2/r2_ros/install/_local_setup_util_ps1.py'
[9.320s] INFO:colcon.colcon_core.shell:Creating prefix chain script '/home/eduhkrobotic2/r2_ros/install/setup.ps1'
[9.330s] INFO:colcon.colcon_core.shell:Creating prefix script '/home/eduhkrobotic2/r2_ros/install/local_setup.sh'
[9.336s] INFO:colcon.colcon_core.shell:Creating prefix util module '/home/eduhkrobotic2/r2_ros/install/_local_setup_util_sh.py'
[9.339s] INFO:colcon.colcon_core.shell:Creating prefix chain script '/home/eduhkrobotic2/r2_ros/install/setup.sh'
[9.349s] INFO:colcon.colcon_core.shell:Creating prefix script '/home/eduhkrobotic2/r2_ros/install/local_setup.bash'
[9.352s] INFO:colcon.colcon_core.shell:Creating prefix chain script '/home/eduhkrobotic2/r2_ros/install/setup.bash'
[9.361s] INFO:colcon.colcon_core.shell:Creating prefix script '/home/eduhkrobotic2/r2_ros/install/local_setup.zsh'
[9.365s] INFO:colcon.colcon_core.shell:Creating prefix chain script '/home/eduhkrobotic2/r2_ros/install/setup.zsh'
