[6.404s] Invoking command in '/home/eduhkrobotic2/r2_ros/build/motor_control_package': PYTHONPATH=/home/eduhkrobotic2/r2_ros/build/motor_control_package/prefix_override:/home/eduhkrobotic2/r2_ros/install/motor_control_package/lib/python3.10/site-packages:${PYTHONPATH} /usr/bin/python3 -W ignore:setup.py install is deprecated setup.py develop --editable --build-directory /home/eduhkrobotic2/r2_ros/build/motor_control_package/build --no-deps symlink_data --force
[8.125s] running develop
[9.434s] running egg_info
[9.435s] writing motor_control_package.egg-info/PKG-INFO
[9.435s] writing dependency_links to motor_control_package.egg-info/dependency_links.txt
[9.436s] writing entry points to motor_control_package.egg-info/entry_points.txt
[9.436s] writing requirements to motor_control_package.egg-info/requires.txt
[9.438s] writing top-level names to motor_control_package.egg-info/top_level.txt
[9.444s] reading manifest file 'motor_control_package.egg-info/SOURCES.txt'
[9.448s] writing manifest file 'motor_control_package.egg-info/SOURCES.txt'
[9.455s] running build_ext
[9.456s] Creating /home/eduhkrobotic2/r2_ros/install/motor_control_package/lib/python3.10/site-packages/motor-control-package.egg-link (link to .)
[9.459s] Installing motor_control_publisher script to /home/eduhkrobotic2/r2_ros/install/motor_control_package/lib/motor_control_package
[9.460s] Installing motor_control_subscriber script to /home/eduhkrobotic2/r2_ros/install/motor_control_package/lib/motor_control_package
[9.461s] Installing motor_data_reader script to /home/eduhkrobotic2/r2_ros/install/motor_control_package/lib/motor_control_package
[9.462s] 
[9.468s] Installed /home/eduhkrobotic2/r2_ros/build/motor_control_package
[9.471s] running symlink_data
[9.474s] symbolically linking /home/eduhkrobotic2/r2_ros/build/motor_control_package/resource/motor_control_package -> /home/eduhkrobotic2/r2_ros/install/motor_control_package/share/ament_index/resource_index/packages
[9.475s] symbolically linking /home/eduhkrobotic2/r2_ros/build/motor_control_package/package.xml -> /home/eduhkrobotic2/r2_ros/install/motor_control_package/share/motor_control_package
[9.628s] Invoked command in '/home/eduhkrobotic2/r2_ros/build/motor_control_package' returned '0': PYTHONPATH=/home/eduhkrobotic2/r2_ros/build/motor_control_package/prefix_override:/home/eduhkrobotic2/r2_ros/install/motor_control_package/lib/python3.10/site-packages:${PYTHONPATH} /usr/bin/python3 -W ignore:setup.py install is deprecated setup.py develop --editable --build-directory /home/eduhkrobotic2/r2_ros/build/motor_control_package/build --no-deps symlink_data --force
