[4.250s] Invoking command in '/home/eduhkrobotic2/r2_ros/src/sensor': PYTHONPATH=/home/eduhkrobotic2/r2_ros/build/sensor/prefix_override:/home/eduhkrobotic2/r2_ros/install/sensor/lib/python3.10/site-packages:${PYTHONPATH} /usr/bin/python3 -W ignore:setup.py install is deprecated setup.py egg_info --egg-base ../../build/sensor build --build-base /home/eduhkrobotic2/r2_ros/build/sensor/build install --record /home/eduhkrobotic2/r2_ros/build/sensor/install.log --single-version-externally-managed install_data
[5.761s] running egg_info
[5.847s] writing ../../build/sensor/sensor.egg-info/PKG-INFO
[5.850s] writing dependency_links to ../../build/sensor/sensor.egg-info/dependency_links.txt
[5.851s] writing entry points to ../../build/sensor/sensor.egg-info/entry_points.txt
[5.852s] writing requirements to ../../build/sensor/sensor.egg-info/requires.txt
[5.853s] writing top-level names to ../../build/sensor/sensor.egg-info/top_level.txt
[6.032s] reading manifest file '../../build/sensor/sensor.egg-info/SOURCES.txt'
[6.036s] writing manifest file '../../build/sensor/sensor.egg-info/SOURCES.txt'
[6.037s] running build
[6.038s] running build_py
[6.038s] copying sensor/__init__.py -> /home/eduhkrobotic2/r2_ros/build/sensor/build/lib/sensor
[6.039s] copying sensor/sensor_publisher.py -> /home/eduhkrobotic2/r2_ros/build/sensor/build/lib/sensor
[6.041s] copying sensor/__init__.py -> /home/eduhkrobotic2/r2_ros/build/sensor/build/lib/sensor
[6.043s] running install
[6.065s] running install_lib
[6.153s] copying /home/eduhkrobotic2/r2_ros/build/sensor/build/lib/sensor/sensor_publisher.py -> /home/eduhkrobotic2/r2_ros/install/sensor/lib/python3.10/site-packages/sensor
[6.157s] byte-compiling /home/eduhkrobotic2/r2_ros/install/sensor/lib/python3.10/site-packages/sensor/sensor_publisher.py to sensor_publisher.cpython-310.pyc
[6.160s] running install_data
[6.160s] copying resource/sensor -> /home/eduhkrobotic2/r2_ros/install/sensor/share/ament_index/resource_index/packages
[6.161s] running install_egg_info
[6.260s] removing '/home/eduhkrobotic2/r2_ros/install/sensor/lib/python3.10/site-packages/sensor-0.0.0-py3.10.egg-info' (and everything under it)
[6.262s] Copying ../../build/sensor/sensor.egg-info to /home/eduhkrobotic2/r2_ros/install/sensor/lib/python3.10/site-packages/sensor-0.0.0-py3.10.egg-info
[6.276s] running install_scripts
[7.104s] Installing gyrosensor script to /home/eduhkrobotic2/r2_ros/install/sensor/lib/sensor
[7.105s] Installing sensor_publisher script to /home/eduhkrobotic2/r2_ros/install/sensor/lib/sensor
[7.106s] Installing stp32l script to /home/eduhkrobotic2/r2_ros/install/sensor/lib/sensor
[7.108s] writing list of installed files to '/home/eduhkrobotic2/r2_ros/build/sensor/install.log'
[7.242s] Invoked command in '/home/eduhkrobotic2/r2_ros/src/sensor' returned '0': PYTHONPATH=/home/eduhkrobotic2/r2_ros/build/sensor/prefix_override:/home/eduhkrobotic2/r2_ros/install/sensor/lib/python3.10/site-packages:${PYTHONPATH} /usr/bin/python3 -W ignore:setup.py install is deprecated setup.py egg_info --egg-base ../../build/sensor build --build-base /home/eduhkrobotic2/r2_ros/build/sensor/build install --record /home/eduhkrobotic2/r2_ros/build/sensor/install.log --single-version-externally-managed install_data
