[6.212s] Invoking command in '/home/eduhkrobotic2/r2_ros/build/ps4': PYTHONPATH=/home/eduhkrobotic2/r2_ros/build/ps4/prefix_override:/home/eduhkrobotic2/r2_ros/install/ps4/lib/python3.10/site-packages:${PYTHONPATH} /usr/bin/python3 -W ignore:setup.py install is deprecated setup.py develop --editable --build-directory /home/eduhkrobotic2/r2_ros/build/ps4/build --no-deps symlink_data --force
[7.897s] running develop
[8.970s] running egg_info
[8.971s] writing ps4.egg-info/PKG-INFO
[8.973s] writing dependency_links to ps4.egg-info/dependency_links.txt
[8.974s] writing entry points to ps4.egg-info/entry_points.txt
[8.975s] writing requirements to ps4.egg-info/requires.txt
[8.975s] writing top-level names to ps4.egg-info/top_level.txt
[8.985s] reading manifest file 'ps4.egg-info/SOURCES.txt'
[8.989s] writing manifest file 'ps4.egg-info/SOURCES.txt'
[8.996s] running build_ext
[8.997s] Creating /home/eduhkrobotic2/r2_ros/install/ps4/lib/python3.10/site-packages/ps4.egg-link (link to .)
[9.000s] Installing ps4_publisher script to /home/eduhkrobotic2/r2_ros/install/ps4/lib/ps4
[9.002s] Installing ps4_subscriber script to /home/eduhkrobotic2/r2_ros/install/ps4/lib/ps4
[9.003s] 
[9.004s] Installed /home/eduhkrobotic2/r2_ros/build/ps4
[9.005s] running symlink_data
[9.005s] symbolically linking /home/eduhkrobotic2/r2_ros/build/ps4/resource/ps4 -> /home/eduhkrobotic2/r2_ros/install/ps4/share/ament_index/resource_index/packages
[9.007s] symbolically linking /home/eduhkrobotic2/r2_ros/build/ps4/package.xml -> /home/eduhkrobotic2/r2_ros/install/ps4/share/ps4
[9.247s] Invoked command in '/home/eduhkrobotic2/r2_ros/build/ps4' returned '0': PYTHONPATH=/home/eduhkrobotic2/r2_ros/build/ps4/prefix_override:/home/eduhkrobotic2/r2_ros/install/ps4/lib/python3.10/site-packages:${PYTHONPATH} /usr/bin/python3 -W ignore:setup.py install is deprecated setup.py develop --editable --build-directory /home/eduhkrobotic2/r2_ros/build/ps4/build --no-deps symlink_data --force
