[9.568s] Invoking command in '/home/eduhkrobotic2/r2_ros/src/navigation': PYTHONPATH=/home/eduhkrobotic2/r2_ros/build/navigation/prefix_override:/home/eduhkrobotic2/r2_ros/install/navigation/lib/python3.10/site-packages:${PYTHONPATH} /usr/bin/python3 -W ignore:setup.py install is deprecated setup.py egg_info --egg-base ../../build/navigation build --build-base /home/eduhkrobotic2/r2_ros/build/navigation/build install --record /home/eduhkrobotic2/r2_ros/build/navigation/install.log --single-version-externally-managed install_data
[11.043s] running egg_info
[11.149s] writing ../../build/navigation/navigation.egg-info/PKG-INFO
[11.151s] writing dependency_links to ../../build/navigation/navigation.egg-info/dependency_links.txt
[11.152s] writing entry points to ../../build/navigation/navigation.egg-info/entry_points.txt
[11.153s] writing requirements to ../../build/navigation/navigation.egg-info/requires.txt
[11.154s] writing top-level names to ../../build/navigation/navigation.egg-info/top_level.txt
[11.359s] reading manifest file '../../build/navigation/navigation.egg-info/SOURCES.txt'
[11.364s] writing manifest file '../../build/navigation/navigation.egg-info/SOURCES.txt'
[11.364s] running build
[11.365s] running build_py
[11.366s] copying navigation/omni_pid.py -> /home/eduhkrobotic2/r2_ros/build/navigation/build/lib/navigation
[11.368s] copying navigation/__init__.py -> /home/eduhkrobotic2/r2_ros/build/navigation/build/lib/navigation
[11.369s] copying navigation/navigation_node.py -> /home/eduhkrobotic2/r2_ros/build/navigation/build/lib/navigation
[11.371s] running install
[11.395s] running install_lib
[11.500s] copying /home/eduhkrobotic2/r2_ros/build/navigation/build/lib/navigation/omni_pid.py -> /home/eduhkrobotic2/r2_ros/install/navigation/lib/python3.10/site-packages/navigation
[11.505s] byte-compiling /home/eduhkrobotic2/r2_ros/install/navigation/lib/python3.10/site-packages/navigation/omni_pid.py to omni_pid.cpython-310.pyc
[11.512s] running install_data
[11.513s] copying resource/navigation -> /home/eduhkrobotic2/r2_ros/install/navigation/share/ament_index/resource_index/packages
[11.513s] running install_egg_info
[11.628s] removing '/home/eduhkrobotic2/r2_ros/install/navigation/lib/python3.10/site-packages/navigation-0.0.0-py3.10.egg-info' (and everything under it)
[11.632s] Copying ../../build/navigation/navigation.egg-info to /home/eduhkrobotic2/r2_ros/install/navigation/lib/python3.10/site-packages/navigation-0.0.0-py3.10.egg-info
[11.639s] running install_scripts
[12.604s] Installing movement_control script to /home/eduhkrobotic2/r2_ros/install/navigation/lib/navigation
[12.604s] Installing navigation_node script to /home/eduhkrobotic2/r2_ros/install/navigation/lib/navigation
[12.605s] Installing omni_pid script to /home/eduhkrobotic2/r2_ros/install/navigation/lib/navigation
[12.609s] writing list of installed files to '/home/eduhkrobotic2/r2_ros/build/navigation/install.log'
[12.768s] Invoked command in '/home/eduhkrobotic2/r2_ros/src/navigation' returned '0': PYTHONPATH=/home/eduhkrobotic2/r2_ros/build/navigation/prefix_override:/home/eduhkrobotic2/r2_ros/install/navigation/lib/python3.10/site-packages:${PYTHONPATH} /usr/bin/python3 -W ignore:setup.py install is deprecated setup.py egg_info --egg-base ../../build/navigation build --build-base /home/eduhkrobotic2/r2_ros/build/navigation/build install --record /home/eduhkrobotic2/r2_ros/build/navigation/install.log --single-version-externally-managed install_data
