[8.535s] Invoking command in '/home/eduhkrobotic2/r2_ros/src/navigation': PYTHONPATH=/home/eduhkrobotic2/r2_ros/build/navigation/prefix_override:/home/eduhkrobotic2/r2_ros/install/navigation/lib/python3.10/site-packages:${PYTHONPATH} /usr/bin/python3 -W ignore:setup.py install is deprecated setup.py egg_info --egg-base ../../build/navigation build --build-base /home/eduhkrobotic2/r2_ros/build/navigation/build install --record /home/eduhkrobotic2/r2_ros/build/navigation/install.log --single-version-externally-managed install_data
[11.129s] running egg_info
[11.135s] writing ../../build/navigation/navigation.egg-info/PKG-INFO
[11.137s] writing dependency_links to ../../build/navigation/navigation.egg-info/dependency_links.txt
[11.139s] writing entry points to ../../build/navigation/navigation.egg-info/entry_points.txt
[11.140s] writing requirements to ../../build/navigation/navigation.egg-info/requires.txt
[11.142s] writing top-level names to ../../build/navigation/navigation.egg-info/top_level.txt
[11.153s] reading manifest file '../../build/navigation/navigation.egg-info/SOURCES.txt'
[11.159s] writing manifest file '../../build/navigation/navigation.egg-info/SOURCES.txt'
[11.160s] running build
[11.164s] running build_py
[11.166s] copying navigation/navigation_node.py -> /home/eduhkrobotic2/r2_ros/build/navigation/build/lib/navigation
[11.167s] running install
[11.167s] running install_lib
[11.175s] copying /home/eduhkrobotic2/r2_ros/build/navigation/build/lib/navigation/navigation_node.py -> /home/eduhkrobotic2/r2_ros/install/navigation/lib/python3.10/site-packages/navigation
[11.175s] byte-compiling /home/eduhkrobotic2/r2_ros/install/navigation/lib/python3.10/site-packages/navigation/navigation_node.py to navigation_node.cpython-310.pyc
[11.179s] running install_data
[11.181s] running install_egg_info
[11.192s] removing '/home/eduhkrobotic2/r2_ros/install/navigation/lib/python3.10/site-packages/navigation-0.0.0-py3.10.egg-info' (and everything under it)
[11.195s] Copying ../../build/navigation/navigation.egg-info to /home/eduhkrobotic2/r2_ros/install/navigation/lib/python3.10/site-packages/navigation-0.0.0-py3.10.egg-info
[11.205s] running install_scripts
[11.353s] Installing navigation_node script to /home/eduhkrobotic2/r2_ros/install/navigation/lib/navigation
[11.356s] writing list of installed files to '/home/eduhkrobotic2/r2_ros/build/navigation/install.log'
[11.607s] Invoked command in '/home/eduhkrobotic2/r2_ros/src/navigation' returned '0': PYTHONPATH=/home/eduhkrobotic2/r2_ros/build/navigation/prefix_override:/home/eduhkrobotic2/r2_ros/install/navigation/lib/python3.10/site-packages:${PYTHONPATH} /usr/bin/python3 -W ignore:setup.py install is deprecated setup.py egg_info --egg-base ../../build/navigation build --build-base /home/eduhkrobotic2/r2_ros/build/navigation/build install --record /home/eduhkrobotic2/r2_ros/build/navigation/install.log --single-version-externally-managed install_data
