[3.920s] Invoking command in '/home/eduhkrobotic2/r2_ros/src/navigation': PYTHONPATH=/home/eduhkrobotic2/r2_ros/build/navigation/prefix_override:/home/eduhkrobotic2/r2_ros/install/navigation/lib/python3.10/site-packages:${PYTHONPATH} /usr/bin/python3 -W ignore:setup.py install is deprecated setup.py egg_info --egg-base ../../build/navigation build --build-base /home/eduhkrobotic2/r2_ros/build/navigation/build install --record /home/eduhkrobotic2/r2_ros/build/navigation/install.log --single-version-externally-managed install_data
[5.484s] running egg_info
[5.489s] writing ../../build/navigation/navigation.egg-info/PKG-INFO
[5.491s] writing dependency_links to ../../build/navigation/navigation.egg-info/dependency_links.txt
[5.492s] writing entry points to ../../build/navigation/navigation.egg-info/entry_points.txt
[5.494s] writing requirements to ../../build/navigation/navigation.egg-info/requires.txt
[5.495s] writing top-level names to ../../build/navigation/navigation.egg-info/top_level.txt
[5.505s] reading manifest file '../../build/navigation/navigation.egg-info/SOURCES.txt'
[5.508s] writing manifest file '../../build/navigation/navigation.egg-info/SOURCES.txt'
[5.509s] running build
[5.510s] running build_py
[5.511s] running install
[5.513s] running install_lib
[5.522s] running install_data
[5.525s] running install_egg_info
[5.536s] removing '/home/eduhkrobotic2/r2_ros/install/navigation/lib/python3.10/site-packages/navigation-0.0.0-py3.10.egg-info' (and everything under it)
[5.538s] Copying ../../build/navigation/navigation.egg-info to /home/eduhkrobotic2/r2_ros/install/navigation/lib/python3.10/site-packages/navigation-0.0.0-py3.10.egg-info
[5.544s] running install_scripts
[5.645s] Installing navigation_node script to /home/eduhkrobotic2/r2_ros/install/navigation/lib/navigation
[5.646s] Installing omni_pid script to /home/eduhkrobotic2/r2_ros/install/navigation/lib/navigation
[5.649s] writing list of installed files to '/home/eduhkrobotic2/r2_ros/build/navigation/install.log'
[5.846s] Invoked command in '/home/eduhkrobotic2/r2_ros/src/navigation' returned '0': PYTHONPATH=/home/eduhkrobotic2/r2_ros/build/navigation/prefix_override:/home/eduhkrobotic2/r2_ros/install/navigation/lib/python3.10/site-packages:${PYTHONPATH} /usr/bin/python3 -W ignore:setup.py install is deprecated setup.py egg_info --egg-base ../../build/navigation build --build-base /home/eduhkrobotic2/r2_ros/build/navigation/build install --record /home/eduhkrobotic2/r2_ros/build/navigation/install.log --single-version-externally-managed install_data
