[4.333s] Invoking command in '/home/eduhkrobotic2/r2_ros/src/sensor': PYTHONPATH=/home/eduhkrobotic2/r2_ros/build/sensor/prefix_override:/home/eduhkrobotic2/r2_ros/install/sensor/lib/python3.10/site-packages:${PYTHONPATH} /usr/bin/python3 -W ignore:setup.py install is deprecated setup.py egg_info --egg-base ../../build/sensor build --build-base /home/eduhkrobotic2/r2_ros/build/sensor/build install --record /home/eduhkrobotic2/r2_ros/build/sensor/install.log --single-version-externally-managed install_data
[5.684s] running egg_info
[5.773s] writing ../../build/sensor/sensor.egg-info/PKG-INFO
[5.775s] writing dependency_links to ../../build/sensor/sensor.egg-info/dependency_links.txt
[5.776s] writing entry points to ../../build/sensor/sensor.egg-info/entry_points.txt
[5.777s] writing requirements to ../../build/sensor/sensor.egg-info/requires.txt
[5.778s] writing top-level names to ../../build/sensor/sensor.egg-info/top_level.txt
[5.961s] reading manifest file '../../build/sensor/sensor.egg-info/SOURCES.txt'
[5.965s] writing manifest file '../../build/sensor/sensor.egg-info/SOURCES.txt'
[5.966s] running build
[5.966s] running build_py
[5.967s] copying sensor/__init__.py -> /home/eduhkrobotic2/r2_ros/build/sensor/build/lib/sensor
[5.967s] copying sensor/stp32l.py -> /home/eduhkrobotic2/r2_ros/build/sensor/build/lib/sensor
[5.969s] copying sensor/sensor_publisher.py -> /home/eduhkrobotic2/r2_ros/build/sensor/build/lib/sensor
[5.971s] copying sensor/sensor_publisher.py -> /home/eduhkrobotic2/r2_ros/build/sensor/build/lib/sensor
[5.972s] copying sensor/__init__.py -> /home/eduhkrobotic2/r2_ros/build/sensor/build/lib/sensor
[5.974s] running install
[5.996s] running install_lib
[6.090s] copying /home/eduhkrobotic2/r2_ros/build/sensor/build/lib/sensor/stp32l.py -> /home/eduhkrobotic2/r2_ros/install/sensor/lib/python3.10/site-packages/sensor
[6.093s] byte-compiling /home/eduhkrobotic2/r2_ros/install/sensor/lib/python3.10/site-packages/sensor/stp32l.py to stp32l.cpython-310.pyc
[6.098s] running install_data
[6.099s] copying resource/sensor -> /home/eduhkrobotic2/r2_ros/install/sensor/share/ament_index/resource_index/packages
[6.100s] running install_egg_info
[6.196s] removing '/home/eduhkrobotic2/r2_ros/install/sensor/lib/python3.10/site-packages/sensor-0.0.0-py3.10.egg-info' (and everything under it)
[6.198s] Copying ../../build/sensor/sensor.egg-info to /home/eduhkrobotic2/r2_ros/install/sensor/lib/python3.10/site-packages/sensor-0.0.0-py3.10.egg-info
[6.203s] running install_scripts
[7.070s] Installing gyrosensor script to /home/eduhkrobotic2/r2_ros/install/sensor/lib/sensor
[7.071s] Installing sensor_publisher script to /home/eduhkrobotic2/r2_ros/install/sensor/lib/sensor
[7.072s] Installing stp32l script to /home/eduhkrobotic2/r2_ros/install/sensor/lib/sensor
[7.074s] writing list of installed files to '/home/eduhkrobotic2/r2_ros/build/sensor/install.log'
[7.220s] Invoked command in '/home/eduhkrobotic2/r2_ros/src/sensor' returned '0': PYTHONPATH=/home/eduhkrobotic2/r2_ros/build/sensor/prefix_override:/home/eduhkrobotic2/r2_ros/install/sensor/lib/python3.10/site-packages:${PYTHONPATH} /usr/bin/python3 -W ignore:setup.py install is deprecated setup.py egg_info --egg-base ../../build/sensor build --build-base /home/eduhkrobotic2/r2_ros/build/sensor/build install --record /home/eduhkrobotic2/r2_ros/build/sensor/install.log --single-version-externally-managed install_data
