[6.592s] Invoking command in '/home/eduhkrobotic2/r2_ros/src/navigation': PYTHONPATH=/home/eduhkrobotic2/r2_ros/build/navigation/prefix_override:/home/eduhkrobotic2/r2_ros/install/navigation/lib/python3.10/site-packages:${PYTHONPATH} /usr/bin/python3 -W ignore:setup.py install is deprecated setup.py egg_info --egg-base ../../build/navigation build --build-base /home/eduhkrobotic2/r2_ros/build/navigation/build install --record /home/eduhkrobotic2/r2_ros/build/navigation/install.log --single-version-externally-managed install_data
[8.228s] running egg_info
[8.233s] writing ../../build/navigation/navigation.egg-info/PKG-INFO
[8.234s] writing dependency_links to ../../build/navigation/navigation.egg-info/dependency_links.txt
[8.237s] writing entry points to ../../build/navigation/navigation.egg-info/entry_points.txt
[8.238s] writing requirements to ../../build/navigation/navigation.egg-info/requires.txt
[8.239s] writing top-level names to ../../build/navigation/navigation.egg-info/top_level.txt
[8.247s] reading manifest file '../../build/navigation/navigation.egg-info/SOURCES.txt'
[8.252s] writing manifest file '../../build/navigation/navigation.egg-info/SOURCES.txt'
[8.253s] running build
[8.254s] running build_py
[8.255s] copying navigation/navigation_node.py -> /home/eduhkrobotic2/r2_ros/build/navigation/build/lib/navigation
[8.257s] running install
[8.258s] running install_lib
[8.263s] copying /home/eduhkrobotic2/r2_ros/build/navigation/build/lib/navigation/navigation_node.py -> /home/eduhkrobotic2/r2_ros/install/navigation/lib/python3.10/site-packages/navigation
[8.266s] byte-compiling /home/eduhkrobotic2/r2_ros/install/navigation/lib/python3.10/site-packages/navigation/navigation_node.py to navigation_node.cpython-310.pyc
[8.270s] running install_data
[8.271s] running install_egg_info
[8.281s] removing '/home/eduhkrobotic2/r2_ros/install/navigation/lib/python3.10/site-packages/navigation-0.0.0-py3.10.egg-info' (and everything under it)
[8.285s] Copying ../../build/navigation/navigation.egg-info to /home/eduhkrobotic2/r2_ros/install/navigation/lib/python3.10/site-packages/navigation-0.0.0-py3.10.egg-info
[8.299s] running install_scripts
[8.408s] Installing navigation_node script to /home/eduhkrobotic2/r2_ros/install/navigation/lib/navigation
[8.411s] writing list of installed files to '/home/eduhkrobotic2/r2_ros/build/navigation/install.log'
[8.595s] Invoked command in '/home/eduhkrobotic2/r2_ros/src/navigation' returned '0': PYTHONPATH=/home/eduhkrobotic2/r2_ros/build/navigation/prefix_override:/home/eduhkrobotic2/r2_ros/install/navigation/lib/python3.10/site-packages:${PYTHONPATH} /usr/bin/python3 -W ignore:setup.py install is deprecated setup.py egg_info --egg-base ../../build/navigation build --build-base /home/eduhkrobotic2/r2_ros/build/navigation/build install --record /home/eduhkrobotic2/r2_ros/build/navigation/install.log --single-version-externally-managed install_data
