[5.003s] Invoking command in '/home/eduhkrobotic2/r2_ros/src/navigation': PYTHONPATH=/home/eduhkrobotic2/r2_ros/build/navigation/prefix_override:/home/eduhkrobotic2/r2_ros/install/navigation/lib/python3.10/site-packages:${PYTHONPATH} /usr/bin/python3 -W ignore:setup.py install is deprecated setup.py egg_info --egg-base ../../build/navigation build --build-base /home/eduhkrobotic2/r2_ros/build/navigation/build install --record /home/eduhkrobotic2/r2_ros/build/navigation/install.log --single-version-externally-managed install_data
[6.351s] running egg_info
[6.444s] writing ../../build/navigation/navigation.egg-info/PKG-INFO
[6.449s] writing dependency_links to ../../build/navigation/navigation.egg-info/dependency_links.txt
[6.450s] writing entry points to ../../build/navigation/navigation.egg-info/entry_points.txt
[6.451s] writing requirements to ../../build/navigation/navigation.egg-info/requires.txt
[6.452s] writing top-level names to ../../build/navigation/navigation.egg-info/top_level.txt
[6.643s] reading manifest file '../../build/navigation/navigation.egg-info/SOURCES.txt'
[6.649s] writing manifest file '../../build/navigation/navigation.egg-info/SOURCES.txt'
[6.650s] running build
[6.650s] running build_py
[6.653s] copying navigation/omni_pid.py -> /home/eduhkrobotic2/r2_ros/build/navigation/build/lib/navigation
[6.655s] copying navigation/__init__.py -> /home/eduhkrobotic2/r2_ros/build/navigation/build/lib/navigation
[6.656s] copying navigation/navigation_node.py -> /home/eduhkrobotic2/r2_ros/build/navigation/build/lib/navigation
[6.658s] running install
[6.683s] running install_lib
[6.775s] copying /home/eduhkrobotic2/r2_ros/build/navigation/build/lib/navigation/omni_pid.py -> /home/eduhkrobotic2/r2_ros/install/navigation/lib/python3.10/site-packages/navigation
[6.781s] byte-compiling /home/eduhkrobotic2/r2_ros/install/navigation/lib/python3.10/site-packages/navigation/omni_pid.py to omni_pid.cpython-310.pyc
[6.788s] running install_data
[6.789s] running install_egg_info
[6.901s] removing '/home/eduhkrobotic2/r2_ros/install/navigation/lib/python3.10/site-packages/navigation-0.0.0-py3.10.egg-info' (and everything under it)
[6.904s] Copying ../../build/navigation/navigation.egg-info to /home/eduhkrobotic2/r2_ros/install/navigation/lib/python3.10/site-packages/navigation-0.0.0-py3.10.egg-info
[6.912s] running install_scripts
[7.771s] Installing movement_control script to /home/eduhkrobotic2/r2_ros/install/navigation/lib/navigation
[7.773s] Installing navigation_node script to /home/eduhkrobotic2/r2_ros/install/navigation/lib/navigation
[7.774s] Installing omni_pid script to /home/eduhkrobotic2/r2_ros/install/navigation/lib/navigation
[7.776s] writing list of installed files to '/home/eduhkrobotic2/r2_ros/build/navigation/install.log'
[7.928s] Invoked command in '/home/eduhkrobotic2/r2_ros/src/navigation' returned '0': PYTHONPATH=/home/eduhkrobotic2/r2_ros/build/navigation/prefix_override:/home/eduhkrobotic2/r2_ros/install/navigation/lib/python3.10/site-packages:${PYTHONPATH} /usr/bin/python3 -W ignore:setup.py install is deprecated setup.py egg_info --egg-base ../../build/navigation build --build-base /home/eduhkrobotic2/r2_ros/build/navigation/build install --record /home/eduhkrobotic2/r2_ros/build/navigation/install.log --single-version-externally-managed install_data
