running egg_info
writing ../../build/arduino_comm/arduino_comm.egg-info/PKG-INFO
writing dependency_links to ../../build/arduino_comm/arduino_comm.egg-info/dependency_links.txt
writing entry points to ../../build/arduino_comm/arduino_comm.egg-info/entry_points.txt
writing requirements to ../../build/arduino_comm/arduino_comm.egg-info/requires.txt
writing top-level names to ../../build/arduino_comm/arduino_comm.egg-info/top_level.txt
reading manifest file '../../build/arduino_comm/arduino_comm.egg-info/SOURCES.txt'
writing manifest file '../../build/arduino_comm/arduino_comm.egg-info/SOURCES.txt'
running build
running build_py
running install
running install_lib
running install_data
running install_egg_info
removing '/home/eduhkrobotic2/r2_ros/install/arduino_comm/lib/python3.10/site-packages/arduino_comm-0.0.0-py3.10.egg-info' (and everything under it)
Copying ../../build/arduino_comm/arduino_comm.egg-info to /home/eduhkrobotic2/r2_ros/install/arduino_comm/lib/python3.10/site-packages/arduino_comm-0.0.0-py3.10.egg-info
running install_scripts
Installing arduino_mega_m3508_comm_node script to /home/eduhkrobotic2/r2_ros/install/arduino_comm/lib/arduino_comm
Installing motor_control_publisher script to /home/eduhkrobotic2/r2_ros/install/arduino_comm/lib/arduino_comm
Installing motor_data_subscriber script to /home/eduhkrobotic2/r2_ros/install/arduino_comm/lib/arduino_comm
writing list of installed files to '/home/eduhkrobotic2/r2_ros/build/arduino_comm/install.log'
