[7.438s] Invoking command in '/home/eduhkrobotic2/r2_ros/src/navigation': PYTHONPATH=/home/eduhkrobotic2/r2_ros/build/navigation/prefix_override:/home/eduhkrobotic2/r2_ros/install/navigation/lib/python3.10/site-packages:${PYTHONPATH} /usr/bin/python3 -W ignore:setup.py install is deprecated setup.py egg_info --egg-base ../../build/navigation build --build-base /home/eduhkrobotic2/r2_ros/build/navigation/build install --record /home/eduhkrobotic2/r2_ros/build/navigation/install.log --single-version-externally-managed install_data
[9.094s] running egg_info
[9.101s] writing ../../build/navigation/navigation.egg-info/PKG-INFO
[9.101s] writing dependency_links to ../../build/navigation/navigation.egg-info/dependency_links.txt
[9.102s] writing entry points to ../../build/navigation/navigation.egg-info/entry_points.txt
[9.103s] writing requirements to ../../build/navigation/navigation.egg-info/requires.txt
[9.105s] writing top-level names to ../../build/navigation/navigation.egg-info/top_level.txt
[9.115s] reading manifest file '../../build/navigation/navigation.egg-info/SOURCES.txt'
[9.120s] writing manifest file '../../build/navigation/navigation.egg-info/SOURCES.txt'
[9.121s] running build
[9.122s] running build_py
[9.122s] copying navigation/omni_pid.py -> /home/eduhkrobotic2/r2_ros/build/navigation/build/lib/navigation
[9.125s] running install
[9.126s] running install_lib
[9.131s] copying /home/eduhkrobotic2/r2_ros/build/navigation/build/lib/navigation/omni_pid.py -> /home/eduhkrobotic2/r2_ros/install/navigation/lib/python3.10/site-packages/navigation
[9.134s] byte-compiling /home/eduhkrobotic2/r2_ros/install/navigation/lib/python3.10/site-packages/navigation/omni_pid.py to omni_pid.cpython-310.pyc
[9.141s] running install_data
[9.142s] running install_egg_info
[9.152s] removing '/home/eduhkrobotic2/r2_ros/install/navigation/lib/python3.10/site-packages/navigation-0.0.0-py3.10.egg-info' (and everything under it)
[9.154s] Copying ../../build/navigation/navigation.egg-info to /home/eduhkrobotic2/r2_ros/install/navigation/lib/python3.10/site-packages/navigation-0.0.0-py3.10.egg-info
[9.164s] running install_scripts
[9.311s] Installing navigation_node script to /home/eduhkrobotic2/r2_ros/install/navigation/lib/navigation
[9.313s] Installing omni_pid script to /home/eduhkrobotic2/r2_ros/install/navigation/lib/navigation
[9.316s] writing list of installed files to '/home/eduhkrobotic2/r2_ros/build/navigation/install.log'
[9.548s] Invoked command in '/home/eduhkrobotic2/r2_ros/src/navigation' returned '0': PYTHONPATH=/home/eduhkrobotic2/r2_ros/build/navigation/prefix_override:/home/eduhkrobotic2/r2_ros/install/navigation/lib/python3.10/site-packages:${PYTHONPATH} /usr/bin/python3 -W ignore:setup.py install is deprecated setup.py egg_info --egg-base ../../build/navigation build --build-base /home/eduhkrobotic2/r2_ros/build/navigation/build install --record /home/eduhkrobotic2/r2_ros/build/navigation/install.log --single-version-externally-managed install_data
